#
# There is insufficient memory for the Java Runtime Environment to continue.
# Native memory allocation (mmap) failed to map 14680064 bytes for Failed to commit area from 0x0000000083d00000 to 0x0000000084b00000 of length 14680064.
# Possible reasons:
#   The system is out of physical RAM or swap space
#   The process is running with CompressedOops enabled, and the Java Heap may be blocking the growth of the native heap
# Possible solutions:
#   Reduce memory load on the system
#   Increase physical memory or swap space
#   Check if swap backing store is full
#   Decrease Java heap size (-Xmx/-Xms)
#   Decrease number of Java threads
#   Decrease Java thread stack sizes (-Xss)
#   Set larger code cache with -XX:ReservedCodeCacheSize=
#   JVM is running with Unscaled Compressed Oops mode in which the Java heap is
#     placed in the first 4GB address space. The Java Heap base address is the
#     maximum limit for the native heap growth. Please use -XX:HeapBaseMinAddress
#     to set the Java Heap base and to place the Java Heap above 4GB virtual address.
# This output file may be truncated or incomplete.
#
#  Out of Memory Error (t:/workspace/open/src/hotspot/os/windows/os_windows.cpp:3301), pid=9176, tid=7840
#
# JRE version: Java(TM) SE Runtime Environment (13.0.1+9) (build 13.0.1+9)
# Java VM: Java HotSpot(TM) 64-Bit Server VM (13.0.1+9, mixed mode, sharing, tiered, compressed oops, g1 gc, windows-amd64)
# No core dump will be written. Minidumps are not enabled by default on client versions of Windows
#

---------------  S U M M A R Y ------------

Command Line: -Dapplication.home=C:\Program Files\Java\jdk-13.0.1 --add-modules=ALL-DEFAULT -Xms8m -Djdk.module.main=jdk.compiler jdk.compiler/com.sun.tools.javac.Main -d D:\GITHUB\worldAirline\build\classes -classpath D:\GITHUB\worldAirline\build\classes;D:\GITHUB\worldAirline\lib\mysql-connector-java-5.1.49-bin.jar;D:\GITHUB\worldAirline\lib\absolutelayout\AbsoluteLayout.jar;D:\GITHUB\worldAirline\lib\swingx-all-1.6.4.jar;D:\GITHUB\worldAirline\lib\jcalendar-1.4.jar;D:\GITHUB\worldAirline\lib\barbecue-1.5-beta1 (1).jar -sourcepath D:\GITHUB\worldAirline\build\empty -target 13 -encoding UTF-8 -g -processorpath D:\GITHUB\worldAirline\lib\mysql-connector-java-5.1.49-bin.jar;D:\GITHUB\worldAirline\lib\absolutelayout\AbsoluteLayout.jar;D:\GITHUB\worldAirline\lib\swingx-all-1.6.4.jar;D:\GITHUB\worldAirline\lib\jcalendar-1.4.jar;D:\GITHUB\worldAirline\lib\barbecue-1.5-beta1 (1).jar;D:\GITHUB\worldAirline\build\empty -s D:\GITHUB\worldAirline\build\generated-sources\ap-source-output -source 13 @C:\Users\Unknow\AppData\Local\Temp\files2590983159450439377

Host: Intel(R) Core(TM) i7-8565U CPU @ 1.80GHz, 8 cores, 7G,  Windows 10 , 64 bit Build 19041 (10.0.19041.546)
Time: Fri Dec  4 22:25:53 2020 Paris, Madrid elapsed time: 0 seconds (0d 0h 0m 0s)

---------------  T H R E A D  ---------------

Current thread (0x000001fbb440b800):  VMThread "VM Thread" [stack: 0x000000436ec00000,0x000000436ed00000] [id=7840]

Stack: [0x000000436ec00000,0x000000436ed00000]
[error occurred during error reporting (printing stack bounds), id 0xc0000005, EXCEPTION_ACCESS_VIOLATION (0xc0000005) at pc=0x000001fb9d2d10ad]

Native frames: (J=compiled Java code, j=interpreted, Vv=VM code, C=native code)
V  [jvm.dll+0x626eca]
V  [jvm.dll+0x772c6a]
V  [jvm.dll+0x77441f]
V  [jvm.dll+0x774985]
V  [jvm.dll+0x77493b]
V  [jvm.dll+0x6266ff]
C  [ntdll.dll+0x781cc]
C  [ntdll.dll+0x4b296]
C  [ntdll.dll+0x9fc2e]
C  0x000001fb9d2d10ad

VM_Operation (0x000000436e6fd210): G1CollectForAllocation, mode: safepoint, requested by thread 0x000001fb94dc1000


---------------  P R O C E S S  ---------------

Threads class SMR info:
_java_thread_list=0x000001fbb46ca380, length=11, elements={
0x000001fb94dc1000, 0x000001fbb4412000, 0x000001fbb4413800, 0x000001fbb442e000,
0x000001fbb442f800, 0x000001fbb4431800, 0x000001fbb4435000, 0x000001fbb4436800,
0x000001fbb4684000, 0x000001fbb4691000, 0x000001fbb470e800
}

Java Threads: ( => current thread )
  0x000001fb94dc1000 JavaThread "main" [_thread_blocked, id=15396, stack(0x000000436e600000,0x000000436e700000)]
  0x000001fbb4412000 JavaThread "Reference Handler" daemon [_thread_blocked, id=10892, stack(0x000000436ed00000,0x000000436ee00000)]
  0x000001fbb4413800 JavaThread "Finalizer" daemon [_thread_blocked, id=20760, stack(0x000000436ee00000,0x000000436ef00000)]
  0x000001fbb442e000 JavaThread "Signal Dispatcher" daemon [_thread_blocked, id=13260, stack(0x000000436ef00000,0x000000436f000000)]
  0x000001fbb442f800 JavaThread "Attach Listener" daemon [_thread_blocked, id=4040, stack(0x000000436f000000,0x000000436f100000)]
  0x000001fbb4431800 JavaThread "C2 CompilerThread0" daemon [_thread_blocked, id=6808, stack(0x000000436f100000,0x000000436f200000)]
  0x000001fbb4435000 JavaThread "C1 CompilerThread0" daemon [_thread_blocked, id=17844, stack(0x000000436f200000,0x000000436f300000)]
  0x000001fbb4436800 JavaThread "Sweeper thread" daemon [_thread_blocked, id=13824, stack(0x000000436f300000,0x000000436f400000)]
  0x000001fbb4684000 JavaThread "Common-Cleaner" daemon [_thread_blocked, id=9560, stack(0x000000436f400000,0x000000436f500000)]
  0x000001fbb4691000 JavaThread "C2 CompilerThread1" daemon [_thread_blocked, id=9708, stack(0x000000436f500000,0x000000436f600000)]
  0x000001fbb470e800 JavaThread "Service Thread" daemon [_thread_blocked, id=21344, stack(0x000000436f600000,0x000000436f700000)]

Other Threads:
=>0x000001fbb440b800 VMThread "VM Thread" [stack: 0x000000436ec00000,0x000000436ed00000] [id=7840]
  0x000001fbb4787800 WatcherThread [stack: 0x000000436f700000,0x000000436f800000] [id=17700]
  0x000001fb94e05000 GCTaskThread "GC Thread#0" [stack: 0x000000436e700000,0x000000436e800000] [id=18616]
  0x000001fbb4842000 GCTaskThread "GC Thread#1" [stack: 0x000000436f800000,0x000000436f900000] [id=6428]
  0x000001fb94e16800 ConcurrentGCThread "G1 Main Marker" [stack: 0x000000436e800000,0x000000436e900000] [id=22816]
  0x000001fb94e19000 ConcurrentGCThread "G1 Conc#0" [stack: 0x000000436e900000,0x000000436ea00000] [id=22700]
  0x000001fbb4e68000 ConcurrentGCThread "G1 Conc#1" [stack: 0x000000436f900000,0x000000436fa00000] [id=20504]
  0x000001fb94e46800 ConcurrentGCThread "G1 Refine#0" [stack: 0x000000436ea00000,0x000000436eb00000] [id=7996]
  0x000001fb94e48800 ConcurrentGCThread "G1 Young RemSet Sampling" [stack: 0x000000436eb00000,0x000000436ec00000] [id=22508]

Threads with active compile tasks:
C2 CompilerThread0      986 1776   !   4       com.sun.tools.javac.jvm.ClassReader::classSigToType (497 bytes)
C1 CompilerThread0      986 1803       3       com.sun.tools.javac.comp.Attr::checkIdInternal (762 bytes)
C2 CompilerThread1      986 1752       4       java.util.regex.Pattern::compile (500 bytes)

VM state:at safepoint (normal execution)

VM Mutex/Monitor currently owned by a thread:  ([mutex/lock_event])
[0x000001fb94dbd600] Threads_lock - owner thread: 0x000001fbb440b800
[0x000001fb94dbbd40] Heap_lock - owner thread: 0x000001fb94dc1000

Heap address: 0x0000000082600000, size: 2010 MB, Compressed Oops mode: 32-bit
Narrow klass base: 0x0000000800000000, Narrow klass shift: 3
Compressed class space size: 1073741824 Address: 0x0000000800b40000

Heap:
 garbage-first heap   total 37888K, used 10344K [0x0000000082600000, 0x0000000100000000)
  region size 1024K, 1 young (1024K), 1 survivors (1024K)
 Metaspace       used 9831K, capacity 12116K, committed 12160K, reserved 1060864K
  class space    used 1115K, capacity 1408K, committed 1408K, reserved 1048576K
Heap Regions: E=young(eden), S=young(survivor), O=old, HS=humongous(starts), HC=humongous(continues), CS=collection set, F=free, A=archive, TAMS=top-at-mark-start (previous, next)
|   0|0x0000000082600000, 0x0000000082700000, 0x0000000082700000|100%| O|  |TAMS 0x0000000082700000, 0x0000000082600000| Untracked 
|   1|0x0000000082700000, 0x0000000082800000, 0x0000000082800000|100%| O|  |TAMS 0x0000000082800000, 0x0000000082700000| Untracked 
|   2|0x0000000082800000, 0x0000000082900000, 0x0000000082900000|100%| O|  |TAMS 0x0000000082900000, 0x0000000082800000| Untracked 
|   3|0x0000000082900000, 0x0000000082a00000, 0x0000000082a00000|100%| O|  |TAMS 0x0000000082a00000, 0x0000000082900000| Untracked 
|   4|0x0000000082a00000, 0x0000000082b00000, 0x0000000082b00000|100%| O|  |TAMS 0x0000000082b00000, 0x0000000082a00000| Untracked 
|   5|0x0000000082b00000, 0x0000000082c00000, 0x0000000082c00000|100%| O|  |TAMS 0x0000000082c00000, 0x0000000082b00000| Untracked 
|   6|0x0000000082c00000, 0x0000000082d00000, 0x0000000082d00000|100%| O|  |TAMS 0x0000000082c1f400, 0x0000000082c00000| Untracked 
|   7|0x0000000082d00000, 0x0000000082e00000, 0x0000000082e00000|100%| O|  |TAMS 0x0000000082d00000, 0x0000000082d00000| Untracked 
|   8|0x0000000082e00000, 0x0000000082f00000, 0x0000000082f00000|100%| O|  |TAMS 0x0000000082e00000, 0x0000000082e00000| Untracked 
|   9|0x0000000082f00000, 0x0000000082f3f600, 0x0000000083000000| 24%| O|  |TAMS 0x0000000082f00000, 0x0000000082f00000| Untracked 
|  10|0x0000000083000000, 0x0000000083000000, 0x0000000083100000|  0%| F|  |TAMS 0x0000000083000000, 0x0000000083000000| Untracked 
|  11|0x0000000083100000, 0x0000000083100000, 0x0000000083200000|  0%| F|  |TAMS 0x0000000083100000, 0x0000000083100000| Untracked 
|  12|0x0000000083200000, 0x0000000083200000, 0x0000000083300000|  0%| F|  |TAMS 0x0000000083200000, 0x0000000083200000| Untracked 
|  13|0x0000000083300000, 0x0000000083300000, 0x0000000083400000|  0%| F|  |TAMS 0x0000000083300000, 0x0000000083300000| Untracked 
|  14|0x0000000083400000, 0x0000000083400000, 0x0000000083500000|  0%| F|  |TAMS 0x0000000083400000, 0x0000000083400000| Untracked 
|  15|0x0000000083500000, 0x0000000083500000, 0x0000000083600000|  0%| F|  |TAMS 0x0000000083500000, 0x0000000083500000| Untracked 
|  16|0x0000000083600000, 0x0000000083600000, 0x0000000083700000|  0%| F|  |TAMS 0x0000000083600000, 0x0000000083600000| Untracked 
|  17|0x0000000083700000, 0x00000000837dac70, 0x0000000083800000| 85%| S|CS|TAMS 0x0000000083700000, 0x0000000083700000| Complete 
|  18|0x0000000083800000, 0x0000000083800000, 0x0000000083900000|  0%| F|  |TAMS 0x0000000083800000, 0x0000000083800000| Untracked 
|  19|0x0000000083900000, 0x0000000083900000, 0x0000000083a00000|  0%| F|  |TAMS 0x0000000083900000, 0x0000000083900000| Untracked 
|  20|0x0000000083a00000, 0x0000000083a00000, 0x0000000083b00000|  0%| F|  |TAMS 0x0000000083a00000, 0x0000000083a00000| Untracked 
|  21|0x0000000083b00000, 0x0000000083b00000, 0x0000000083c00000|  0%| F|  |TAMS 0x0000000083b00000, 0x0000000083b00000| Untracked 
|  22|0x0000000083c00000, 0x0000000083c00000, 0x0000000083d00000|  0%| F|  |TAMS 0x0000000083c00000, 0x0000000083c00000| Untracked 

Card table byte_map: [0x000001fbacb10000,0x000001fbacf00000] _byte_map_base: 0x000001fbac6fd000

Marking Bits (Prev, Next): (CMBitMap*) 0x000001fb94e05b78, (CMBitMap*) 0x000001fb94e05b38
 Prev Bits: [0x000001fbaf260000, 0x000001fbb11c8000)
 Next Bits: [0x000001fbad2f0000, 0x000001fbaf258000)

Polling page: 0x000001fb945a0000

Metaspace:

Usage:
  Non-class:     10.46 MB capacity,     8.51 MB ( 81%) used,     1.91 MB ( 18%) free+waste,    30.44 KB ( <1%) overhead. 
      Class:      1.38 MB capacity,     1.09 MB ( 79%) used,   277.63 KB ( 20%) free+waste,    15.13 KB (  1%) overhead. 
       Both:     11.83 MB capacity,     9.60 MB ( 81%) used,     2.19 MB ( 18%) free+waste,    45.56 KB ( <1%) overhead. 

Virtual space:
  Non-class space:       12.00 MB reserved,      10.50 MB ( 88%) committed 
      Class space:        1.00 GB reserved,       1.38 MB ( <1%) committed 
             Both:        1.01 GB reserved,      11.88 MB (  1%) committed 

Chunk freelists:
   Non-Class:  44.00 KB
       Class:  0 bytes
        Both:  44.00 KB

MaxMetaspaceSize: 17179869184.00 GB
CompressedClassSpaceSize: 1.00 GB

CodeHeap 'non-profiled nmethods': size=120000Kb used=576Kb max_used=576Kb free=119423Kb
 bounds [0x000001fba4da0000, 0x000001fba5010000, 0x000001fbac2d0000]
CodeHeap 'profiled nmethods': size=120000Kb used=4035Kb max_used=4035Kb free=115965Kb
 bounds [0x000001fb9d870000, 0x000001fb9dc70000, 0x000001fba4da0000]
CodeHeap 'non-nmethods': size=5760Kb used=1181Kb max_used=1201Kb free=4578Kb
 bounds [0x000001fb9d2d0000, 0x000001fb9d540000, 0x000001fb9d870000]
 total_blobs=2944 nmethods=1795 adapters=343
 compilation: enabled
              stopped_count=0, restarted_count=0
 full_count=0

Compilation events (20 events):
Event: 0.950 Thread 0x000001fbb4435000 nmethod 1792 0x000001fb9dc57410 code [0x000001fb9dc575c0, 0x000001fb9dc57810]
Event: 0.950 Thread 0x000001fbb4435000 1794       3       com.sun.tools.javac.comp.Resolve::accessInternal (97 bytes)
Event: 0.951 Thread 0x000001fbb4435000 nmethod 1794 0x000001fb9dc57910 code [0x000001fb9dc57b20, 0x000001fb9dc583f0]
Event: 0.951 Thread 0x000001fbb4435000 1796       3       com.sun.tools.javac.comp.Attr::visitIdent (582 bytes)
Event: 0.954 Thread 0x000001fbb4435000 nmethod 1796 0x000001fb9dc58710 code [0x000001fb9dc58c20, 0x000001fb9dc5bd60]
Event: 0.954 Thread 0x000001fbb4435000 1799       3       com.sun.tools.javac.util.ListBuffer$1::hasNext (16 bytes)
Event: 0.954 Thread 0x000001fbb4435000 nmethod 1799 0x000001fb9dc5d010 code [0x000001fb9dc5d1c0, 0x000001fb9dc5d470]
Event: 0.954 Thread 0x000001fbb4435000 1800       3       com.sun.tools.javac.util.Iterators::createCompoundIterator (10 bytes)
Event: 0.955 Thread 0x000001fbb4435000 nmethod 1800 0x000001fb9dc5d510 code [0x000001fb9dc5d6e0, 0x000001fb9dc5db50]
Event: 0.955 Thread 0x000001fbb4435000 1801       3       com.sun.tools.javac.util.Iterators$CompoundIterator::<init> (27 bytes)
Event: 0.955 Thread 0x000001fbb4435000 nmethod 1801 0x000001fb9dc5dc90 code [0x000001fb9dc5de60, 0x000001fb9dc5e250]
Event: 0.955 Thread 0x000001fbb4435000 1802       3       com.sun.tools.javac.code.Type$ClassType::isErroneous (50 bytes)
Event: 0.955 Thread 0x000001fbb4435000 nmethod 1802 0x000001fb9dc5e390 code [0x000001fb9dc5e5c0, 0x000001fb9dc5f010]
Event: 0.955 Thread 0x000001fbb4435000 1795       3       com.sun.tools.javac.comp.Annotate::normal (10 bytes)
Event: 0.955 Thread 0x000001fbb4435000 nmethod 1795 0x000001fb9dc5f290 code [0x000001fb9dc5f440, 0x000001fb9dc5f5f0]
Event: 0.955 Thread 0x000001fbb4435000 1797       3       com.sun.tools.javac.comp.Annotate::queueScanTreeAndTypeAnnotate (21 bytes)
Event: 0.956 Thread 0x000001fbb4435000 nmethod 1797 0x000001fb9dc5f710 code [0x000001fb9dc5f940, 0x000001fb9dc60170]
Event: 0.956 Thread 0x000001fbb4435000 1798       3       com.sun.tools.javac.comp.Annotate$$Lambda$160/0x0000000800c96c40::get$Lambda (14 bytes)
Event: 0.956 Thread 0x000001fbb4435000 nmethod 1798 0x000001fb9dc60510 code [0x000001fb9dc606e0, 0x000001fb9dc60b18]
Event: 0.956 Thread 0x000001fbb4435000 1803       3       com.sun.tools.javac.comp.Attr::checkIdInternal (762 bytes)

GC Heap History (20 events):
Event: 0.506 GC heap after
{Heap after GC invocations=7 (full 0):
 garbage-first heap   total 10240K, used 3965K [0x0000000082600000, 0x0000000100000000)
  region size 1024K, 1 young (1024K), 1 survivors (1024K)
 Metaspace       used 8121K, capacity 11086K, committed 11264K, reserved 1058816K
  class space    used 950K, capacity 1258K, committed 1280K, reserved 1048576K
}
Event: 0.518 GC heap before
{Heap before GC invocations=7 (full 0):
 garbage-first heap   total 10240K, used 3965K [0x0000000082600000, 0x0000000100000000)
  region size 1024K, 2 young (2048K), 1 survivors (1024K)
 Metaspace       used 8139K, capacity 11086K, committed 11264K, reserved 1058816K
  class space    used 950K, capacity 1258K, committed 1280K, reserved 1048576K
}
Event: 0.520 GC heap after
{Heap after GC invocations=8 (full 0):
 garbage-first heap   total 10240K, used 4447K [0x0000000082600000, 0x0000000100000000)
  region size 1024K, 1 young (1024K), 1 survivors (1024K)
 Metaspace       used 8139K, capacity 11086K, committed 11264K, reserved 1058816K
  class space    used 950K, capacity 1258K, committed 1280K, reserved 1048576K
}
Event: 0.528 GC heap before
{Heap before GC invocations=8 (full 0):
 garbage-first heap   total 10240K, used 5471K [0x0000000082600000, 0x0000000100000000)
  region size 1024K, 2 young (2048K), 1 survivors (1024K)
 Metaspace       used 8146K, capacity 11086K, committed 11264K, reserved 1058816K
  class space    used 950K, capacity 1258K, committed 1280K, reserved 1048576K
}
Event: 0.529 GC heap after
{Heap after GC invocations=9 (full 0):
 garbage-first heap   total 14336K, used 4604K [0x0000000082600000, 0x0000000100000000)
  region size 1024K, 1 young (1024K), 1 survivors (1024K)
 Metaspace       used 8146K, capacity 11086K, committed 11264K, reserved 1058816K
  class space    used 950K, capacity 1258K, committed 1280K, reserved 1048576K
}
Event: 0.576 GC heap before
{Heap before GC invocations=9 (full 0):
 garbage-first heap   total 14336K, used 5628K [0x0000000082600000, 0x0000000100000000)
  region size 1024K, 3 young (3072K), 1 survivors (1024K)
 Metaspace       used 8380K, capacity 11204K, committed 11264K, reserved 1058816K
  class space    used 975K, capacity 1277K, committed 1280K, reserved 1048576K
}
Event: 0.579 GC heap after
{Heap after GC invocations=10 (full 0):
 garbage-first heap   total 14336K, used 5129K [0x0000000082600000, 0x0000000100000000)
  region size 1024K, 1 young (1024K), 1 survivors (1024K)
 Metaspace       used 8380K, capacity 11204K, committed 11264K, reserved 1058816K
  class space    used 975K, capacity 1277K, committed 1280K, reserved 1048576K
}
Event: 0.638 GC heap before
{Heap before GC invocations=10 (full 0):
 garbage-first heap   total 14336K, used 7177K [0x0000000082600000, 0x0000000100000000)
  region size 1024K, 3 young (3072K), 1 survivors (1024K)
 Metaspace       used 8876K, capacity 11490K, committed 11648K, reserved 1058816K
  class space    used 1041K, capacity 1330K, committed 1408K, reserved 1048576K
}
Event: 0.642 GC heap after
{Heap after GC invocations=11 (full 0):
 garbage-first heap   total 14336K, used 6204K [0x0000000082600000, 0x0000000100000000)
  region size 1024K, 1 young (1024K), 1 survivors (1024K)
 Metaspace       used 8876K, capacity 11490K, committed 11648K, reserved 1058816K
  class space    used 1041K, capacity 1330K, committed 1408K, reserved 1048576K
}
Event: 0.734 GC heap before
{Heap before GC invocations=11 (full 0):
 garbage-first heap   total 14336K, used 8252K [0x0000000082600000, 0x0000000100000000)
  region size 1024K, 3 young (3072K), 1 survivors (1024K)
 Metaspace       used 9170K, capacity 11568K, committed 11648K, reserved 1058816K
  class space    used 1063K, capacity 1335K, committed 1408K, reserved 1048576K
}
Event: 0.739 GC heap after
{Heap after GC invocations=12 (full 0):
 garbage-first heap   total 14336K, used 6934K [0x0000000082600000, 0x0000000100000000)
  region size 1024K, 1 young (1024K), 1 survivors (1024K)
 Metaspace       used 9170K, capacity 11568K, committed 11648K, reserved 1058816K
  class space    used 1063K, capacity 1335K, committed 1408K, reserved 1048576K
}
Event: 0.762 GC heap before
{Heap before GC invocations=12 (full 0):
 garbage-first heap   total 14336K, used 7958K [0x0000000082600000, 0x0000000100000000)
  region size 1024K, 2 young (2048K), 1 survivors (1024K)
 Metaspace       used 9261K, capacity 11652K, committed 11904K, reserved 1060864K
  class space    used 1074K, capacity 1342K, committed 1408K, reserved 1048576K
}
Event: 0.764 GC heap after
{Heap after GC invocations=13 (full 0):
 garbage-first heap   total 23552K, used 7227K [0x0000000082600000, 0x0000000100000000)
  region size 1024K, 1 young (1024K), 1 survivors (1024K)
 Metaspace       used 9261K, capacity 11652K, committed 11904K, reserved 1060864K
  class space    used 1074K, capacity 1342K, committed 1408K, reserved 1048576K
}
Event: 0.865 GC heap before
{Heap before GC invocations=14 (full 0):
 garbage-first heap   total 23552K, used 11323K [0x0000000082600000, 0x0000000100000000)
  region size 1024K, 5 young (5120K), 1 survivors (1024K)
 Metaspace       used 9592K, capacity 11903K, committed 12160K, reserved 1060864K
  class space    used 1104K, capacity 1404K, committed 1408K, reserved 1048576K
}
Event: 0.868 GC heap after
{Heap after GC invocations=15 (full 0):
 garbage-first heap   total 23552K, used 7846K [0x0000000082600000, 0x0000000100000000)
  region size 1024K, 1 young (1024K), 1 survivors (1024K)
 Metaspace       used 9592K, capacity 11903K, committed 12160K, reserved 1060864K
  class space    used 1104K, capacity 1404K, committed 1408K, reserved 1048576K
}
Event: 0.890 GC heap before
{Heap before GC invocations=15 (full 0):
 garbage-first heap   total 23552K, used 12966K [0x0000000082600000, 0x0000000100000000)
  region size 1024K, 6 young (6144K), 1 survivors (1024K)
 Metaspace       used 9668K, capacity 11979K, committed 12160K, reserved 1060864K
  class space    used 1112K, capacity 1408K, committed 1408K, reserved 1048576K
}
Event: 0.893 GC heap after
{Heap after GC invocations=16 (full 0):
 garbage-first heap   total 23552K, used 8634K [0x0000000082600000, 0x0000000100000000)
  region size 1024K, 1 young (1024K), 1 survivors (1024K)
 Metaspace       used 9668K, capacity 11979K, committed 12160K, reserved 1060864K
  class space    used 1112K, capacity 1408K, committed 1408K, reserved 1048576K
}
Event: 0.928 GC heap before
{Heap before GC invocations=16 (full 0):
 garbage-first heap   total 23552K, used 12730K [0x0000000082600000, 0x0000000100000000)
  region size 1024K, 5 young (5120K), 1 survivors (1024K)
 Metaspace       used 9747K, capacity 11984K, committed 12160K, reserved 1060864K
  class space    used 1115K, capacity 1408K, committed 1408K, reserved 1048576K
}
Event: 0.931 GC heap after
{Heap after GC invocations=17 (full 0):
 garbage-first heap   total 23552K, used 9465K [0x0000000082600000, 0x0000000100000000)
  region size 1024K, 1 young (1024K), 1 survivors (1024K)
 Metaspace       used 9747K, capacity 11984K, committed 12160K, reserved 1060864K
  class space    used 1115K, capacity 1408K, committed 1408K, reserved 1048576K
}
Event: 0.957 GC heap before
{Heap before GC invocations=17 (full 0):
 garbage-first heap   total 23552K, used 13561K [0x0000000082600000, 0x0000000100000000)
  region size 1024K, 5 young (5120K), 1 survivors (1024K)
 Metaspace       used 9831K, capacity 12116K, committed 12160K, reserved 1060864K
  class space    used 1115K, capacity 1408K, committed 1408K, reserved 1048576K
}

Deoptimization events (20 events):
Event: 0.626 Thread 0x000001fb94dc1000 Uncommon trap: trap_request=0xffffffc6 fr.pc=0x000001fba4dfaad0 relative=0x0000000000000390
Event: 0.626 Thread 0x000001fb94dc1000 Uncommon trap: reason=bimorphic_or_optimized_type_check action=maybe_recompile pc=0x000001fba4dfaad0 method=java.util.HashMap.getNode(ILjava/lang/Object;)Ljava/util/HashMap$Node; @ 126 c2
Event: 0.626 Thread 0x000001fb94dc1000 DEOPT PACKING pc=0x000001fba4dfaad0 sp=0x000000436e6fdc40
Event: 0.626 Thread 0x000001fb94dc1000 DEOPT UNPACKING pc=0x000001fb9d31912f sp=0x000000436e6fdbb8 mode 2
Event: 0.626 Thread 0x000001fb94dc1000 Uncommon trap: trap_request=0xffffffc6 fr.pc=0x000001fba4dfaad0 relative=0x0000000000000390
Event: 0.626 Thread 0x000001fb94dc1000 Uncommon trap: reason=bimorphic_or_optimized_type_check action=maybe_recompile pc=0x000001fba4dfaad0 method=java.util.HashMap.getNode(ILjava/lang/Object;)Ljava/util/HashMap$Node; @ 126 c2
Event: 0.626 Thread 0x000001fb94dc1000 DEOPT PACKING pc=0x000001fba4dfaad0 sp=0x000000436e6fdc40
Event: 0.626 Thread 0x000001fb94dc1000 DEOPT UNPACKING pc=0x000001fb9d31912f sp=0x000000436e6fdbb8 mode 2
Event: 0.759 Thread 0x000001fb94dc1000 Uncommon trap: trap_request=0xffffffc6 fr.pc=0x000001fba4dff718 relative=0x00000000000003d8
Event: 0.759 Thread 0x000001fb94dc1000 Uncommon trap: reason=bimorphic_or_optimized_type_check action=maybe_recompile pc=0x000001fba4dff718 method=java.util.HashMap.getNode(ILjava/lang/Object;)Ljava/util/HashMap$Node; @ 126 c2
Event: 0.759 Thread 0x000001fb94dc1000 DEOPT PACKING pc=0x000001fba4dff718 sp=0x000000436e6fdfb0
Event: 0.759 Thread 0x000001fb94dc1000 DEOPT UNPACKING pc=0x000001fb9d31912f sp=0x000000436e6fdec8 mode 2
Event: 0.839 Thread 0x000001fb94dc1000 Uncommon trap: trap_request=0xffffff45 fr.pc=0x000001fba4dfbe0c relative=0x000000000000006c
Event: 0.839 Thread 0x000001fb94dc1000 Uncommon trap: reason=unstable_if action=reinterpret pc=0x000001fba4dfbe0c method=com.sun.tools.javac.jvm.PoolReader.sizeof(I)I @ 1 c2
Event: 0.839 Thread 0x000001fb94dc1000 DEOPT PACKING pc=0x000001fba4dfbe0c sp=0x000000436e6fcfe0
Event: 0.839 Thread 0x000001fb94dc1000 DEOPT UNPACKING pc=0x000001fb9d31912f sp=0x000000436e6fcf70 mode 2
Event: 0.870 Thread 0x000001fb94dc1000 Uncommon trap: trap_request=0xffffff45 fr.pc=0x000001fba4df52f0 relative=0x0000000000000a30
Event: 0.870 Thread 0x000001fb94dc1000 Uncommon trap: reason=unstable_if action=reinterpret pc=0x000001fba4df52f0 method=com.sun.tools.javac.util.Name$Table.equals([BI[BII)Z @ 22 c2
Event: 0.870 Thread 0x000001fb94dc1000 DEOPT PACKING pc=0x000001fba4df52f0 sp=0x000000436e6fcba0
Event: 0.870 Thread 0x000001fb94dc1000 DEOPT UNPACKING pc=0x000001fb9d31912f sp=0x000000436e6fcab8 mode 2

Classes unloaded (0 events):
No events

Classes redefined (0 events):
No events

Internal exceptions (20 events):
Event: 0.749 Thread 0x000001fb94dc1000 Exception <a 'sun/nio/fs/WindowsException'{0x0000000083329b10}> (0x0000000083329b10) 
thrown [t:/workspace/open/src/hotspot/share/prims/jni.cpp, line 598]
Event: 0.749 Thread 0x000001fb94dc1000 Exception <a 'sun/nio/fs/WindowsException'{0x000000008332a570}> (0x000000008332a570) 
thrown [t:/workspace/open/src/hotspot/share/prims/jni.cpp, line 598]
Event: 0.749 Thread 0x000001fb94dc1000 Exception <a 'sun/nio/fs/WindowsException'{0x000000008332a7b0}> (0x000000008332a7b0) 
thrown [t:/workspace/open/src/hotspot/share/prims/jni.cpp, line 598]
Event: 0.750 Thread 0x000001fb94dc1000 Exception <a 'sun/nio/fs/WindowsException'{0x0000000083334440}> (0x0000000083334440) 
thrown [t:/workspace/open/src/hotspot/share/prims/jni.cpp, line 598]
Event: 0.750 Thread 0x000001fb94dc1000 Exception <a 'sun/nio/fs/WindowsException'{0x0000000083334670}> (0x0000000083334670) 
thrown [t:/workspace/open/src/hotspot/share/prims/jni.cpp, line 598]
Event: 0.751 Thread 0x000001fb94dc1000 Exception <a 'sun/nio/fs/WindowsException'{0x0000000083335098}> (0x0000000083335098) 
thrown [t:/workspace/open/src/hotspot/share/prims/jni.cpp, line 598]
Event: 0.751 Thread 0x000001fb94dc1000 Exception <a 'sun/nio/fs/WindowsException'{0x00000000833352c0}> (0x00000000833352c0) 
thrown [t:/workspace/open/src/hotspot/share/prims/jni.cpp, line 598]
Event: 0.753 Thread 0x000001fb94dc1000 Exception <a 'sun/nio/fs/WindowsException'{0x000000008333dcd0}> (0x000000008333dcd0) 
thrown [t:/workspace/open/src/hotspot/share/prims/jni.cpp, line 598]
Event: 0.753 Thread 0x000001fb94dc1000 Exception <a 'sun/nio/fs/WindowsException'{0x000000008333df00}> (0x000000008333df00) 
thrown [t:/workspace/open/src/hotspot/share/prims/jni.cpp, line 598]
Event: 0.753 Thread 0x000001fb94dc1000 Exception <a 'sun/nio/fs/WindowsException'{0x000000008333e928}> (0x000000008333e928) 
thrown [t:/workspace/open/src/hotspot/share/prims/jni.cpp, line 598]
Event: 0.753 Thread 0x000001fb94dc1000 Exception <a 'sun/nio/fs/WindowsException'{0x000000008333eb48}> (0x000000008333eb48) 
thrown [t:/workspace/open/src/hotspot/share/prims/jni.cpp, line 598]
Event: 0.756 Thread 0x000001fb94dc1000 Exception <a 'sun/nio/fs/WindowsException'{0x000000008334f4c8}> (0x000000008334f4c8) 
thrown [t:/workspace/open/src/hotspot/share/prims/jni.cpp, line 598]
Event: 0.756 Thread 0x000001fb94dc1000 Exception <a 'sun/nio/fs/WindowsException'{0x000000008334f728}> (0x000000008334f728) 
thrown [t:/workspace/open/src/hotspot/share/prims/jni.cpp, line 598]
Event: 0.756 Thread 0x000001fb94dc1000 Exception <a 'sun/nio/fs/WindowsException'{0x00000000833503c8}> (0x00000000833503c8) 
thrown [t:/workspace/open/src/hotspot/share/prims/jni.cpp, line 598]
Event: 0.756 Thread 0x000001fb94dc1000 Exception <a 'sun/nio/fs/WindowsException'{0x0000000083350618}> (0x0000000083350618) 
thrown [t:/workspace/open/src/hotspot/share/prims/jni.cpp, line 598]
Event: 0.830 Thread 0x000001fb94dc1000 Exception <a 'sun/nio/fs/WindowsException'{0x0000000083a6ed30}> (0x0000000083a6ed30) 
thrown [t:/workspace/open/src/hotspot/share/prims/jni.cpp, line 598]
Event: 0.830 Thread 0x000001fb94dc1000 Exception <a 'sun/nio/fs/WindowsException'{0x0000000083a6ef60}> (0x0000000083a6ef60) 
thrown [t:/workspace/open/src/hotspot/share/prims/jni.cpp, line 598]
Event: 0.830 Thread 0x000001fb94dc1000 Exception <a 'sun/nio/fs/WindowsException'{0x0000000083a6fed8}> (0x0000000083a6fed8) 
thrown [t:/workspace/open/src/hotspot/share/prims/jni.cpp, line 598]
Event: 0.830 Thread 0x000001fb94dc1000 Exception <a 'sun/nio/fs/WindowsException'{0x0000000083a700f8}> (0x0000000083a700f8) 
thrown [t:/workspace/open/src/hotspot/share/prims/jni.cpp, line 598]
Event: 0.840 Thread 0x000001fb94dc1000 Exception <a 'java/lang/NoSuchMethodError'{0x0000000083aeaae0}: 'java.lang.Object java.lang.invoke.DirectMethodHandle$Holder.invokeStatic(java.lang.Object, java.lang.Object, int, int)'> (0x0000000083aeaae0) 
thrown [t:/workspace/open/src/hotspot/share/interpreter/linkResolver.cpp, line 767]

Events (20 events):
Event: 0.868 Executing VM operation: G1CollectForAllocation done
Event: 0.880 loading class com/sun/tools/javac/code/Types$TypeMapping
Event: 0.880 loading class com/sun/tools/javac/code/Types$TypeMapping done
Event: 0.880 loading class com/sun/tools/javac/code/Type
Event: 0.880 loading class com/sun/tools/javac/code/Type done
Event: 0.880 loading class com/sun/tools/javac/code/Type
Event: 0.880 loading class com/sun/tools/javac/code/Type done
Event: 0.882 loading class com/sun/tools/javac/util/Filter
Event: 0.882 loading class com/sun/tools/javac/util/Filter done
Event: 0.882 loading class com/sun/tools/javac/code/Symbol
Event: 0.882 loading class com/sun/tools/javac/code/Symbol done
Event: 0.882 loading class com/sun/tools/javac/code/Symbol
Event: 0.882 loading class com/sun/tools/javac/code/Symbol done
Event: 0.882 loading class com/sun/tools/javac/code/Symbol
Event: 0.882 loading class com/sun/tools/javac/code/Symbol done
Event: 0.890 Executing VM operation: G1CollectForAllocation
Event: 0.893 Executing VM operation: G1CollectForAllocation done
Event: 0.928 Executing VM operation: G1CollectForAllocation
Event: 0.931 Executing VM operation: G1CollectForAllocation done
Event: 0.957 Executing VM operation: G1CollectForAllocation


Dynamic libraries:
0x00007ff620250000 - 0x00007ff620257000 	C:\Program Files\Java\jdk-13.0.1\bin\javac.exe
0x00007ffe59830000 - 0x00007ffe59a26000 	C:\WINDOWS\SYSTEM32\ntdll.dll
0x00007ffe28b60000 - 0x00007ffe28b72000 	C:\Program Files\AVAST Software\Avast\aswhook.dll
0x00007ffe57980000 - 0x00007ffe57a3d000 	C:\WINDOWS\System32\KERNEL32.DLL
0x00007ffe57360000 - 0x00007ffe57628000 	C:\WINDOWS\System32\KERNELBASE.dll
0x00007ffe57790000 - 0x00007ffe57890000 	C:\WINDOWS\System32\ucrtbase.dll
0x00007ffe4f610000 - 0x00007ffe4f628000 	C:\Program Files\Java\jdk-13.0.1\bin\jli.dll
0x00007ffe57aa0000 - 0x00007ffe57b4c000 	C:\WINDOWS\System32\ADVAPI32.dll
0x00007ffe59720000 - 0x00007ffe597be000 	C:\WINDOWS\System32\msvcrt.dll
0x00007ffe58b10000 - 0x00007ffe58bab000 	C:\WINDOWS\System32\sechost.dll
0x00007ffe58120000 - 0x00007ffe58244000 	C:\WINDOWS\System32\RPCRT4.dll
0x00007ffe58e30000 - 0x00007ffe58fd0000 	C:\WINDOWS\System32\USER32.dll
0x00007ffe57630000 - 0x00007ffe57652000 	C:\WINDOWS\System32\win32u.dll
0x00007ffe597c0000 - 0x00007ffe597ea000 	C:\WINDOWS\System32\GDI32.dll
0x00007ffe57100000 - 0x00007ffe57209000 	C:\WINDOWS\System32\gdi32full.dll
0x00007ffe57210000 - 0x00007ffe572ad000 	C:\WINDOWS\System32\msvcp_win.dll
0x00007ffe326f0000 - 0x00007ffe32705000 	C:\Program Files\Java\jdk-13.0.1\bin\VCRUNTIME140.dll
0x00007ffe397b0000 - 0x00007ffe39a4b000 	C:\WINDOWS\WinSxS\amd64_microsoft.windows.common-controls_6595b64144ccf1df_6.0.19041.488_none_ca04af081b815d21\COMCTL32.dll
0x00007ffe4ecf0000 - 0x00007ffe4ecfa000 	C:\WINDOWS\SYSTEM32\VERSION.dll
0x00007ffe58250000 - 0x00007ffe58280000 	C:\WINDOWS\System32\IMM32.DLL
0x00007ffe1d230000 - 0x00007ffe1d2cb000 	C:\Program Files\Java\jdk-13.0.1\bin\msvcp140.dll
0x00007ffe0ac80000 - 0x00007ffe0b7e6000 	C:\Program Files\Java\jdk-13.0.1\bin\server\jvm.dll
0x00007ffe57f10000 - 0x00007ffe57f18000 	C:\WINDOWS\System32\PSAPI.DLL
0x00007ffe452a0000 - 0x00007ffe452a9000 	C:\WINDOWS\SYSTEM32\WSOCK32.dll
0x00007ffe58500000 - 0x00007ffe5856b000 	C:\WINDOWS\System32\WS2_32.dll
0x00007ffe42e70000 - 0x00007ffe42e97000 	C:\WINDOWS\SYSTEM32\WINMM.dll
0x00007ffe54de0000 - 0x00007ffe54df2000 	C:\WINDOWS\SYSTEM32\kernel.appcore.dll
0x00007ffe51480000 - 0x00007ffe51490000 	C:\Program Files\Java\jdk-13.0.1\bin\verify.dll
0x00007ffe544a0000 - 0x00007ffe54684000 	C:\WINDOWS\SYSTEM32\DBGHELP.DLL
0x00007ffe4cd70000 - 0x00007ffe4cd9c000 	C:\WINDOWS\SYSTEM32\dbgcore.DLL
0x00007ffe57710000 - 0x00007ffe5778f000 	C:\WINDOWS\System32\bcryptPrimitives.dll
0x00007ffe1d2d0000 - 0x00007ffe1d2f6000 	C:\Program Files\Java\jdk-13.0.1\bin\java.dll
0x00007ffe30410000 - 0x00007ffe30427000 	C:\Program Files\Java\jdk-13.0.1\bin\zip.dll
0x00007ffe512f0000 - 0x00007ffe512fa000 	C:\Program Files\Java\jdk-13.0.1\bin\jimage.dll
0x00007ffe58fd0000 - 0x00007ffe59711000 	C:\WINDOWS\System32\SHELL32.dll
0x00007ffe550c0000 - 0x00007ffe55855000 	C:\WINDOWS\SYSTEM32\windows.storage.dll
0x00007ffe57b50000 - 0x00007ffe57ea5000 	C:\WINDOWS\System32\combase.dll
0x00007ffe569e0000 - 0x00007ffe56a0c000 	C:\WINDOWS\SYSTEM32\Wldp.dll
0x00007ffe58ce0000 - 0x00007ffe58d8e000 	C:\WINDOWS\System32\SHCORE.dll
0x00007ffe57a40000 - 0x00007ffe57a95000 	C:\WINDOWS\System32\shlwapi.dll
0x00007ffe56ea0000 - 0x00007ffe56ec6000 	C:\WINDOWS\SYSTEM32\profapi.dll
0x00007ffe30940000 - 0x00007ffe30959000 	C:\Program Files\Java\jdk-13.0.1\bin\net.dll
0x00007ffe53ab0000 - 0x00007ffe53bb0000 	C:\WINDOWS\SYSTEM32\WINHTTP.dll
0x00007ffe56760000 - 0x00007ffe567ca000 	C:\WINDOWS\system32\mswsock.dll
0x00007ffe30920000 - 0x00007ffe30933000 	C:\Program Files\Java\jdk-13.0.1\bin\nio.dll

dbghelp: loaded successfully - version: 4.0.5 - missing functions: none
symbol engine: initialized successfully - sym options: 0x614 - pdb path: .;C:\Program Files\Java\jdk-13.0.1\bin;C:\WINDOWS\SYSTEM32;C:\Program Files\AVAST Software\Avast;C:\WINDOWS\WinSxS\amd64_microsoft.windows.common-controls_6595b64144ccf1df_6.0.19041.488_none_ca04af081b815d21;C:\Program Files\Java\jdk-13.0.1\bin\server

VM Arguments:
jvm_args: -Dapplication.home=C:\Program Files\Java\jdk-13.0.1 --add-modules=ALL-DEFAULT -Xms8m -Djdk.module.main=jdk.compiler 
java_command: jdk.compiler/com.sun.tools.javac.Main -d D:\GITHUB\worldAirline\build\classes -classpath D:\GITHUB\worldAirline\build\classes;D:\GITHUB\worldAirline\lib\mysql-connector-java-5.1.49-bin.jar;D:\GITHUB\worldAirline\lib\absolutelayout\AbsoluteLayout.jar;D:\GITHUB\worldAirline\lib\swingx-all-1.6.4.jar;D:\GITHUB\worldAirline\lib\jcalendar-1.4.jar;D:\GITHUB\worldAirline\lib\barbecue-1.5-beta1 (1).jar -sourcepath D:\GITHUB\worldAirline\build\empty -target 13 -encoding UTF-8 -g -processorpath D:\GITHUB\worldAirline\lib\mysql-connector-java-5.1.49-bin.jar;D:\GITHUB\worldAirline\lib\absolutelayout\AbsoluteLayout.jar;D:\GITHUB\worldAirline\lib\swingx-all-1.6.4.jar;D:\GITHUB\worldAirline\lib\jcalendar-1.4.jar;D:\GITHUB\worldAirline\lib\barbecue-1.5-beta1 (1).jar;D:\GITHUB\worldAirline\build\empty -s D:\GITHUB\worldAirline\build\generated-sources\ap-source-output -source 13 @C:\Users\Unknow\AppData\Local\Temp\files2590983159450439377
java_class_path (initial): <not set>
Launcher Type: SUN_STANDARD

[Global flags]
     intx CICompilerCount                          = 4                                         {product} {ergonomic}
     uint ConcGCThreads                            = 2                                         {product} {ergonomic}
     uint G1ConcRefinementThreads                  = 8                                         {product} {ergonomic}
   size_t G1HeapRegionSize                         = 1048576                                   {product} {ergonomic}
    uintx GCDrainStackTargetSize                   = 64                                        {product} {ergonomic}
   size_t InitialHeapSize                          = 8388608                                   {product} {command line}
   size_t MarkStackSize                            = 4194304                                   {product} {ergonomic}
   size_t MaxHeapSize                              = 2107637760                                {product} {ergonomic}
   size_t MaxNewSize                               = 1264582656                                {product} {ergonomic}
   size_t MinHeapDeltaBytes                        = 1048576                                   {product} {ergonomic}
   size_t MinHeapSize                              = 8388608                                   {product} {command line}
    uintx NonNMethodCodeHeapSize                   = 5836300                                {pd product} {ergonomic}
    uintx NonProfiledCodeHeapSize                  = 122910970                              {pd product} {ergonomic}
    uintx ProfiledCodeHeapSize                     = 122910970                              {pd product} {ergonomic}
    uintx ReservedCodeCacheSize                    = 251658240                              {pd product} {ergonomic}
     bool SegmentedCodeCache                       = true                                      {product} {ergonomic}
   size_t SoftMaxHeapSize                          = 2107637760                             {manageable} {ergonomic}
     bool UseCompressedClassPointers               = true                                 {lp64_product} {ergonomic}
     bool UseCompressedOops                        = true                                 {lp64_product} {ergonomic}
     bool UseG1GC                                  = true                                      {product} {ergonomic}
     bool UseLargePagesIndividualAllocation        = false                                  {pd product} {ergonomic}

Logging:
Log output configuration:
 #0: stdout all=warning uptime,level,tags
 #1: stderr all=off uptime,level,tags

Environment Variables:
PATH=C:\Program Files\Common Files\Oracle\Java\javapath;C:\ProgramData\Oracle\Java\javapath;C:\Users\Unknow\gcc\bin;C:\Users\Unknow\gcc\libexec\gcc\x86_64-pc-mingw32\4.7.0;C:\WINDOWS\system32;C:\WINDOWS;C:\WINDOWS\System32\Wbem;C:\WINDOWS\System32\WindowsPowerShell\v1.0\;C:\WINDOWS\System32\OpenSSH\;C:\Program Files\Intel\WiFi\bin\;C:\Program Files\Common Files\Intel\WirelessCommon\;C:\Program Files\Java\jdk-13.0.1\bin;D:\Mathslab\Polyspace\runtime\win64;D:\Mathslab\Polyspace\bin;D:\Mathslab\Polyspace\polyspace\bin;C:\Users\Unknow\AppData\Local\Microsoft\WindowsApps;C:\Users\Unknow\AppData\Local\Microsoft\WindowsApps;C:\Users\Unknow\AppData\Local\GitHubDesktop\bin
USERNAME=Unknow
OS=Windows_NT
PROCESSOR_IDENTIFIER=Intel64 Family 6 Model 142 Stepping 11, GenuineIntel



---------------  S Y S T E M  ---------------

OS: Windows 10 , 64 bit Build 19041 (10.0.19041.546)

CPU:total 8 (initial active 8) (4 cores per cpu, 2 threads per core) family 6 model 142 stepping 11, cmov, cx8, fxsr, mmx, sse, sse2, sse3, ssse3, sse4.1, sse4.2, popcnt, avx, avx2, aes, clmul, erms, 3dnowpref, lzcnt, ht, tsc, tscinvbit, bmi1, bmi2, adx, fma

Memory: 4k page, system-wide physical 8037M (436M free)
TotalPageFile size 18277M (AvailPageFile size 13M)
current process WorkingSet (physical memory assigned to process): 88M, peak: 88M
current process commit charge ("private bytes"): 129M, peak: 142M

vm_info: Java HotSpot(TM) 64-Bit Server VM (13.0.1+9) for windows-amd64 JRE (13.0.1+9), built on Oct  6 2019 12:37:49 by "mach5one" with unknown MS VC++:1916

END.
