#
# There is insufficient memory for the Java Runtime Environment to continue.
# Native memory allocation (malloc) failed to allocate 1362000 bytes for Chunk::new
# Possible reasons:
#   The system is out of physical RAM or swap space
#   The process is running with CompressedOops enabled, and the Java Heap may be blocking the growth of the native heap
# Possible solutions:
#   Reduce memory load on the system
#   Increase physical memory or swap space
#   Check if swap backing store is full
#   Decrease Java heap size (-Xmx/-Xms)
#   Decrease number of Java threads
#   Decrease Java thread stack sizes (-Xss)
#   Set larger code cache with -XX:ReservedCodeCacheSize=
#   JVM is running with Unscaled Compressed Oops mode in which the Java heap is
#     placed in the first 4GB address space. The Java Heap base address is the
#     maximum limit for the native heap growth. Please use -XX:HeapBaseMinAddress
#     to set the Java Heap base and to place the Java Heap above 4GB virtual address.
# This output file may be truncated or incomplete.
#
#  Out of Memory Error (t:/workspace/open/src/hotspot/share/memory/arena.cpp:196), pid=19432, tid=1752
#
# JRE version: Java(TM) SE Runtime Environment (13.0.1+9) (build 13.0.1+9)
# Java VM: Java HotSpot(TM) 64-Bit Server VM (13.0.1+9, mixed mode, sharing, tiered, compressed oops, g1 gc, windows-amd64)
# No core dump will be written. Minidumps are not enabled by default on client versions of Windows
#

---------------  S U M M A R Y ------------

Command Line: -Dapplication.home=C:\Program Files\Java\jdk-13.0.1 --add-modules=ALL-DEFAULT -Xms8m -Djdk.module.main=jdk.compiler jdk.compiler/com.sun.tools.javac.Main -d D:\GITHUB\worldAirline\build\classes -classpath D:\GITHUB\worldAirline\build\classes;D:\GITHUB\worldAirline\lib\mysql-connector-java-5.1.49-bin.jar;D:\GITHUB\worldAirline\lib\absolutelayout\AbsoluteLayout.jar;D:\GITHUB\worldAirline\lib\swingx-all-1.6.4.jar;D:\GITHUB\worldAirline\lib\jcalendar-1.4.jar;D:\GITHUB\worldAirline\lib\barcode.jar;D:\GITHUB\worldAirline\lib\qrgen-1.0.jar;D:\GITHUB\worldAirline\lib\zxing-core-1.7.jar;D:\GITHUB\worldAirline\lib\zxing-j2se-1.7.jar;D:\GITHUB\worldAirline\lib\barbecue-1.5-beta1 (1).jar -sourcepath D:\GITHUB\worldAirline\build\empty -target 13 -encoding UTF-8 -g -processorpath D:\GITHUB\worldAirline\lib\mysql-connector-java-5.1.49-bin.jar;D:\GITHUB\worldAirline\lib\absolutelayout\AbsoluteLayout.jar;D:\GITHUB\worldAirline\lib\swingx-all-1.6.4.jar;D:\GITHUB\worldAirline\lib\jcalendar-1.4.jar;D:\GITHUB\worldAirline\lib\barcode.jar;D:\GITHUB\worldAirline\lib\qrgen-1.0.jar;D:\GITHUB\worldAirline\lib\zxing-core-1.7.jar;D:\GITHUB\worldAirline\lib\zxing-j2se-1.7.jar;D:\GITHUB\worldAirline\lib\barbecue-1.5-beta1 (1).jar;D:\GITHUB\worldAirline\build\empty -s D:\GITHUB\worldAirline\build\generated-sources\ap-source-output -source 13 @C:\Users\Unknow\AppData\Local\Temp\files1759917352685868579

Host: Intel(R) Core(TM) i7-8565U CPU @ 1.80GHz, 8 cores, 7G,  Windows 10 , 64 bit Build 19041 (10.0.19041.546)
Time: Fri Dec  4 17:48:27 2020 Paris, Madrid elapsed time: 1 seconds (0d 0h 0m 1s)

---------------  T H R E A D  ---------------

Current thread (0x000001dacc741800):  JavaThread "C2 CompilerThread0" daemon [_thread_in_native, id=1752, stack(0x000000675be00000,0x000000675bf00000)]


Current CompileTask:
C2:   1090 1799   !   4       com.sun.tools.javac.jvm.ClassReader::classSigToType (497 bytes)

Stack: [0x000000675be00000,0x000000675bf00000]
Native frames: (J=compiled Java code, j=interpreted, Vv=VM code, C=native code)
V  [jvm.dll+0x626eca]
V  [jvm.dll+0x772c6a]
V  [jvm.dll+0x77441f]
V  [jvm.dll+0x774a23]
V  [jvm.dll+0x24da58]
V  [jvm.dll+0xc3ae7]
V  [jvm.dll+0xc406c]
V  [jvm.dll+0x35de75]
V  [jvm.dll+0x1a1000]
V  [jvm.dll+0x2079d6]
V  [jvm.dll+0x206adf]
V  [jvm.dll+0x18b94c]
V  [jvm.dll+0x2159bd]
V  [jvm.dll+0x213e6b]
V  [jvm.dll+0x738b16]
V  [jvm.dll+0x731c0a]
V  [jvm.dll+0x6260c6]
C  [ucrtbase.dll+0x214c2]
C  [KERNEL32.DLL+0x17034]
C  [ntdll.dll+0x4cec1]


---------------  P R O C E S S  ---------------

Threads class SMR info:
_java_thread_list=0x000001dacca1b160, length=11, elements={
0x000001daad0e1800, 0x000001dacc723000, 0x000001dacc726800, 0x000001dacc73e800,
0x000001dacc73f800, 0x000001dacc741800, 0x000001dacc742800, 0x000001dacc746800,
0x000001dacc99c000, 0x000001dacc9c1000, 0x000001dacca42800
}

Java Threads: ( => current thread )
  0x000001daad0e1800 JavaThread "main" [_thread_blocked, id=1516, stack(0x000000675b300000,0x000000675b400000)]
  0x000001dacc723000 JavaThread "Reference Handler" daemon [_thread_blocked, id=12072, stack(0x000000675ba00000,0x000000675bb00000)]
  0x000001dacc726800 JavaThread "Finalizer" daemon [_thread_blocked, id=20948, stack(0x000000675bb00000,0x000000675bc00000)]
  0x000001dacc73e800 JavaThread "Signal Dispatcher" daemon [_thread_blocked, id=19908, stack(0x000000675bc00000,0x000000675bd00000)]
  0x000001dacc73f800 JavaThread "Attach Listener" daemon [_thread_blocked, id=18828, stack(0x000000675bd00000,0x000000675be00000)]
=>0x000001dacc741800 JavaThread "C2 CompilerThread0" daemon [_thread_in_native, id=1752, stack(0x000000675be00000,0x000000675bf00000)]
  0x000001dacc742800 JavaThread "C1 CompilerThread0" daemon [_thread_blocked, id=1260, stack(0x000000675bf00000,0x000000675c000000)]
  0x000001dacc746800 JavaThread "Sweeper thread" daemon [_thread_blocked, id=10584, stack(0x000000675c000000,0x000000675c100000)]
  0x000001dacc99c000 JavaThread "Common-Cleaner" daemon [_thread_blocked, id=14544, stack(0x000000675c100000,0x000000675c200000)]
  0x000001dacc9c1000 JavaThread "C2 CompilerThread1" daemon [_thread_in_native, id=21540, stack(0x000000675c200000,0x000000675c300000)]
  0x000001dacca42800 JavaThread "Service Thread" daemon [_thread_blocked, id=23544, stack(0x000000675c300000,0x000000675c400000)]

Other Threads:
  0x000001dacc71e800 VMThread "VM Thread" [stack: 0x000000675b900000,0x000000675ba00000] [id=14500]
  0x000001dacca43800 WatcherThread [stack: 0x000000675c400000,0x000000675c500000] [id=2880]
  0x000001daad125800 GCTaskThread "GC Thread#0" [stack: 0x000000675b400000,0x000000675b500000] [id=21060]
  0x000001daccb98800 GCTaskThread "GC Thread#1" [stack: 0x000000675c500000,0x000000675c600000] [id=12080]
  0x000001daad137000 ConcurrentGCThread "G1 Main Marker" [stack: 0x000000675b500000,0x000000675b600000] [id=4860]
  0x000001daad138800 ConcurrentGCThread "G1 Conc#0" [stack: 0x000000675b600000,0x000000675b700000] [id=7204]
  0x000001daccb99000 ConcurrentGCThread "G1 Conc#1" [stack: 0x000000675c600000,0x000000675c700000] [id=18964]
  0x000001daad164000 ConcurrentGCThread "G1 Refine#0" [stack: 0x000000675b700000,0x000000675b800000] [id=13256]
  0x000001daad166000 ConcurrentGCThread "G1 Young RemSet Sampling" [stack: 0x000000675b800000,0x000000675b900000] [id=20520]

Threads with active compile tasks:
C2 CompilerThread0     1117 1799   !   4       com.sun.tools.javac.jvm.ClassReader::classSigToType (497 bytes)
C1 CompilerThread0     1117 2530       2       com.sun.tools.javac.jvm.ClassReader::readCompoundAnnotation (117 bytes)
C2 CompilerThread1     1117 1993   !   4       com.sun.tools.javac.code.Symbol$ClassSymbol::complete (52 bytes)

VM state:at safepoint (normal execution)

VM Mutex/Monitor currently owned by a thread:  ([mutex/lock_event])
[0x000001daad0dd620] Threads_lock - owner thread: 0x000001dacc71e800
[0x000001daad0dcff0] Heap_lock - owner thread: 0x000001daad0e1800

Heap address: 0x0000000082600000, size: 2010 MB, Compressed Oops mode: 32-bit
Narrow klass base: 0x0000000800000000, Narrow klass shift: 3
Compressed class space size: 1073741824 Address: 0x0000000800b40000

Heap:
 garbage-first heap   total 84992K, used 17376K [0x0000000082600000, 0x0000000100000000)
  region size 1024K, 2 young (2048K), 2 survivors (2048K)
 Metaspace       used 11347K, capacity 13355K, committed 13696K, reserved 1060864K
  class space    used 1253K, capacity 1558K, committed 1664K, reserved 1048576K
Heap Regions: E=young(eden), S=young(survivor), O=old, HS=humongous(starts), HC=humongous(continues), CS=collection set, F=free, A=archive, TAMS=top-at-mark-start (previous, next)
|   0|0x0000000082600000, 0x0000000082700000, 0x0000000082700000|100%| O|  |TAMS 0x0000000082700000, 0x0000000082600000| Untracked 
|   1|0x0000000082700000, 0x0000000082800000, 0x0000000082800000|100%| O|  |TAMS 0x0000000082800000, 0x0000000082700000| Untracked 
|   2|0x0000000082800000, 0x0000000082900000, 0x0000000082900000|100%| O|  |TAMS 0x0000000082900000, 0x0000000082800000| Untracked 
|   3|0x0000000082900000, 0x0000000082a00000, 0x0000000082a00000|100%| O|  |TAMS 0x0000000082a00000, 0x0000000082900000| Untracked 
|   4|0x0000000082a00000, 0x0000000082b00000, 0x0000000082b00000|100%| O|  |TAMS 0x0000000082b00000, 0x0000000082a00000| Untracked 
|   5|0x0000000082b00000, 0x0000000082c00000, 0x0000000082c00000|100%| O|  |TAMS 0x0000000082c00000, 0x0000000082b00000| Untracked 
|   6|0x0000000082c00000, 0x0000000082d00000, 0x0000000082d00000|100%| O|  |TAMS 0x0000000082c37400, 0x0000000082c00000| Untracked 
|   7|0x0000000082d00000, 0x0000000082e00000, 0x0000000082e00000|100%| O|  |TAMS 0x0000000082d00000, 0x0000000082d00000| Untracked 
|   8|0x0000000082e00000, 0x0000000082f00000, 0x0000000082f00000|100%| O|  |TAMS 0x0000000082e00000, 0x0000000082e00000| Untracked 
|   9|0x0000000082f00000, 0x0000000083000000, 0x0000000083000000|100%| O|  |TAMS 0x0000000082f00000, 0x0000000082f00000| Untracked 
|  10|0x0000000083000000, 0x0000000083100000, 0x0000000083100000|100%|HS|  |TAMS 0x0000000083000000, 0x0000000083000000| Complete 
|  11|0x0000000083100000, 0x0000000083200000, 0x0000000083200000|100%| O|  |TAMS 0x0000000083100000, 0x0000000083100000| Untracked 
|  12|0x0000000083200000, 0x0000000083300000, 0x0000000083300000|100%| O|  |TAMS 0x0000000083200000, 0x0000000083200000| Untracked 
|  13|0x0000000083300000, 0x0000000083400000, 0x0000000083400000|100%| O|  |TAMS 0x0000000083300000, 0x0000000083300000| Untracked 
|  14|0x0000000083400000, 0x0000000083500000, 0x0000000083500000|100%| O|  |TAMS 0x0000000083400000, 0x0000000083400000| Untracked 
|  15|0x0000000083500000, 0x00000000835d6400, 0x0000000083600000| 83%| O|  |TAMS 0x0000000083500000, 0x0000000083500000| Untracked 
|  16|0x0000000083600000, 0x0000000083600000, 0x0000000083700000|  0%| F|  |TAMS 0x0000000083600000, 0x0000000083600000| Untracked 
|  17|0x0000000083700000, 0x0000000083700000, 0x0000000083800000|  0%| F|  |TAMS 0x0000000083700000, 0x0000000083700000| Untracked 
|  18|0x0000000083800000, 0x0000000083800000, 0x0000000083900000|  0%| F|  |TAMS 0x0000000083800000, 0x0000000083800000| Untracked 
|  19|0x0000000083900000, 0x0000000083900000, 0x0000000083a00000|  0%| F|  |TAMS 0x0000000083900000, 0x0000000083900000| Untracked 
|  20|0x0000000083a00000, 0x0000000083a00000, 0x0000000083b00000|  0%| F|  |TAMS 0x0000000083a00000, 0x0000000083a00000| Untracked 
|  21|0x0000000083b00000, 0x0000000083b00000, 0x0000000083c00000|  0%| F|  |TAMS 0x0000000083b00000, 0x0000000083b00000| Untracked 
|  22|0x0000000083c00000, 0x0000000083c00000, 0x0000000083d00000|  0%| F|  |TAMS 0x0000000083c00000, 0x0000000083c00000| Untracked 
|  23|0x0000000083d00000, 0x0000000083d00000, 0x0000000083e00000|  0%| F|  |TAMS 0x0000000083d00000, 0x0000000083d00000| Untracked 
|  24|0x0000000083e00000, 0x0000000083e00000, 0x0000000083f00000|  0%| F|  |TAMS 0x0000000083e00000, 0x0000000083e00000| Untracked 
|  25|0x0000000083f00000, 0x0000000083f00000, 0x0000000084000000|  0%| F|  |TAMS 0x0000000083f00000, 0x0000000083f00000| Untracked 
|  26|0x0000000084000000, 0x0000000084021e78, 0x0000000084100000| 13%| S|CS|TAMS 0x0000000084000000, 0x0000000084000000| Complete 
|  27|0x0000000084100000, 0x0000000084200000, 0x0000000084200000|100%| S|CS|TAMS 0x0000000084100000, 0x0000000084100000| Complete 
|  28|0x0000000084200000, 0x0000000084200000, 0x0000000084300000|  0%| F|  |TAMS 0x0000000084200000, 0x0000000084200000| Untracked 
|  29|0x0000000084300000, 0x0000000084300000, 0x0000000084400000|  0%| F|  |TAMS 0x0000000084300000, 0x0000000084300000| Untracked 
|  30|0x0000000084400000, 0x0000000084400000, 0x0000000084500000|  0%| F|  |TAMS 0x0000000084400000, 0x0000000084400000| Untracked 
|  31|0x0000000084500000, 0x0000000084500000, 0x0000000084600000|  0%| F|  |TAMS 0x0000000084500000, 0x0000000084500000| Untracked 
|  32|0x0000000084600000, 0x0000000084600000, 0x0000000084700000|  0%| F|  |TAMS 0x0000000084600000, 0x0000000084600000| Untracked 
|  33|0x0000000084700000, 0x0000000084700000, 0x0000000084800000|  0%| F|  |TAMS 0x0000000084700000, 0x0000000084700000| Untracked 
|  34|0x0000000084800000, 0x0000000084800000, 0x0000000084900000|  0%| F|  |TAMS 0x0000000084800000, 0x0000000084800000| Untracked 
|  35|0x0000000084900000, 0x0000000084900000, 0x0000000084a00000|  0%| F|  |TAMS 0x0000000084900000, 0x0000000084900000| Untracked 
|  36|0x0000000084a00000, 0x0000000084a00000, 0x0000000084b00000|  0%| F|  |TAMS 0x0000000084a00000, 0x0000000084a00000| Untracked 
|  37|0x0000000084b00000, 0x0000000084b00000, 0x0000000084c00000|  0%| F|  |TAMS 0x0000000084b00000, 0x0000000084b00000| Untracked 
|  38|0x0000000084c00000, 0x0000000084c00000, 0x0000000084d00000|  0%| F|  |TAMS 0x0000000084c00000, 0x0000000084c00000| Untracked 

Card table byte_map: [0x000001dac4e20000,0x000001dac5210000] _byte_map_base: 0x000001dac4a0d000

Marking Bits (Prev, Next): (CMBitMap*) 0x000001daad1263e8, (CMBitMap*) 0x000001daad1263a8
 Prev Bits: [0x000001dac7570000, 0x000001dac94d8000)
 Next Bits: [0x000001dac5600000, 0x000001dac7568000)

Polling page: 0x000001daac8c0000

Metaspace:

Usage:
  Non-class:     11.52 MB capacity,     9.86 MB ( 86%) used,     1.62 MB ( 14%) free+waste,    39.44 KB ( <1%) overhead. 
      Class:      1.52 MB capacity,     1.22 MB ( 80%) used,   286.13 KB ( 18%) free+waste,    18.69 KB (  1%) overhead. 
       Both:     13.04 MB capacity,    11.08 MB ( 85%) used,     1.90 MB ( 15%) free+waste,    58.13 KB ( <1%) overhead. 

Virtual space:
  Non-class space:       12.00 MB reserved,      11.75 MB ( 98%) committed 
      Class space:        1.00 GB reserved,       1.63 MB ( <1%) committed 
             Both:        1.01 GB reserved,      13.38 MB (  1%) committed 

Chunk freelists:
   Non-Class:  43.00 KB
       Class:  10.00 KB
        Both:  53.00 KB

MaxMetaspaceSize: 17179869184.00 GB
CompressedClassSpaceSize: 1.00 GB

CodeHeap 'non-profiled nmethods': size=120000Kb used=700Kb max_used=700Kb free=119299Kb
 bounds [0x000001dabd0c0000, 0x000001dabd330000, 0x000001dac45f0000]
CodeHeap 'profiled nmethods': size=120000Kb used=5650Kb max_used=5650Kb free=114349Kb
 bounds [0x000001dab5b90000, 0x000001dab6120000, 0x000001dabd0c0000]
CodeHeap 'non-nmethods': size=5760Kb used=1184Kb max_used=1216Kb free=4575Kb
 bounds [0x000001dab55f0000, 0x000001dab5860000, 0x000001dab5b90000]
 total_blobs=3636 nmethods=2473 adapters=344
 compilation: enabled
              stopped_count=0, restarted_count=0
 full_count=0

Compilation events (20 events):
Event: 1.083 Thread 0x000001dacc742800 nmethod 2483 0x000001dab60fb110 code [0x000001dab60fb320, 0x000001dab60fb820]
Event: 1.083 Thread 0x000001dacc742800 2488       2       com.sun.tools.javac.comp.Check::checkRaw (83 bytes)
Event: 1.084 Thread 0x000001dacc742800 nmethod 2488 0x000001dab60fba10 code [0x000001dab60fbc80, 0x000001dab60fc5b0]
Event: 1.084 Thread 0x000001dacc742800 2484       2       com.sun.tools.javac.code.Symbol::getDeclarationAttributes (21 bytes)
Event: 1.085 Thread 0x000001dacc742800 nmethod 2484 0x000001dab60fca10 code [0x000001dab60fcbc0, 0x000001dab60fcdb8]
Event: 1.085 Thread 0x000001dacc742800 2489       2       com.sun.tools.javac.comp.Check::validate (16 bytes)
Event: 1.085 Thread 0x000001dacc742800 nmethod 2489 0x000001dab60fce90 code [0x000001dab60fd040, 0x000001dab60fd310]
Event: 1.085 Thread 0x000001dacc742800 2490       2       com.sun.tools.javac.comp.Check$Validator::<init> (15 bytes)
Event: 1.085 Thread 0x000001dacc742800 nmethod 2490 0x000001dab60fd410 code [0x000001dab60fd5c0, 0x000001dab60fd7d8]
Event: 1.085 Thread 0x000001dacc742800 2486       2       com.sun.tools.javac.code.Lint$AugmentVisitor::initSyms (19 bytes)
Event: 1.085 Thread 0x000001dacc742800 nmethod 2486 0x000001dab60fd890 code [0x000001dab60fda60, 0x000001dab60fdd80]
Event: 1.085 Thread 0x000001dacc742800 2491       2       com.sun.tools.javac.code.Type::getModelType (2 bytes)
Event: 1.085 Thread 0x000001dacc742800 nmethod 2491 0x000001dab60fdf10 code [0x000001dab60fe0a0, 0x000001dab60fe218]
Event: 1.086 Thread 0x000001dacc742800 2492       2       com.sun.tools.javac.comp.Resolve$LookupHelper::<init> (38 bytes)
Event: 1.086 Thread 0x000001dacc742800 nmethod 2492 0x000001dab60fe290 code [0x000001dab60fe440, 0x000001dab60fe7f8]
Event: 1.086 Thread 0x000001dacc742800 2493       2       com.sun.tools.javac.comp.Check::checkMethod (555 bytes)
Event: 1.088 Thread 0x000001dacc742800 nmethod 2493 0x000001dab60fe890 code [0x000001dab60fedc0, 0x000001dab61012a0]
Event: 1.088 Thread 0x000001dacc742800 2495       2       com.sun.tools.javac.comp.Attr::attribStats (31 bytes)
Event: 1.089 Thread 0x000001dacc742800 nmethod 2495 0x000001dab6102c10 code [0x000001dab6102dc0, 0x000001dab6103050]
Event: 1.089 Thread 0x000001dacc742800 2496       2       com.sun.tools.javac.tree.TreeCopier::copy (62 bytes)

GC Heap History (20 events):
Event: 0.586 GC heap before
{Heap before GC invocations=10 (full 0):
 garbage-first heap   total 14336K, used 7305K [0x0000000082600000, 0x0000000100000000)
  region size 1024K, 3 young (3072K), 1 survivors (1024K)
 Metaspace       used 8921K, capacity 11489K, committed 11648K, reserved 1058816K
  class space    used 1041K, capacity 1330K, committed 1408K, reserved 1048576K
}
Event: 0.588 GC heap after
{Heap after GC invocations=11 (full 0):
 garbage-first heap   total 14336K, used 6317K [0x0000000082600000, 0x0000000100000000)
  region size 1024K, 1 young (1024K), 1 survivors (1024K)
 Metaspace       used 8921K, capacity 11489K, committed 11648K, reserved 1058816K
  class space    used 1041K, capacity 1330K, committed 1408K, reserved 1048576K
}
Event: 0.630 GC heap before
{Heap before GC invocations=11 (full 0):
 garbage-first heap   total 14336K, used 8365K [0x0000000082600000, 0x0000000100000000)
  region size 1024K, 3 young (3072K), 1 survivors (1024K)
 Metaspace       used 9179K, capacity 11558K, committed 11648K, reserved 1058816K
  class space    used 1061K, capacity 1332K, committed 1408K, reserved 1048576K
}
Event: 0.634 GC heap after
{Heap after GC invocations=12 (full 0):
 garbage-first heap   total 14336K, used 7125K [0x0000000082600000, 0x0000000100000000)
  region size 1024K, 1 young (1024K), 1 survivors (1024K)
 Metaspace       used 9179K, capacity 11558K, committed 11648K, reserved 1058816K
  class space    used 1061K, capacity 1332K, committed 1408K, reserved 1048576K
}
Event: 0.662 GC heap before
{Heap before GC invocations=12 (full 0):
 garbage-first heap   total 14336K, used 8149K [0x0000000082600000, 0x0000000100000000)
  region size 1024K, 2 young (2048K), 1 survivors (1024K)
 Metaspace       used 9344K, capacity 11662K, committed 11904K, reserved 1060864K
  class space    used 1079K, capacity 1346K, committed 1408K, reserved 1048576K
}
Event: 0.663 GC heap after
{Heap after GC invocations=13 (full 0):
 garbage-first heap   total 22528K, used 7419K [0x0000000082600000, 0x0000000100000000)
  region size 1024K, 1 young (1024K), 1 survivors (1024K)
 Metaspace       used 9344K, capacity 11662K, committed 11904K, reserved 1060864K
  class space    used 1079K, capacity 1346K, committed 1408K, reserved 1048576K
}
Event: 0.696 GC heap before
{Heap before GC invocations=14 (full 0):
 garbage-first heap   total 22528K, used 11515K [0x0000000082600000, 0x0000000100000000)
  region size 1024K, 5 young (5120K), 1 survivors (1024K)
 Metaspace       used 9453K, capacity 11678K, committed 11904K, reserved 1060864K
  class space    used 1086K, capacity 1351K, committed 1408K, reserved 1048576K
}
Event: 0.698 GC heap after
{Heap after GC invocations=15 (full 0):
 garbage-first heap   total 22528K, used 7867K [0x0000000082600000, 0x0000000100000000)
  region size 1024K, 1 young (1024K), 1 survivors (1024K)
 Metaspace       used 9453K, capacity 11678K, committed 11904K, reserved 1060864K
  class space    used 1086K, capacity 1351K, committed 1408K, reserved 1048576K
}
Event: 0.717 GC heap before
{Heap before GC invocations=15 (full 0):
 garbage-first heap   total 22528K, used 12987K [0x0000000082600000, 0x0000000100000000)
  region size 1024K, 6 young (6144K), 1 survivors (1024K)
 Metaspace       used 9487K, capacity 11682K, committed 11904K, reserved 1060864K
  class space    used 1086K, capacity 1351K, committed 1408K, reserved 1048576K
}
Event: 0.720 GC heap after
{Heap after GC invocations=16 (full 0):
 garbage-first heap   total 22528K, used 8440K [0x0000000082600000, 0x0000000100000000)
  region size 1024K, 1 young (1024K), 1 survivors (1024K)
 Metaspace       used 9487K, capacity 11682K, committed 11904K, reserved 1060864K
  class space    used 1086K, capacity 1351K, committed 1408K, reserved 1048576K
}
Event: 0.754 GC heap before
{Heap before GC invocations=16 (full 0):
 garbage-first heap   total 22528K, used 12536K [0x0000000082600000, 0x0000000100000000)
  region size 1024K, 5 young (5120K), 1 survivors (1024K)
 Metaspace       used 9742K, capacity 11973K, committed 12160K, reserved 1060864K
  class space    used 1116K, capacity 1405K, committed 1408K, reserved 1048576K
}
Event: 0.757 GC heap after
{Heap after GC invocations=17 (full 0):
 garbage-first heap   total 22528K, used 9563K [0x0000000082600000, 0x0000000100000000)
  region size 1024K, 1 young (1024K), 1 survivors (1024K)
 Metaspace       used 9742K, capacity 11973K, committed 12160K, reserved 1060864K
  class space    used 1116K, capacity 1405K, committed 1408K, reserved 1048576K
}
Event: 0.793 GC heap before
{Heap before GC invocations=17 (full 0):
 garbage-first heap   total 22528K, used 13659K [0x0000000082600000, 0x0000000100000000)
  region size 1024K, 5 young (5120K), 1 survivors (1024K)
 Metaspace       used 9849K, capacity 12051K, committed 12160K, reserved 1060864K
  class space    used 1117K, capacity 1408K, committed 1408K, reserved 1048576K
}
Event: 0.797 GC heap after
{Heap after GC invocations=18 (full 0):
 garbage-first heap   total 39936K, used 10532K [0x0000000082600000, 0x0000000100000000)
  region size 1024K, 1 young (1024K), 1 survivors (1024K)
 Metaspace       used 9849K, capacity 12051K, committed 12160K, reserved 1060864K
  class space    used 1117K, capacity 1408K, committed 1408K, reserved 1048576K
}
Event: 0.825 GC heap before
{Heap before GC invocations=18 (full 0):
 garbage-first heap   total 39936K, used 18724K [0x0000000082600000, 0x0000000100000000)
  region size 1024K, 9 young (9216K), 1 survivors (1024K)
 Metaspace       used 9932K, capacity 12117K, committed 12160K, reserved 1060864K
  class space    used 1118K, capacity 1408K, committed 1408K, reserved 1048576K
}
Event: 0.830 GC heap after
{Heap after GC invocations=19 (full 0):
 garbage-first heap   total 39936K, used 11641K [0x0000000082600000, 0x0000000100000000)
  region size 1024K, 2 young (2048K), 2 survivors (2048K)
 Metaspace       used 9932K, capacity 12117K, committed 12160K, reserved 1060864K
  class space    used 1118K, capacity 1408K, committed 1408K, reserved 1048576K
}
Event: 0.891 GC heap before
{Heap before GC invocations=19 (full 0):
 garbage-first heap   total 39936K, used 21881K [0x0000000082600000, 0x0000000100000000)
  region size 1024K, 11 young (11264K), 2 survivors (2048K)
 Metaspace       used 10229K, capacity 12267K, committed 12544K, reserved 1060864K
  class space    used 1139K, capacity 1413K, committed 1536K, reserved 1048576K
}
Event: 0.897 GC heap after
{Heap after GC invocations=20 (full 0):
 garbage-first heap   total 39936K, used 14700K [0x0000000082600000, 0x0000000100000000)
  region size 1024K, 2 young (2048K), 2 survivors (2048K)
 Metaspace       used 10229K, capacity 12267K, committed 12544K, reserved 1060864K
  class space    used 1139K, capacity 1413K, committed 1536K, reserved 1048576K
}
Event: 0.973 GC heap before
{Heap before GC invocations=20 (full 0):
 garbage-first heap   total 39936K, used 23916K [0x0000000082600000, 0x0000000100000000)
  region size 1024K, 11 young (11264K), 2 survivors (2048K)
 Metaspace       used 10729K, capacity 12775K, committed 13056K, reserved 1060864K
  class space    used 1201K, capacity 1472K, committed 1536K, reserved 1048576K
}
Event: 0.979 GC heap after
{Heap after GC invocations=21 (full 0):
 garbage-first heap   total 39936K, used 16144K [0x0000000082600000, 0x0000000100000000)
  region size 1024K, 2 young (2048K), 2 survivors (2048K)
 Metaspace       used 10729K, capacity 12775K, committed 13056K, reserved 1060864K
  class space    used 1201K, capacity 1472K, committed 1536K, reserved 1048576K
}

Deoptimization events (20 events):
Event: 0.968 Thread 0x000001daad0e1800 Uncommon trap: trap_request=0xffffffc6 fr.pc=0x000001dabd1267bc relative=0x00000000000012fc
Event: 0.968 Thread 0x000001daad0e1800 Uncommon trap: reason=bimorphic_or_optimized_type_check action=maybe_recompile pc=0x000001dabd1267bc method=java.util.HashMap.putVal(ILjava/lang/Object;Ljava/lang/Object;ZZ)Ljava/lang/Object; @ 56 c2
Event: 0.968 Thread 0x000001daad0e1800 DEOPT PACKING pc=0x000001dabd1267bc sp=0x000000675b3feee0
Event: 0.968 Thread 0x000001daad0e1800 DEOPT UNPACKING pc=0x000001dab563912f sp=0x000000675b3fee78 mode 2
Event: 0.970 Thread 0x000001daad0e1800 Uncommon trap: trap_request=0xffffffc6 fr.pc=0x000001dabd1267bc relative=0x00000000000012fc
Event: 0.970 Thread 0x000001daad0e1800 Uncommon trap: reason=bimorphic_or_optimized_type_check action=maybe_recompile pc=0x000001dabd1267bc method=java.util.HashMap.putVal(ILjava/lang/Object;Ljava/lang/Object;ZZ)Ljava/lang/Object; @ 56 c2
Event: 0.970 Thread 0x000001daad0e1800 DEOPT PACKING pc=0x000001dabd1267bc sp=0x000000675b3feee0
Event: 0.970 Thread 0x000001daad0e1800 DEOPT UNPACKING pc=0x000001dab563912f sp=0x000000675b3fee78 mode 2
Event: 0.971 Thread 0x000001daad0e1800 Uncommon trap: trap_request=0xffffffc6 fr.pc=0x000001dabd1267bc relative=0x00000000000012fc
Event: 0.971 Thread 0x000001daad0e1800 Uncommon trap: reason=bimorphic_or_optimized_type_check action=maybe_recompile pc=0x000001dabd1267bc method=java.util.HashMap.putVal(ILjava/lang/Object;Ljava/lang/Object;ZZ)Ljava/lang/Object; @ 56 c2
Event: 0.971 Thread 0x000001daad0e1800 DEOPT PACKING pc=0x000001dabd1267bc sp=0x000000675b3feee0
Event: 0.971 Thread 0x000001daad0e1800 DEOPT UNPACKING pc=0x000001dab563912f sp=0x000000675b3fee78 mode 2
Event: 1.060 Thread 0x000001daad0e1800 Uncommon trap: trap_request=0xffffff45 fr.pc=0x000001dabd165f6c relative=0x000000000000024c
Event: 1.060 Thread 0x000001daad0e1800 Uncommon trap: reason=unstable_if action=reinterpret pc=0x000001dabd165f6c method=java.util.HashMap.getNode(ILjava/lang/Object;)Ljava/util/HashMap$Node; @ 84 c2
Event: 1.061 Thread 0x000001daad0e1800 DEOPT PACKING pc=0x000001dabd165f6c sp=0x000000675b3fcff0
Event: 1.061 Thread 0x000001daad0e1800 DEOPT UNPACKING pc=0x000001dab563912f sp=0x000000675b3fcf00 mode 2
Event: 1.061 Thread 0x000001daad0e1800 Uncommon trap: trap_request=0xffffff45 fr.pc=0x000001dabd127558 relative=0x00000000000001b8
Event: 1.061 Thread 0x000001daad0e1800 Uncommon trap: reason=unstable_if action=reinterpret pc=0x000001dabd127558 method=java.util.HashMap.getNode(ILjava/lang/Object;)Ljava/util/HashMap$Node; @ 84 c2
Event: 1.061 Thread 0x000001daad0e1800 DEOPT PACKING pc=0x000001dabd127558 sp=0x000000675b3fc730
Event: 1.061 Thread 0x000001daad0e1800 DEOPT UNPACKING pc=0x000001dab563912f sp=0x000000675b3fc6b8 mode 2

Classes unloaded (0 events):
No events

Classes redefined (0 events):
No events

Internal exceptions (20 events):
Event: 0.847 Thread 0x000001daad0e1800 Exception <a 'sun/nio/fs/WindowsException'{0x0000000084b85968}> (0x0000000084b85968) 
thrown [t:/workspace/open/src/hotspot/share/prims/jni.cpp, line 598]
Event: 0.854 Thread 0x000001daad0e1800 Exception <a 'sun/nio/fs/WindowsException'{0x0000000084a9b438}> (0x0000000084a9b438) 
thrown [t:/workspace/open/src/hotspot/share/prims/jni.cpp, line 598]
Event: 0.854 Thread 0x000001daad0e1800 Exception <a 'sun/nio/fs/WindowsException'{0x0000000084a9b660}> (0x0000000084a9b660) 
thrown [t:/workspace/open/src/hotspot/share/prims/jni.cpp, line 598]
Event: 0.854 Thread 0x000001daad0e1800 Exception <a 'sun/nio/fs/WindowsException'{0x0000000084a9dbd0}> (0x0000000084a9dbd0) 
thrown [t:/workspace/open/src/hotspot/share/prims/jni.cpp, line 598]
Event: 0.854 Thread 0x000001daad0e1800 Exception <a 'sun/nio/fs/WindowsException'{0x0000000084a9dde0}> (0x0000000084a9dde0) 
thrown [t:/workspace/open/src/hotspot/share/prims/jni.cpp, line 598]
Event: 0.854 Thread 0x000001daad0e1800 Exception <a 'sun/nio/fs/WindowsException'{0x0000000084a9fd08}> (0x0000000084a9fd08) 
thrown [t:/workspace/open/src/hotspot/share/prims/jni.cpp, line 598]
Event: 0.855 Thread 0x000001daad0e1800 Exception <a 'sun/nio/fs/WindowsException'{0x0000000084a9ff68}> (0x0000000084a9ff68) 
thrown [t:/workspace/open/src/hotspot/share/prims/jni.cpp, line 598]
Event: 0.855 Thread 0x000001daad0e1800 Exception <a 'sun/nio/fs/WindowsException'{0x0000000084aa1c38}> (0x0000000084aa1c38) 
thrown [t:/workspace/open/src/hotspot/share/prims/jni.cpp, line 598]
Event: 0.855 Thread 0x000001daad0e1800 Exception <a 'sun/nio/fs/WindowsException'{0x0000000084aa1e88}> (0x0000000084aa1e88) 
thrown [t:/workspace/open/src/hotspot/share/prims/jni.cpp, line 598]
Event: 0.855 Thread 0x000001daad0e1800 Exception <a 'sun/nio/fs/WindowsException'{0x0000000084aa3e60}> (0x0000000084aa3e60) 
thrown [t:/workspace/open/src/hotspot/share/prims/jni.cpp, line 598]
Event: 0.855 Thread 0x000001daad0e1800 Exception <a 'sun/nio/fs/WindowsException'{0x0000000084aa40e8}> (0x0000000084aa40e8) 
thrown [t:/workspace/open/src/hotspot/share/prims/jni.cpp, line 598]
Event: 0.860 Thread 0x000001daad0e1800 Exception <a 'sun/nio/fs/WindowsException'{0x000000008498bdf0}> (0x000000008498bdf0) 
thrown [t:/workspace/open/src/hotspot/share/prims/jni.cpp, line 598]
Event: 0.860 Thread 0x000001daad0e1800 Exception <a 'sun/nio/fs/WindowsException'{0x000000008498c060}> (0x000000008498c060) 
thrown [t:/workspace/open/src/hotspot/share/prims/jni.cpp, line 598]
Event: 0.860 Thread 0x000001daad0e1800 Exception <a 'sun/nio/fs/WindowsException'{0x000000008498dea8}> (0x000000008498dea8) 
thrown [t:/workspace/open/src/hotspot/share/prims/jni.cpp, line 598]
Event: 0.860 Thread 0x000001daad0e1800 Exception <a 'sun/nio/fs/WindowsException'{0x000000008498e178}> (0x000000008498e178) 
thrown [t:/workspace/open/src/hotspot/share/prims/jni.cpp, line 598]
Event: 0.861 Thread 0x000001daad0e1800 Exception <a 'sun/nio/fs/WindowsException'{0x00000000849a8938}> (0x00000000849a8938) 
thrown [t:/workspace/open/src/hotspot/share/prims/jni.cpp, line 598]
Event: 0.861 Thread 0x000001daad0e1800 Exception <a 'sun/nio/fs/WindowsException'{0x00000000849a8c00}> (0x00000000849a8c00) 
thrown [t:/workspace/open/src/hotspot/share/prims/jni.cpp, line 598]
Event: 1.039 Thread 0x000001daad0e1800 Exception <a 'java/lang/NoSuchMethodError'{0x00000000849411c0}: 'int java.lang.invoke.DirectMethodHandle$Holder.invokeVirtual(java.lang.Object, java.lang.Object, java.lang.Object, java.lang.Object)'> (0x00000000849411c0) 
thrown [t:/workspace/open/src/hotspot/share/interpreter/linkResolver.cpp, line 767]
Event: 1.040 Thread 0x000001daad0e1800 Exception <a 'java/lang/NoSuchMethodError'{0x000000008494b610}: 'java.lang.Object java.lang.invoke.DirectMethodHandle$Holder.invokeStatic(java.lang.Object, java.lang.Object, int, java.lang.Object)'> (0x000000008494b610) 
thrown [t:/workspace/open/src/hotspot/share/interpreter/linkResolver.cpp, line 767]
Event: 1.041 Thread 0x000001daad0e1800 Exception <a 'java/lang/NoSuchMethodError'{0x00000000849518d8}: 'java.lang.Object java.lang.invoke.Invokers$Holder.linkToTargetMethod(java.lang.Object, int, java.lang.Object, java.lang.Object)'> (0x00000000849518d8) 
thrown [t:/workspace/open/src/hotspot/share/interpreter/linkResolver.cpp, line 767]

Events (20 events):
Event: 1.044 loading class com/sun/tools/javac/code/Type$UndetVar
Event: 1.044 loading class com/sun/tools/javac/code/Type$UndetVar done
Event: 1.044 loading class com/sun/tools/javac/util/ListBuffer
Event: 1.044 loading class com/sun/tools/javac/util/ListBuffer done
Event: 1.045 loading class java/util/EnumMap$EntrySet
Event: 1.045 loading class java/util/EnumMap$EntrySet done
Event: 1.045 loading class java/util/EnumMap$EntryIterator
Event: 1.045 loading class java/util/EnumMap$EnumMapIterator
Event: 1.045 loading class java/util/EnumMap$EnumMapIterator done
Event: 1.045 loading class java/util/EnumMap$EntryIterator done
Event: 1.045 loading class java/util/EnumMap$EntryIterator$Entry
Event: 1.045 loading class java/util/EnumMap$EntryIterator$Entry done
Event: 1.049 Executing VM operation: ICBufferFull
Event: 1.049 Executing VM operation: ICBufferFull done
Event: 1.087 loading class com/sun/tools/javac/comp/ArgumentAttr
Event: 1.087 loading class com/sun/tools/javac/comp/ArgumentAttr done
Event: 1.087 loading class com/sun/tools/javac/tree/JCTree$JCParens
Event: 1.087 loading class com/sun/tools/javac/tree/JCTree$JCParens done
Event: 1.087 loading class com/sun/tools/javac/tree/JCTree$JCParens
Event: 1.087 loading class com/sun/tools/javac/tree/JCTree$JCParens done


Dynamic libraries:
0x00007ff62e150000 - 0x00007ff62e157000 	C:\Program Files\Java\jdk-13.0.1\bin\javac.exe
0x00007ffe59830000 - 0x00007ffe59a26000 	C:\WINDOWS\SYSTEM32\ntdll.dll
0x00007ffe28b60000 - 0x00007ffe28b72000 	C:\Program Files\AVAST Software\Avast\aswhook.dll
0x00007ffe57980000 - 0x00007ffe57a3d000 	C:\WINDOWS\System32\KERNEL32.DLL
0x00007ffe57360000 - 0x00007ffe57628000 	C:\WINDOWS\System32\KERNELBASE.dll
0x00007ffe57790000 - 0x00007ffe57890000 	C:\WINDOWS\System32\ucrtbase.dll
0x00007ffe32870000 - 0x00007ffe32888000 	C:\Program Files\Java\jdk-13.0.1\bin\jli.dll
0x00007ffe57aa0000 - 0x00007ffe57b4c000 	C:\WINDOWS\System32\ADVAPI32.dll
0x00007ffe59720000 - 0x00007ffe597be000 	C:\WINDOWS\System32\msvcrt.dll
0x00007ffe58b10000 - 0x00007ffe58bab000 	C:\WINDOWS\System32\sechost.dll
0x00007ffe58120000 - 0x00007ffe58244000 	C:\WINDOWS\System32\RPCRT4.dll
0x00007ffe58e30000 - 0x00007ffe58fd0000 	C:\WINDOWS\System32\USER32.dll
0x00007ffe57630000 - 0x00007ffe57652000 	C:\WINDOWS\System32\win32u.dll
0x00007ffe597c0000 - 0x00007ffe597ea000 	C:\WINDOWS\System32\GDI32.dll
0x00007ffe57100000 - 0x00007ffe57209000 	C:\WINDOWS\System32\gdi32full.dll
0x00007ffe57210000 - 0x00007ffe572ad000 	C:\WINDOWS\System32\msvcp_win.dll
0x00007ffe326f0000 - 0x00007ffe32705000 	C:\Program Files\Java\jdk-13.0.1\bin\VCRUNTIME140.dll
0x00007ffe397b0000 - 0x00007ffe39a4b000 	C:\WINDOWS\WinSxS\amd64_microsoft.windows.common-controls_6595b64144ccf1df_6.0.19041.488_none_ca04af081b815d21\COMCTL32.dll
0x00007ffe4ecf0000 - 0x00007ffe4ecfa000 	C:\WINDOWS\SYSTEM32\VERSION.dll
0x00007ffe58250000 - 0x00007ffe58280000 	C:\WINDOWS\System32\IMM32.DLL
0x00007ffe1d230000 - 0x00007ffe1d2cb000 	C:\Program Files\Java\jdk-13.0.1\bin\msvcp140.dll
0x00007ffe0ac80000 - 0x00007ffe0b7e6000 	C:\Program Files\Java\jdk-13.0.1\bin\server\jvm.dll
0x00007ffe57f10000 - 0x00007ffe57f18000 	C:\WINDOWS\System32\PSAPI.DLL
0x00007ffe452a0000 - 0x00007ffe452a9000 	C:\WINDOWS\SYSTEM32\WSOCK32.dll
0x00007ffe58500000 - 0x00007ffe5856b000 	C:\WINDOWS\System32\WS2_32.dll
0x00007ffe42e70000 - 0x00007ffe42e97000 	C:\WINDOWS\SYSTEM32\WINMM.dll
0x00007ffe54de0000 - 0x00007ffe54df2000 	C:\WINDOWS\SYSTEM32\kernel.appcore.dll
0x00007ffe51480000 - 0x00007ffe51490000 	C:\Program Files\Java\jdk-13.0.1\bin\verify.dll
0x00007ffe544a0000 - 0x00007ffe54684000 	C:\WINDOWS\SYSTEM32\DBGHELP.DLL
0x00007ffe4cd70000 - 0x00007ffe4cd9c000 	C:\WINDOWS\SYSTEM32\dbgcore.DLL
0x00007ffe57710000 - 0x00007ffe5778f000 	C:\WINDOWS\System32\bcryptPrimitives.dll
0x00007ffe1d2d0000 - 0x00007ffe1d2f6000 	C:\Program Files\Java\jdk-13.0.1\bin\java.dll
0x00007ffe30410000 - 0x00007ffe30427000 	C:\Program Files\Java\jdk-13.0.1\bin\zip.dll
0x00007ffe512f0000 - 0x00007ffe512fa000 	C:\Program Files\Java\jdk-13.0.1\bin\jimage.dll
0x00007ffe58fd0000 - 0x00007ffe59711000 	C:\WINDOWS\System32\SHELL32.dll
0x00007ffe550c0000 - 0x00007ffe55855000 	C:\WINDOWS\SYSTEM32\windows.storage.dll
0x00007ffe57b50000 - 0x00007ffe57ea5000 	C:\WINDOWS\System32\combase.dll
0x00007ffe569e0000 - 0x00007ffe56a0c000 	C:\WINDOWS\SYSTEM32\Wldp.dll
0x00007ffe58ce0000 - 0x00007ffe58d8e000 	C:\WINDOWS\System32\SHCORE.dll
0x00007ffe57a40000 - 0x00007ffe57a95000 	C:\WINDOWS\System32\shlwapi.dll
0x00007ffe56ea0000 - 0x00007ffe56ec6000 	C:\WINDOWS\SYSTEM32\profapi.dll
0x00007ffe30940000 - 0x00007ffe30959000 	C:\Program Files\Java\jdk-13.0.1\bin\net.dll
0x00007ffe53ab0000 - 0x00007ffe53bb0000 	C:\WINDOWS\SYSTEM32\WINHTTP.dll
0x00007ffe56760000 - 0x00007ffe567ca000 	C:\WINDOWS\system32\mswsock.dll
0x00007ffe30920000 - 0x00007ffe30933000 	C:\Program Files\Java\jdk-13.0.1\bin\nio.dll

dbghelp: loaded successfully - version: 4.0.5 - missing functions: none
symbol engine: initialized successfully - sym options: 0x614 - pdb path: .;C:\Program Files\Java\jdk-13.0.1\bin;C:\WINDOWS\SYSTEM32;C:\Program Files\AVAST Software\Avast;C:\WINDOWS\WinSxS\amd64_microsoft.windows.common-controls_6595b64144ccf1df_6.0.19041.488_none_ca04af081b815d21;C:\Program Files\Java\jdk-13.0.1\bin\server

VM Arguments:
jvm_args: -Dapplication.home=C:\Program Files\Java\jdk-13.0.1 --add-modules=ALL-DEFAULT -Xms8m -Djdk.module.main=jdk.compiler 
java_command: jdk.compiler/com.sun.tools.javac.Main -d D:\GITHUB\worldAirline\build\classes -classpath D:\GITHUB\worldAirline\build\classes;D:\GITHUB\worldAirline\lib\mysql-connector-java-5.1.49-bin.jar;D:\GITHUB\worldAirline\lib\absolutelayout\AbsoluteLayout.jar;D:\GITHUB\worldAirline\lib\swingx-all-1.6.4.jar;D:\GITHUB\worldAirline\lib\jcalendar-1.4.jar;D:\GITHUB\worldAirline\lib\barcode.jar;D:\GITHUB\worldAirline\lib\qrgen-1.0.jar;D:\GITHUB\worldAirline\lib\zxing-core-1.7.jar;D:\GITHUB\worldAirline\lib\zxing-j2se-1.7.jar;D:\GITHUB\worldAirline\lib\barbecue-1.5-beta1 (1).jar -sourcepath D:\GITHUB\worldAirline\build\empty -target 13 -encoding UTF-8 -g -processorpath D:\GITHUB\worldAirline\lib\mysql-connector-java-5.1.49-bin.jar;D:\GITHUB\worldAirline\lib\absolutelayout\AbsoluteLayout.jar;D:\GITHUB\worldAirline\lib\swingx-all-1.6.4.jar;D:\GITHUB\worldAirline\lib\jcalendar-1.4.jar;D:\GITHUB\worldAirline\lib\barcode.jar;D:\GITHUB\worldAirline\lib\qrgen-1.0.jar;D:\GITHUB\worldAirline\lib\zxing-core-1.7.jar;D:\GITHUB\worldAirline\lib\zxing-j2se-1.7.jar;D:\GITHUB\worldAirline\lib\barbecue-1.5-beta1 (1).jar;D:\GITHUB\worldAirline\build\empty -s D:\GITHUB\worldAirline\build\generated-sources\ap-source-output -source 13 @C:\Users\Unknow\AppData\Local\Temp\files1759917352685868579
java_class_path (initial): <not set>
Launcher Type: SUN_STANDARD

[Global flags]
     intx CICompilerCount                          = 4                                         {product} {ergonomic}
     uint ConcGCThreads                            = 2                                         {product} {ergonomic}
     uint G1ConcRefinementThreads                  = 8                                         {product} {ergonomic}
   size_t G1HeapRegionSize                         = 1048576                                   {product} {ergonomic}
    uintx GCDrainStackTargetSize                   = 64                                        {product} {ergonomic}
   size_t InitialHeapSize                          = 8388608                                   {product} {command line}
   size_t MarkStackSize                            = 4194304                                   {product} {ergonomic}
   size_t MaxHeapSize                              = 2107637760                                {product} {ergonomic}
   size_t MaxNewSize                               = 1264582656                                {product} {ergonomic}
   size_t MinHeapDeltaBytes                        = 1048576                                   {product} {ergonomic}
   size_t MinHeapSize                              = 8388608                                   {product} {command line}
    uintx NonNMethodCodeHeapSize                   = 5836300                                {pd product} {ergonomic}
    uintx NonProfiledCodeHeapSize                  = 122910970                              {pd product} {ergonomic}
    uintx ProfiledCodeHeapSize                     = 122910970                              {pd product} {ergonomic}
    uintx ReservedCodeCacheSize                    = 251658240                              {pd product} {ergonomic}
     bool SegmentedCodeCache                       = true                                      {product} {ergonomic}
   size_t SoftMaxHeapSize                          = 2107637760                             {manageable} {ergonomic}
     bool UseCompressedClassPointers               = true                                 {lp64_product} {ergonomic}
     bool UseCompressedOops                        = true                                 {lp64_product} {ergonomic}
     bool UseG1GC                                  = true                                      {product} {ergonomic}
     bool UseLargePagesIndividualAllocation        = false                                  {pd product} {ergonomic}

Logging:
Log output configuration:
 #0: stdout all=warning uptime,level,tags
 #1: stderr all=off uptime,level,tags

Environment Variables:
PATH=C:\Program Files\Common Files\Oracle\Java\javapath;C:\ProgramData\Oracle\Java\javapath;C:\Users\Unknow\gcc\bin;C:\Users\Unknow\gcc\libexec\gcc\x86_64-pc-mingw32\4.7.0;C:\WINDOWS\system32;C:\WINDOWS;C:\WINDOWS\System32\Wbem;C:\WINDOWS\System32\WindowsPowerShell\v1.0\;C:\WINDOWS\System32\OpenSSH\;C:\Program Files\Intel\WiFi\bin\;C:\Program Files\Common Files\Intel\WirelessCommon\;C:\Program Files\Java\jdk-13.0.1\bin;D:\Mathslab\Polyspace\runtime\win64;D:\Mathslab\Polyspace\bin;D:\Mathslab\Polyspace\polyspace\bin;C:\Users\Unknow\AppData\Local\Microsoft\WindowsApps;C:\Users\Unknow\AppData\Local\Microsoft\WindowsApps;C:\Users\Unknow\AppData\Local\GitHubDesktop\bin
USERNAME=Unknow
OS=Windows_NT
PROCESSOR_IDENTIFIER=Intel64 Family 6 Model 142 Stepping 11, GenuineIntel



---------------  S Y S T E M  ---------------

OS: Windows 10 , 64 bit Build 19041 (10.0.19041.546)

CPU:total 8 (initial active 8) (4 cores per cpu, 2 threads per core) family 6 model 142 stepping 11, cmov, cx8, fxsr, mmx, sse, sse2, sse3, ssse3, sse4.1, sse4.2, popcnt, avx, avx2, aes, clmul, erms, 3dnowpref, lzcnt, ht, tsc, tscinvbit, bmi1, bmi2, adx, fma

Memory: 4k page, system-wide physical 8037M (538M free)
TotalPageFile size 18277M (AvailPageFile size 5M)
current process WorkingSet (physical memory assigned to process): 127M, peak: 128M
current process commit charge ("private bytes"): 171M, peak: 215M

vm_info: Java HotSpot(TM) 64-Bit Server VM (13.0.1+9) for windows-amd64 JRE (13.0.1+9), built on Oct  6 2019 12:37:49 by "mach5one" with unknown MS VC++:1916

END.
