#
# There is insufficient memory for the Java Runtime Environment to continue.
# Native memory allocation (mmap) failed to map 2097152 bytes for Failed to commit area from 0x0000000082e00000 to 0x0000000083000000 of length 2097152.
# Possible reasons:
#   The system is out of physical RAM or swap space
#   The process is running with CompressedOops enabled, and the Java Heap may be blocking the growth of the native heap
# Possible solutions:
#   Reduce memory load on the system
#   Increase physical memory or swap space
#   Check if swap backing store is full
#   Decrease Java heap size (-Xmx/-Xms)
#   Decrease number of Java threads
#   Decrease Java thread stack sizes (-Xss)
#   Set larger code cache with -XX:ReservedCodeCacheSize=
#   JVM is running with Unscaled Compressed Oops mode in which the Java heap is
#     placed in the first 4GB address space. The Java Heap base address is the
#     maximum limit for the native heap growth. Please use -XX:HeapBaseMinAddress
#     to set the Java Heap base and to place the Java Heap above 4GB virtual address.
# This output file may be truncated or incomplete.
#
#  Out of Memory Error (t:/workspace/open/src/hotspot/os/windows/os_windows.cpp:3301), pid=21252, tid=8656
#
# JRE version: Java(TM) SE Runtime Environment (13.0.1+9) (build 13.0.1+9)
# Java VM: Java HotSpot(TM) 64-Bit Server VM (13.0.1+9, mixed mode, sharing, tiered, compressed oops, g1 gc, windows-amd64)
# No core dump will be written. Minidumps are not enabled by default on client versions of Windows
#

---------------  S U M M A R Y ------------

Command Line: -Dapplication.home=C:\Program Files\Java\jdk-13.0.1 --add-modules=ALL-DEFAULT -Xms8m -Djdk.module.main=jdk.compiler jdk.compiler/com.sun.tools.javac.Main -d D:\GITHUB\worldAirline\build\classes -classpath D:\GITHUB\worldAirline\build\classes;D:\GITHUB\worldAirline\lib\mysql-connector-java-5.1.49-bin.jar;D:\GITHUB\worldAirline\lib\absolutelayout\AbsoluteLayout.jar;D:\GITHUB\worldAirline\lib\swingx-all-1.6.4.jar;D:\GITHUB\worldAirline\lib\jcalendar-1.4.jar;D:\GITHUB\worldAirline\lib\barcode.jar;D:\GITHUB\worldAirline\lib\qrgen-1.0.jar;D:\GITHUB\worldAirline\lib\zxing-core-1.7.jar;D:\GITHUB\worldAirline\lib\zxing-j2se-1.7.jar;D:\GITHUB\worldAirline\lib\barbecue-1.5-beta1 (1).jar -sourcepath D:\GITHUB\worldAirline\build\empty -target 13 -encoding UTF-8 -g -processorpath D:\GITHUB\worldAirline\lib\mysql-connector-java-5.1.49-bin.jar;D:\GITHUB\worldAirline\lib\absolutelayout\AbsoluteLayout.jar;D:\GITHUB\worldAirline\lib\swingx-all-1.6.4.jar;D:\GITHUB\worldAirline\lib\jcalendar-1.4.jar;D:\GITHUB\worldAirline\lib\barcode.jar;D:\GITHUB\worldAirline\lib\qrgen-1.0.jar;D:\GITHUB\worldAirline\lib\zxing-core-1.7.jar;D:\GITHUB\worldAirline\lib\zxing-j2se-1.7.jar;D:\GITHUB\worldAirline\lib\barbecue-1.5-beta1 (1).jar;D:\GITHUB\worldAirline\build\empty -s D:\GITHUB\worldAirline\build\generated-sources\ap-source-output -source 13 @C:\Users\Unknow\AppData\Local\Temp\files13545833009676765039

Host: Intel(R) Core(TM) i7-8565U CPU @ 1.80GHz, 8 cores, 7G,  Windows 10 , 64 bit Build 19041 (10.0.19041.546)
Time: Fri Dec  4 19:40:43 2020 Paris, Madrid elapsed time: 0 seconds (0d 0h 0m 0s)

---------------  T H R E A D  ---------------

Current thread (0x0000018c06011000):  VMThread "VM Thread" [stack: 0x0000007e55800000,0x0000007e55900000] [id=8656]

Stack: [0x0000007e55800000,0x0000007e55900000]
[error occurred during error reporting (printing stack bounds), id 0xc0000005, EXCEPTION_ACCESS_VIOLATION (0xc0000005) at pc=0x0000018c6ee110ad]

Native frames: (J=compiled Java code, j=interpreted, Vv=VM code, C=native code)
V  [jvm.dll+0x626eca]
V  [jvm.dll+0x772c6a]
V  [jvm.dll+0x77441f]
V  [jvm.dll+0x774985]
V  [jvm.dll+0x77493b]
V  [jvm.dll+0x6266ff]
C  [ntdll.dll+0x781cc]
C  [ntdll.dll+0x4b296]
C  [ntdll.dll+0x9fc2e]
C  0x0000018c6ee110ad

VM_Operation (0x0000007e552fe840): G1CollectForAllocation, mode: safepoint, requested by thread 0x0000018c66901800


---------------  P R O C E S S  ---------------

Threads class SMR info:
_java_thread_list=0x0000018c062d6c80, length=10, elements={
0x0000018c66901800, 0x0000018c06016800, 0x0000018c06018000, 0x0000018c0602f800,
0x0000018c06030800, 0x0000018c06032800, 0x0000018c0603b800, 0x0000018c0604d000,
0x0000018c06287000, 0x0000018c062e2000
}

Java Threads: ( => current thread )
  0x0000018c66901800 JavaThread "main" [_thread_blocked, id=18668, stack(0x0000007e55200000,0x0000007e55300000)]
  0x0000018c06016800 JavaThread "Reference Handler" daemon [_thread_blocked, id=3048, stack(0x0000007e55900000,0x0000007e55a00000)]
  0x0000018c06018000 JavaThread "Finalizer" daemon [_thread_blocked, id=22248, stack(0x0000007e55a00000,0x0000007e55b00000)]
  0x0000018c0602f800 JavaThread "Signal Dispatcher" daemon [_thread_blocked, id=19792, stack(0x0000007e55b00000,0x0000007e55c00000)]
  0x0000018c06030800 JavaThread "Attach Listener" daemon [_thread_blocked, id=20504, stack(0x0000007e55c00000,0x0000007e55d00000)]
  0x0000018c06032800 JavaThread "C2 CompilerThread0" daemon [_thread_blocked, id=3396, stack(0x0000007e55d00000,0x0000007e55e00000)]
  0x0000018c0603b800 JavaThread "C1 CompilerThread0" daemon [_thread_blocked, id=19696, stack(0x0000007e55e00000,0x0000007e55f00000)]
  0x0000018c0604d000 JavaThread "Sweeper thread" daemon [_thread_blocked, id=13120, stack(0x0000007e55f00000,0x0000007e56000000)]
  0x0000018c06287000 JavaThread "Common-Cleaner" daemon [_thread_blocked, id=20248, stack(0x0000007e56000000,0x0000007e56100000)]
  0x0000018c062e2000 JavaThread "Service Thread" daemon [_thread_blocked, id=14680, stack(0x0000007e56100000,0x0000007e56200000)]

Other Threads:
=>0x0000018c06011000 VMThread "VM Thread" [stack: 0x0000007e55800000,0x0000007e55900000] [id=8656]
  0x0000018c06327800 WatcherThread [stack: 0x0000007e56200000,0x0000007e56300000] [id=7940]
  0x0000018c66945800 GCTaskThread "GC Thread#0" [stack: 0x0000007e55300000,0x0000007e55400000] [id=15280]
  0x0000018c06453800 GCTaskThread "GC Thread#1" [stack: 0x0000007e56300000,0x0000007e56400000] [id=12116]
  0x0000018c66957000 ConcurrentGCThread "G1 Main Marker" [stack: 0x0000007e55400000,0x0000007e55500000] [id=18036]
  0x0000018c66958800 ConcurrentGCThread "G1 Conc#0" [stack: 0x0000007e55500000,0x0000007e55600000] [id=13924]
  0x0000018c66986000 ConcurrentGCThread "G1 Refine#0" [stack: 0x0000007e55600000,0x0000007e55700000] [id=15612]
  0x0000018c66987000 ConcurrentGCThread "G1 Young RemSet Sampling" [stack: 0x0000007e55700000,0x0000007e55800000] [id=2872]

Threads with active compile tasks:
C2 CompilerThread0      602  788   !   4       com.sun.tools.javac.parser.JavaTokenizer::readToken (2162 bytes)
C1 CompilerThread0      602  769       3       com.sun.tools.javac.parser.JavacParser::term3 (2676 bytes)

VM state:at safepoint (normal execution)

VM Mutex/Monitor currently owned by a thread:  ([mutex/lock_event])
[0x0000018c668fd230] Threads_lock - owner thread: 0x0000018c06011000
[0x0000018c668fd620] Heap_lock - owner thread: 0x0000018c66901800

Heap address: 0x0000000082600000, size: 2010 MB, Compressed Oops mode: 32-bit
Narrow klass base: 0x0000000800000000, Narrow klass shift: 3
Compressed class space size: 1073741824 Address: 0x0000000800b40000

Heap:
 garbage-first heap   total 10240K, used 3025K [0x0000000082600000, 0x0000000100000000)
  region size 1024K, 1 young (1024K), 1 survivors (1024K)
 Metaspace       used 7947K, capacity 10949K, committed 11008K, reserved 1058816K
  class space    used 939K, capacity 1255K, committed 1280K, reserved 1048576K
Heap Regions: E=young(eden), S=young(survivor), O=old, HS=humongous(starts), HC=humongous(continues), CS=collection set, F=free, A=archive, TAMS=top-at-mark-start (previous, next)
|   0|0x0000000082600000, 0x0000000082700000, 0x0000000082700000|100%| O|  |TAMS 0x0000000082600000, 0x0000000082600000| Untracked 
|   1|0x0000000082700000, 0x0000000082800000, 0x0000000082800000|100%| O|  |TAMS 0x0000000082700000, 0x0000000082700000| Untracked 
|   2|0x0000000082800000, 0x0000000082831200, 0x0000000082900000| 19%| O|  |TAMS 0x0000000082800000, 0x0000000082800000| Untracked 
|   3|0x0000000082900000, 0x0000000082900000, 0x0000000082a00000|  0%| F|  |TAMS 0x0000000082900000, 0x0000000082900000| Untracked 
|   4|0x0000000082a00000, 0x0000000082a00000, 0x0000000082b00000|  0%| F|  |TAMS 0x0000000082a00000, 0x0000000082a00000| Untracked 
|   5|0x0000000082b00000, 0x0000000082b00000, 0x0000000082c00000|  0%| F|  |TAMS 0x0000000082b00000, 0x0000000082b00000| Untracked 
|   6|0x0000000082c00000, 0x0000000082cc3230, 0x0000000082d00000| 76%| S|CS|TAMS 0x0000000082c00000, 0x0000000082c00000| Complete 
|   7|0x0000000082d00000, 0x0000000082d00000, 0x0000000082e00000|  0%| F|  |TAMS 0x0000000082d00000, 0x0000000082d00000| Untracked 

Card table byte_map: [0x0000018c7e640000,0x0000018c7ea30000] _byte_map_base: 0x0000018c7e22d000

Marking Bits (Prev, Next): (CMBitMap*) 0x0000018c669463a8, (CMBitMap*) 0x0000018c669463e8
 Prev Bits: [0x0000018c00000000, 0x0000018c01f68000)
 Next Bits: [0x0000018c01f70000, 0x0000018c03ed8000)

Polling page: 0x0000018c64920000

Metaspace:

Usage:
  Non-class:      9.47 MB capacity,     6.84 MB ( 72%) used,     2.61 MB ( 28%) free+waste,    18.25 KB ( <1%) overhead. 
      Class:      1.23 MB capacity,   939.51 KB ( 75%) used,   306.05 KB ( 24%) free+waste,     9.44 KB ( <1%) overhead. 
       Both:     10.69 MB capacity,     7.76 MB ( 73%) used,     2.90 MB ( 27%) free+waste,    27.69 KB ( <1%) overhead. 

Virtual space:
  Non-class space:       10.00 MB reserved,       9.50 MB ( 95%) committed 
      Class space:        1.00 GB reserved,       1.25 MB ( <1%) committed 
             Both:        1.01 GB reserved,      10.75 MB (  1%) committed 

Chunk freelists:
   Non-Class:  34.00 KB
       Class:  0 bytes
        Both:  34.00 KB

MaxMetaspaceSize: 17179869184.00 GB
CompressedClassSpaceSize: 1.00 GB

CodeHeap 'non-profiled nmethods': size=120000Kb used=258Kb max_used=258Kb free=119741Kb
 bounds [0x0000018c768e0000, 0x0000018c76b50000, 0x0000018c7de10000]
CodeHeap 'profiled nmethods': size=120000Kb used=1317Kb max_used=1317Kb free=118682Kb
 bounds [0x0000018c6f3b0000, 0x0000018c6f620000, 0x0000018c768e0000]
CodeHeap 'non-nmethods': size=5760Kb used=1150Kb max_used=1163Kb free=4609Kb
 bounds [0x0000018c6ee10000, 0x0000018c6f080000, 0x0000018c6f3b0000]
 total_blobs=1606 nmethods=766 adapters=305
 compilation: enabled
              stopped_count=0, restarted_count=0
 full_count=0

Compilation events (20 events):
Event: 0.558 Thread 0x0000018c0603b800  755       3       java.lang.reflect.ProxyGenerator$ConstantPool::getValue (87 bytes)
Event: 0.559 Thread 0x0000018c0603b800 nmethod 755 0x0000018c6f4f4f10 code [0x0000018c6f4f5220, 0x0000018c6f4f65c0]
Event: 0.559 Thread 0x0000018c0603b800  753       3       java.lang.reflect.ProxyGenerator$ConstantPool::getIndirect (63 bytes)
Event: 0.560 Thread 0x0000018c0603b800 nmethod 753 0x0000018c6f4f6c90 code [0x0000018c6f4f6ec0, 0x0000018c6f4f7800]
Event: 0.560 Thread 0x0000018c0603b800  761       3       jdk.internal.org.objectweb.asm.SymbolTable::addConstantNameAndType (137 bytes)
Event: 0.560 Thread 0x0000018c0603b800 nmethod 761 0x0000018c6f4f7b10 code [0x0000018c6f4f7d80, 0x0000018c6f4f85d0]
Event: 0.560 Thread 0x0000018c0603b800  762       3       sun.invoke.util.BytecodeDescriptor::unparse (37 bytes)
Event: 0.561 Thread 0x0000018c0603b800 nmethod 762 0x0000018c6f4f8a10 code [0x0000018c6f4f8c40, 0x0000018c6f4f93a0]
Event: 0.561 Thread 0x0000018c0603b800  769       3       com.sun.tools.javac.parser.JavacParser::term3 (2676 bytes)
Event: 0.564 Thread 0x0000018c06032800  776       4       com.sun.tools.javac.parser.JavacParser$EmptyEndPosTable::toP (2 bytes)
Event: 0.564 Thread 0x0000018c06032800 nmethod 776 0x0000018c7691f710 code [0x0000018c7691f8a0, 0x0000018c7691f918]
Event: 0.565 Thread 0x0000018c06032800  780       4       com.sun.tools.javac.util.Name$Table::hashValue (36 bytes)
Event: 0.568 Thread 0x0000018c06032800 nmethod 780 0x0000018c7691fa10 code [0x0000018c7691fba0, 0x0000018c7691fdd8]
Event: 0.568 Thread 0x0000018c06032800  781       4       com.sun.tools.javac.tree.TreeMaker::at (7 bytes)
Event: 0.568 Thread 0x0000018c06032800 nmethod 781 0x0000018c7691ff10 code [0x0000018c769200a0, 0x0000018c76920118]
Event: 0.568 Thread 0x0000018c06032800  786       4       java.lang.Math::min (11 bytes)
Event: 0.568 Thread 0x0000018c06032800 nmethod 786 0x0000018c76920210 code [0x0000018c76920380, 0x0000018c769203d8]
Event: 0.568 Thread 0x0000018c06032800  784       4       com.sun.tools.javac.util.ArrayUtils::ensureCapacity (30 bytes)
Event: 0.570 Thread 0x0000018c06032800 nmethod 784 0x0000018c76920510 code [0x0000018c769206a0, 0x0000018c76920908]
Event: 0.571 Thread 0x0000018c06032800  788   !   4       com.sun.tools.javac.parser.JavaTokenizer::readToken (2162 bytes)

GC Heap History (11 events):
Event: 0.244 GC heap before
{Heap before GC invocations=0 (full 0):
 garbage-first heap   total 8192K, used 3072K [0x0000000082600000, 0x0000000100000000)
  region size 1024K, 3 young (3072K), 0 survivors (0K)
 Metaspace       used 2300K, capacity 5984K, committed 6016K, reserved 1056768K
  class space    used 267K, capacity 638K, committed 640K, reserved 1048576K
}
Event: 0.248 GC heap after
{Heap after GC invocations=1 (full 0):
 garbage-first heap   total 8192K, used 1273K [0x0000000082600000, 0x0000000100000000)
  region size 1024K, 1 young (1024K), 1 survivors (1024K)
 Metaspace       used 2300K, capacity 5984K, committed 6016K, reserved 1056768K
  class space    used 267K, capacity 638K, committed 640K, reserved 1048576K
}
Event: 0.297 GC heap before
{Heap before GC invocations=1 (full 0):
 garbage-first heap   total 8192K, used 2297K [0x0000000082600000, 0x0000000100000000)
  region size 1024K, 2 young (2048K), 1 survivors (1024K)
 Metaspace       used 2988K, capacity 6502K, committed 6656K, reserved 1056768K
  class space    used 349K, capacity 685K, committed 768K, reserved 1048576K
}
Event: 0.299 GC heap after
{Heap after GC invocations=2 (full 0):
 garbage-first heap   total 8192K, used 1674K [0x0000000082600000, 0x0000000100000000)
  region size 1024K, 1 young (1024K), 1 survivors (1024K)
 Metaspace       used 2988K, capacity 6502K, committed 6656K, reserved 1056768K
  class space    used 349K, capacity 685K, committed 768K, reserved 1048576K
}
Event: 0.388 GC heap before
{Heap before GC invocations=2 (full 0):
 garbage-first heap   total 8192K, used 2698K [0x0000000082600000, 0x0000000100000000)
  region size 1024K, 2 young (2048K), 1 survivors (1024K)
 Metaspace       used 5306K, capacity 8772K, committed 8960K, reserved 1056768K
  class space    used 655K, capacity 1016K, committed 1024K, reserved 1048576K
}
Event: 0.389 GC heap after
{Heap after GC invocations=3 (full 0):
 garbage-first heap   total 8192K, used 1789K [0x0000000082600000, 0x0000000100000000)
  region size 1024K, 1 young (1024K), 1 survivors (1024K)
 Metaspace       used 5306K, capacity 8772K, committed 8960K, reserved 1056768K
  class space    used 655K, capacity 1016K, committed 1024K, reserved 1048576K
}
Event: 0.434 GC heap before
{Heap before GC invocations=3 (full 0):
 garbage-first heap   total 8192K, used 2813K [0x0000000082600000, 0x0000000100000000)
  region size 1024K, 2 young (2048K), 1 survivors (1024K)
 Metaspace       used 6493K, capacity 9839K, committed 9856K, reserved 1058816K
  class space    used 797K, capacity 1140K, committed 1152K, reserved 1048576K
}
Event: 0.435 GC heap after
{Heap after GC invocations=4 (full 0):
 garbage-first heap   total 8192K, used 2211K [0x0000000082600000, 0x0000000100000000)
  region size 1024K, 1 young (1024K), 1 survivors (1024K)
 Metaspace       used 6493K, capacity 9839K, committed 9856K, reserved 1058816K
  class space    used 797K, capacity 1140K, committed 1152K, reserved 1048576K
}
Event: 0.509 GC heap before
{Heap before GC invocations=4 (full 0):
 garbage-first heap   total 8192K, used 3235K [0x0000000082600000, 0x0000000100000000)
  region size 1024K, 2 young (2048K), 1 survivors (1024K)
 Metaspace       used 7096K, capacity 10370K, committed 10496K, reserved 1058816K
  class space    used 873K, capacity 1211K, committed 1280K, reserved 1048576K
}
Event: 0.511 GC heap after
{Heap after GC invocations=5 (full 0):
 garbage-first heap   total 8192K, used 2649K [0x0000000082600000, 0x0000000100000000)
  region size 1024K, 1 young (1024K), 1 survivors (1024K)
 Metaspace       used 7096K, capacity 10370K, committed 10496K, reserved 1058816K
  class space    used 873K, capacity 1211K, committed 1280K, reserved 1048576K
}
Event: 0.571 GC heap before
{Heap before GC invocations=5 (full 0):
 garbage-first heap   total 8192K, used 3673K [0x0000000082600000, 0x0000000100000000)
  region size 1024K, 2 young (2048K), 1 survivors (1024K)
 Metaspace       used 7947K, capacity 10949K, committed 11008K, reserved 1058816K
  class space    used 939K, capacity 1255K, committed 1280K, reserved 1048576K
}

Deoptimization events (20 events):
Event: 0.184 Thread 0x0000018c66901800 Uncommon trap: trap_request=0xffffff45 fr.pc=0x0000018c768f9a60 relative=0x00000000000008e0
Event: 0.184 Thread 0x0000018c66901800 Uncommon trap: reason=unstable_if action=reinterpret pc=0x0000018c768f9a60 method=java.util.HashMap.putVal(ILjava/lang/Object;Ljava/lang/Object;ZZ)Ljava/lang/Object; @ 181 c2
Event: 0.184 Thread 0x0000018c66901800 DEOPT PACKING pc=0x0000018c768f9a60 sp=0x0000007e552fea10
Event: 0.184 Thread 0x0000018c66901800 DEOPT UNPACKING pc=0x0000018c6ee5912f sp=0x0000007e552fe9b0 mode 2
Event: 0.406 Thread 0x0000018c66901800 Uncommon trap: trap_request=0xffffff45 fr.pc=0x0000018c7690defc relative=0x000000000000043c
Event: 0.406 Thread 0x0000018c66901800 Uncommon trap: reason=unstable_if action=reinterpret pc=0x0000018c7690defc method=java.lang.StringLatin1.replace([BCC)Ljava/lang/String; @ 19 c2
Event: 0.406 Thread 0x0000018c66901800 DEOPT PACKING pc=0x0000018c7690defc sp=0x0000007e552fd2c0
Event: 0.406 Thread 0x0000018c66901800 DEOPT UNPACKING pc=0x0000018c6ee5912f sp=0x0000007e552fd240 mode 2
Event: 0.549 Thread 0x0000018c66901800 Uncommon trap: trap_request=0xffffff45 fr.pc=0x0000018c7691e308 relative=0x0000000000000348
Event: 0.549 Thread 0x0000018c66901800 Uncommon trap: reason=unstable_if action=reinterpret pc=0x0000018c7691e308 method=com.sun.tools.javac.parser.UnicodeReader.scanChar()V @ 37 c2
Event: 0.549 Thread 0x0000018c66901800 DEOPT PACKING pc=0x0000018c7691e308 sp=0x0000007e552fd6f0
Event: 0.549 Thread 0x0000018c66901800 DEOPT UNPACKING pc=0x0000018c6ee5912f sp=0x0000007e552fd608 mode 2
Event: 0.565 Thread 0x0000018c66901800 Uncommon trap: trap_request=0xffffff45 fr.pc=0x0000018c7691ec14 relative=0x0000000000000354
Event: 0.565 Thread 0x0000018c66901800 Uncommon trap: reason=unstable_if action=reinterpret pc=0x0000018c7691ec14 method=com.sun.tools.javac.parser.UnicodeReader.scanChar()V @ 37 c2
Event: 0.565 Thread 0x0000018c66901800 DEOPT PACKING pc=0x0000018c7691ec14 sp=0x0000007e552fd5e0
Event: 0.565 Thread 0x0000018c66901800 DEOPT UNPACKING pc=0x0000018c6ee5912f sp=0x0000007e552fd550 mode 2
Event: 0.565 Thread 0x0000018c66901800 Uncommon trap: trap_request=0xffffff45 fr.pc=0x0000018c7691d9dc relative=0x00000000000000bc
Event: 0.565 Thread 0x0000018c66901800 Uncommon trap: reason=unstable_if action=reinterpret pc=0x0000018c7691d9dc method=com.sun.tools.javac.parser.UnicodeReader.scanChar()V @ 37 c2
Event: 0.565 Thread 0x0000018c66901800 DEOPT PACKING pc=0x0000018c7691d9dc sp=0x0000007e552fd5a0
Event: 0.565 Thread 0x0000018c66901800 DEOPT UNPACKING pc=0x0000018c6ee5912f sp=0x0000007e552fd548 mode 2

Classes unloaded (0 events):
No events

Classes redefined (0 events):
No events

Internal exceptions (13 events):
Event: 0.217 Thread 0x0000018c66901800 Exception <a 'java/lang/NoSuchMethodError'{0x0000000082b87fa0}: 'java.lang.Object java.lang.invoke.DirectMethodHandle$Holder.invokeVirtual(java.lang.Object, java.lang.Object, java.lang.Object)'> (0x0000000082b87fa0) 
thrown [t:/workspace/open/src/hotspot/share/interpreter/linkResolver.cpp, line 767]
Event: 0.219 Thread 0x0000018c66901800 Exception <a 'java/lang/NoSuchMethodError'{0x0000000082b91e28}: 'int java.lang.invoke.DirectMethodHandle$Holder.invokeInterface(java.lang.Object, java.lang.Object)'> (0x0000000082b91e28) 
thrown [t:/workspace/open/src/hotspot/share/interpreter/linkResolver.cpp, line 767]
Event: 0.257 Thread 0x0000018c66901800 Exception <a 'sun/nio/fs/WindowsException'{0x0000000082d33f48}> (0x0000000082d33f48) 
thrown [t:/workspace/open/src/hotspot/share/prims/jni.cpp, line 598]
Event: 0.257 Thread 0x0000018c66901800 Exception <a 'sun/nio/fs/WindowsException'{0x0000000082d34560}> (0x0000000082d34560) 
thrown [t:/workspace/open/src/hotspot/share/prims/jni.cpp, line 598]
Event: 0.258 Thread 0x0000018c66901800 Exception <a 'sun/nio/fs/WindowsException'{0x0000000082d35000}> (0x0000000082d35000) 
thrown [t:/workspace/open/src/hotspot/share/prims/jni.cpp, line 598]
Event: 0.258 Thread 0x0000018c66901800 Exception <a 'sun/nio/fs/WindowsException'{0x0000000082d35240}> (0x0000000082d35240) 
thrown [t:/workspace/open/src/hotspot/share/prims/jni.cpp, line 598]
Event: 0.259 Thread 0x0000018c66901800 Exception <a 'java/lang/NoSuchMethodError'{0x0000000082d3c800}: 'int java.lang.invoke.DirectMethodHandle$Holder.invokeVirtual(java.lang.Object, java.lang.Object, java.lang.Object)'> (0x0000000082d3c800) 
thrown [t:/workspace/open/src/hotspot/share/interpreter/linkResolver.cpp, line 767]
Event: 0.341 Thread 0x0000018c66901800 Exception <a 'java/lang/NoSuchMethodError'{0x0000000082d89308}: 'int java.lang.invoke.DirectMethodHandle$Holder.invokeStaticInit(java.lang.Object, java.lang.Object)'> (0x0000000082d89308) 
thrown [t:/workspace/open/src/hotspot/share/interpreter/linkResolver.cpp, line 767]
Event: 0.403 Thread 0x0000018c66901800 Exception <a 'java/lang/NoSuchMethodError'{0x0000000082d52b40}: 'int java.lang.invoke.DirectMethodHandle$Holder.invokeVirtual(java.lang.Object, java.lang.Object)'> (0x0000000082d52b40) 
thrown [t:/workspace/open/src/hotspot/share/interpreter/linkResolver.cpp, line 767]
Event: 0.409 Thread 0x0000018c66901800 Exception <a 'java/lang/NoSuchMethodError'{0x0000000082d81978}: 'java.lang.Object java.lang.invoke.Invokers$Holder.linkToTargetMethod(java.lang.Object, java.lang.Object, java.lang.Object, java.lang.Object, java.lang.Object, java.lang.Object)'> (0x0000000082d81978) 
thrown [t:/workspace/open/src/hotspot/share/interpreter/linkResolver.cpp, line 767]
Event: 0.425 Thread 0x0000018c66901800 Exception <a 'sun/nio/fs/WindowsException'{0x0000000082dd3890}> (0x0000000082dd3890) 
thrown [t:/workspace/open/src/hotspot/share/prims/jni.cpp, line 598]
Event: 0.425 Thread 0x0000018c66901800 Exception <a 'sun/nio/fs/WindowsException'{0x0000000082dd3ad0}> (0x0000000082dd3ad0) 
thrown [t:/workspace/open/src/hotspot/share/prims/jni.cpp, line 598]
Event: 0.485 Thread 0x0000018c66901800 Exception <a 'java/lang/NoSuchMethodError'{0x0000000082d817f8}: 'int java.lang.invoke.DirectMethodHandle$Holder.invokeSpecialIFC(java.lang.Object, java.lang.Object, int)'> (0x0000000082d817f8) 
thrown [t:/workspace/open/src/hotspot/share/interpreter/linkResolver.cpp, line 767]

Events (20 events):
Event: 0.555 loading class java/lang/reflect/ProxyGenerator$ConstantPool$ValueEntry done
Event: 0.555 loading class java/io/DataOutputStream
Event: 0.555 loading class java/io/DataOutputStream done
Event: 0.555 loading class java/lang/reflect/ProxyGenerator$ConstantPool$IndirectEntry
Event: 0.555 loading class java/lang/reflect/ProxyGenerator$ConstantPool$IndirectEntry done
Event: 0.555 loading class java/lang/reflect/ProxyGenerator$FieldInfo
Event: 0.555 loading class java/lang/reflect/ProxyGenerator$FieldInfo done
Event: 0.555 loading class java/lang/reflect/ProxyGenerator$PrimitiveTypeInfo
Event: 0.555 loading class java/lang/reflect/ProxyGenerator$PrimitiveTypeInfo done
Event: 0.556 loading class java/lang/reflect/ProxyGenerator$ExceptionTableEntry
Event: 0.556 loading class java/lang/reflect/ProxyGenerator$ExceptionTableEntry done
Event: 0.556 loading class java/lang/reflect/Proxy$ProxyBuilder$1
Event: 0.557 loading class java/lang/reflect/Proxy$ProxyBuilder$1 done
Event: 0.557 loading class java/lang/annotation/Target
Event: 0.557 loading class java/lang/annotation/Target done
Event: 0.558 loading class com/sun/tools/javac/tree/JCTree$JCLiteral
Event: 0.558 loading class com/sun/tools/javac/tree/JCTree$JCLiteral done
Event: 0.558 loading class com/sun/tools/javac/tree/JCTree$JCLiteral
Event: 0.558 loading class com/sun/tools/javac/tree/JCTree$JCLiteral done
Event: 0.571 Executing VM operation: G1CollectForAllocation


Dynamic libraries:
0x00007ff7efd70000 - 0x00007ff7efd77000 	C:\Program Files\Java\jdk-13.0.1\bin\javac.exe
0x00007ffe59830000 - 0x00007ffe59a26000 	C:\WINDOWS\SYSTEM32\ntdll.dll
0x00007ffe28b60000 - 0x00007ffe28b72000 	C:\Program Files\AVAST Software\Avast\aswhook.dll
0x00007ffe57980000 - 0x00007ffe57a3d000 	C:\WINDOWS\System32\KERNEL32.DLL
0x00007ffe57360000 - 0x00007ffe57628000 	C:\WINDOWS\System32\KERNELBASE.dll
0x00007ffe57790000 - 0x00007ffe57890000 	C:\WINDOWS\System32\ucrtbase.dll
0x00007ffe3a390000 - 0x00007ffe3a3a8000 	C:\Program Files\Java\jdk-13.0.1\bin\jli.dll
0x00007ffe57aa0000 - 0x00007ffe57b4c000 	C:\WINDOWS\System32\ADVAPI32.dll
0x00007ffe59720000 - 0x00007ffe597be000 	C:\WINDOWS\System32\msvcrt.dll
0x00007ffe58b10000 - 0x00007ffe58bab000 	C:\WINDOWS\System32\sechost.dll
0x00007ffe58120000 - 0x00007ffe58244000 	C:\WINDOWS\System32\RPCRT4.dll
0x00007ffe58e30000 - 0x00007ffe58fd0000 	C:\WINDOWS\System32\USER32.dll
0x00007ffe57630000 - 0x00007ffe57652000 	C:\WINDOWS\System32\win32u.dll
0x00007ffe597c0000 - 0x00007ffe597ea000 	C:\WINDOWS\System32\GDI32.dll
0x00007ffe57100000 - 0x00007ffe57209000 	C:\WINDOWS\System32\gdi32full.dll
0x00007ffe57210000 - 0x00007ffe572ad000 	C:\WINDOWS\System32\msvcp_win.dll
0x00007ffe326f0000 - 0x00007ffe32705000 	C:\Program Files\Java\jdk-13.0.1\bin\VCRUNTIME140.dll
0x00007ffe397b0000 - 0x00007ffe39a4b000 	C:\WINDOWS\WinSxS\amd64_microsoft.windows.common-controls_6595b64144ccf1df_6.0.19041.488_none_ca04af081b815d21\COMCTL32.dll
0x00007ffe4ecf0000 - 0x00007ffe4ecfa000 	C:\WINDOWS\SYSTEM32\VERSION.dll
0x00007ffe58250000 - 0x00007ffe58280000 	C:\WINDOWS\System32\IMM32.DLL
0x00007ffe1d230000 - 0x00007ffe1d2cb000 	C:\Program Files\Java\jdk-13.0.1\bin\msvcp140.dll
0x00007ffe0ac80000 - 0x00007ffe0b7e6000 	C:\Program Files\Java\jdk-13.0.1\bin\server\jvm.dll
0x00007ffe57f10000 - 0x00007ffe57f18000 	C:\WINDOWS\System32\PSAPI.DLL
0x00007ffe452a0000 - 0x00007ffe452a9000 	C:\WINDOWS\SYSTEM32\WSOCK32.dll
0x00007ffe58500000 - 0x00007ffe5856b000 	C:\WINDOWS\System32\WS2_32.dll
0x00007ffe42e70000 - 0x00007ffe42e97000 	C:\WINDOWS\SYSTEM32\WINMM.dll
0x00007ffe54de0000 - 0x00007ffe54df2000 	C:\WINDOWS\SYSTEM32\kernel.appcore.dll
0x00007ffe51480000 - 0x00007ffe51490000 	C:\Program Files\Java\jdk-13.0.1\bin\verify.dll
0x00007ffe544a0000 - 0x00007ffe54684000 	C:\WINDOWS\SYSTEM32\DBGHELP.DLL
0x00007ffe4cd70000 - 0x00007ffe4cd9c000 	C:\WINDOWS\SYSTEM32\dbgcore.DLL
0x00007ffe57710000 - 0x00007ffe5778f000 	C:\WINDOWS\System32\bcryptPrimitives.dll
0x00007ffe1d2d0000 - 0x00007ffe1d2f6000 	C:\Program Files\Java\jdk-13.0.1\bin\java.dll
0x00007ffe30410000 - 0x00007ffe30427000 	C:\Program Files\Java\jdk-13.0.1\bin\zip.dll
0x00007ffe512f0000 - 0x00007ffe512fa000 	C:\Program Files\Java\jdk-13.0.1\bin\jimage.dll
0x00007ffe58fd0000 - 0x00007ffe59711000 	C:\WINDOWS\System32\SHELL32.dll
0x00007ffe550c0000 - 0x00007ffe55855000 	C:\WINDOWS\SYSTEM32\windows.storage.dll
0x00007ffe57b50000 - 0x00007ffe57ea5000 	C:\WINDOWS\System32\combase.dll
0x00007ffe569e0000 - 0x00007ffe56a0c000 	C:\WINDOWS\SYSTEM32\Wldp.dll
0x00007ffe58ce0000 - 0x00007ffe58d8e000 	C:\WINDOWS\System32\SHCORE.dll
0x00007ffe57a40000 - 0x00007ffe57a95000 	C:\WINDOWS\System32\shlwapi.dll
0x00007ffe56ea0000 - 0x00007ffe56ec6000 	C:\WINDOWS\SYSTEM32\profapi.dll
0x00007ffe30940000 - 0x00007ffe30959000 	C:\Program Files\Java\jdk-13.0.1\bin\net.dll
0x00007ffe53ab0000 - 0x00007ffe53bb0000 	C:\WINDOWS\SYSTEM32\WINHTTP.dll
0x00007ffe56760000 - 0x00007ffe567ca000 	C:\WINDOWS\system32\mswsock.dll
0x00007ffe30920000 - 0x00007ffe30933000 	C:\Program Files\Java\jdk-13.0.1\bin\nio.dll

dbghelp: loaded successfully - version: 4.0.5 - missing functions: none
symbol engine: initialized successfully - sym options: 0x614 - pdb path: .;C:\Program Files\Java\jdk-13.0.1\bin;C:\WINDOWS\SYSTEM32;C:\Program Files\AVAST Software\Avast;C:\WINDOWS\WinSxS\amd64_microsoft.windows.common-controls_6595b64144ccf1df_6.0.19041.488_none_ca04af081b815d21;C:\Program Files\Java\jdk-13.0.1\bin\server

VM Arguments:
jvm_args: -Dapplication.home=C:\Program Files\Java\jdk-13.0.1 --add-modules=ALL-DEFAULT -Xms8m -Djdk.module.main=jdk.compiler 
java_command: jdk.compiler/com.sun.tools.javac.Main -d D:\GITHUB\worldAirline\build\classes -classpath D:\GITHUB\worldAirline\build\classes;D:\GITHUB\worldAirline\lib\mysql-connector-java-5.1.49-bin.jar;D:\GITHUB\worldAirline\lib\absolutelayout\AbsoluteLayout.jar;D:\GITHUB\worldAirline\lib\swingx-all-1.6.4.jar;D:\GITHUB\worldAirline\lib\jcalendar-1.4.jar;D:\GITHUB\worldAirline\lib\barcode.jar;D:\GITHUB\worldAirline\lib\qrgen-1.0.jar;D:\GITHUB\worldAirline\lib\zxing-core-1.7.jar;D:\GITHUB\worldAirline\lib\zxing-j2se-1.7.jar;D:\GITHUB\worldAirline\lib\barbecue-1.5-beta1 (1).jar -sourcepath D:\GITHUB\worldAirline\build\empty -target 13 -encoding UTF-8 -g -processorpath D:\GITHUB\worldAirline\lib\mysql-connector-java-5.1.49-bin.jar;D:\GITHUB\worldAirline\lib\absolutelayout\AbsoluteLayout.jar;D:\GITHUB\worldAirline\lib\swingx-all-1.6.4.jar;D:\GITHUB\worldAirline\lib\jcalendar-1.4.jar;D:\GITHUB\worldAirline\lib\barcode.jar;D:\GITHUB\worldAirline\lib\qrgen-1.0.jar;D:\GITHUB\worldAirline\lib\zxing-core-1.7.jar;D:\GITHUB\worldAirline\lib\zxing-j2se-1.7.jar;D:\GITHUB\worldAirline\lib\barbecue-1.5-beta1 (1).jar;D:\GITHUB\worldAirline\build\empty -s D:\GITHUB\worldAirline\build\generated-sources\ap-source-output -source 13 @C:\Users\Unknow\AppData\Local\Temp\files13545833009676765039
java_class_path (initial): <not set>
Launcher Type: SUN_STANDARD

[Global flags]
     intx CICompilerCount                          = 4                                         {product} {ergonomic}
     uint ConcGCThreads                            = 2                                         {product} {ergonomic}
     uint G1ConcRefinementThreads                  = 8                                         {product} {ergonomic}
   size_t G1HeapRegionSize                         = 1048576                                   {product} {ergonomic}
    uintx GCDrainStackTargetSize                   = 64                                        {product} {ergonomic}
   size_t InitialHeapSize                          = 8388608                                   {product} {command line}
   size_t MarkStackSize                            = 4194304                                   {product} {ergonomic}
   size_t MaxHeapSize                              = 2107637760                                {product} {ergonomic}
   size_t MaxNewSize                               = 1264582656                                {product} {ergonomic}
   size_t MinHeapDeltaBytes                        = 1048576                                   {product} {ergonomic}
   size_t MinHeapSize                              = 8388608                                   {product} {command line}
    uintx NonNMethodCodeHeapSize                   = 5836300                                {pd product} {ergonomic}
    uintx NonProfiledCodeHeapSize                  = 122910970                              {pd product} {ergonomic}
    uintx ProfiledCodeHeapSize                     = 122910970                              {pd product} {ergonomic}
    uintx ReservedCodeCacheSize                    = 251658240                              {pd product} {ergonomic}
     bool SegmentedCodeCache                       = true                                      {product} {ergonomic}
   size_t SoftMaxHeapSize                          = 2107637760                             {manageable} {ergonomic}
     bool UseCompressedClassPointers               = true                                 {lp64_product} {ergonomic}
     bool UseCompressedOops                        = true                                 {lp64_product} {ergonomic}
     bool UseG1GC                                  = true                                      {product} {ergonomic}
     bool UseLargePagesIndividualAllocation        = false                                  {pd product} {ergonomic}

Logging:
Log output configuration:
 #0: stdout all=warning uptime,level,tags
 #1: stderr all=off uptime,level,tags

Environment Variables:
PATH=C:\Program Files\Common Files\Oracle\Java\javapath;C:\ProgramData\Oracle\Java\javapath;C:\Users\Unknow\gcc\bin;C:\Users\Unknow\gcc\libexec\gcc\x86_64-pc-mingw32\4.7.0;C:\WINDOWS\system32;C:\WINDOWS;C:\WINDOWS\System32\Wbem;C:\WINDOWS\System32\WindowsPowerShell\v1.0\;C:\WINDOWS\System32\OpenSSH\;C:\Program Files\Intel\WiFi\bin\;C:\Program Files\Common Files\Intel\WirelessCommon\;C:\Program Files\Java\jdk-13.0.1\bin;D:\Mathslab\Polyspace\runtime\win64;D:\Mathslab\Polyspace\bin;D:\Mathslab\Polyspace\polyspace\bin;C:\Users\Unknow\AppData\Local\Microsoft\WindowsApps;C:\Users\Unknow\AppData\Local\Microsoft\WindowsApps;C:\Users\Unknow\AppData\Local\GitHubDesktop\bin
USERNAME=Unknow
OS=Windows_NT
PROCESSOR_IDENTIFIER=Intel64 Family 6 Model 142 Stepping 11, GenuineIntel



---------------  S Y S T E M  ---------------

OS: Windows 10 , 64 bit Build 19041 (10.0.19041.546)

CPU:total 8 (initial active 8) (4 cores per cpu, 2 threads per core) family 6 model 142 stepping 11, cmov, cx8, fxsr, mmx, sse, sse2, sse3, ssse3, sse4.1, sse4.2, popcnt, avx, avx2, aes, clmul, erms, 3dnowpref, lzcnt, ht, tsc, tscinvbit, bmi1, bmi2, adx, fma

Memory: 4k page, system-wide physical 8037M (367M free)
TotalPageFile size 18277M (AvailPageFile size 5M)
current process WorkingSet (physical memory assigned to process): 60M, peak: 60M
current process commit charge ("private bytes"): 104M, peak: 105M

vm_info: Java HotSpot(TM) 64-Bit Server VM (13.0.1+9) for windows-amd64 JRE (13.0.1+9), built on Oct  6 2019 12:37:49 by "mach5one" with unknown MS VC++:1916

END.
