#
# There is insufficient memory for the Java Runtime Environment to continue.
# Native memory allocation (mmap) failed to map 6291456 bytes for Failed to commit area from 0x0000000083300000 to 0x0000000083900000 of length 6291456.
# Possible reasons:
#   The system is out of physical RAM or swap space
#   The process is running with CompressedOops enabled, and the Java Heap may be blocking the growth of the native heap
# Possible solutions:
#   Reduce memory load on the system
#   Increase physical memory or swap space
#   Check if swap backing store is full
#   Decrease Java heap size (-Xmx/-Xms)
#   Decrease number of Java threads
#   Decrease Java thread stack sizes (-Xss)
#   Set larger code cache with -XX:ReservedCodeCacheSize=
#   JVM is running with Unscaled Compressed Oops mode in which the Java heap is
#     placed in the first 4GB address space. The Java Heap base address is the
#     maximum limit for the native heap growth. Please use -XX:HeapBaseMinAddress
#     to set the Java Heap base and to place the Java Heap above 4GB virtual address.
# This output file may be truncated or incomplete.
#
#  Out of Memory Error (t:/workspace/open/src/hotspot/os/windows/os_windows.cpp:3301), pid=16120, tid=16640
#
# JRE version: Java(TM) SE Runtime Environment (13.0.1+9) (build 13.0.1+9)
# Java VM: Java HotSpot(TM) 64-Bit Server VM (13.0.1+9, mixed mode, sharing, tiered, compressed oops, g1 gc, windows-amd64)
# No core dump will be written. Minidumps are not enabled by default on client versions of Windows
#

---------------  S U M M A R Y ------------

Command Line: -Dapplication.home=C:\Program Files\Java\jdk-13.0.1 --add-modules=ALL-DEFAULT -Xms8m -Djdk.module.main=jdk.compiler jdk.compiler/com.sun.tools.javac.Main -d D:\GITHUB\worldAirline\build\classes -classpath D:\GITHUB\worldAirline\build\classes;D:\GITHUB\worldAirline\lib\mysql-connector-java-5.1.49-bin.jar;D:\GITHUB\worldAirline\lib\absolutelayout\AbsoluteLayout.jar;D:\GITHUB\worldAirline\lib\swingx-all-1.6.4.jar;D:\GITHUB\worldAirline\lib\jcalendar-1.4.jar;D:\GITHUB\worldAirline\lib\barcode.jar;D:\GITHUB\worldAirline\lib\qrgen-1.0.jar;D:\GITHUB\worldAirline\lib\zxing-core-1.7.jar;D:\GITHUB\worldAirline\lib\zxing-j2se-1.7.jar -sourcepath D:\GITHUB\worldAirline\build\empty -target 13 -encoding UTF-8 -g -processorpath D:\GITHUB\worldAirline\lib\mysql-connector-java-5.1.49-bin.jar;D:\GITHUB\worldAirline\lib\absolutelayout\AbsoluteLayout.jar;D:\GITHUB\worldAirline\lib\swingx-all-1.6.4.jar;D:\GITHUB\worldAirline\lib\jcalendar-1.4.jar;D:\GITHUB\worldAirline\lib\barcode.jar;D:\GITHUB\worldAirline\lib\qrgen-1.0.jar;D:\GITHUB\worldAirline\lib\zxing-core-1.7.jar;D:\GITHUB\worldAirline\lib\zxing-j2se-1.7.jar;D:\GITHUB\worldAirline\build\empty -s D:\GITHUB\worldAirline\build\generated-sources\ap-source-output -source 13 @C:\Users\Unknow\AppData\Local\Temp\files1190305000797154423

Host: Intel(R) Core(TM) i7-8565U CPU @ 1.80GHz, 8 cores, 7G,  Windows 10 , 64 bit Build 19041 (10.0.19041.546)
Time: Fri Dec  4 15:02:18 2020 Paris, Madrid elapsed time: 1 seconds (0d 0h 0m 1s)

---------------  T H R E A D  ---------------

Current thread (0x00000136b51ca000):  VMThread "VM Thread" [stack: 0x000000051ed00000,0x000000051ee00000] [id=16640]

Stack: [0x000000051ed00000,0x000000051ee00000]
[error occurred during error reporting (printing stack bounds), id 0xc0000005, EXCEPTION_ACCESS_VIOLATION (0xc0000005) at pc=0x000001369d9110ad]

Native frames: (J=compiled Java code, j=interpreted, Vv=VM code, C=native code)
V  [jvm.dll+0x626eca]
V  [jvm.dll+0x772c6a]
V  [jvm.dll+0x77441f]
V  [jvm.dll+0x774985]
V  [jvm.dll+0x77493b]
V  [jvm.dll+0x6266ff]
C  [ntdll.dll+0x781cc]
C  [ntdll.dll+0x4b296]
C  [ntdll.dll+0x9fc2e]
C  0x000001369d9110ad

VM_Operation (0x000000051e7fdd60): G1CollectForAllocation, mode: safepoint, requested by thread 0x0000013693c31000


---------------  P R O C E S S  ---------------

Threads class SMR info:
_java_thread_list=0x00000136b5966e10, length=12, elements={
0x0000013693c31000, 0x00000136b51d1800, 0x00000136b51d3800, 0x00000136b51ec800,
0x00000136b51ed800, 0x00000136b51f3800, 0x00000136b51f9000, 0x00000136b5206800,
0x00000136b5458800, 0x00000136b546c000, 0x00000136b54ce800, 0x00000136b626a800
}

Java Threads: ( => current thread )
  0x0000013693c31000 JavaThread "main" [_thread_blocked, id=5152, stack(0x000000051e700000,0x000000051e800000)]
  0x00000136b51d1800 JavaThread "Reference Handler" daemon [_thread_blocked, id=23024, stack(0x000000051ee00000,0x000000051ef00000)]
  0x00000136b51d3800 JavaThread "Finalizer" daemon [_thread_blocked, id=3416, stack(0x000000051ef00000,0x000000051f000000)]
  0x00000136b51ec800 JavaThread "Signal Dispatcher" daemon [_thread_blocked, id=3864, stack(0x000000051f000000,0x000000051f100000)]
  0x00000136b51ed800 JavaThread "Attach Listener" daemon [_thread_blocked, id=21632, stack(0x000000051f100000,0x000000051f200000)]
  0x00000136b51f3800 JavaThread "C2 CompilerThread0" daemon [_thread_blocked, id=14744, stack(0x000000051f200000,0x000000051f300000)]
  0x00000136b51f9000 JavaThread "C1 CompilerThread0" daemon [_thread_blocked, id=7456, stack(0x000000051f300000,0x000000051f400000)]
  0x00000136b5206800 JavaThread "Sweeper thread" daemon [_thread_blocked, id=684, stack(0x000000051f400000,0x000000051f500000)]
  0x00000136b5458800 JavaThread "Common-Cleaner" daemon [_thread_blocked, id=18036, stack(0x000000051f500000,0x000000051f600000)]
  0x00000136b546c000 JavaThread "C2 CompilerThread1" daemon [_thread_blocked, id=12084, stack(0x000000051f600000,0x000000051f700000)]
  0x00000136b54ce800 JavaThread "Service Thread" daemon [_thread_blocked, id=6684, stack(0x000000051f700000,0x000000051f800000)]
  0x00000136b626a800 JavaThread "C2 CompilerThread2" daemon [_thread_blocked, id=4388, stack(0x000000051fa00000,0x000000051fb00000)]

Other Threads:
=>0x00000136b51ca000 VMThread "VM Thread" [stack: 0x000000051ed00000,0x000000051ee00000] [id=16640]
  0x00000136b5550000 WatcherThread [stack: 0x000000051f800000,0x000000051f900000] [id=10792]
  0x0000013693c75000 GCTaskThread "GC Thread#0" [stack: 0x000000051e800000,0x000000051e900000] [id=12296]
  0x00000136b5625000 GCTaskThread "GC Thread#1" [stack: 0x000000051f900000,0x000000051fa00000] [id=3644]
  0x0000013693c86800 ConcurrentGCThread "G1 Main Marker" [stack: 0x000000051e900000,0x000000051ea00000] [id=2872]
  0x0000013693c89800 ConcurrentGCThread "G1 Conc#0" [stack: 0x000000051ea00000,0x000000051eb00000] [id=12360]
  0x0000013693cb6000 ConcurrentGCThread "G1 Refine#0" [stack: 0x000000051eb00000,0x000000051ec00000] [id=22476]
  0x0000013693cb8000 ConcurrentGCThread "G1 Young RemSet Sampling" [stack: 0x000000051ec00000,0x000000051ed00000] [id=15232]

Threads with active compile tasks:
C2 CompilerThread0     1530 1176       4       jdk.internal.jimage.ImageLocation::getAttributeString (54 bytes)
C1 CompilerThread0     1530 1182   !   3       java.lang.String::replace (255 bytes)
C2 CompilerThread1     1530 1184       4       java.util.regex.Pattern::nextEscaped (19 bytes)
C2 CompilerThread2     1530 1166       4       jdk.internal.jimage.BasicImageReader::getString (49 bytes)

VM state:at safepoint (normal execution)

VM Mutex/Monitor currently owned by a thread:  ([mutex/lock_event])
[0x0000013693c2d260] Threads_lock - owner thread: 0x00000136b51ca000
[0x0000013693c2d890] Heap_lock - owner thread: 0x0000013693c31000

Heap address: 0x0000000082600000, size: 2010 MB, Compressed Oops mode: 32-bit
Narrow klass base: 0x0000000800000000, Narrow klass shift: 3
Compressed class space size: 1073741824 Address: 0x0000000800b40000

Heap:
 garbage-first heap   total 19456K, used 6374K [0x0000000082600000, 0x0000000100000000)
  region size 1024K, 1 young (1024K), 1 survivors (1024K)
 Metaspace       used 8814K, capacity 11413K, committed 11648K, reserved 1058816K
  class space    used 1022K, capacity 1305K, committed 1408K, reserved 1048576K
Heap Regions: E=young(eden), S=young(survivor), O=old, HS=humongous(starts), HC=humongous(continues), CS=collection set, F=free, A=archive, TAMS=top-at-mark-start (previous, next)
|   0|0x0000000082600000, 0x0000000082700000, 0x0000000082700000|100%| O|  |TAMS 0x0000000082600000, 0x0000000082700000| Untracked 
|   1|0x0000000082700000, 0x0000000082800000, 0x0000000082800000|100%| O|  |TAMS 0x0000000082700000, 0x0000000082800000| Untracked 
|   2|0x0000000082800000, 0x0000000082900000, 0x0000000082900000|100%| O|  |TAMS 0x0000000082800000, 0x0000000082900000| Untracked 
|   3|0x0000000082900000, 0x0000000082a00000, 0x0000000082a00000|100%| O|  |TAMS 0x0000000082900000, 0x0000000082a00000| Untracked 
|   4|0x0000000082a00000, 0x0000000082b00000, 0x0000000082b00000|100%| O|  |TAMS 0x0000000082a00000, 0x0000000082b00000| Untracked 
|   5|0x0000000082b00000, 0x0000000082bb0e00, 0x0000000082c00000| 69%| O|  |TAMS 0x0000000082b00000, 0x0000000082bb0e00| Untracked 
|   6|0x0000000082c00000, 0x0000000082c00000, 0x0000000082d00000|  0%| F|  |TAMS 0x0000000082c00000, 0x0000000082c00000| Untracked 
|   7|0x0000000082d00000, 0x0000000082d00000, 0x0000000082e00000|  0%| F|  |TAMS 0x0000000082d00000, 0x0000000082d00000| Untracked 
|   8|0x0000000082e00000, 0x0000000082e00000, 0x0000000082f00000|  0%| F|  |TAMS 0x0000000082e00000, 0x0000000082e00000| Untracked 
|   9|0x0000000082f00000, 0x0000000082f00000, 0x0000000083000000|  0%| F|  |TAMS 0x0000000082f00000, 0x0000000082f00000| Untracked 
|  10|0x0000000083000000, 0x0000000083000000, 0x0000000083100000|  0%| F|  |TAMS 0x0000000083000000, 0x0000000083000000| Untracked 
|  11|0x0000000083100000, 0x0000000083188db0, 0x0000000083200000| 53%| S|CS|TAMS 0x0000000083100000, 0x0000000083100000| Complete 
|  12|0x0000000083200000, 0x0000000083200000, 0x0000000083300000|  0%| F|  |TAMS 0x0000000083200000, 0x0000000083200000| Untracked 

Card table byte_map: [0x00000136ad8d0000,0x00000136adcc0000] _byte_map_base: 0x00000136ad4bd000

Marking Bits (Prev, Next): (CMBitMap*) 0x0000013693c75f28, (CMBitMap*) 0x0000013693c75f68
 Prev Bits: [0x00000136ae0b0000, 0x00000136b0018000)
 Next Bits: [0x00000136b0020000, 0x00000136b1f88000)

Polling page: 0x0000013693a30000

Metaspace:

Usage:
  Non-class:      9.87 MB capacity,     7.61 MB ( 77%) used,     2.24 MB ( 23%) free+waste,    24.44 KB ( <1%) overhead. 
      Class:      1.27 MB capacity,  1022.23 KB ( 78%) used,   270.21 KB ( 21%) free+waste,    12.56 KB ( <1%) overhead. 
       Both:     11.15 MB capacity,     8.61 MB ( 77%) used,     2.50 MB ( 22%) free+waste,    37.00 KB ( <1%) overhead. 

Virtual space:
  Non-class space:       10.00 MB reserved,      10.00 MB (100%) committed 
      Class space:        1.00 GB reserved,       1.38 MB ( <1%) committed 
             Both:        1.01 GB reserved,      11.38 MB (  1%) committed 

Chunk freelists:
   Non-Class:  4.00 KB
       Class:  0 bytes
        Both:  4.00 KB

MaxMetaspaceSize: 17179869184.00 GB
CompressedClassSpaceSize: 1.00 GB

CodeHeap 'non-profiled nmethods': size=120000Kb used=453Kb max_used=453Kb free=119546Kb
 bounds [0x00000136a53e0000, 0x00000136a5650000, 0x00000136ac910000]
CodeHeap 'profiled nmethods': size=120000Kb used=2612Kb max_used=2612Kb free=117387Kb
 bounds [0x000001369deb0000, 0x000001369e140000, 0x00000136a53e0000]
CodeHeap 'non-nmethods': size=5760Kb used=1152Kb max_used=1183Kb free=4607Kb
 bounds [0x000001369d910000, 0x000001369db80000, 0x000001369deb0000]
 total_blobs=2164 nmethods=1178 adapters=307
 compilation: enabled
              stopped_count=0, restarted_count=0
 full_count=0

Compilation events (20 events):
Event: 1.495 Thread 0x00000136b51f9000 nmethod 1160 0x000001369e139910 code [0x000001369e139ac0, 0x000001369e139d30]
Event: 1.495 Thread 0x00000136b51f9000 1161       3       jdk.internal.util.Preconditions::checkFromIndexSize (25 bytes)
Event: 1.495 Thread 0x00000136b51f9000 nmethod 1161 0x000001369e139e10 code [0x000001369e13a020, 0x000001369e13a8c0]
Event: 1.495 Thread 0x00000136b51f9000 1183       3       java.util.regex.Matcher::match (154 bytes)
Event: 1.496 Thread 0x00000136b51f9000 nmethod 1183 0x000001369e13ab10 code [0x000001369e13ad00, 0x000001369e13b320]
Event: 1.496 Thread 0x00000136b51f9000 1178       3       java.lang.Character::isJavaIdentifierPart (9 bytes)
Event: 1.496 Thread 0x00000136b51f3800 nmethod 1163 0x00000136a544e810 code [0x00000136a544e9c0, 0x00000136a544eeb8]
Event: 1.496 Thread 0x00000136b51f9000 nmethod 1178 0x000001369e13b510 code [0x000001369e13b6c0, 0x000001369e13b920]
Event: 1.496 Thread 0x00000136b51f9000 1179       3       java.lang.CharacterDataLatin1::isJavaIdentifierPart (20 bytes)
Event: 1.496 Thread 0x00000136b51f3800 1172       4       jdk.internal.jimage.ImageLocation::getAttribute (44 bytes)
Event: 1.496 Thread 0x00000136b51f9000 nmethod 1179 0x000001369e13ba10 code [0x000001369e13bbc0, 0x000001369e13be38]
Event: 1.496 Thread 0x00000136b51f9000 1181       3       com.sun.tools.javac.file.BaseFileManager::getKind (55 bytes)
Event: 1.497 Thread 0x00000136b51f3800 nmethod 1172 0x00000136a544f110 code [0x00000136a544f2a0, 0x00000136a544f358]
Event: 1.497 Thread 0x00000136b51f3800 1176       4       jdk.internal.jimage.ImageLocation::getAttributeString (54 bytes)
Event: 1.497 Thread 0x00000136b51f9000 nmethod 1181 0x000001369e13bf90 code [0x000001369e13c220, 0x000001369e13cc90]
Event: 1.497 Thread 0x00000136b51f9000 1182   !   3       java.lang.String::replace (255 bytes)
Event: 1.498 Thread 0x00000136b546c000 nmethod 1106 0x00000136a544f410 code [0x00000136a544f640, 0x00000136a5450cd0]
Event: 1.498 Thread 0x00000136b546c000 1180       4       java.lang.String::toString (2 bytes)
Event: 1.498 Thread 0x00000136b546c000 nmethod 1180 0x00000136a5451410 code [0x00000136a54515a0, 0x00000136a5451618]
Event: 1.498 Thread 0x00000136b546c000 1184       4       java.util.regex.Pattern::nextEscaped (19 bytes)

GC Heap History (20 events):
Event: 0.948 GC heap after
{Heap after GC invocations=4 (full 0):
 garbage-first heap   total 8192K, used 2218K [0x0000000082600000, 0x0000000100000000)
  region size 1024K, 1 young (1024K), 1 survivors (1024K)
 Metaspace       used 6506K, capacity 9839K, committed 9856K, reserved 1058816K
  class space    used 803K, capacity 1140K, committed 1152K, reserved 1048576K
}
Event: 1.061 GC heap before
{Heap before GC invocations=4 (full 0):
 garbage-first heap   total 8192K, used 3242K [0x0000000082600000, 0x0000000100000000)
  region size 1024K, 2 young (2048K), 1 survivors (1024K)
 Metaspace       used 7213K, capacity 10504K, committed 10752K, reserved 1058816K
  class space    used 879K, capacity 1213K, committed 1280K, reserved 1048576K
}
Event: 1.064 GC heap after
{Heap after GC invocations=5 (full 0):
 garbage-first heap   total 8192K, used 2678K [0x0000000082600000, 0x0000000100000000)
  region size 1024K, 1 young (1024K), 1 survivors (1024K)
 Metaspace       used 7213K, capacity 10504K, committed 10752K, reserved 1058816K
  class space    used 879K, capacity 1213K, committed 1280K, reserved 1048576K
}
Event: 1.157 GC heap before
{Heap before GC invocations=5 (full 0):
 garbage-first heap   total 8192K, used 3702K [0x0000000082600000, 0x0000000100000000)
  region size 1024K, 2 young (2048K), 1 survivors (1024K)
 Metaspace       used 8053K, capacity 11019K, committed 11264K, reserved 1058816K
  class space    used 953K, capacity 1257K, committed 1280K, reserved 1048576K
}
Event: 1.161 GC heap after
{Heap after GC invocations=6 (full 0):
 garbage-first heap   total 10240K, used 3088K [0x0000000082600000, 0x0000000100000000)
  region size 1024K, 1 young (1024K), 1 survivors (1024K)
 Metaspace       used 8053K, capacity 11019K, committed 11264K, reserved 1058816K
  class space    used 953K, capacity 1257K, committed 1280K, reserved 1048576K
}
Event: 1.222 GC heap before
{Heap before GC invocations=6 (full 0):
 garbage-first heap   total 10240K, used 3088K [0x0000000082600000, 0x0000000100000000)
  region size 1024K, 2 young (2048K), 1 survivors (1024K)
 Metaspace       used 8154K, capacity 11089K, committed 11264K, reserved 1058816K
  class space    used 959K, capacity 1259K, committed 1280K, reserved 1048576K
}
Event: 1.227 GC heap after
{Heap after GC invocations=7 (full 0):
 garbage-first heap   total 10240K, used 3435K [0x0000000082600000, 0x0000000100000000)
  region size 1024K, 1 young (1024K), 1 survivors (1024K)
 Metaspace       used 8154K, capacity 11089K, committed 11264K, reserved 1058816K
  class space    used 959K, capacity 1259K, committed 1280K, reserved 1048576K
}
Event: 1.270 GC heap before
{Heap before GC invocations=7 (full 0):
 garbage-first heap   total 10240K, used 3435K [0x0000000082600000, 0x0000000100000000)
  region size 1024K, 2 young (2048K), 1 survivors (1024K)
 Metaspace       used 8191K, capacity 11089K, committed 11264K, reserved 1058816K
  class space    used 959K, capacity 1259K, committed 1280K, reserved 1048576K
}
Event: 1.273 GC heap after
{Heap after GC invocations=8 (full 0):
 garbage-first heap   total 10240K, used 3794K [0x0000000082600000, 0x0000000100000000)
  region size 1024K, 1 young (1024K), 1 survivors (1024K)
 Metaspace       used 8191K, capacity 11089K, committed 11264K, reserved 1058816K
  class space    used 959K, capacity 1259K, committed 1280K, reserved 1048576K
}
Event: 1.313 GC heap before
{Heap before GC invocations=8 (full 0):
 garbage-first heap   total 10240K, used 3794K [0x0000000082600000, 0x0000000100000000)
  region size 1024K, 2 young (2048K), 1 survivors (1024K)
 Metaspace       used 8294K, capacity 11092K, committed 11264K, reserved 1058816K
  class space    used 968K, capacity 1260K, committed 1280K, reserved 1048576K
}
Event: 1.316 GC heap after
{Heap after GC invocations=9 (full 0):
 garbage-first heap   total 10240K, used 4207K [0x0000000082600000, 0x0000000100000000)
  region size 1024K, 1 young (1024K), 1 survivors (1024K)
 Metaspace       used 8294K, capacity 11092K, committed 11264K, reserved 1058816K
  class space    used 968K, capacity 1260K, committed 1280K, reserved 1048576K
}
Event: 1.333 GC heap before
{Heap before GC invocations=9 (full 0):
 garbage-first heap   total 10240K, used 4207K [0x0000000082600000, 0x0000000100000000)
  region size 1024K, 2 young (2048K), 1 survivors (1024K)
 Metaspace       used 8311K, capacity 11156K, committed 11264K, reserved 1058816K
  class space    used 968K, capacity 1260K, committed 1280K, reserved 1048576K
}
Event: 1.336 GC heap after
{Heap after GC invocations=10 (full 0):
 garbage-first heap   total 13312K, used 4513K [0x0000000082600000, 0x0000000100000000)
  region size 1024K, 1 young (1024K), 1 survivors (1024K)
 Metaspace       used 8311K, capacity 11156K, committed 11264K, reserved 1058816K
  class space    used 968K, capacity 1260K, committed 1280K, reserved 1048576K
}
Event: 1.375 GC heap before
{Heap before GC invocations=10 (full 0):
 garbage-first heap   total 13312K, used 6561K [0x0000000082600000, 0x0000000100000000)
  region size 1024K, 3 young (3072K), 1 survivors (1024K)
 Metaspace       used 8346K, capacity 11159K, committed 11264K, reserved 1058816K
  class space    used 969K, capacity 1261K, committed 1280K, reserved 1048576K
}
Event: 1.379 GC heap after
{Heap after GC invocations=11 (full 0):
 garbage-first heap   total 13312K, used 5117K [0x0000000082600000, 0x0000000100000000)
  region size 1024K, 1 young (1024K), 1 survivors (1024K)
 Metaspace       used 8346K, capacity 11159K, committed 11264K, reserved 1058816K
  class space    used 969K, capacity 1261K, committed 1280K, reserved 1048576K
}
Event: 1.458 GC heap before
{Heap before GC invocations=11 (full 0):
 garbage-first heap   total 13312K, used 7165K [0x0000000082600000, 0x0000000100000000)
  region size 1024K, 3 young (3072K), 1 survivors (1024K)
 Metaspace       used 8713K, capacity 11381K, committed 11648K, reserved 1058816K
  class space    used 1012K, capacity 1294K, committed 1408K, reserved 1048576K
}
Event: 1.462 GC heap after
{Heap after GC invocations=12 (full 0):
 garbage-first heap   total 13312K, used 5848K [0x0000000082600000, 0x0000000100000000)
  region size 1024K, 1 young (1024K), 1 survivors (1024K)
 Metaspace       used 8713K, capacity 11381K, committed 11648K, reserved 1058816K
  class space    used 1012K, capacity 1294K, committed 1408K, reserved 1048576K
}
Event: 1.486 GC heap before
{Heap before GC invocations=12 (full 0):
 garbage-first heap   total 13312K, used 7896K [0x0000000082600000, 0x0000000100000000)
  region size 1024K, 3 young (3072K), 1 survivors (1024K)
 Metaspace       used 8792K, capacity 11410K, committed 11648K, reserved 1058816K
  class space    used 1020K, capacity 1304K, committed 1408K, reserved 1048576K
}
Event: 1.489 GC heap after
{Heap after GC invocations=13 (full 0):
 garbage-first heap   total 13312K, used 6311K [0x0000000082600000, 0x0000000100000000)
  region size 1024K, 1 young (1024K), 1 survivors (1024K)
 Metaspace       used 8792K, capacity 11410K, committed 11648K, reserved 1058816K
  class space    used 1020K, capacity 1304K, committed 1408K, reserved 1048576K
}
Event: 1.498 GC heap before
{Heap before GC invocations=13 (full 0):
 garbage-first heap   total 13312K, used 7335K [0x0000000082600000, 0x0000000100000000)
  region size 1024K, 2 young (2048K), 1 survivors (1024K)
 Metaspace       used 8814K, capacity 11413K, committed 11648K, reserved 1058816K
  class space    used 1022K, capacity 1305K, committed 1408K, reserved 1048576K
}

Deoptimization events (20 events):
Event: 1.355 Thread 0x0000013693c31000 DEOPT PACKING pc=0x000001369e084307 sp=0x000000051e7fe7f0
Event: 1.355 Thread 0x0000013693c31000 DEOPT UNPACKING pc=0x000001369d95964e sp=0x000000051e7fdd90 mode 0
Event: 1.359 Thread 0x0000013693c31000 DEOPT PACKING pc=0x000001369e07dc15 sp=0x000000051e7fe960
Event: 1.359 Thread 0x0000013693c31000 DEOPT UNPACKING pc=0x000001369d95964e sp=0x000000051e7fde08 mode 0
Event: 1.360 Thread 0x0000013693c31000 DEOPT PACKING pc=0x000001369e066e40 sp=0x000000051e7fe930
Event: 1.360 Thread 0x0000013693c31000 DEOPT UNPACKING pc=0x000001369d95964e sp=0x000000051e7fde08 mode 0
Event: 1.360 Thread 0x0000013693c31000 DEOPT PACKING pc=0x000001369e084307 sp=0x000000051e7fe7f0
Event: 1.360 Thread 0x0000013693c31000 DEOPT UNPACKING pc=0x000001369d95964e sp=0x000000051e7fdd90 mode 0
Event: 1.360 Thread 0x0000013693c31000 DEOPT PACKING pc=0x000001369e06d298 sp=0x000000051e7fe7d0
Event: 1.360 Thread 0x0000013693c31000 DEOPT UNPACKING pc=0x000001369d95964e sp=0x000000051e7fdd90 mode 0
Event: 1.361 Thread 0x0000013693c31000 DEOPT PACKING pc=0x000001369e06d298 sp=0x000000051e7fe7d0
Event: 1.361 Thread 0x0000013693c31000 DEOPT UNPACKING pc=0x000001369d95964e sp=0x000000051e7fdd90 mode 0
Event: 1.369 Thread 0x0000013693c31000 DEOPT PACKING pc=0x000001369e07dc15 sp=0x000000051e7fe960
Event: 1.369 Thread 0x0000013693c31000 DEOPT UNPACKING pc=0x000001369d95964e sp=0x000000051e7fde08 mode 0
Event: 1.371 Thread 0x0000013693c31000 DEOPT PACKING pc=0x000001369e084307 sp=0x000000051e7fe7f0
Event: 1.371 Thread 0x0000013693c31000 DEOPT UNPACKING pc=0x000001369d95964e sp=0x000000051e7fdd90 mode 0
Event: 1.426 Thread 0x0000013693c31000 Uncommon trap: trap_request=0xffffff45 fr.pc=0x00000136a54213bc relative=0x000000000000021c
Event: 1.426 Thread 0x0000013693c31000 Uncommon trap: reason=unstable_if action=reinterpret pc=0x00000136a54213bc method=com.sun.tools.javac.util.Name$Table.equals([BI[BII)Z @ 22 c2
Event: 1.426 Thread 0x0000013693c31000 DEOPT PACKING pc=0x00000136a54213bc sp=0x000000051e7fdec0
Event: 1.426 Thread 0x0000013693c31000 DEOPT UNPACKING pc=0x000001369d95912f sp=0x000000051e7fde38 mode 2

Classes unloaded (0 events):
No events

Classes redefined (0 events):
No events

Internal exceptions (20 events):
Event: 0.405 Thread 0x0000013693c31000 Exception <a 'java/lang/NoSuchMethodError'{0x0000000082b90d30}: 'int java.lang.invoke.DirectMethodHandle$Holder.invokeInterface(java.lang.Object, java.lang.Object)'> (0x0000000082b90d30) 
thrown [t:/workspace/open/src/hotspot/share/interpreter/linkResolver.cpp, line 767]
Event: 0.489 Thread 0x0000013693c31000 Exception <a 'sun/nio/fs/WindowsException'{0x0000000082d2bc80}> (0x0000000082d2bc80) 
thrown [t:/workspace/open/src/hotspot/share/prims/jni.cpp, line 598]
Event: 0.490 Thread 0x0000013693c31000 Exception <a 'sun/nio/fs/WindowsException'{0x0000000082d2c298}> (0x0000000082d2c298) 
thrown [t:/workspace/open/src/hotspot/share/prims/jni.cpp, line 598]
Event: 0.491 Thread 0x0000013693c31000 Exception <a 'sun/nio/fs/WindowsException'{0x0000000082d2cd38}> (0x0000000082d2cd38) 
thrown [t:/workspace/open/src/hotspot/share/prims/jni.cpp, line 598]
Event: 0.491 Thread 0x0000013693c31000 Exception <a 'sun/nio/fs/WindowsException'{0x0000000082d2cf78}> (0x0000000082d2cf78) 
thrown [t:/workspace/open/src/hotspot/share/prims/jni.cpp, line 598]
Event: 0.494 Thread 0x0000013693c31000 Exception <a 'java/lang/NoSuchMethodError'{0x0000000082d344f0}: 'int java.lang.invoke.DirectMethodHandle$Holder.invokeVirtual(java.lang.Object, java.lang.Object, java.lang.Object)'> (0x0000000082d344f0) 
thrown [t:/workspace/open/src/hotspot/share/interpreter/linkResolver.cpp, line 767]
Event: 0.733 Thread 0x0000013693c31000 Exception <a 'java/lang/NoSuchMethodError'{0x0000000082d818e0}: 'int java.lang.invoke.DirectMethodHandle$Holder.invokeStaticInit(java.lang.Object, java.lang.Object)'> (0x0000000082d818e0) 
thrown [t:/workspace/open/src/hotspot/share/interpreter/linkResolver.cpp, line 767]
Event: 0.886 Thread 0x0000013693c31000 Exception <a 'java/lang/NoSuchMethodError'{0x0000000082d4dc68}: 'int java.lang.invoke.DirectMethodHandle$Holder.invokeVirtual(java.lang.Object, java.lang.Object)'> (0x0000000082d4dc68) 
thrown [t:/workspace/open/src/hotspot/share/interpreter/linkResolver.cpp, line 767]
Event: 0.897 Thread 0x0000013693c31000 Exception <a 'java/lang/NoSuchMethodError'{0x0000000082d7ca70}: 'java.lang.Object java.lang.invoke.Invokers$Holder.linkToTargetMethod(java.lang.Object, java.lang.Object, java.lang.Object, java.lang.Object, java.lang.Object, java.lang.Object)'> (0x0000000082d7ca70) 
thrown [t:/workspace/open/src/hotspot/share/interpreter/linkResolver.cpp, line 767]
Event: 0.926 Thread 0x0000013693c31000 Exception <a 'sun/nio/fs/WindowsException'{0x0000000082dce810}> (0x0000000082dce810) 
thrown [t:/workspace/open/src/hotspot/share/prims/jni.cpp, line 598]
Event: 0.926 Thread 0x0000013693c31000 Exception <a 'sun/nio/fs/WindowsException'{0x0000000082dcea50}> (0x0000000082dcea50) 
thrown [t:/workspace/open/src/hotspot/share/prims/jni.cpp, line 598]
Event: 1.031 Thread 0x0000013693c31000 Exception <a 'java/lang/NoSuchMethodError'{0x0000000082d7ad70}: 'int java.lang.invoke.DirectMethodHandle$Holder.invokeSpecialIFC(java.lang.Object, java.lang.Object, int)'> (0x0000000082d7ad70) 
thrown [t:/workspace/open/src/hotspot/share/interpreter/linkResolver.cpp, line 767]
Event: 1.380 Thread 0x0000013693c31000 Exception <a 'sun/nio/fs/WindowsException'{0x0000000083200d00}> (0x0000000083200d00) 
thrown [t:/workspace/open/src/hotspot/share/prims/jni.cpp, line 598]
Event: 1.380 Thread 0x0000013693c31000 Exception <a 'sun/nio/fs/WindowsException'{0x0000000083200f68}> (0x0000000083200f68) 
thrown [t:/workspace/open/src/hotspot/share/prims/jni.cpp, line 598]
Event: 1.380 Thread 0x0000013693c31000 Exception <a 'sun/nio/fs/WindowsException'{0x0000000083201ab0}> (0x0000000083201ab0) 
thrown [t:/workspace/open/src/hotspot/share/prims/jni.cpp, line 598]
Event: 1.380 Thread 0x0000013693c31000 Exception <a 'sun/nio/fs/WindowsException'{0x0000000083201d20}> (0x0000000083201d20) 
thrown [t:/workspace/open/src/hotspot/share/prims/jni.cpp, line 598]
Event: 1.415 Thread 0x0000013693c31000 Exception <a 'java/lang/NoSuchMethodError'{0x00000000832ceda0}: 'int java.lang.invoke.DirectMethodHandle$Holder.invokeSpecial(java.lang.Object, java.lang.Object, java.lang.Object, java.lang.Object)'> (0x00000000832ceda0) 
thrown [t:/workspace/open/src/hotspot/share/interpreter/linkResolver.cpp, line 767]
Event: 1.420 Thread 0x0000013693c31000 Exception <a 'java/lang/NoSuchMethodError'{0x00000000832dfeb8}: 'java.lang.Object java.lang.invoke.DirectMethodHandle$Holder.invokeVirtual(java.lang.Object, java.lang.Object, java.lang.Object, int, int)'> (0x00000000832dfeb8) 
thrown [t:/workspace/open/src/hotspot/share/interpreter/linkResolver.cpp, line 767]
Event: 1.421 Thread 0x0000013693c31000 Exception <a 'java/lang/NoSuchMethodError'{0x00000000832e6288}: 'java.lang.Object java.lang.invoke.DirectMethodHandle$Holder.invokeVirtual(java.lang.Object, java.lang.Object, int)'> (0x00000000832e6288) 
thrown [t:/workspace/open/src/hotspot/share/interpreter/linkResolver.cpp, line 767]
Event: 1.421 Thread 0x0000013693c31000 Exception <a 'java/lang/NoSuchMethodError'{0x00000000832ec3b0}: 'java.lang.Object java.lang.invoke.DirectMethodHandle$Holder.invokeSpecial(java.lang.Object, java.lang.Object, java.lang.Object, int, int)'> (0x00000000832ec3b0) 
thrown [t:/workspace/open/src/hotspot/share/interpreter/linkResolver.cpp, line 767]

Events (20 events):
Event: 1.469 loading class javax/tools/JavaFileManager$Location done
Event: 1.469 loading class javax/tools/JavaFileManager$Location
Event: 1.469 loading class javax/tools/JavaFileManager$Location done
Event: 1.470 loading class com/sun/tools/javac/file/JavacFileManager
Event: 1.470 loading class com/sun/tools/javac/file/JavacFileManager done
Event: 1.470 loading class javax/tools/JavaFileManager$Location
Event: 1.470 loading class javax/tools/JavaFileManager$Location done
Event: 1.470 loading class com/sun/tools/javac/file/RelativePath$RelativeDirectory
Event: 1.470 loading class com/sun/tools/javac/file/RelativePath$RelativeDirectory done
Event: 1.475 loading class java/nio/file/Files$AcceptAllFilter
Event: 1.475 loading class java/nio/file/Files$AcceptAllFilter done
Event: 1.475 loading class java/nio/file/Files$2
Event: 1.475 loading class java/nio/file/Files$2 done
Event: 1.486 Executing VM operation: G1CollectForAllocation
Event: 1.490 Executing VM operation: G1CollectForAllocation done
Event: 1.492 loading class com/sun/tools/javac/code/ClassFinder
Event: 1.492 loading class com/sun/tools/javac/code/ClassFinder done
Event: 1.492 loading class com/sun/tools/javac/code/Symbol$PackageSymbol
Event: 1.492 loading class com/sun/tools/javac/code/Symbol$PackageSymbol done
Event: 1.498 Executing VM operation: G1CollectForAllocation


Dynamic libraries:
0x00007ff63bf70000 - 0x00007ff63bf77000 	C:\Program Files\Java\jdk-13.0.1\bin\javac.exe
0x00007ffe59830000 - 0x00007ffe59a26000 	C:\WINDOWS\SYSTEM32\ntdll.dll
0x00007ffe28b60000 - 0x00007ffe28b72000 	C:\Program Files\AVAST Software\Avast\aswhook.dll
0x00007ffe57980000 - 0x00007ffe57a3d000 	C:\WINDOWS\System32\KERNEL32.DLL
0x00007ffe57360000 - 0x00007ffe57628000 	C:\WINDOWS\System32\KERNELBASE.dll
0x00007ffe57790000 - 0x00007ffe57890000 	C:\WINDOWS\System32\ucrtbase.dll
0x00007ffe32770000 - 0x00007ffe32788000 	C:\Program Files\Java\jdk-13.0.1\bin\jli.dll
0x00007ffe57aa0000 - 0x00007ffe57b4c000 	C:\WINDOWS\System32\ADVAPI32.dll
0x00007ffe59720000 - 0x00007ffe597be000 	C:\WINDOWS\System32\msvcrt.dll
0x00007ffe58b10000 - 0x00007ffe58bab000 	C:\WINDOWS\System32\sechost.dll
0x00007ffe58120000 - 0x00007ffe58244000 	C:\WINDOWS\System32\RPCRT4.dll
0x00007ffe58e30000 - 0x00007ffe58fd0000 	C:\WINDOWS\System32\USER32.dll
0x00007ffe57630000 - 0x00007ffe57652000 	C:\WINDOWS\System32\win32u.dll
0x00007ffe597c0000 - 0x00007ffe597ea000 	C:\WINDOWS\System32\GDI32.dll
0x00007ffe57100000 - 0x00007ffe57209000 	C:\WINDOWS\System32\gdi32full.dll
0x00007ffe57210000 - 0x00007ffe572ad000 	C:\WINDOWS\System32\msvcp_win.dll
0x00007ffe326f0000 - 0x00007ffe32705000 	C:\Program Files\Java\jdk-13.0.1\bin\VCRUNTIME140.dll
0x00007ffe397b0000 - 0x00007ffe39a4b000 	C:\WINDOWS\WinSxS\amd64_microsoft.windows.common-controls_6595b64144ccf1df_6.0.19041.488_none_ca04af081b815d21\COMCTL32.dll
0x00007ffe4ecf0000 - 0x00007ffe4ecfa000 	C:\WINDOWS\SYSTEM32\VERSION.dll
0x00007ffe58250000 - 0x00007ffe58280000 	C:\WINDOWS\System32\IMM32.DLL
0x00007ffe1d230000 - 0x00007ffe1d2cb000 	C:\Program Files\Java\jdk-13.0.1\bin\msvcp140.dll
0x00007ffe0ac80000 - 0x00007ffe0b7e6000 	C:\Program Files\Java\jdk-13.0.1\bin\server\jvm.dll
0x00007ffe57f10000 - 0x00007ffe57f18000 	C:\WINDOWS\System32\PSAPI.DLL
0x00007ffe452a0000 - 0x00007ffe452a9000 	C:\WINDOWS\SYSTEM32\WSOCK32.dll
0x00007ffe58500000 - 0x00007ffe5856b000 	C:\WINDOWS\System32\WS2_32.dll
0x00007ffe42e70000 - 0x00007ffe42e97000 	C:\WINDOWS\SYSTEM32\WINMM.dll
0x00007ffe54de0000 - 0x00007ffe54df2000 	C:\WINDOWS\SYSTEM32\kernel.appcore.dll
0x00007ffe51480000 - 0x00007ffe51490000 	C:\Program Files\Java\jdk-13.0.1\bin\verify.dll
0x00007ffe544a0000 - 0x00007ffe54684000 	C:\WINDOWS\SYSTEM32\DBGHELP.DLL
0x00007ffe4cd70000 - 0x00007ffe4cd9c000 	C:\WINDOWS\SYSTEM32\dbgcore.DLL
0x00007ffe57710000 - 0x00007ffe5778f000 	C:\WINDOWS\System32\bcryptPrimitives.dll
0x00007ffe1d2d0000 - 0x00007ffe1d2f6000 	C:\Program Files\Java\jdk-13.0.1\bin\java.dll
0x00007ffe30410000 - 0x00007ffe30427000 	C:\Program Files\Java\jdk-13.0.1\bin\zip.dll
0x00007ffe512f0000 - 0x00007ffe512fa000 	C:\Program Files\Java\jdk-13.0.1\bin\jimage.dll
0x00007ffe58fd0000 - 0x00007ffe59711000 	C:\WINDOWS\System32\SHELL32.dll
0x00007ffe550c0000 - 0x00007ffe55855000 	C:\WINDOWS\SYSTEM32\windows.storage.dll
0x00007ffe57b50000 - 0x00007ffe57ea5000 	C:\WINDOWS\System32\combase.dll
0x00007ffe569e0000 - 0x00007ffe56a0c000 	C:\WINDOWS\SYSTEM32\Wldp.dll
0x00007ffe58ce0000 - 0x00007ffe58d8e000 	C:\WINDOWS\System32\SHCORE.dll
0x00007ffe57a40000 - 0x00007ffe57a95000 	C:\WINDOWS\System32\shlwapi.dll
0x00007ffe56ea0000 - 0x00007ffe56ec6000 	C:\WINDOWS\SYSTEM32\profapi.dll
0x00007ffe30940000 - 0x00007ffe30959000 	C:\Program Files\Java\jdk-13.0.1\bin\net.dll
0x00007ffe53ab0000 - 0x00007ffe53bb0000 	C:\WINDOWS\SYSTEM32\WINHTTP.dll
0x00007ffe56760000 - 0x00007ffe567ca000 	C:\WINDOWS\system32\mswsock.dll
0x00007ffe30920000 - 0x00007ffe30933000 	C:\Program Files\Java\jdk-13.0.1\bin\nio.dll

dbghelp: loaded successfully - version: 4.0.5 - missing functions: none
symbol engine: initialized successfully - sym options: 0x614 - pdb path: .;C:\Program Files\Java\jdk-13.0.1\bin;C:\WINDOWS\SYSTEM32;C:\Program Files\AVAST Software\Avast;C:\WINDOWS\WinSxS\amd64_microsoft.windows.common-controls_6595b64144ccf1df_6.0.19041.488_none_ca04af081b815d21;C:\Program Files\Java\jdk-13.0.1\bin\server

VM Arguments:
jvm_args: -Dapplication.home=C:\Program Files\Java\jdk-13.0.1 --add-modules=ALL-DEFAULT -Xms8m -Djdk.module.main=jdk.compiler 
java_command: jdk.compiler/com.sun.tools.javac.Main -d D:\GITHUB\worldAirline\build\classes -classpath D:\GITHUB\worldAirline\build\classes;D:\GITHUB\worldAirline\lib\mysql-connector-java-5.1.49-bin.jar;D:\GITHUB\worldAirline\lib\absolutelayout\AbsoluteLayout.jar;D:\GITHUB\worldAirline\lib\swingx-all-1.6.4.jar;D:\GITHUB\worldAirline\lib\jcalendar-1.4.jar;D:\GITHUB\worldAirline\lib\barcode.jar;D:\GITHUB\worldAirline\lib\qrgen-1.0.jar;D:\GITHUB\worldAirline\lib\zxing-core-1.7.jar;D:\GITHUB\worldAirline\lib\zxing-j2se-1.7.jar -sourcepath D:\GITHUB\worldAirline\build\empty -target 13 -encoding UTF-8 -g -processorpath D:\GITHUB\worldAirline\lib\mysql-connector-java-5.1.49-bin.jar;D:\GITHUB\worldAirline\lib\absolutelayout\AbsoluteLayout.jar;D:\GITHUB\worldAirline\lib\swingx-all-1.6.4.jar;D:\GITHUB\worldAirline\lib\jcalendar-1.4.jar;D:\GITHUB\worldAirline\lib\barcode.jar;D:\GITHUB\worldAirline\lib\qrgen-1.0.jar;D:\GITHUB\worldAirline\lib\zxing-core-1.7.jar;D:\GITHUB\worldAirline\lib\zxing-j2se-1.7.jar;D:\GITHUB\worldAirline\build\empty -s D:\GITHUB\worldAirline\build\generated-sources\ap-source-output -source 13 @C:\Users\Unknow\AppData\Local\Temp\files1190305000797154423
java_class_path (initial): <not set>
Launcher Type: SUN_STANDARD

[Global flags]
     intx CICompilerCount                          = 4                                         {product} {ergonomic}
     uint ConcGCThreads                            = 2                                         {product} {ergonomic}
     uint G1ConcRefinementThreads                  = 8                                         {product} {ergonomic}
   size_t G1HeapRegionSize                         = 1048576                                   {product} {ergonomic}
    uintx GCDrainStackTargetSize                   = 64                                        {product} {ergonomic}
   size_t InitialHeapSize                          = 8388608                                   {product} {command line}
   size_t MarkStackSize                            = 4194304                                   {product} {ergonomic}
   size_t MaxHeapSize                              = 2107637760                                {product} {ergonomic}
   size_t MaxNewSize                               = 1264582656                                {product} {ergonomic}
   size_t MinHeapDeltaBytes                        = 1048576                                   {product} {ergonomic}
   size_t MinHeapSize                              = 8388608                                   {product} {command line}
    uintx NonNMethodCodeHeapSize                   = 5836300                                {pd product} {ergonomic}
    uintx NonProfiledCodeHeapSize                  = 122910970                              {pd product} {ergonomic}
    uintx ProfiledCodeHeapSize                     = 122910970                              {pd product} {ergonomic}
    uintx ReservedCodeCacheSize                    = 251658240                              {pd product} {ergonomic}
     bool SegmentedCodeCache                       = true                                      {product} {ergonomic}
   size_t SoftMaxHeapSize                          = 2107637760                             {manageable} {ergonomic}
     bool UseCompressedClassPointers               = true                                 {lp64_product} {ergonomic}
     bool UseCompressedOops                        = true                                 {lp64_product} {ergonomic}
     bool UseG1GC                                  = true                                      {product} {ergonomic}
     bool UseLargePagesIndividualAllocation        = false                                  {pd product} {ergonomic}

Logging:
Log output configuration:
 #0: stdout all=warning uptime,level,tags
 #1: stderr all=off uptime,level,tags

Environment Variables:
PATH=C:\Program Files\Common Files\Oracle\Java\javapath;C:\ProgramData\Oracle\Java\javapath;C:\Users\Unknow\gcc\bin;C:\Users\Unknow\gcc\libexec\gcc\x86_64-pc-mingw32\4.7.0;C:\WINDOWS\system32;C:\WINDOWS;C:\WINDOWS\System32\Wbem;C:\WINDOWS\System32\WindowsPowerShell\v1.0\;C:\WINDOWS\System32\OpenSSH\;C:\Program Files\Intel\WiFi\bin\;C:\Program Files\Common Files\Intel\WirelessCommon\;C:\Program Files\Java\jdk-13.0.1\bin;D:\Mathslab\Polyspace\runtime\win64;D:\Mathslab\Polyspace\bin;D:\Mathslab\Polyspace\polyspace\bin;C:\Users\Unknow\AppData\Local\Microsoft\WindowsApps;C:\Users\Unknow\AppData\Local\Microsoft\WindowsApps;C:\Users\Unknow\AppData\Local\GitHubDesktop\bin
USERNAME=Unknow
OS=Windows_NT
PROCESSOR_IDENTIFIER=Intel64 Family 6 Model 142 Stepping 11, GenuineIntel



---------------  S Y S T E M  ---------------

OS: Windows 10 , 64 bit Build 19041 (10.0.19041.546)

CPU:total 8 (initial active 8) (4 cores per cpu, 2 threads per core) family 6 model 142 stepping 11, cmov, cx8, fxsr, mmx, sse, sse2, sse3, ssse3, sse4.1, sse4.2, popcnt, avx, avx2, aes, clmul, erms, 3dnowpref, lzcnt, ht, tsc, tscinvbit, bmi1, bmi2, adx, fma

Memory: 4k page, system-wide physical 8037M (709M free)
TotalPageFile size 18277M (AvailPageFile size 7M)
current process WorkingSet (physical memory assigned to process): 77M, peak: 77M
current process commit charge ("private bytes"): 118M, peak: 124M

vm_info: Java HotSpot(TM) 64-Bit Server VM (13.0.1+9) for windows-amd64 JRE (13.0.1+9), built on Oct  6 2019 12:37:49 by "mach5one" with unknown MS VC++:1916

END.
