#
# There is insufficient memory for the Java Runtime Environment to continue.
# Native memory allocation (malloc) failed to allocate 32744 bytes for ChunkPool::allocate
# Possible reasons:
#   The system is out of physical RAM or swap space
#   The process is running with CompressedOops enabled, and the Java Heap may be blocking the growth of the native heap
# Possible solutions:
#   Reduce memory load on the system
#   Increase physical memory or swap space
#   Check if swap backing store is full
#   Decrease Java heap size (-Xmx/-Xms)
#   Decrease number of Java threads
#   Decrease Java thread stack sizes (-Xss)
#   Set larger code cache with -XX:ReservedCodeCacheSize=
#   JVM is running with Unscaled Compressed Oops mode in which the Java heap is
#     placed in the first 4GB address space. The Java Heap base address is the
#     maximum limit for the native heap growth. Please use -XX:HeapBaseMinAddress
#     to set the Java Heap base and to place the Java Heap above 4GB virtual address.
# This output file may be truncated or incomplete.
#
#  Out of Memory Error (t:/workspace/open/src/hotspot/share/memory/arena.cpp:80), pid=13748, tid=22440
#
# JRE version: Java(TM) SE Runtime Environment (13.0.1+9) (build 13.0.1+9)
# Java VM: Java HotSpot(TM) 64-Bit Server VM (13.0.1+9, mixed mode, sharing, tiered, compressed oops, g1 gc, windows-amd64)
# No core dump will be written. Minidumps are not enabled by default on client versions of Windows
#

---------------  S U M M A R Y ------------

Command Line: -Dapplication.home=C:\Program Files\Java\jdk-13.0.1 --add-modules=ALL-DEFAULT -Xms8m -Djdk.module.main=jdk.compiler jdk.compiler/com.sun.tools.javac.Main -d D:\GITHUB\worldAirline\build\classes -classpath D:\GITHUB\worldAirline\build\classes;D:\GITHUB\worldAirline\lib\mysql-connector-java-5.1.49-bin.jar;D:\GITHUB\worldAirline\lib\absolutelayout\AbsoluteLayout.jar;D:\GITHUB\worldAirline\lib\swingx-all-1.6.4.jar;D:\GITHUB\worldAirline\lib\jcalendar-1.4.jar;D:\GITHUB\worldAirline\lib\barcode.jar;D:\GITHUB\worldAirline\lib\qrgen-1.0.jar;D:\GITHUB\worldAirline\lib\zxing-core-1.7.jar;D:\GITHUB\worldAirline\lib\zxing-j2se-1.7.jar;D:\GITHUB\worldAirline\lib\barbecue-1.5-beta1 (1).jar -sourcepath D:\GITHUB\worldAirline\build\empty -target 13 -encoding UTF-8 -g -processorpath D:\GITHUB\worldAirline\lib\mysql-connector-java-5.1.49-bin.jar;D:\GITHUB\worldAirline\lib\absolutelayout\AbsoluteLayout.jar;D:\GITHUB\worldAirline\lib\swingx-all-1.6.4.jar;D:\GITHUB\worldAirline\lib\jcalendar-1.4.jar;D:\GITHUB\worldAirline\lib\barcode.jar;D:\GITHUB\worldAirline\lib\qrgen-1.0.jar;D:\GITHUB\worldAirline\lib\zxing-core-1.7.jar;D:\GITHUB\worldAirline\lib\zxing-j2se-1.7.jar;D:\GITHUB\worldAirline\lib\barbecue-1.5-beta1 (1).jar;D:\GITHUB\worldAirline\build\empty -s D:\GITHUB\worldAirline\build\generated-sources\ap-source-output -source 13 @C:\Users\Unknow\AppData\Local\Temp\files11255453118595475080

Host: Intel(R) Core(TM) i7-8565U CPU @ 1.80GHz, 8 cores, 7G,  Windows 10 , 64 bit Build 19041 (10.0.19041.546)
Time: Fri Dec  4 19:40:46 2020 Paris, Madrid elapsed time: 0 seconds (0d 0h 0m 0s)

---------------  T H R E A D  ---------------

Current thread (0x000002c75ff71000):  JavaThread "C2 CompilerThread0" daemon [_thread_in_native, id=22440, stack(0x000000deec500000,0x000000deec600000)]


Current CompileTask:
C2:    409  784   !   4       com.sun.tools.javac.parser.JavaTokenizer::readToken (2162 bytes)

Stack: [0x000000deec500000,0x000000deec600000]
Native frames: (J=compiled Java code, j=interpreted, Vv=VM code, C=native code)
V  [jvm.dll+0x626eca]
V  [jvm.dll+0x772c6a]
V  [jvm.dll+0x77441f]
V  [jvm.dll+0x774a23]
V  [jvm.dll+0x24da58]
V  [jvm.dll+0xc3d16]
V  [jvm.dll+0xc406c]
V  [jvm.dll+0x683aaa]
V  [jvm.dll+0x6838d8]
V  [jvm.dll+0x18ec55]
V  [jvm.dll+0x2beb76]
V  [jvm.dll+0x643fa4]
V  [jvm.dll+0x63bc2f]
V  [jvm.dll+0x63b26c]
V  [jvm.dll+0x63910d]
V  [jvm.dll+0x18e1ec]
V  [jvm.dll+0x206763]
V  [jvm.dll+0x18b94c]
V  [jvm.dll+0x2159bd]
V  [jvm.dll+0x213e6b]
V  [jvm.dll+0x738b16]
V  [jvm.dll+0x731c0a]
V  [jvm.dll+0x6260c6]
C  [ucrtbase.dll+0x214c2]
C  [KERNEL32.DLL+0x17034]
C  [ntdll.dll+0x4cec1]


---------------  P R O C E S S  ---------------

Threads class SMR info:
_java_thread_list=0x000002c7601e77b0, length=10, elements={
0x000002c740901800, 0x000002c75ff52800, 0x000002c75ff55800, 0x000002c75ff6e000,
0x000002c75ff6f000, 0x000002c75ff71000, 0x000002c75ff72800, 0x000002c75ff80000,
0x000002c7601c5800, 0x000002c760231800
}

Java Threads: ( => current thread )
  0x000002c740901800 JavaThread "main" [_thread_in_Java, id=19796, stack(0x000000deeba00000,0x000000deebb00000)]
  0x000002c75ff52800 JavaThread "Reference Handler" daemon [_thread_blocked, id=22908, stack(0x000000deec100000,0x000000deec200000)]
  0x000002c75ff55800 JavaThread "Finalizer" daemon [_thread_blocked, id=19464, stack(0x000000deec200000,0x000000deec300000)]
  0x000002c75ff6e000 JavaThread "Signal Dispatcher" daemon [_thread_blocked, id=16852, stack(0x000000deec300000,0x000000deec400000)]
  0x000002c75ff6f000 JavaThread "Attach Listener" daemon [_thread_blocked, id=16408, stack(0x000000deec400000,0x000000deec500000)]
=>0x000002c75ff71000 JavaThread "C2 CompilerThread0" daemon [_thread_in_native, id=22440, stack(0x000000deec500000,0x000000deec600000)]
  0x000002c75ff72800 JavaThread "C1 CompilerThread0" daemon [_thread_in_native, id=10212, stack(0x000000deec600000,0x000000deec700000)]
  0x000002c75ff80000 JavaThread "Sweeper thread" daemon [_thread_blocked, id=20696, stack(0x000000deec700000,0x000000deec800000)]
  0x000002c7601c5800 JavaThread "Common-Cleaner" daemon [_thread_blocked, id=16748, stack(0x000000deec800000,0x000000deec900000)]
  0x000002c760231800 JavaThread "Service Thread" daemon [_thread_blocked, id=19760, stack(0x000000deec900000,0x000000deeca00000)]

Other Threads:
  0x000002c75ff4e000 VMThread "VM Thread" [stack: 0x000000deec000000,0x000000deec100000] [id=8296]
  0x000002c760258800 WatcherThread [stack: 0x000000deeca00000,0x000000deecb00000] [id=21648]
  0x000002c740945800 GCTaskThread "GC Thread#0" [stack: 0x000000deebb00000,0x000000deebc00000] [id=19340]
  0x000002c7603b1800 GCTaskThread "GC Thread#1" [stack: 0x000000deecb00000,0x000000deecc00000] [id=18820]
  0x000002c740957000 ConcurrentGCThread "G1 Main Marker" [stack: 0x000000deebc00000,0x000000deebd00000] [id=21600]
  0x000002c740958000 ConcurrentGCThread "G1 Conc#0" [stack: 0x000000deebd00000,0x000000deebe00000] [id=14120]
  0x000002c740984800 ConcurrentGCThread "G1 Refine#0" [stack: 0x000000deebe00000,0x000000deebf00000] [id=22588]
  0x000002c74098b000 ConcurrentGCThread "G1 Young RemSet Sampling" [stack: 0x000000deebf00000,0x000000deec000000] [id=23340]

Threads with active compile tasks:
C2 CompilerThread0      444  784   !   4       com.sun.tools.javac.parser.JavaTokenizer::readToken (2162 bytes)
C1 CompilerThread0      444  769       3       com.sun.tools.javac.parser.JavacParser::term3 (2676 bytes)

VM state:not at safepoint (normal execution)

VM Mutex/Monitor currently owned by a thread: None

Heap address: 0x0000000082600000, size: 2010 MB, Compressed Oops mode: 32-bit
Narrow klass base: 0x0000000800000000, Narrow klass shift: 3
Compressed class space size: 1073741824 Address: 0x0000000800b40000

Heap:
 garbage-first heap   total 10240K, used 3699K [0x0000000082600000, 0x0000000100000000)
  region size 1024K, 3 young (3072K), 1 survivors (1024K)
 Metaspace       used 7979K, capacity 11019K, committed 11264K, reserved 1058816K
  class space    used 941K, capacity 1257K, committed 1280K, reserved 1048576K
Heap Regions: E=young(eden), S=young(survivor), O=old, HS=humongous(starts), HC=humongous(continues), CS=collection set, F=free, A=archive, TAMS=top-at-mark-start (previous, next)
|   0|0x0000000082600000, 0x0000000082700000, 0x0000000082700000|100%| O|  |TAMS 0x0000000082600000, 0x0000000082600000| Untracked 
|   1|0x0000000082700000, 0x00000000827ba400, 0x0000000082800000| 72%| O|  |TAMS 0x0000000082700000, 0x0000000082700000| Untracked 
|   2|0x0000000082800000, 0x0000000082800000, 0x0000000082900000|  0%| F|  |TAMS 0x0000000082800000, 0x0000000082800000| Untracked 
|   3|0x0000000082900000, 0x0000000082900000, 0x0000000082a00000|  0%| F|  |TAMS 0x0000000082900000, 0x0000000082900000| Untracked 
|   4|0x0000000082a00000, 0x0000000082a00000, 0x0000000082b00000|  0%| F|  |TAMS 0x0000000082a00000, 0x0000000082a00000| Untracked 
|   5|0x0000000082b00000, 0x0000000082be2b08, 0x0000000082c00000| 88%| S|CS|TAMS 0x0000000082b00000, 0x0000000082b00000| Complete 
|   6|0x0000000082c00000, 0x0000000082c00000, 0x0000000082d00000|  0%| F|  |TAMS 0x0000000082c00000, 0x0000000082c00000| Untracked 
|   7|0x0000000082d00000, 0x0000000082d00000, 0x0000000082e00000|  0%| F|  |TAMS 0x0000000082d00000, 0x0000000082d00000| Untracked 
|   8|0x0000000082e00000, 0x0000000082efdf50, 0x0000000082f00000| 99%| E|  |TAMS 0x0000000082e00000, 0x0000000082e00000| Complete 
|   9|0x0000000082f00000, 0x0000000083000000, 0x0000000083000000|100%| E|CS|TAMS 0x0000000082f00000, 0x0000000082f00000| Complete 

Card table byte_map: [0x000002c758640000,0x000002c758a30000] _byte_map_base: 0x000002c75822d000

Marking Bits (Prev, Next): (CMBitMap*) 0x000002c7409463a8, (CMBitMap*) 0x000002c7409463e8
 Prev Bits: [0x000002c758e20000, 0x000002c75ad88000)
 Next Bits: [0x000002c75ad90000, 0x000002c75ccf8000)

Polling page: 0x000002c73e8e0000

Metaspace:

Usage:
  Non-class:      9.53 MB capacity,     6.87 MB ( 72%) used,     2.64 MB ( 28%) free+waste,    18.56 KB ( <1%) overhead. 
      Class:      1.23 MB capacity,   941.76 KB ( 75%) used,   305.68 KB ( 24%) free+waste,     9.56 KB ( <1%) overhead. 
       Both:     10.76 MB capacity,     7.79 MB ( 72%) used,     2.94 MB ( 27%) free+waste,    28.13 KB ( <1%) overhead. 

Virtual space:
  Non-class space:       10.00 MB reserved,       9.75 MB ( 98%) committed 
      Class space:        1.00 GB reserved,       1.25 MB ( <1%) committed 
             Both:        1.01 GB reserved,      11.00 MB (  1%) committed 

Chunk freelists:
   Non-Class:  30.00 KB
       Class:  0 bytes
        Both:  30.00 KB

MaxMetaspaceSize: 17179869184.00 GB
CompressedClassSpaceSize: 1.00 GB

CodeHeap 'non-profiled nmethods': size=120000Kb used=253Kb max_used=253Kb free=119746Kb
 bounds [0x000002c7508e0000, 0x000002c750b50000, 0x000002c757e10000]
CodeHeap 'profiled nmethods': size=120000Kb used=1315Kb max_used=1315Kb free=118684Kb
 bounds [0x000002c7493b0000, 0x000002c749620000, 0x000002c7508e0000]
CodeHeap 'non-nmethods': size=5760Kb used=1150Kb max_used=1163Kb free=4609Kb
 bounds [0x000002c748e10000, 0x000002c749080000, 0x000002c7493b0000]
 total_blobs=1598 nmethods=766 adapters=305
 compilation: enabled
              stopped_count=0, restarted_count=0
 full_count=0

Compilation events (20 events):
Event: 0.395 Thread 0x000002c75ff72800  758       3       java.io.DataOutputStream::writeByte (14 bytes)
Event: 0.395 Thread 0x000002c75ff72800 nmethod 758 0x000002c7494f5d90 code [0x000002c7494f5f40, 0x000002c7494f6250]
Event: 0.395 Thread 0x000002c75ff72800  752       3       java.lang.reflect.ProxyGenerator$ConstantPool::getIndirect (63 bytes)
Event: 0.395 Thread 0x000002c75ff72800 nmethod 752 0x000002c7494f6390 code [0x000002c7494f65c0, 0x000002c7494f6f00]
Event: 0.396 Thread 0x000002c75ff72800  761       3       java.lang.invoke.LambdaForm::uncustomize (57 bytes)
Event: 0.396 Thread 0x000002c75ff72800 nmethod 761 0x000002c7494f7210 code [0x000002c7494f73e0, 0x000002c7494f7770]
Event: 0.396 Thread 0x000002c75ff72800  760       3       java.lang.invoke.BootstrapMethodInvoker::maybeReBox (28 bytes)
Event: 0.396 Thread 0x000002c75ff72800 nmethod 760 0x000002c7494f7890 code [0x000002c7494f7a80, 0x000002c7494f80f8]
Event: 0.396 Thread 0x000002c75ff72800  762       3       sun.invoke.util.BytecodeDescriptor::unparse (37 bytes)
Event: 0.396 Thread 0x000002c75ff72800 nmethod 762 0x000002c7494f8310 code [0x000002c7494f8540, 0x000002c7494f8ca0]
Event: 0.396 Thread 0x000002c75ff72800  769       3       com.sun.tools.javac.parser.JavacParser::term3 (2676 bytes)
Event: 0.398 Thread 0x000002c75ff71000  776       4       com.sun.tools.javac.parser.JavacParser$EmptyEndPosTable::toP (2 bytes)
Event: 0.398 Thread 0x000002c75ff71000 nmethod 776 0x000002c75091e690 code [0x000002c75091e820, 0x000002c75091e898]
Event: 0.398 Thread 0x000002c75ff71000  777       4       com.sun.tools.javac.util.Name$Table::hashValue (36 bytes)
Event: 0.401 Thread 0x000002c75ff71000 nmethod 777 0x000002c75091e990 code [0x000002c75091eb20, 0x000002c75091ed58]
Event: 0.401 Thread 0x000002c75ff71000  778       4       com.sun.tools.javac.tree.TreeMaker::at (7 bytes)
Event: 0.401 Thread 0x000002c75ff71000 nmethod 778 0x000002c75091ee90 code [0x000002c75091f020, 0x000002c75091f098]
Event: 0.401 Thread 0x000002c75ff71000  780       4       com.sun.tools.javac.util.ArrayUtils::ensureCapacity (30 bytes)
Event: 0.403 Thread 0x000002c75ff71000 nmethod 780 0x000002c75091f190 code [0x000002c75091f320, 0x000002c75091f588]
Event: 0.403 Thread 0x000002c75ff71000  784   !   4       com.sun.tools.javac.parser.JavaTokenizer::readToken (2162 bytes)

GC Heap History (10 events):
Event: 0.159 GC heap before
{Heap before GC invocations=0 (full 0):
 garbage-first heap   total 8192K, used 3072K [0x0000000082600000, 0x0000000100000000)
  region size 1024K, 3 young (3072K), 0 survivors (0K)
 Metaspace       used 2295K, capacity 5984K, committed 6016K, reserved 1056768K
  class space    used 267K, capacity 638K, committed 640K, reserved 1048576K
}
Event: 0.161 GC heap after
{Heap after GC invocations=1 (full 0):
 garbage-first heap   total 8192K, used 1112K [0x0000000082600000, 0x0000000100000000)
  region size 1024K, 1 young (1024K), 1 survivors (1024K)
 Metaspace       used 2295K, capacity 5984K, committed 6016K, reserved 1056768K
  class space    used 267K, capacity 638K, committed 640K, reserved 1048576K
}
Event: 0.190 GC heap before
{Heap before GC invocations=1 (full 0):
 garbage-first heap   total 8192K, used 2136K [0x0000000082600000, 0x0000000100000000)
  region size 1024K, 2 young (2048K), 1 survivors (1024K)
 Metaspace       used 3015K, capacity 6502K, committed 6656K, reserved 1056768K
  class space    used 350K, capacity 685K, committed 768K, reserved 1048576K
}
Event: 0.192 GC heap after
{Heap after GC invocations=2 (full 0):
 garbage-first heap   total 8192K, used 1649K [0x0000000082600000, 0x0000000100000000)
  region size 1024K, 1 young (1024K), 1 survivors (1024K)
 Metaspace       used 3015K, capacity 6502K, committed 6656K, reserved 1056768K
  class space    used 350K, capacity 685K, committed 768K, reserved 1048576K
}
Event: 0.253 GC heap before
{Heap before GC invocations=2 (full 0):
 garbage-first heap   total 8192K, used 2673K [0x0000000082600000, 0x0000000100000000)
  region size 1024K, 2 young (2048K), 1 survivors (1024K)
 Metaspace       used 5299K, capacity 8772K, committed 8960K, reserved 1056768K
  class space    used 655K, capacity 1016K, committed 1024K, reserved 1048576K
}
Event: 0.254 GC heap after
{Heap after GC invocations=3 (full 0):
 garbage-first heap   total 8192K, used 1772K [0x0000000082600000, 0x0000000100000000)
  region size 1024K, 1 young (1024K), 1 survivors (1024K)
 Metaspace       used 5299K, capacity 8772K, committed 8960K, reserved 1056768K
  class space    used 655K, capacity 1016K, committed 1024K, reserved 1048576K
}
Event: 0.293 GC heap before
{Heap before GC invocations=3 (full 0):
 garbage-first heap   total 8192K, used 2796K [0x0000000082600000, 0x0000000100000000)
  region size 1024K, 2 young (2048K), 1 survivors (1024K)
 Metaspace       used 6494K, capacity 9839K, committed 9856K, reserved 1058816K
  class space    used 798K, capacity 1140K, committed 1152K, reserved 1048576K
}
Event: 0.294 GC heap after
{Heap after GC invocations=4 (full 0):
 garbage-first heap   total 8192K, used 2198K [0x0000000082600000, 0x0000000100000000)
  region size 1024K, 1 young (1024K), 1 survivors (1024K)
 Metaspace       used 6494K, capacity 9839K, committed 9856K, reserved 1058816K
  class space    used 798K, capacity 1140K, committed 1152K, reserved 1048576K
}
Event: 0.352 GC heap before
{Heap before GC invocations=4 (full 0):
 garbage-first heap   total 8192K, used 3222K [0x0000000082600000, 0x0000000100000000)
  region size 1024K, 2 young (2048K), 1 survivors (1024K)
 Metaspace       used 7097K, capacity 10370K, committed 10496K, reserved 1058816K
  class space    used 875K, capacity 1211K, committed 1280K, reserved 1048576K
}
Event: 0.354 GC heap after
{Heap after GC invocations=5 (full 0):
 garbage-first heap   total 10240K, used 2675K [0x0000000082600000, 0x0000000100000000)
  region size 1024K, 1 young (1024K), 1 survivors (1024K)
 Metaspace       used 7097K, capacity 10370K, committed 10496K, reserved 1058816K
  class space    used 875K, capacity 1211K, committed 1280K, reserved 1048576K
}

Deoptimization events (20 events):
Event: 0.120 Thread 0x000002c740901800 Uncommon trap: trap_request=0xffffff45 fr.pc=0x000002c7508ee18c relative=0x000000000000090c
Event: 0.120 Thread 0x000002c740901800 Uncommon trap: reason=unstable_if action=reinterpret pc=0x000002c7508ee18c method=java.util.HashMap.putVal(ILjava/lang/Object;Ljava/lang/Object;ZZ)Ljava/lang/Object; @ 181 c2
Event: 0.120 Thread 0x000002c740901800 DEOPT PACKING pc=0x000002c7508ee18c sp=0x000000deebafee70
Event: 0.120 Thread 0x000002c740901800 DEOPT UNPACKING pc=0x000002c748e5912f sp=0x000000deebafee10 mode 2
Event: 0.270 Thread 0x000002c740901800 Uncommon trap: trap_request=0xffffff45 fr.pc=0x000002c75090be7c relative=0x000000000000043c
Event: 0.270 Thread 0x000002c740901800 Uncommon trap: reason=unstable_if action=reinterpret pc=0x000002c75090be7c method=java.lang.StringLatin1.replace([BCC)Ljava/lang/String; @ 19 c2
Event: 0.270 Thread 0x000002c740901800 DEOPT PACKING pc=0x000002c75090be7c sp=0x000000deebafd720
Event: 0.270 Thread 0x000002c740901800 DEOPT UNPACKING pc=0x000002c748e5912f sp=0x000000deebafd6a0 mode 2
Event: 0.386 Thread 0x000002c740901800 Uncommon trap: trap_request=0xffffff45 fr.pc=0x000002c75091d708 relative=0x0000000000000348
Event: 0.386 Thread 0x000002c740901800 Uncommon trap: reason=unstable_if action=reinterpret pc=0x000002c75091d708 method=com.sun.tools.javac.parser.UnicodeReader.scanChar()V @ 37 c2
Event: 0.386 Thread 0x000002c740901800 DEOPT PACKING pc=0x000002c75091d708 sp=0x000000deebafdb50
Event: 0.386 Thread 0x000002c740901800 DEOPT UNPACKING pc=0x000002c748e5912f sp=0x000000deebafda68 mode 2
Event: 0.398 Thread 0x000002c740901800 Uncommon trap: trap_request=0xffffff45 fr.pc=0x000002c75091ce14 relative=0x0000000000000354
Event: 0.398 Thread 0x000002c740901800 Uncommon trap: reason=unstable_if action=reinterpret pc=0x000002c75091ce14 method=com.sun.tools.javac.parser.UnicodeReader.scanChar()V @ 37 c2
Event: 0.398 Thread 0x000002c740901800 DEOPT PACKING pc=0x000002c75091ce14 sp=0x000000deebafda40
Event: 0.398 Thread 0x000002c740901800 DEOPT UNPACKING pc=0x000002c748e5912f sp=0x000000deebafd9b0 mode 2
Event: 0.398 Thread 0x000002c740901800 Uncommon trap: trap_request=0xffffff45 fr.pc=0x000002c75091c4dc relative=0x00000000000000bc
Event: 0.398 Thread 0x000002c740901800 Uncommon trap: reason=unstable_if action=reinterpret pc=0x000002c75091c4dc method=com.sun.tools.javac.parser.UnicodeReader.scanChar()V @ 37 c2
Event: 0.398 Thread 0x000002c740901800 DEOPT PACKING pc=0x000002c75091c4dc sp=0x000000deebafda00
Event: 0.398 Thread 0x000002c740901800 DEOPT UNPACKING pc=0x000002c748e5912f sp=0x000000deebafd9a8 mode 2

Classes unloaded (0 events):
No events

Classes redefined (0 events):
No events

Internal exceptions (13 events):
Event: 0.143 Thread 0x000002c740901800 Exception <a 'java/lang/NoSuchMethodError'{0x0000000082b87b00}: 'java.lang.Object java.lang.invoke.DirectMethodHandle$Holder.invokeVirtual(java.lang.Object, java.lang.Object, java.lang.Object)'> (0x0000000082b87b00) 
thrown [t:/workspace/open/src/hotspot/share/interpreter/linkResolver.cpp, line 767]
Event: 0.144 Thread 0x000002c740901800 Exception <a 'java/lang/NoSuchMethodError'{0x0000000082b91960}: 'int java.lang.invoke.DirectMethodHandle$Holder.invokeInterface(java.lang.Object, java.lang.Object)'> (0x0000000082b91960) 
thrown [t:/workspace/open/src/hotspot/share/interpreter/linkResolver.cpp, line 767]
Event: 0.167 Thread 0x000002c740901800 Exception <a 'sun/nio/fs/WindowsException'{0x0000000082d338f0}> (0x0000000082d338f0) 
thrown [t:/workspace/open/src/hotspot/share/prims/jni.cpp, line 598]
Event: 0.167 Thread 0x000002c740901800 Exception <a 'sun/nio/fs/WindowsException'{0x0000000082d33f08}> (0x0000000082d33f08) 
thrown [t:/workspace/open/src/hotspot/share/prims/jni.cpp, line 598]
Event: 0.168 Thread 0x000002c740901800 Exception <a 'sun/nio/fs/WindowsException'{0x0000000082d349a8}> (0x0000000082d349a8) 
thrown [t:/workspace/open/src/hotspot/share/prims/jni.cpp, line 598]
Event: 0.168 Thread 0x000002c740901800 Exception <a 'sun/nio/fs/WindowsException'{0x0000000082d34be8}> (0x0000000082d34be8) 
thrown [t:/workspace/open/src/hotspot/share/prims/jni.cpp, line 598]
Event: 0.169 Thread 0x000002c740901800 Exception <a 'java/lang/NoSuchMethodError'{0x0000000082d3c200}: 'int java.lang.invoke.DirectMethodHandle$Holder.invokeVirtual(java.lang.Object, java.lang.Object, java.lang.Object)'> (0x0000000082d3c200) 
thrown [t:/workspace/open/src/hotspot/share/interpreter/linkResolver.cpp, line 767]
Event: 0.221 Thread 0x000002c740901800 Exception <a 'java/lang/NoSuchMethodError'{0x0000000082d88eb0}: 'int java.lang.invoke.DirectMethodHandle$Holder.invokeStaticInit(java.lang.Object, java.lang.Object)'> (0x0000000082d88eb0) 
thrown [t:/workspace/open/src/hotspot/share/interpreter/linkResolver.cpp, line 767]
Event: 0.267 Thread 0x000002c740901800 Exception <a 'java/lang/NoSuchMethodError'{0x0000000082d526b0}: 'int java.lang.invoke.DirectMethodHandle$Holder.invokeVirtual(java.lang.Object, java.lang.Object)'> (0x0000000082d526b0) 
thrown [t:/workspace/open/src/hotspot/share/interpreter/linkResolver.cpp, line 767]
Event: 0.271 Thread 0x000002c740901800 Exception <a 'java/lang/NoSuchMethodError'{0x0000000082d813a0}: 'java.lang.Object java.lang.invoke.Invokers$Holder.linkToTargetMethod(java.lang.Object, java.lang.Object, java.lang.Object, java.lang.Object, java.lang.Object, java.lang.Object)'> (0x0000000082d813a0) 
thrown [t:/workspace/open/src/hotspot/share/interpreter/linkResolver.cpp, line 767]
Event: 0.283 Thread 0x000002c740901800 Exception <a 'sun/nio/fs/WindowsException'{0x0000000082dd3260}> (0x0000000082dd3260) 
thrown [t:/workspace/open/src/hotspot/share/prims/jni.cpp, line 598]
Event: 0.283 Thread 0x000002c740901800 Exception <a 'sun/nio/fs/WindowsException'{0x0000000082dd34a0}> (0x0000000082dd34a0) 
thrown [t:/workspace/open/src/hotspot/share/prims/jni.cpp, line 598]
Event: 0.335 Thread 0x000002c740901800 Exception <a 'java/lang/NoSuchMethodError'{0x0000000082d80f98}: 'int java.lang.invoke.DirectMethodHandle$Holder.invokeSpecialIFC(java.lang.Object, java.lang.Object, int)'> (0x0000000082d80f98) 
thrown [t:/workspace/open/src/hotspot/share/interpreter/linkResolver.cpp, line 767]

Events (20 events):
Event: 0.392 loading class java/lang/reflect/ProxyGenerator$ConstantPool$Entry done
Event: 0.392 loading class java/lang/reflect/ProxyGenerator$ConstantPool$ValueEntry done
Event: 0.392 loading class java/io/DataOutputStream
Event: 0.392 loading class java/io/DataOutputStream done
Event: 0.392 loading class java/lang/reflect/ProxyGenerator$ConstantPool$IndirectEntry
Event: 0.392 loading class java/lang/reflect/ProxyGenerator$ConstantPool$IndirectEntry done
Event: 0.392 loading class java/lang/reflect/ProxyGenerator$FieldInfo
Event: 0.392 loading class java/lang/reflect/ProxyGenerator$FieldInfo done
Event: 0.392 loading class java/lang/reflect/ProxyGenerator$PrimitiveTypeInfo
Event: 0.392 loading class java/lang/reflect/ProxyGenerator$PrimitiveTypeInfo done
Event: 0.392 loading class java/lang/reflect/ProxyGenerator$ExceptionTableEntry
Event: 0.392 loading class java/lang/reflect/ProxyGenerator$ExceptionTableEntry done
Event: 0.393 loading class java/lang/reflect/Proxy$ProxyBuilder$1
Event: 0.393 loading class java/lang/reflect/Proxy$ProxyBuilder$1 done
Event: 0.393 loading class java/lang/annotation/Target
Event: 0.393 loading class java/lang/annotation/Target done
Event: 0.394 loading class com/sun/tools/javac/tree/JCTree$JCLiteral
Event: 0.394 loading class com/sun/tools/javac/tree/JCTree$JCLiteral done
Event: 0.394 loading class com/sun/tools/javac/tree/JCTree$JCLiteral
Event: 0.394 loading class com/sun/tools/javac/tree/JCTree$JCLiteral done


Dynamic libraries:
0x00007ff7efd70000 - 0x00007ff7efd77000 	C:\Program Files\Java\jdk-13.0.1\bin\javac.exe
0x00007ffe59830000 - 0x00007ffe59a26000 	C:\WINDOWS\SYSTEM32\ntdll.dll
0x00007ffe28b60000 - 0x00007ffe28b72000 	C:\Program Files\AVAST Software\Avast\aswhook.dll
0x00007ffe57980000 - 0x00007ffe57a3d000 	C:\WINDOWS\System32\KERNEL32.DLL
0x00007ffe57360000 - 0x00007ffe57628000 	C:\WINDOWS\System32\KERNELBASE.dll
0x00007ffe57790000 - 0x00007ffe57890000 	C:\WINDOWS\System32\ucrtbase.dll
0x00007ffe3a390000 - 0x00007ffe3a3a8000 	C:\Program Files\Java\jdk-13.0.1\bin\jli.dll
0x00007ffe57aa0000 - 0x00007ffe57b4c000 	C:\WINDOWS\System32\ADVAPI32.dll
0x00007ffe59720000 - 0x00007ffe597be000 	C:\WINDOWS\System32\msvcrt.dll
0x00007ffe58b10000 - 0x00007ffe58bab000 	C:\WINDOWS\System32\sechost.dll
0x00007ffe58120000 - 0x00007ffe58244000 	C:\WINDOWS\System32\RPCRT4.dll
0x00007ffe58e30000 - 0x00007ffe58fd0000 	C:\WINDOWS\System32\USER32.dll
0x00007ffe57630000 - 0x00007ffe57652000 	C:\WINDOWS\System32\win32u.dll
0x00007ffe597c0000 - 0x00007ffe597ea000 	C:\WINDOWS\System32\GDI32.dll
0x00007ffe57100000 - 0x00007ffe57209000 	C:\WINDOWS\System32\gdi32full.dll
0x00007ffe57210000 - 0x00007ffe572ad000 	C:\WINDOWS\System32\msvcp_win.dll
0x00007ffe326f0000 - 0x00007ffe32705000 	C:\Program Files\Java\jdk-13.0.1\bin\VCRUNTIME140.dll
0x00007ffe397b0000 - 0x00007ffe39a4b000 	C:\WINDOWS\WinSxS\amd64_microsoft.windows.common-controls_6595b64144ccf1df_6.0.19041.488_none_ca04af081b815d21\COMCTL32.dll
0x00007ffe4ecf0000 - 0x00007ffe4ecfa000 	C:\WINDOWS\SYSTEM32\VERSION.dll
0x00007ffe58250000 - 0x00007ffe58280000 	C:\WINDOWS\System32\IMM32.DLL
0x00007ffe1d230000 - 0x00007ffe1d2cb000 	C:\Program Files\Java\jdk-13.0.1\bin\msvcp140.dll
0x00007ffe0ac80000 - 0x00007ffe0b7e6000 	C:\Program Files\Java\jdk-13.0.1\bin\server\jvm.dll
0x00007ffe57f10000 - 0x00007ffe57f18000 	C:\WINDOWS\System32\PSAPI.DLL
0x00007ffe452a0000 - 0x00007ffe452a9000 	C:\WINDOWS\SYSTEM32\WSOCK32.dll
0x00007ffe58500000 - 0x00007ffe5856b000 	C:\WINDOWS\System32\WS2_32.dll
0x00007ffe42e70000 - 0x00007ffe42e97000 	C:\WINDOWS\SYSTEM32\WINMM.dll
0x00007ffe54de0000 - 0x00007ffe54df2000 	C:\WINDOWS\SYSTEM32\kernel.appcore.dll
0x00007ffe51480000 - 0x00007ffe51490000 	C:\Program Files\Java\jdk-13.0.1\bin\verify.dll
0x00007ffe544a0000 - 0x00007ffe54684000 	C:\WINDOWS\SYSTEM32\DBGHELP.DLL
0x00007ffe4cd70000 - 0x00007ffe4cd9c000 	C:\WINDOWS\SYSTEM32\dbgcore.DLL
0x00007ffe57710000 - 0x00007ffe5778f000 	C:\WINDOWS\System32\bcryptPrimitives.dll
0x00007ffe1d2d0000 - 0x00007ffe1d2f6000 	C:\Program Files\Java\jdk-13.0.1\bin\java.dll
0x00007ffe30410000 - 0x00007ffe30427000 	C:\Program Files\Java\jdk-13.0.1\bin\zip.dll
0x00007ffe512f0000 - 0x00007ffe512fa000 	C:\Program Files\Java\jdk-13.0.1\bin\jimage.dll
0x00007ffe58fd0000 - 0x00007ffe59711000 	C:\WINDOWS\System32\SHELL32.dll
0x00007ffe550c0000 - 0x00007ffe55855000 	C:\WINDOWS\SYSTEM32\windows.storage.dll
0x00007ffe57b50000 - 0x00007ffe57ea5000 	C:\WINDOWS\System32\combase.dll
0x00007ffe569e0000 - 0x00007ffe56a0c000 	C:\WINDOWS\SYSTEM32\Wldp.dll
0x00007ffe58ce0000 - 0x00007ffe58d8e000 	C:\WINDOWS\System32\SHCORE.dll
0x00007ffe57a40000 - 0x00007ffe57a95000 	C:\WINDOWS\System32\shlwapi.dll
0x00007ffe56ea0000 - 0x00007ffe56ec6000 	C:\WINDOWS\SYSTEM32\profapi.dll
0x00007ffe30940000 - 0x00007ffe30959000 	C:\Program Files\Java\jdk-13.0.1\bin\net.dll
0x00007ffe53ab0000 - 0x00007ffe53bb0000 	C:\WINDOWS\SYSTEM32\WINHTTP.dll
0x00007ffe56760000 - 0x00007ffe567ca000 	C:\WINDOWS\system32\mswsock.dll
0x00007ffe30920000 - 0x00007ffe30933000 	C:\Program Files\Java\jdk-13.0.1\bin\nio.dll

dbghelp: loaded successfully - version: 4.0.5 - missing functions: none
symbol engine: initialized successfully - sym options: 0x614 - pdb path: .;C:\Program Files\Java\jdk-13.0.1\bin;C:\WINDOWS\SYSTEM32;C:\Program Files\AVAST Software\Avast;C:\WINDOWS\WinSxS\amd64_microsoft.windows.common-controls_6595b64144ccf1df_6.0.19041.488_none_ca04af081b815d21;C:\Program Files\Java\jdk-13.0.1\bin\server

VM Arguments:
jvm_args: -Dapplication.home=C:\Program Files\Java\jdk-13.0.1 --add-modules=ALL-DEFAULT -Xms8m -Djdk.module.main=jdk.compiler 
java_command: jdk.compiler/com.sun.tools.javac.Main -d D:\GITHUB\worldAirline\build\classes -classpath D:\GITHUB\worldAirline\build\classes;D:\GITHUB\worldAirline\lib\mysql-connector-java-5.1.49-bin.jar;D:\GITHUB\worldAirline\lib\absolutelayout\AbsoluteLayout.jar;D:\GITHUB\worldAirline\lib\swingx-all-1.6.4.jar;D:\GITHUB\worldAirline\lib\jcalendar-1.4.jar;D:\GITHUB\worldAirline\lib\barcode.jar;D:\GITHUB\worldAirline\lib\qrgen-1.0.jar;D:\GITHUB\worldAirline\lib\zxing-core-1.7.jar;D:\GITHUB\worldAirline\lib\zxing-j2se-1.7.jar;D:\GITHUB\worldAirline\lib\barbecue-1.5-beta1 (1).jar -sourcepath D:\GITHUB\worldAirline\build\empty -target 13 -encoding UTF-8 -g -processorpath D:\GITHUB\worldAirline\lib\mysql-connector-java-5.1.49-bin.jar;D:\GITHUB\worldAirline\lib\absolutelayout\AbsoluteLayout.jar;D:\GITHUB\worldAirline\lib\swingx-all-1.6.4.jar;D:\GITHUB\worldAirline\lib\jcalendar-1.4.jar;D:\GITHUB\worldAirline\lib\barcode.jar;D:\GITHUB\worldAirline\lib\qrgen-1.0.jar;D:\GITHUB\worldAirline\lib\zxing-core-1.7.jar;D:\GITHUB\worldAirline\lib\zxing-j2se-1.7.jar;D:\GITHUB\worldAirline\lib\barbecue-1.5-beta1 (1).jar;D:\GITHUB\worldAirline\build\empty -s D:\GITHUB\worldAirline\build\generated-sources\ap-source-output -source 13 @C:\Users\Unknow\AppData\Local\Temp\files11255453118595475080
java_class_path (initial): <not set>
Launcher Type: SUN_STANDARD

[Global flags]
     intx CICompilerCount                          = 4                                         {product} {ergonomic}
     uint ConcGCThreads                            = 2                                         {product} {ergonomic}
     uint G1ConcRefinementThreads                  = 8                                         {product} {ergonomic}
   size_t G1HeapRegionSize                         = 1048576                                   {product} {ergonomic}
    uintx GCDrainStackTargetSize                   = 64                                        {product} {ergonomic}
   size_t InitialHeapSize                          = 8388608                                   {product} {command line}
   size_t MarkStackSize                            = 4194304                                   {product} {ergonomic}
   size_t MaxHeapSize                              = 2107637760                                {product} {ergonomic}
   size_t MaxNewSize                               = 1264582656                                {product} {ergonomic}
   size_t MinHeapDeltaBytes                        = 1048576                                   {product} {ergonomic}
   size_t MinHeapSize                              = 8388608                                   {product} {command line}
    uintx NonNMethodCodeHeapSize                   = 5836300                                {pd product} {ergonomic}
    uintx NonProfiledCodeHeapSize                  = 122910970                              {pd product} {ergonomic}
    uintx ProfiledCodeHeapSize                     = 122910970                              {pd product} {ergonomic}
    uintx ReservedCodeCacheSize                    = 251658240                              {pd product} {ergonomic}
     bool SegmentedCodeCache                       = true                                      {product} {ergonomic}
   size_t SoftMaxHeapSize                          = 2107637760                             {manageable} {ergonomic}
     bool UseCompressedClassPointers               = true                                 {lp64_product} {ergonomic}
     bool UseCompressedOops                        = true                                 {lp64_product} {ergonomic}
     bool UseG1GC                                  = true                                      {product} {ergonomic}
     bool UseLargePagesIndividualAllocation        = false                                  {pd product} {ergonomic}

Logging:
Log output configuration:
 #0: stdout all=warning uptime,level,tags
 #1: stderr all=off uptime,level,tags

Environment Variables:
PATH=C:\Program Files\Common Files\Oracle\Java\javapath;C:\ProgramData\Oracle\Java\javapath;C:\Users\Unknow\gcc\bin;C:\Users\Unknow\gcc\libexec\gcc\x86_64-pc-mingw32\4.7.0;C:\WINDOWS\system32;C:\WINDOWS;C:\WINDOWS\System32\Wbem;C:\WINDOWS\System32\WindowsPowerShell\v1.0\;C:\WINDOWS\System32\OpenSSH\;C:\Program Files\Intel\WiFi\bin\;C:\Program Files\Common Files\Intel\WirelessCommon\;C:\Program Files\Java\jdk-13.0.1\bin;D:\Mathslab\Polyspace\runtime\win64;D:\Mathslab\Polyspace\bin;D:\Mathslab\Polyspace\polyspace\bin;C:\Users\Unknow\AppData\Local\Microsoft\WindowsApps;C:\Users\Unknow\AppData\Local\Microsoft\WindowsApps;C:\Users\Unknow\AppData\Local\GitHubDesktop\bin
USERNAME=Unknow
OS=Windows_NT
PROCESSOR_IDENTIFIER=Intel64 Family 6 Model 142 Stepping 11, GenuineIntel



---------------  S Y S T E M  ---------------

OS: Windows 10 , 64 bit Build 19041 (10.0.19041.546)

CPU:total 8 (initial active 8) (4 cores per cpu, 2 threads per core) family 6 model 142 stepping 11, cmov, cx8, fxsr, mmx, sse, sse2, sse3, ssse3, sse4.1, sse4.2, popcnt, avx, avx2, aes, clmul, erms, 3dnowpref, lzcnt, ht, tsc, tscinvbit, bmi1, bmi2, adx, fma

Memory: 4k page, system-wide physical 8037M (333M free)
TotalPageFile size 18277M (AvailPageFile size 4M)
current process WorkingSet (physical memory assigned to process): 64M, peak: 64M
current process commit charge ("private bytes"): 108M, peak: 108M

vm_info: Java HotSpot(TM) 64-Bit Server VM (13.0.1+9) for windows-amd64 JRE (13.0.1+9), built on Oct  6 2019 12:37:49 by "mach5one" with unknown MS VC++:1916

END.
