#
# There is insufficient memory for the Java Runtime Environment to continue.
# Native memory allocation (malloc) failed to allocate 741536 bytes for Chunk::new
# Possible reasons:
#   The system is out of physical RAM or swap space
#   The process is running with CompressedOops enabled, and the Java Heap may be blocking the growth of the native heap
# Possible solutions:
#   Reduce memory load on the system
#   Increase physical memory or swap space
#   Check if swap backing store is full
#   Decrease Java heap size (-Xmx/-Xms)
#   Decrease number of Java threads
#   Decrease Java thread stack sizes (-Xss)
#   Set larger code cache with -XX:ReservedCodeCacheSize=
#   JVM is running with Unscaled Compressed Oops mode in which the Java heap is
#     placed in the first 4GB address space. The Java Heap base address is the
#     maximum limit for the native heap growth. Please use -XX:HeapBaseMinAddress
#     to set the Java Heap base and to place the Java Heap above 4GB virtual address.
# This output file may be truncated or incomplete.
#
#  Out of Memory Error (t:/workspace/open/src/hotspot/share/memory/arena.cpp:196), pid=20052, tid=14380
#
# JRE version: Java(TM) SE Runtime Environment (13.0.1+9) (build 13.0.1+9)
# Java VM: Java HotSpot(TM) 64-Bit Server VM (13.0.1+9, mixed mode, sharing, tiered, compressed oops, g1 gc, windows-amd64)
# No core dump will be written. Minidumps are not enabled by default on client versions of Windows
#

---------------  S U M M A R Y ------------

Command Line: -Dapplication.home=C:\Program Files\Java\jdk-13.0.1 --add-modules=ALL-DEFAULT -Xms8m -Djdk.module.main=jdk.compiler jdk.compiler/com.sun.tools.javac.Main -d D:\GITHUB\worldAirline\build\classes -classpath D:\GITHUB\worldAirline\build\classes;D:\GITHUB\worldAirline\lib\mysql-connector-java-5.1.49-bin.jar;D:\GITHUB\worldAirline\lib\absolutelayout\AbsoluteLayout.jar;D:\GITHUB\worldAirline\lib\swingx-all-1.6.4.jar;D:\GITHUB\worldAirline\lib\jcalendar-1.4.jar;D:\GITHUB\worldAirline\lib\barcode.jar;D:\GITHUB\worldAirline\lib\qrgen-1.0.jar;D:\GITHUB\worldAirline\lib\zxing-core-1.7.jar;D:\GITHUB\worldAirline\lib\zxing-j2se-1.7.jar;D:\GITHUB\worldAirline\lib\barbecue-1.5-beta1 (1).jar -sourcepath D:\GITHUB\worldAirline\build\empty -target 13 -encoding UTF-8 -g -processorpath D:\GITHUB\worldAirline\lib\mysql-connector-java-5.1.49-bin.jar;D:\GITHUB\worldAirline\lib\absolutelayout\AbsoluteLayout.jar;D:\GITHUB\worldAirline\lib\swingx-all-1.6.4.jar;D:\GITHUB\worldAirline\lib\jcalendar-1.4.jar;D:\GITHUB\worldAirline\lib\barcode.jar;D:\GITHUB\worldAirline\lib\qrgen-1.0.jar;D:\GITHUB\worldAirline\lib\zxing-core-1.7.jar;D:\GITHUB\worldAirline\lib\zxing-j2se-1.7.jar;D:\GITHUB\worldAirline\lib\barbecue-1.5-beta1 (1).jar;D:\GITHUB\worldAirline\build\empty -s D:\GITHUB\worldAirline\build\generated-sources\ap-source-output -source 13 @C:\Users\Unknow\AppData\Local\Temp\files15405004236602615872

Host: Intel(R) Core(TM) i7-8565U CPU @ 1.80GHz, 8 cores, 7G,  Windows 10 , 64 bit Build 19041 (10.0.19041.546)
Time: Fri Dec  4 17:48:24 2020 Paris, Madrid elapsed time: 1 seconds (0d 0h 0m 1s)

---------------  T H R E A D  ---------------

Current thread (0x00000210de8d3000):  JavaThread "C2 CompilerThread0" daemon [_thread_in_native, id=14380, stack(0x0000004fe5300000,0x0000004fe5400000)]


Current CompileTask:
C2:   1151 2097       4       com.sun.tools.javac.code.Symtab::lookupPackage (243 bytes)

Stack: [0x0000004fe5300000,0x0000004fe5400000]
Native frames: (J=compiled Java code, j=interpreted, Vv=VM code, C=native code)
V  [jvm.dll+0x626eca]
V  [jvm.dll+0x772c6a]
V  [jvm.dll+0x77441f]
V  [jvm.dll+0x774a23]
V  [jvm.dll+0x24da58]
V  [jvm.dll+0xc3ae7]
V  [jvm.dll+0xc406c]
V  [jvm.dll+0x2bfa84]
V  [jvm.dll+0x545e6d]
V  [jvm.dll+0x20fb86]
V  [jvm.dll+0x208f8c]
V  [jvm.dll+0x2069bd]
V  [jvm.dll+0x18b94c]
V  [jvm.dll+0x2159bd]
V  [jvm.dll+0x213e6b]
V  [jvm.dll+0x738b16]
V  [jvm.dll+0x731c0a]
V  [jvm.dll+0x6260c6]
C  [ucrtbase.dll+0x214c2]
C  [KERNEL32.DLL+0x17034]
C  [ntdll.dll+0x4cec1]


---------------  P R O C E S S  ---------------

Threads class SMR info:
_java_thread_list=0x00000210df2ebeb0, length=12, elements={
0x00000210bf241800, 0x00000210de8b1800, 0x00000210de8b4800, 0x00000210de8cf800,
0x00000210de8d0800, 0x00000210de8d3000, 0x00000210de8d5000, 0x00000210de8d6800,
0x00000210deb1f800, 0x00000210deb46800, 0x00000210deb9e800, 0x00000210dfb93800
}

Java Threads: ( => current thread )
  0x00000210bf241800 JavaThread "main" [_thread_in_Java, id=9756, stack(0x0000004fe4800000,0x0000004fe4900000)]
  0x00000210de8b1800 JavaThread "Reference Handler" daemon [_thread_blocked, id=21648, stack(0x0000004fe4f00000,0x0000004fe5000000)]
  0x00000210de8b4800 JavaThread "Finalizer" daemon [_thread_blocked, id=3164, stack(0x0000004fe5000000,0x0000004fe5100000)]
  0x00000210de8cf800 JavaThread "Signal Dispatcher" daemon [_thread_blocked, id=6356, stack(0x0000004fe5100000,0x0000004fe5200000)]
  0x00000210de8d0800 JavaThread "Attach Listener" daemon [_thread_blocked, id=20452, stack(0x0000004fe5200000,0x0000004fe5300000)]
=>0x00000210de8d3000 JavaThread "C2 CompilerThread0" daemon [_thread_in_native, id=14380, stack(0x0000004fe5300000,0x0000004fe5400000)]
  0x00000210de8d5000 JavaThread "C1 CompilerThread0" daemon [_thread_blocked, id=8132, stack(0x0000004fe5400000,0x0000004fe5500000)]
  0x00000210de8d6800 JavaThread "Sweeper thread" daemon [_thread_blocked, id=15752, stack(0x0000004fe5500000,0x0000004fe5600000)]
  0x00000210deb1f800 JavaThread "Common-Cleaner" daemon [_thread_blocked, id=16956, stack(0x0000004fe5600000,0x0000004fe5700000)]
  0x00000210deb46800 JavaThread "C2 CompilerThread1" daemon [_thread_in_native, id=12268, stack(0x0000004fe5700000,0x0000004fe5800000)]
  0x00000210deb9e800 JavaThread "Service Thread" daemon [_thread_blocked, id=5268, stack(0x0000004fe5800000,0x0000004fe5900000)]
  0x00000210dfb93800 JavaThread "C2 CompilerThread2" daemon [_thread_in_native, id=19428, stack(0x0000004fe5b00000,0x0000004fe5c00000)]

Other Threads:
  0x00000210de8ac000 VMThread "VM Thread" [stack: 0x0000004fe4e00000,0x0000004fe4f00000] [id=8032]
  0x00000210debc3800 WatcherThread [stack: 0x0000004fe5900000,0x0000004fe5a00000] [id=15172]
  0x00000210bf285800 GCTaskThread "GC Thread#0" [stack: 0x0000004fe4900000,0x0000004fe4a00000] [id=15372]
  0x00000210ded35800 GCTaskThread "GC Thread#1" [stack: 0x0000004fe5a00000,0x0000004fe5b00000] [id=11692]
  0x00000210bf297000 ConcurrentGCThread "G1 Main Marker" [stack: 0x0000004fe4a00000,0x0000004fe4b00000] [id=17952]
  0x00000210bf298000 ConcurrentGCThread "G1 Conc#0" [stack: 0x0000004fe4b00000,0x0000004fe4c00000] [id=17492]
  0x00000210e0433800 ConcurrentGCThread "G1 Conc#1" [stack: 0x0000004fe5c00000,0x0000004fe5d00000] [id=704]
  0x00000210bf2c4800 ConcurrentGCThread "G1 Refine#0" [stack: 0x0000004fe4c00000,0x0000004fe4d00000] [id=21392]
  0x00000210bf2c6800 ConcurrentGCThread "G1 Young RemSet Sampling" [stack: 0x0000004fe4d00000,0x0000004fe4e00000] [id=7908]

Threads with active compile tasks:
C2 CompilerThread0     1189 2097       4       com.sun.tools.javac.code.Symtab::lookupPackage (243 bytes)
C1 CompilerThread0     1189 2288       3       java.lang.invoke.MethodHandles$Lookup::checkAccess (228 bytes)
C2 CompilerThread1     1189 2197       4       com.sun.tools.javac.code.Types$15::visitClassType (130 bytes)
C2 CompilerThread2     1189 2026       4       com.sun.tools.javac.jvm.PoolReader::resolve (341 bytes)

VM state:not at safepoint (normal execution)

VM Mutex/Monitor currently owned by a thread: None

Heap address: 0x0000000082600000, size: 2010 MB, Compressed Oops mode: 32-bit
Narrow klass base: 0x0000000800000000, Narrow klass shift: 3
Compressed class space size: 1073741824 Address: 0x0000000800b40000

Heap:
 garbage-first heap   total 36864K, used 21968K [0x0000000082600000, 0x0000000100000000)
  region size 1024K, 10 young (10240K), 2 survivors (2048K)
 Metaspace       used 11127K, capacity 13201K, committed 13440K, reserved 1060864K
  class space    used 1256K, capacity 1551K, committed 1664K, reserved 1048576K
Heap Regions: E=young(eden), S=young(survivor), O=old, HS=humongous(starts), HC=humongous(continues), CS=collection set, F=free, A=archive, TAMS=top-at-mark-start (previous, next)
|   0|0x0000000082600000, 0x0000000082700000, 0x0000000082700000|100%| O|  |TAMS 0x0000000082700000, 0x0000000082600000| Untracked 
|   1|0x0000000082700000, 0x0000000082800000, 0x0000000082800000|100%| O|  |TAMS 0x0000000082800000, 0x0000000082700000| Untracked 
|   2|0x0000000082800000, 0x0000000082900000, 0x0000000082900000|100%| O|  |TAMS 0x0000000082900000, 0x0000000082800000| Untracked 
|   3|0x0000000082900000, 0x0000000082a00000, 0x0000000082a00000|100%| O|  |TAMS 0x0000000082a00000, 0x0000000082900000| Untracked 
|   4|0x0000000082a00000, 0x0000000082b00000, 0x0000000082b00000|100%| O|  |TAMS 0x0000000082b00000, 0x0000000082a00000| Untracked 
|   5|0x0000000082b00000, 0x0000000082c00000, 0x0000000082c00000|100%| O|  |TAMS 0x0000000082c00000, 0x0000000082b00000| Untracked 
|   6|0x0000000082c00000, 0x0000000082d00000, 0x0000000082d00000|100%| O|  |TAMS 0x0000000082c32600, 0x0000000082c00000| Untracked 
|   7|0x0000000082d00000, 0x0000000082e00000, 0x0000000082e00000|100%| O|  |TAMS 0x0000000082d00000, 0x0000000082d00000| Untracked 
|   8|0x0000000082e00000, 0x0000000082f00000, 0x0000000082f00000|100%| O|  |TAMS 0x0000000082e00000, 0x0000000082e00000| Untracked 
|   9|0x0000000082f00000, 0x0000000083000000, 0x0000000083000000|100%| O|  |TAMS 0x0000000082f00000, 0x0000000082f00000| Untracked 
|  10|0x0000000083000000, 0x0000000083100000, 0x0000000083100000|100%|HS|  |TAMS 0x0000000083000000, 0x0000000083000000| Complete 
|  11|0x0000000083100000, 0x0000000083200000, 0x0000000083200000|100%| O|  |TAMS 0x0000000083100000, 0x0000000083100000| Untracked 
|  12|0x0000000083200000, 0x00000000832d3e00, 0x0000000083300000| 82%| O|  |TAMS 0x0000000083200000, 0x0000000083200000| Untracked 
|  13|0x0000000083300000, 0x0000000083300000, 0x0000000083400000|  0%| F|  |TAMS 0x0000000083300000, 0x0000000083300000| Untracked 
|  14|0x0000000083400000, 0x0000000083400000, 0x0000000083500000|  0%| F|  |TAMS 0x0000000083400000, 0x0000000083400000| Untracked 
|  15|0x0000000083500000, 0x0000000083500000, 0x0000000083600000|  0%| F|  |TAMS 0x0000000083500000, 0x0000000083500000| Untracked 
|  16|0x0000000083600000, 0x0000000083600000, 0x0000000083700000|  0%| F|  |TAMS 0x0000000083600000, 0x0000000083600000| Untracked 
|  17|0x0000000083700000, 0x0000000083700000, 0x0000000083800000|  0%| F|  |TAMS 0x0000000083700000, 0x0000000083700000| Untracked 
|  18|0x0000000083800000, 0x0000000083800000, 0x0000000083900000|  0%| F|  |TAMS 0x0000000083800000, 0x0000000083800000| Untracked 
|  19|0x0000000083900000, 0x0000000083900000, 0x0000000083a00000|  0%| F|  |TAMS 0x0000000083900000, 0x0000000083900000| Untracked 
|  20|0x0000000083a00000, 0x0000000083a00000, 0x0000000083b00000|  0%| F|  |TAMS 0x0000000083a00000, 0x0000000083a00000| Untracked 
|  21|0x0000000083b00000, 0x0000000083b00000, 0x0000000083c00000|  0%| F|  |TAMS 0x0000000083b00000, 0x0000000083b00000| Untracked 
|  22|0x0000000083c00000, 0x0000000083c00000, 0x0000000083d00000|  0%| F|  |TAMS 0x0000000083c00000, 0x0000000083c00000| Untracked 
|  23|0x0000000083d00000, 0x0000000083da0450, 0x0000000083e00000| 62%| S|CS|TAMS 0x0000000083d00000, 0x0000000083d00000| Complete 
|  24|0x0000000083e00000, 0x0000000083f00000, 0x0000000083f00000|100%| S|CS|TAMS 0x0000000083e00000, 0x0000000083e00000| Complete 
|  25|0x0000000083f00000, 0x0000000083f00000, 0x0000000084000000|  0%| F|  |TAMS 0x0000000083f00000, 0x0000000083f00000| Untracked 
|  26|0x0000000084000000, 0x0000000084000000, 0x0000000084100000|  0%| F|  |TAMS 0x0000000084000000, 0x0000000084000000| Untracked 
|  27|0x0000000084100000, 0x0000000084100000, 0x0000000084200000|  0%| F|  |TAMS 0x0000000084100000, 0x0000000084100000| Untracked 
|  28|0x0000000084200000, 0x00000000842f50a0, 0x0000000084300000| 95%| E|  |TAMS 0x0000000084200000, 0x0000000084200000| Complete 
|  29|0x0000000084300000, 0x0000000084400000, 0x0000000084400000|100%| E|CS|TAMS 0x0000000084300000, 0x0000000084300000| Complete 
|  30|0x0000000084400000, 0x0000000084500000, 0x0000000084500000|100%| E|CS|TAMS 0x0000000084400000, 0x0000000084400000| Complete 
|  31|0x0000000084500000, 0x0000000084600000, 0x0000000084600000|100%| E|CS|TAMS 0x0000000084500000, 0x0000000084500000| Complete 
|  32|0x0000000084600000, 0x0000000084700000, 0x0000000084700000|100%| E|CS|TAMS 0x0000000084600000, 0x0000000084600000| Complete 
|  33|0x0000000084700000, 0x0000000084800000, 0x0000000084800000|100%| E|CS|TAMS 0x0000000084700000, 0x0000000084700000| Complete 
|  34|0x0000000084800000, 0x0000000084900000, 0x0000000084900000|100%| E|CS|TAMS 0x0000000084800000, 0x0000000084800000| Complete 
|  35|0x0000000084900000, 0x0000000084a00000, 0x0000000084a00000|100%| E|CS|TAMS 0x0000000084900000, 0x0000000084900000| Complete 

Card table byte_map: [0x00000210d6f80000,0x00000210d7370000] _byte_map_base: 0x00000210d6b6d000

Marking Bits (Prev, Next): (CMBitMap*) 0x00000210bf2863e8, (CMBitMap*) 0x00000210bf2863a8
 Prev Bits: [0x00000210d96d0000, 0x00000210db638000)
 Next Bits: [0x00000210d7760000, 0x00000210d96c8000)

Polling page: 0x00000210bea20000

Metaspace:

Usage:
  Non-class:     11.38 MB capacity,     9.65 MB ( 85%) used,     1.69 MB ( 15%) free+waste,    38.31 KB ( <1%) overhead. 
      Class:      1.52 MB capacity,     1.23 MB ( 81%) used,   275.87 KB ( 18%) free+waste,    18.31 KB (  1%) overhead. 
       Both:     12.90 MB capacity,    10.88 MB ( 84%) used,     1.96 MB ( 15%) free+waste,    56.63 KB ( <1%) overhead. 

Virtual space:
  Non-class space:       12.00 MB reserved,      11.50 MB ( 96%) committed 
      Class space:        1.00 GB reserved,       1.63 MB ( <1%) committed 
             Both:        1.01 GB reserved,      13.13 MB (  1%) committed 

Chunk freelists:
   Non-Class:  0 bytes
       Class:  0 bytes
        Both:  0 bytes

MaxMetaspaceSize: 17179869184.00 GB
CompressedClassSpaceSize: 1.00 GB

CodeHeap 'non-profiled nmethods': size=120000Kb used=965Kb max_used=965Kb free=119035Kb
 bounds [0x00000210cf220000, 0x00000210cf490000, 0x00000210d6750000]
CodeHeap 'profiled nmethods': size=120000Kb used=5484Kb max_used=5484Kb free=114516Kb
 bounds [0x00000210c7cf0000, 0x00000210c8250000, 0x00000210cf220000]
CodeHeap 'non-nmethods': size=5760Kb used=1184Kb max_used=1233Kb free=4575Kb
 bounds [0x00000210c7750000, 0x00000210c79c0000, 0x00000210c7cf0000]
 total_blobs=3583 nmethods=2266 adapters=344
 compilation: enabled
              stopped_count=0, restarted_count=0
 full_count=0

Compilation events (20 events):
Event: 1.143 Thread 0x00000210de8d5000 2209       3       com.sun.tools.javac.comp.AttrContext::<init> (80 bytes)
Event: 1.143 Thread 0x00000210de8d5000 nmethod 2209 0x00000210c8213010 code [0x00000210c82131c0, 0x00000210c82134d8]
Event: 1.143 Thread 0x00000210de8d5000 2206       3       com.sun.tools.javac.code.Types$14::visitClassType (10 bytes)
Event: 1.143 Thread 0x00000210de8d5000 nmethod 2206 0x00000210c8213590 code [0x00000210c8213740, 0x00000210c8213a10]
Event: 1.143 Thread 0x00000210de8d5000 2212       3       com.sun.tools.javac.code.Type$ClassType::isParameterized (16 bytes)
Event: 1.144 Thread 0x00000210de8d5000 nmethod 2212 0x00000210c8213b10 code [0x00000210c8213cc0, 0x00000210c8213f70]
Event: 1.144 Thread 0x00000210de8d5000 2207       3       com.sun.tools.javac.code.Types$14::visitClassType (54 bytes)
Event: 1.144 Thread 0x00000210de8d5000 nmethod 2207 0x00000210c8214090 code [0x00000210c82142a0, 0x00000210c82148b0]
Event: 1.144 Thread 0x00000210de8d5000 2208       1       com.sun.tools.javac.comp.Resolve$MethodResolutionPhase::isVarargsRequired (5 bytes)
Event: 1.144 Thread 0x00000210de8d5000 nmethod 2208 0x00000210cf305710 code [0x00000210cf3058a0, 0x00000210cf3059d8]
Event: 1.144 Thread 0x00000210de8d5000 2210       3       com.sun.tools.javac.comp.Resolve::isAccessible (9 bytes)
Event: 1.144 Thread 0x00000210de8d5000 nmethod 2210 0x00000210c8214b10 code [0x00000210c8214cc0, 0x00000210c8214e70]
Event: 1.144 Thread 0x00000210de8d5000 2211       3       com.sun.tools.javac.comp.Resolve::isAccessible (394 bytes)
Event: 1.146 Thread 0x00000210de8d5000 nmethod 2211 0x00000210c8214f10 code [0x00000210c8215280, 0x00000210c8216f60]
Event: 1.146 Thread 0x00000210de8d5000 2215       1       java.util.Spliterators$ArraySpliterator::characteristics (5 bytes)
Event: 1.146 Thread 0x00000210de8d5000 nmethod 2215 0x00000210cf305a90 code [0x00000210cf305c20, 0x00000210cf305d58]
Event: 1.146 Thread 0x00000210de8d5000 2217       3       com.sun.tools.javac.code.Types::rank (269 bytes)
Event: 1.147 Thread 0x00000210de8d5000 nmethod 2217 0x00000210c8217690 code [0x00000210c8217a20, 0x00000210c8219870]
Event: 1.147 Thread 0x00000210de8d5000 2214       1       com.sun.tools.javac.code.Type$JCPrimitiveType::isPrimitive (2 bytes)
Event: 1.147 Thread 0x00000210de8d5000 nmethod 2214 0x00000210cf305e10 code [0x00000210cf305fa0, 0x00000210cf3060d8]

GC Heap History (20 events):
Event: 0.521 GC heap before
{Heap before GC invocations=9 (full 0):
 garbage-first heap   total 14336K, used 6739K [0x0000000082600000, 0x0000000100000000)
  region size 1024K, 3 young (3072K), 1 survivors (1024K)
 Metaspace       used 8401K, capacity 11190K, committed 11264K, reserved 1058816K
  class space    used 973K, capacity 1272K, committed 1280K, reserved 1048576K
}
Event: 0.525 GC heap after
{Heap after GC invocations=10 (full 0):
 garbage-first heap   total 14336K, used 5235K [0x0000000082600000, 0x0000000100000000)
  region size 1024K, 1 young (1024K), 1 survivors (1024K)
 Metaspace       used 8401K, capacity 11190K, committed 11264K, reserved 1058816K
  class space    used 973K, capacity 1272K, committed 1280K, reserved 1048576K
}
Event: 0.634 GC heap before
{Heap before GC invocations=10 (full 0):
 garbage-first heap   total 14336K, used 7283K [0x0000000082600000, 0x0000000100000000)
  region size 1024K, 3 young (3072K), 1 survivors (1024K)
 Metaspace       used 8915K, capacity 11491K, committed 11648K, reserved 1058816K
  class space    used 1040K, capacity 1330K, committed 1408K, reserved 1048576K
}
Event: 0.640 GC heap after
{Heap after GC invocations=11 (full 0):
 garbage-first heap   total 14336K, used 6273K [0x0000000082600000, 0x0000000100000000)
  region size 1024K, 1 young (1024K), 1 survivors (1024K)
 Metaspace       used 8915K, capacity 11491K, committed 11648K, reserved 1058816K
  class space    used 1040K, capacity 1330K, committed 1408K, reserved 1048576K
}
Event: 0.748 GC heap before
{Heap before GC invocations=11 (full 0):
 garbage-first heap   total 14336K, used 8321K [0x0000000082600000, 0x0000000100000000)
  region size 1024K, 3 young (3072K), 1 survivors (1024K)
 Metaspace       used 9209K, capacity 11560K, committed 11648K, reserved 1058816K
  class space    used 1063K, capacity 1332K, committed 1408K, reserved 1048576K
}
Event: 0.752 GC heap after
{Heap after GC invocations=12 (full 0):
 garbage-first heap   total 14336K, used 7115K [0x0000000082600000, 0x0000000100000000)
  region size 1024K, 1 young (1024K), 1 survivors (1024K)
 Metaspace       used 9209K, capacity 11560K, committed 11648K, reserved 1058816K
  class space    used 1063K, capacity 1332K, committed 1408K, reserved 1048576K
}
Event: 0.787 GC heap before
{Heap before GC invocations=12 (full 0):
 garbage-first heap   total 14336K, used 8139K [0x0000000082600000, 0x0000000100000000)
  region size 1024K, 2 young (2048K), 1 survivors (1024K)
 Metaspace       used 9330K, capacity 11653K, committed 11904K, reserved 1060864K
  class space    used 1075K, capacity 1342K, committed 1408K, reserved 1048576K
}
Event: 0.789 GC heap after
{Heap after GC invocations=13 (full 0):
 garbage-first heap   total 24576K, used 7400K [0x0000000082600000, 0x0000000100000000)
  region size 1024K, 1 young (1024K), 1 survivors (1024K)
 Metaspace       used 9330K, capacity 11653K, committed 11904K, reserved 1060864K
  class space    used 1075K, capacity 1342K, committed 1408K, reserved 1048576K
}
Event: 0.852 GC heap before
{Heap before GC invocations=14 (full 0):
 garbage-first heap   total 24576K, used 11496K [0x0000000082600000, 0x0000000100000000)
  region size 1024K, 5 young (5120K), 1 survivors (1024K)
 Metaspace       used 9603K, capacity 11877K, committed 11904K, reserved 1060864K
  class space    used 1100K, capacity 1395K, committed 1408K, reserved 1048576K
}
Event: 0.854 GC heap after
{Heap after GC invocations=15 (full 0):
 garbage-first heap   total 24576K, used 7953K [0x0000000082600000, 0x0000000100000000)
  region size 1024K, 1 young (1024K), 1 survivors (1024K)
 Metaspace       used 9603K, capacity 11877K, committed 11904K, reserved 1060864K
  class space    used 1100K, capacity 1395K, committed 1408K, reserved 1048576K
}
Event: 0.877 GC heap before
{Heap before GC invocations=15 (full 0):
 garbage-first heap   total 24576K, used 13073K [0x0000000082600000, 0x0000000100000000)
  region size 1024K, 6 young (6144K), 1 survivors (1024K)
 Metaspace       used 9723K, capacity 11980K, committed 12160K, reserved 1060864K
  class space    used 1114K, capacity 1408K, committed 1408K, reserved 1048576K
}
Event: 0.880 GC heap after
{Heap after GC invocations=16 (full 0):
 garbage-first heap   total 24576K, used 8789K [0x0000000082600000, 0x0000000100000000)
  region size 1024K, 1 young (1024K), 1 survivors (1024K)
 Metaspace       used 9723K, capacity 11980K, committed 12160K, reserved 1060864K
  class space    used 1114K, capacity 1408K, committed 1408K, reserved 1048576K
}
Event: 0.915 GC heap before
{Heap before GC invocations=16 (full 0):
 garbage-first heap   total 24576K, used 12885K [0x0000000082600000, 0x0000000100000000)
  region size 1024K, 6 young (6144K), 1 survivors (1024K)
 Metaspace       used 9824K, capacity 12050K, committed 12160K, reserved 1060864K
  class space    used 1117K, capacity 1408K, committed 1408K, reserved 1048576K
}
Event: 0.919 GC heap after
{Heap after GC invocations=17 (full 0):
 garbage-first heap   total 24576K, used 9795K [0x0000000082600000, 0x0000000100000000)
  region size 1024K, 1 young (1024K), 1 survivors (1024K)
 Metaspace       used 9824K, capacity 12050K, committed 12160K, reserved 1060864K
  class space    used 1117K, capacity 1408K, committed 1408K, reserved 1048576K
}
Event: 0.942 GC heap before
{Heap before GC invocations=17 (full 0):
 garbage-first heap   total 24576K, used 14915K [0x0000000082600000, 0x0000000100000000)
  region size 1024K, 6 young (6144K), 1 survivors (1024K)
 Metaspace       used 9870K, capacity 12052K, committed 12160K, reserved 1060864K
  class space    used 1117K, capacity 1408K, committed 1408K, reserved 1048576K
}
Event: 0.946 GC heap after
{Heap after GC invocations=18 (full 0):
 garbage-first heap   total 36864K, used 10743K [0x0000000082600000, 0x0000000100000000)
  region size 1024K, 1 young (1024K), 1 survivors (1024K)
 Metaspace       used 9870K, capacity 12052K, committed 12160K, reserved 1060864K
  class space    used 1117K, capacity 1408K, committed 1408K, reserved 1048576K
}
Event: 0.990 GC heap before
{Heap before GC invocations=18 (full 0):
 garbage-first heap   total 36864K, used 18935K [0x0000000082600000, 0x0000000100000000)
  region size 1024K, 9 young (9216K), 1 survivors (1024K)
 Metaspace       used 9966K, capacity 12118K, committed 12160K, reserved 1060864K
  class space    used 1118K, capacity 1408K, committed 1408K, reserved 1048576K
}
Event: 0.994 GC heap after
{Heap after GC invocations=19 (full 0):
 garbage-first heap   total 36864K, used 12099K [0x0000000082600000, 0x0000000100000000)
  region size 1024K, 2 young (2048K), 2 survivors (2048K)
 Metaspace       used 9966K, capacity 12118K, committed 12160K, reserved 1060864K
  class space    used 1118K, capacity 1408K, committed 1408K, reserved 1048576K
}
Event: 1.074 GC heap before
{Heap before GC invocations=19 (full 0):
 garbage-first heap   total 36864K, used 22339K [0x0000000082600000, 0x0000000100000000)
  region size 1024K, 11 young (11264K), 2 survivors (2048K)
 Metaspace       used 10111K, capacity 12258K, committed 12416K, reserved 1060864K
  class space    used 1119K, capacity 1408K, committed 1408K, reserved 1048576K
}
Event: 1.080 GC heap after
{Heap after GC invocations=20 (full 0):
 garbage-first heap   total 36864K, used 14800K [0x0000000082600000, 0x0000000100000000)
  region size 1024K, 2 young (2048K), 2 survivors (2048K)
 Metaspace       used 10111K, capacity 12258K, committed 12416K, reserved 1060864K
  class space    used 1119K, capacity 1408K, committed 1408K, reserved 1048576K
}

Deoptimization events (20 events):
Event: 1.122 Thread 0x00000210bf241800 Uncommon trap: trap_request=0xffffffde fr.pc=0x00000210cf2ff8b4 relative=0x0000000000000494
Event: 1.122 Thread 0x00000210bf241800 Uncommon trap: reason=class_check action=maybe_recompile pc=0x00000210cf2ff8b4 method=com.sun.tools.javac.code.Types$15.visitClassType(Lcom/sun/tools/javac/code/Type$ClassType;Ljava/lang/Void;)Lcom/sun/tools/javac/code/Type; @ 19 c2
Event: 1.122 Thread 0x00000210bf241800 DEOPT PACKING pc=0x00000210cf2ff8b4 sp=0x0000004fe48fc7a0
Event: 1.122 Thread 0x00000210bf241800 DEOPT UNPACKING pc=0x00000210c779912f sp=0x0000004fe48fc6f0 mode 2
Event: 1.132 Thread 0x00000210bf241800 Uncommon trap: trap_request=0xffffffde fr.pc=0x00000210cf2ff8b4 relative=0x0000000000000494
Event: 1.132 Thread 0x00000210bf241800 Uncommon trap: reason=class_check action=maybe_recompile pc=0x00000210cf2ff8b4 method=com.sun.tools.javac.code.Types$15.visitClassType(Lcom/sun/tools/javac/code/Type$ClassType;Ljava/lang/Void;)Lcom/sun/tools/javac/code/Type; @ 19 c2
Event: 1.132 Thread 0x00000210bf241800 DEOPT PACKING pc=0x00000210cf2ff8b4 sp=0x0000004fe48fb0f0
Event: 1.132 Thread 0x00000210bf241800 DEOPT UNPACKING pc=0x00000210c779912f sp=0x0000004fe48fb040 mode 2
Event: 1.133 Thread 0x00000210bf241800 Uncommon trap: trap_request=0xffffffde fr.pc=0x00000210cf2ff8b4 relative=0x0000000000000494
Event: 1.133 Thread 0x00000210bf241800 Uncommon trap: reason=class_check action=maybe_recompile pc=0x00000210cf2ff8b4 method=com.sun.tools.javac.code.Types$15.visitClassType(Lcom/sun/tools/javac/code/Type$ClassType;Ljava/lang/Void;)Lcom/sun/tools/javac/code/Type; @ 19 c2
Event: 1.133 Thread 0x00000210bf241800 DEOPT PACKING pc=0x00000210cf2ff8b4 sp=0x0000004fe48fb160
Event: 1.133 Thread 0x00000210bf241800 DEOPT UNPACKING pc=0x00000210c779912f sp=0x0000004fe48fb0b0 mode 2
Event: 1.136 Thread 0x00000210bf241800 Uncommon trap: trap_request=0xffffffde fr.pc=0x00000210cf2ff8b4 relative=0x0000000000000494
Event: 1.136 Thread 0x00000210bf241800 Uncommon trap: reason=class_check action=maybe_recompile pc=0x00000210cf2ff8b4 method=com.sun.tools.javac.code.Types$15.visitClassType(Lcom/sun/tools/javac/code/Type$ClassType;Ljava/lang/Void;)Lcom/sun/tools/javac/code/Type; @ 19 c2
Event: 1.136 Thread 0x00000210bf241800 DEOPT PACKING pc=0x00000210cf2ff8b4 sp=0x0000004fe48fac90
Event: 1.136 Thread 0x00000210bf241800 DEOPT UNPACKING pc=0x00000210c779912f sp=0x0000004fe48fabe0 mode 2
Event: 1.137 Thread 0x00000210bf241800 Uncommon trap: trap_request=0xffffffde fr.pc=0x00000210cf3036f8 relative=0x0000000000000458
Event: 1.137 Thread 0x00000210bf241800 Uncommon trap: reason=class_check action=maybe_recompile pc=0x00000210cf3036f8 method=com.sun.tools.javac.code.Types$15.visitClassType(Lcom/sun/tools/javac/code/Type$ClassType;Ljava/lang/Void;)Lcom/sun/tools/javac/code/Type; @ 19 c2
Event: 1.137 Thread 0x00000210bf241800 DEOPT PACKING pc=0x00000210cf3036f8 sp=0x0000004fe48fac00
Event: 1.137 Thread 0x00000210bf241800 DEOPT UNPACKING pc=0x00000210c779912f sp=0x0000004fe48fabd8 mode 2

Classes unloaded (0 events):
No events

Classes redefined (0 events):
No events

Internal exceptions (20 events):
Event: 0.982 Thread 0x00000210bf241800 Exception <a 'sun/nio/fs/WindowsException'{0x0000000084209ee8}> (0x0000000084209ee8) 
thrown [t:/workspace/open/src/hotspot/share/prims/jni.cpp, line 598]
Event: 0.982 Thread 0x00000210bf241800 Exception <a 'sun/nio/fs/WindowsException'{0x000000008420a178}> (0x000000008420a178) 
thrown [t:/workspace/open/src/hotspot/share/prims/jni.cpp, line 598]
Event: 0.983 Thread 0x00000210bf241800 Exception <a 'sun/nio/fs/WindowsException'{0x0000000084249c58}> (0x0000000084249c58) 
thrown [t:/workspace/open/src/hotspot/share/prims/jni.cpp, line 598]
Event: 0.983 Thread 0x00000210bf241800 Exception <a 'sun/nio/fs/WindowsException'{0x0000000084249ed8}> (0x0000000084249ed8) 
thrown [t:/workspace/open/src/hotspot/share/prims/jni.cpp, line 598]
Event: 0.998 Thread 0x00000210bf241800 Exception <a 'sun/nio/fs/WindowsException'{0x000000008495f0f0}> (0x000000008495f0f0) 
thrown [t:/workspace/open/src/hotspot/share/prims/jni.cpp, line 598]
Event: 0.998 Thread 0x00000210bf241800 Exception <a 'sun/nio/fs/WindowsException'{0x000000008495f318}> (0x000000008495f318) 
thrown [t:/workspace/open/src/hotspot/share/prims/jni.cpp, line 598]
Event: 0.998 Thread 0x00000210bf241800 Exception <a 'sun/nio/fs/WindowsException'{0x0000000084961888}> (0x0000000084961888) 
thrown [t:/workspace/open/src/hotspot/share/prims/jni.cpp, line 598]
Event: 0.998 Thread 0x00000210bf241800 Exception <a 'sun/nio/fs/WindowsException'{0x0000000084961a98}> (0x0000000084961a98) 
thrown [t:/workspace/open/src/hotspot/share/prims/jni.cpp, line 598]
Event: 0.998 Thread 0x00000210bf241800 Exception <a 'sun/nio/fs/WindowsException'{0x00000000849639c0}> (0x00000000849639c0) 
thrown [t:/workspace/open/src/hotspot/share/prims/jni.cpp, line 598]
Event: 0.998 Thread 0x00000210bf241800 Exception <a 'sun/nio/fs/WindowsException'{0x0000000084963c20}> (0x0000000084963c20) 
thrown [t:/workspace/open/src/hotspot/share/prims/jni.cpp, line 598]
Event: 0.998 Thread 0x00000210bf241800 Exception <a 'sun/nio/fs/WindowsException'{0x00000000849658f0}> (0x00000000849658f0) 
thrown [t:/workspace/open/src/hotspot/share/prims/jni.cpp, line 598]
Event: 0.999 Thread 0x00000210bf241800 Exception <a 'sun/nio/fs/WindowsException'{0x0000000084965b40}> (0x0000000084965b40) 
thrown [t:/workspace/open/src/hotspot/share/prims/jni.cpp, line 598]
Event: 0.999 Thread 0x00000210bf241800 Exception <a 'sun/nio/fs/WindowsException'{0x0000000084967b18}> (0x0000000084967b18) 
thrown [t:/workspace/open/src/hotspot/share/prims/jni.cpp, line 598]
Event: 0.999 Thread 0x00000210bf241800 Exception <a 'sun/nio/fs/WindowsException'{0x0000000084967da0}> (0x0000000084967da0) 
thrown [t:/workspace/open/src/hotspot/share/prims/jni.cpp, line 598]
Event: 1.004 Thread 0x00000210bf241800 Exception <a 'sun/nio/fs/WindowsException'{0x000000008484f960}> (0x000000008484f960) 
thrown [t:/workspace/open/src/hotspot/share/prims/jni.cpp, line 598]
Event: 1.004 Thread 0x00000210bf241800 Exception <a 'sun/nio/fs/WindowsException'{0x000000008484fbd0}> (0x000000008484fbd0) 
thrown [t:/workspace/open/src/hotspot/share/prims/jni.cpp, line 598]
Event: 1.005 Thread 0x00000210bf241800 Exception <a 'sun/nio/fs/WindowsException'{0x0000000084851a18}> (0x0000000084851a18) 
thrown [t:/workspace/open/src/hotspot/share/prims/jni.cpp, line 598]
Event: 1.005 Thread 0x00000210bf241800 Exception <a 'sun/nio/fs/WindowsException'{0x0000000084851ce8}> (0x0000000084851ce8) 
thrown [t:/workspace/open/src/hotspot/share/prims/jni.cpp, line 598]
Event: 1.006 Thread 0x00000210bf241800 Exception <a 'sun/nio/fs/WindowsException'{0x000000008486c700}> (0x000000008486c700) 
thrown [t:/workspace/open/src/hotspot/share/prims/jni.cpp, line 598]
Event: 1.006 Thread 0x00000210bf241800 Exception <a 'sun/nio/fs/WindowsException'{0x000000008486c9c8}> (0x000000008486c9c8) 
thrown [t:/workspace/open/src/hotspot/share/prims/jni.cpp, line 598]

Events (20 events):
Event: 1.131 loading class com/sun/tools/javac/tree/JCTree$JCExpression
Event: 1.131 loading class com/sun/tools/javac/tree/JCTree$JCExpression done
Event: 1.131 loading class com/sun/tools/javac/comp/ArgumentAttr$ArgumentType
Event: 1.131 loading class com/sun/tools/javac/comp/ArgumentAttr$ArgumentType done
Event: 1.131 loading class com/sun/tools/javac/comp/DeferredAttr
Event: 1.131 loading class com/sun/tools/javac/comp/DeferredAttr done
Event: 1.131 loading class com/sun/tools/javac/tree/JCTree
Event: 1.131 loading class com/sun/tools/javac/tree/JCTree done
Event: 1.131 loading class com/sun/tools/javac/tree/JCTree
Event: 1.131 loading class com/sun/tools/javac/tree/JCTree done
Event: 1.132 loading class com/sun/tools/javac/tree/JCTree
Event: 1.132 loading class com/sun/tools/javac/tree/JCTree done
Event: 1.132 loading class com/sun/tools/javac/tree/JCTree
Event: 1.132 loading class com/sun/tools/javac/tree/JCTree done
Event: 1.132 loading class com/sun/tools/javac/util/JCDiagnostic
Event: 1.132 loading class com/sun/tools/javac/util/JCDiagnostic done
Event: 1.135 loading class com/sun/tools/javac/tree/JCTree
Event: 1.135 loading class com/sun/tools/javac/tree/JCTree done
Event: 1.138 Executing VM operation: ICBufferFull
Event: 1.138 Executing VM operation: ICBufferFull done


Dynamic libraries:
0x00007ff62e150000 - 0x00007ff62e157000 	C:\Program Files\Java\jdk-13.0.1\bin\javac.exe
0x00007ffe59830000 - 0x00007ffe59a26000 	C:\WINDOWS\SYSTEM32\ntdll.dll
0x00007ffe28b60000 - 0x00007ffe28b72000 	C:\Program Files\AVAST Software\Avast\aswhook.dll
0x00007ffe57980000 - 0x00007ffe57a3d000 	C:\WINDOWS\System32\KERNEL32.DLL
0x00007ffe57360000 - 0x00007ffe57628000 	C:\WINDOWS\System32\KERNELBASE.dll
0x00007ffe57790000 - 0x00007ffe57890000 	C:\WINDOWS\System32\ucrtbase.dll
0x00007ffe32870000 - 0x00007ffe32888000 	C:\Program Files\Java\jdk-13.0.1\bin\jli.dll
0x00007ffe57aa0000 - 0x00007ffe57b4c000 	C:\WINDOWS\System32\ADVAPI32.dll
0x00007ffe59720000 - 0x00007ffe597be000 	C:\WINDOWS\System32\msvcrt.dll
0x00007ffe58b10000 - 0x00007ffe58bab000 	C:\WINDOWS\System32\sechost.dll
0x00007ffe58120000 - 0x00007ffe58244000 	C:\WINDOWS\System32\RPCRT4.dll
0x00007ffe58e30000 - 0x00007ffe58fd0000 	C:\WINDOWS\System32\USER32.dll
0x00007ffe57630000 - 0x00007ffe57652000 	C:\WINDOWS\System32\win32u.dll
0x00007ffe597c0000 - 0x00007ffe597ea000 	C:\WINDOWS\System32\GDI32.dll
0x00007ffe57100000 - 0x00007ffe57209000 	C:\WINDOWS\System32\gdi32full.dll
0x00007ffe57210000 - 0x00007ffe572ad000 	C:\WINDOWS\System32\msvcp_win.dll
0x00007ffe326f0000 - 0x00007ffe32705000 	C:\Program Files\Java\jdk-13.0.1\bin\VCRUNTIME140.dll
0x00007ffe397b0000 - 0x00007ffe39a4b000 	C:\WINDOWS\WinSxS\amd64_microsoft.windows.common-controls_6595b64144ccf1df_6.0.19041.488_none_ca04af081b815d21\COMCTL32.dll
0x00007ffe4ecf0000 - 0x00007ffe4ecfa000 	C:\WINDOWS\SYSTEM32\VERSION.dll
0x00007ffe58250000 - 0x00007ffe58280000 	C:\WINDOWS\System32\IMM32.DLL
0x00007ffe1d230000 - 0x00007ffe1d2cb000 	C:\Program Files\Java\jdk-13.0.1\bin\msvcp140.dll
0x00007ffe0ac80000 - 0x00007ffe0b7e6000 	C:\Program Files\Java\jdk-13.0.1\bin\server\jvm.dll
0x00007ffe57f10000 - 0x00007ffe57f18000 	C:\WINDOWS\System32\PSAPI.DLL
0x00007ffe452a0000 - 0x00007ffe452a9000 	C:\WINDOWS\SYSTEM32\WSOCK32.dll
0x00007ffe58500000 - 0x00007ffe5856b000 	C:\WINDOWS\System32\WS2_32.dll
0x00007ffe42e70000 - 0x00007ffe42e97000 	C:\WINDOWS\SYSTEM32\WINMM.dll
0x00007ffe54de0000 - 0x00007ffe54df2000 	C:\WINDOWS\SYSTEM32\kernel.appcore.dll
0x00007ffe51480000 - 0x00007ffe51490000 	C:\Program Files\Java\jdk-13.0.1\bin\verify.dll
0x00007ffe544a0000 - 0x00007ffe54684000 	C:\WINDOWS\SYSTEM32\DBGHELP.DLL
0x00007ffe4cd70000 - 0x00007ffe4cd9c000 	C:\WINDOWS\SYSTEM32\dbgcore.DLL
0x00007ffe57710000 - 0x00007ffe5778f000 	C:\WINDOWS\System32\bcryptPrimitives.dll
0x00007ffe1d2d0000 - 0x00007ffe1d2f6000 	C:\Program Files\Java\jdk-13.0.1\bin\java.dll
0x00007ffe30410000 - 0x00007ffe30427000 	C:\Program Files\Java\jdk-13.0.1\bin\zip.dll
0x00007ffe512f0000 - 0x00007ffe512fa000 	C:\Program Files\Java\jdk-13.0.1\bin\jimage.dll
0x00007ffe58fd0000 - 0x00007ffe59711000 	C:\WINDOWS\System32\SHELL32.dll
0x00007ffe550c0000 - 0x00007ffe55855000 	C:\WINDOWS\SYSTEM32\windows.storage.dll
0x00007ffe57b50000 - 0x00007ffe57ea5000 	C:\WINDOWS\System32\combase.dll
0x00007ffe569e0000 - 0x00007ffe56a0c000 	C:\WINDOWS\SYSTEM32\Wldp.dll
0x00007ffe58ce0000 - 0x00007ffe58d8e000 	C:\WINDOWS\System32\SHCORE.dll
0x00007ffe57a40000 - 0x00007ffe57a95000 	C:\WINDOWS\System32\shlwapi.dll
0x00007ffe56ea0000 - 0x00007ffe56ec6000 	C:\WINDOWS\SYSTEM32\profapi.dll
0x00007ffe30940000 - 0x00007ffe30959000 	C:\Program Files\Java\jdk-13.0.1\bin\net.dll
0x00007ffe53ab0000 - 0x00007ffe53bb0000 	C:\WINDOWS\SYSTEM32\WINHTTP.dll
0x00007ffe56760000 - 0x00007ffe567ca000 	C:\WINDOWS\system32\mswsock.dll
0x00007ffe30920000 - 0x00007ffe30933000 	C:\Program Files\Java\jdk-13.0.1\bin\nio.dll

dbghelp: loaded successfully - version: 4.0.5 - missing functions: none
symbol engine: initialized successfully - sym options: 0x614 - pdb path: .;C:\Program Files\Java\jdk-13.0.1\bin;C:\WINDOWS\SYSTEM32;C:\Program Files\AVAST Software\Avast;C:\WINDOWS\WinSxS\amd64_microsoft.windows.common-controls_6595b64144ccf1df_6.0.19041.488_none_ca04af081b815d21;C:\Program Files\Java\jdk-13.0.1\bin\server

VM Arguments:
jvm_args: -Dapplication.home=C:\Program Files\Java\jdk-13.0.1 --add-modules=ALL-DEFAULT -Xms8m -Djdk.module.main=jdk.compiler 
java_command: jdk.compiler/com.sun.tools.javac.Main -d D:\GITHUB\worldAirline\build\classes -classpath D:\GITHUB\worldAirline\build\classes;D:\GITHUB\worldAirline\lib\mysql-connector-java-5.1.49-bin.jar;D:\GITHUB\worldAirline\lib\absolutelayout\AbsoluteLayout.jar;D:\GITHUB\worldAirline\lib\swingx-all-1.6.4.jar;D:\GITHUB\worldAirline\lib\jcalendar-1.4.jar;D:\GITHUB\worldAirline\lib\barcode.jar;D:\GITHUB\worldAirline\lib\qrgen-1.0.jar;D:\GITHUB\worldAirline\lib\zxing-core-1.7.jar;D:\GITHUB\worldAirline\lib\zxing-j2se-1.7.jar;D:\GITHUB\worldAirline\lib\barbecue-1.5-beta1 (1).jar -sourcepath D:\GITHUB\worldAirline\build\empty -target 13 -encoding UTF-8 -g -processorpath D:\GITHUB\worldAirline\lib\mysql-connector-java-5.1.49-bin.jar;D:\GITHUB\worldAirline\lib\absolutelayout\AbsoluteLayout.jar;D:\GITHUB\worldAirline\lib\swingx-all-1.6.4.jar;D:\GITHUB\worldAirline\lib\jcalendar-1.4.jar;D:\GITHUB\worldAirline\lib\barcode.jar;D:\GITHUB\worldAirline\lib\qrgen-1.0.jar;D:\GITHUB\worldAirline\lib\zxing-core-1.7.jar;D:\GITHUB\worldAirline\lib\zxing-j2se-1.7.jar;D:\GITHUB\worldAirline\lib\barbecue-1.5-beta1 (1).jar;D:\GITHUB\worldAirline\build\empty -s D:\GITHUB\worldAirline\build\generated-sources\ap-source-output -source 13 @C:\Users\Unknow\AppData\Local\Temp\files15405004236602615872
java_class_path (initial): <not set>
Launcher Type: SUN_STANDARD

[Global flags]
     intx CICompilerCount                          = 4                                         {product} {ergonomic}
     uint ConcGCThreads                            = 2                                         {product} {ergonomic}
     uint G1ConcRefinementThreads                  = 8                                         {product} {ergonomic}
   size_t G1HeapRegionSize                         = 1048576                                   {product} {ergonomic}
    uintx GCDrainStackTargetSize                   = 64                                        {product} {ergonomic}
   size_t InitialHeapSize                          = 8388608                                   {product} {command line}
   size_t MarkStackSize                            = 4194304                                   {product} {ergonomic}
   size_t MaxHeapSize                              = 2107637760                                {product} {ergonomic}
   size_t MaxNewSize                               = 1264582656                                {product} {ergonomic}
   size_t MinHeapDeltaBytes                        = 1048576                                   {product} {ergonomic}
   size_t MinHeapSize                              = 8388608                                   {product} {command line}
    uintx NonNMethodCodeHeapSize                   = 5836300                                {pd product} {ergonomic}
    uintx NonProfiledCodeHeapSize                  = 122910970                              {pd product} {ergonomic}
    uintx ProfiledCodeHeapSize                     = 122910970                              {pd product} {ergonomic}
    uintx ReservedCodeCacheSize                    = 251658240                              {pd product} {ergonomic}
     bool SegmentedCodeCache                       = true                                      {product} {ergonomic}
   size_t SoftMaxHeapSize                          = 2107637760                             {manageable} {ergonomic}
     bool UseCompressedClassPointers               = true                                 {lp64_product} {ergonomic}
     bool UseCompressedOops                        = true                                 {lp64_product} {ergonomic}
     bool UseG1GC                                  = true                                      {product} {ergonomic}
     bool UseLargePagesIndividualAllocation        = false                                  {pd product} {ergonomic}

Logging:
Log output configuration:
 #0: stdout all=warning uptime,level,tags
 #1: stderr all=off uptime,level,tags

Environment Variables:
PATH=C:\Program Files\Common Files\Oracle\Java\javapath;C:\ProgramData\Oracle\Java\javapath;C:\Users\Unknow\gcc\bin;C:\Users\Unknow\gcc\libexec\gcc\x86_64-pc-mingw32\4.7.0;C:\WINDOWS\system32;C:\WINDOWS;C:\WINDOWS\System32\Wbem;C:\WINDOWS\System32\WindowsPowerShell\v1.0\;C:\WINDOWS\System32\OpenSSH\;C:\Program Files\Intel\WiFi\bin\;C:\Program Files\Common Files\Intel\WirelessCommon\;C:\Program Files\Java\jdk-13.0.1\bin;D:\Mathslab\Polyspace\runtime\win64;D:\Mathslab\Polyspace\bin;D:\Mathslab\Polyspace\polyspace\bin;C:\Users\Unknow\AppData\Local\Microsoft\WindowsApps;C:\Users\Unknow\AppData\Local\Microsoft\WindowsApps;C:\Users\Unknow\AppData\Local\GitHubDesktop\bin
USERNAME=Unknow
OS=Windows_NT
PROCESSOR_IDENTIFIER=Intel64 Family 6 Model 142 Stepping 11, GenuineIntel



---------------  S Y S T E M  ---------------

OS: Windows 10 , 64 bit Build 19041 (10.0.19041.546)

CPU:total 8 (initial active 8) (4 cores per cpu, 2 threads per core) family 6 model 142 stepping 11, cmov, cx8, fxsr, mmx, sse, sse2, sse3, ssse3, sse4.1, sse4.2, popcnt, avx, avx2, aes, clmul, erms, 3dnowpref, lzcnt, ht, tsc, tscinvbit, bmi1, bmi2, adx, fma

Memory: 4k page, system-wide physical 8037M (480M free)
TotalPageFile size 18277M (AvailPageFile size 5M)
current process WorkingSet (physical memory assigned to process): 128M, peak: 129M
current process commit charge ("private bytes"): 168M, peak: 170M

vm_info: Java HotSpot(TM) 64-Bit Server VM (13.0.1+9) for windows-amd64 JRE (13.0.1+9), built on Oct  6 2019 12:37:49 by "mach5one" with unknown MS VC++:1916

END.
