#
# There is insufficient memory for the Java Runtime Environment to continue.
# Native memory allocation (mmap) failed to map 51380224 bytes for Failed to commit area from 0x000000008a400000 to 0x000000008d500000 of length 51380224.
# Possible reasons:
#   The system is out of physical RAM or swap space
#   The process is running with CompressedOops enabled, and the Java Heap may be blocking the growth of the native heap
# Possible solutions:
#   Reduce memory load on the system
#   Increase physical memory or swap space
#   Check if swap backing store is full
#   Decrease Java heap size (-Xmx/-Xms)
#   Decrease number of Java threads
#   Decrease Java thread stack sizes (-Xss)
#   Set larger code cache with -XX:ReservedCodeCacheSize=
#   JVM is running with Unscaled Compressed Oops mode in which the Java heap is
#     placed in the first 4GB address space. The Java Heap base address is the
#     maximum limit for the native heap growth. Please use -XX:HeapBaseMinAddress
#     to set the Java Heap base and to place the Java Heap above 4GB virtual address.
# This output file may be truncated or incomplete.
#
#  Out of Memory Error (t:/workspace/open/src/hotspot/os/windows/os_windows.cpp:3301), pid=10792, tid=18648
#
# JRE version: Java(TM) SE Runtime Environment (13.0.1+9) (build 13.0.1+9)
# Java VM: Java HotSpot(TM) 64-Bit Server VM (13.0.1+9, mixed mode, sharing, tiered, compressed oops, g1 gc, windows-amd64)
# No core dump will be written. Minidumps are not enabled by default on client versions of Windows
#

---------------  S U M M A R Y ------------

Command Line: -Dfile.encoding=UTF-8 worldairline.WorldAirline

Host: Intel(R) Core(TM) i7-8565U CPU @ 1.80GHz, 8 cores, 7G,  Windows 10 , 64 bit Build 19041 (10.0.19041.546)
Time: Sat Dec  5 01:19:13 2020 Paris, Madrid elapsed time: 635 seconds (0d 0h 10m 35s)

---------------  T H R E A D  ---------------

Current thread (0x0000023fff27f000):  VMThread "VM Thread" [stack: 0x000000e51cc00000,0x000000e51cd00000] [id=18648]

Stack: [0x000000e51cc00000,0x000000e51cd00000]
[error occurred during error reporting (printing stack bounds), id 0xc0000005, EXCEPTION_ACCESS_VIOLATION (0xc0000005) at pc=0x0000023f884310ad]

Native frames: (J=compiled Java code, j=interpreted, Vv=VM code, C=native code)
V  [jvm.dll+0x626eca]
V  [jvm.dll+0x772c6a]
V  [jvm.dll+0x77441f]
V  [jvm.dll+0x774985]
V  [jvm.dll+0x77493b]
V  [jvm.dll+0x6266ff]
C  [ntdll.dll+0x781cc]
C  [ntdll.dll+0x4b296]
C  [ntdll.dll+0x9fc2e]
C  0x0000023f884310ad

VM_Operation (0x000000e51c8ff9f0): G1Concurrent, mode: safepoint, requested by thread 0x0000023ffd713000


---------------  P R O C E S S  ---------------

Threads class SMR info:
_java_thread_list=0x0000023f9d635ec0, length=16, elements={
0x0000023fff281000, 0x0000023fff284000, 0x0000023fff29f800, 0x0000023fff2a2000,
0x0000023fff2a3000, 0x0000023fff2b0000, 0x0000023fff2b3800, 0x0000023f9d41e800,
0x0000023f9d42b000, 0x0000023f9d64a000, 0x0000023f9d6aa000, 0x0000023f9d70e000,
0x0000023f9f15c800, 0x0000023f9da8c800, 0x0000023f9da45000, 0x0000023ffd6be000
}

Java Threads: ( => current thread )
  0x0000023fff281000 JavaThread "Reference Handler" daemon [_thread_blocked, id=15184, stack(0x000000e51cd00000,0x000000e51ce00000)]
  0x0000023fff284000 JavaThread "Finalizer" daemon [_thread_blocked, id=8560, stack(0x000000e51ce00000,0x000000e51cf00000)]
  0x0000023fff29f800 JavaThread "Signal Dispatcher" daemon [_thread_blocked, id=15992, stack(0x000000e51cf00000,0x000000e51d000000)]
  0x0000023fff2a2000 JavaThread "Attach Listener" daemon [_thread_blocked, id=16552, stack(0x000000e51d000000,0x000000e51d100000)]
  0x0000023fff2a3000 JavaThread "C2 CompilerThread0" daemon [_thread_blocked, id=22764, stack(0x000000e51d100000,0x000000e51d200000)]
  0x0000023fff2b0000 JavaThread "C1 CompilerThread0" daemon [_thread_blocked, id=10360, stack(0x000000e51d200000,0x000000e51d300000)]
  0x0000023fff2b3800 JavaThread "Sweeper thread" daemon [_thread_blocked, id=12200, stack(0x000000e51d300000,0x000000e51d400000)]
  0x0000023f9d41e800 JavaThread "Service Thread" daemon [_thread_blocked, id=11384, stack(0x000000e51d400000,0x000000e51d500000)]
  0x0000023f9d42b000 JavaThread "Common-Cleaner" daemon [_thread_blocked, id=18136, stack(0x000000e51d600000,0x000000e51d700000)]
  0x0000023f9d64a000 JavaThread "Java2D Disposer" daemon [_thread_blocked, id=23048, stack(0x000000e51d700000,0x000000e51d800000)]
  0x0000023f9d6aa000 JavaThread "AWT-Windows" daemon [_thread_blocked, id=10020, stack(0x000000e51d900000,0x000000e51da00000)]
  0x0000023f9d70e000 JavaThread "mysql-cj-abandoned-connection-cleanup" daemon [_thread_blocked, id=15020, stack(0x000000e51da00000,0x000000e51db00000)]
  0x0000023f9f15c800 JavaThread "AWT-Shutdown" [_thread_blocked, id=23344, stack(0x000000e51d800000,0x000000e51d900000)]
  0x0000023f9da8c800 JavaThread "AWT-EventQueue-0" [_thread_blocked, id=9248, stack(0x000000e51db00000,0x000000e51dc00000)]
  0x0000023f9da45000 JavaThread "TimerQueue" daemon [_thread_blocked, id=5256, stack(0x000000e51e500000,0x000000e51e600000)]
  0x0000023ffd6be000 JavaThread "DestroyJavaVM" [_thread_blocked, id=12800, stack(0x000000e51c600000,0x000000e51c700000)]

Other Threads:
=>0x0000023fff27f000 VMThread "VM Thread" [stack: 0x000000e51cc00000,0x000000e51cd00000] [id=18648]
  0x0000023f9d424800 WatcherThread [stack: 0x000000e51d500000,0x000000e51d600000] [id=1440]
  0x0000023ffd701800 GCTaskThread "GC Thread#0" [stack: 0x000000e51c700000,0x000000e51c800000] [id=14212]
  0x0000023f9f18e000 GCTaskThread "GC Thread#1" [stack: 0x000000e51dd00000,0x000000e51de00000] [id=16948]
  0x0000023f9f18e800 GCTaskThread "GC Thread#2" [stack: 0x000000e51de00000,0x000000e51df00000] [id=9268]
  0x0000023f9f18f800 GCTaskThread "GC Thread#3" [stack: 0x000000e51df00000,0x000000e51e000000] [id=13812]
  0x0000023f9f190000 GCTaskThread "GC Thread#4" [stack: 0x000000e51e000000,0x000000e51e100000] [id=15828]
  0x0000023f9f195000 GCTaskThread "GC Thread#5" [stack: 0x000000e51e100000,0x000000e51e200000] [id=5652]
  0x0000023ffd713000 ConcurrentGCThread "G1 Main Marker" [stack: 0x000000e51c800000,0x000000e51c900000] [id=3828]
  0x0000023ffd714800 ConcurrentGCThread "G1 Conc#0" [stack: 0x000000e51c900000,0x000000e51ca00000] [id=20108]
  0x0000023f9dcfd000 ConcurrentGCThread "G1 Conc#1" [stack: 0x000000e51dc00000,0x000000e51dd00000] [id=19684]
  0x0000023fff100800 ConcurrentGCThread "G1 Refine#0" [stack: 0x000000e51ca00000,0x000000e51cb00000] [id=4376]
  0x0000023f9d63f800 ConcurrentGCThread "G1 Refine#1" [stack: 0x000000e51e200000,0x000000e51e300000] [id=8772]
  0x0000023f9ed6b000 ConcurrentGCThread "G1 Refine#2" [stack: 0x000000e51e300000,0x000000e51e400000] [id=21724]
  0x0000023ffd79b000 ConcurrentGCThread "G1 Young RemSet Sampling" [stack: 0x000000e51cb00000,0x000000e51cc00000] [id=1492]

Threads with active compile tasks:

VM state:at safepoint (normal execution)

VM Mutex/Monitor currently owned by a thread:  ([mutex/lock_event])
[0x0000023ffd6bade0] Threads_lock - owner thread: 0x0000023fff27f000
[0x0000023ffd6bacc0] Heap_lock - owner thread: 0x0000023ffd713000

Heap address: 0x0000000082600000, size: 2010 MB, Compressed Oops mode: 32-bit
Narrow klass base: 0x0000000800000000, Narrow klass shift: 3
Compressed class space size: 1073741824 Address: 0x0000000800b40000

Heap:
 garbage-first heap   total 179200K, used 106250K [0x0000000082600000, 0x0000000100000000)
  region size 1024K, 5 young (5120K), 4 survivors (4096K)
 Metaspace       used 20095K, capacity 20451K, committed 20608K, reserved 1067008K
  class space    used 2056K, capacity 2175K, committed 2176K, reserved 1048576K
Heap Regions: E=young(eden), S=young(survivor), O=old, HS=humongous(starts), HC=humongous(continues), CS=collection set, F=free, A=archive, TAMS=top-at-mark-start (previous, next)
|   0|0x0000000082600000, 0x0000000082700000, 0x0000000082700000|100%| O|  |TAMS 0x0000000082700000, 0x0000000082600000| Updating 
|   1|0x0000000082700000, 0x0000000082800000, 0x0000000082800000|100%| O|  |TAMS 0x0000000082800000, 0x0000000082700000| Updating 
|   2|0x0000000082800000, 0x0000000082900000, 0x0000000082900000|100%| O|  |TAMS 0x0000000082900000, 0x0000000082800000| Updating 
|   3|0x0000000082900000, 0x0000000082a00000, 0x0000000082a00000|100%| O|  |TAMS 0x0000000082a00000, 0x0000000082900000| Updating 
|   4|0x0000000082a00000, 0x0000000082b00000, 0x0000000082b00000|100%|HS|  |TAMS 0x0000000082b00000, 0x0000000082a00000| Complete 
|   5|0x0000000082b00000, 0x0000000082c00000, 0x0000000082c00000|100%|HC|  |TAMS 0x0000000082c00000, 0x0000000082b00000| Complete 
|   6|0x0000000082c00000, 0x0000000082d00000, 0x0000000082d00000|100%|HC|  |TAMS 0x0000000082d00000, 0x0000000082c00000| Complete 
|   7|0x0000000082d00000, 0x0000000082e00000, 0x0000000082e00000|100%|HC|  |TAMS 0x0000000082e00000, 0x0000000082d00000| Complete 
|   8|0x0000000082e00000, 0x0000000082f00000, 0x0000000082f00000|100%|HC|  |TAMS 0x0000000082f00000, 0x0000000082e00000| Complete 
|   9|0x0000000082f00000, 0x0000000083000000, 0x0000000083000000|100%|HC|  |TAMS 0x0000000083000000, 0x0000000082f00000| Complete 
|  10|0x0000000083000000, 0x0000000083100000, 0x0000000083100000|100%|HC|  |TAMS 0x0000000083100000, 0x0000000083000000| Complete 
|  11|0x0000000083100000, 0x0000000083200000, 0x0000000083200000|100%|HC|  |TAMS 0x0000000083200000, 0x0000000083100000| Complete 
|  12|0x0000000083200000, 0x0000000083300000, 0x0000000083300000|100%|HC|  |TAMS 0x0000000083300000, 0x0000000083200000| Complete 
|  13|0x0000000083300000, 0x0000000083400000, 0x0000000083400000|100%|HC|  |TAMS 0x0000000083400000, 0x0000000083300000| Complete 
|  14|0x0000000083400000, 0x0000000083500000, 0x0000000083500000|100%| O|  |TAMS 0x0000000083500000, 0x0000000083400000| Updating 
|  15|0x0000000083500000, 0x0000000083600000, 0x0000000083600000|100%| O|  |TAMS 0x0000000083600000, 0x0000000083500000| Updating 
|  16|0x0000000083600000, 0x0000000083700000, 0x0000000083700000|100%| O|  |TAMS 0x0000000083700000, 0x0000000083600000| Updating 
|  17|0x0000000083700000, 0x0000000083800000, 0x0000000083800000|100%| O|  |TAMS 0x0000000083800000, 0x0000000083700000| Updating 
|  18|0x0000000083800000, 0x0000000083900000, 0x0000000083900000|100%| O|  |TAMS 0x0000000083900000, 0x0000000083800000| Updating 
|  19|0x0000000083900000, 0x0000000083a00000, 0x0000000083a00000|100%| O|  |TAMS 0x0000000083a00000, 0x0000000083900000| Updating 
|  20|0x0000000083a00000, 0x0000000083b00000, 0x0000000083b00000|100%| O|  |TAMS 0x0000000083b00000, 0x0000000083a00000| Updating 
|  21|0x0000000083b00000, 0x0000000083c00000, 0x0000000083c00000|100%| O|  |TAMS 0x0000000083c00000, 0x0000000083b00000| Updating 
|  22|0x0000000083c00000, 0x0000000083d00000, 0x0000000083d00000|100%| O|  |TAMS 0x0000000083d00000, 0x0000000083c00000| Updating 
|  23|0x0000000083d00000, 0x0000000083e00000, 0x0000000083e00000|100%| O|  |TAMS 0x0000000083e00000, 0x0000000083d00000| Updating 
|  24|0x0000000083e00000, 0x0000000083f00000, 0x0000000083f00000|100%| O|  |TAMS 0x0000000083f00000, 0x0000000083e00000| Updating 
|  25|0x0000000083f00000, 0x0000000084000000, 0x0000000084000000|100%| O|  |TAMS 0x0000000084000000, 0x0000000083f00000| Updating 
|  26|0x0000000084000000, 0x0000000084100000, 0x0000000084100000|100%| O|  |TAMS 0x0000000084100000, 0x0000000084000000| Updating 
|  27|0x0000000084100000, 0x0000000084200000, 0x0000000084200000|100%| O|  |TAMS 0x0000000084200000, 0x0000000084100000| Updating 
|  28|0x0000000084200000, 0x0000000084300000, 0x0000000084300000|100%| O|  |TAMS 0x0000000084300000, 0x0000000084200000| Updating 
|  29|0x0000000084300000, 0x0000000084400000, 0x0000000084400000|100%|HS|  |TAMS 0x0000000084400000, 0x0000000084300000| Complete 
|  30|0x0000000084400000, 0x0000000084500000, 0x0000000084500000|100%|HC|  |TAMS 0x0000000084500000, 0x0000000084400000| Complete 
|  31|0x0000000084500000, 0x0000000084600000, 0x0000000084600000|100%|HC|  |TAMS 0x0000000084600000, 0x0000000084500000| Complete 
|  32|0x0000000084600000, 0x0000000084700000, 0x0000000084700000|100%|HC|  |TAMS 0x0000000084700000, 0x0000000084600000| Complete 
|  33|0x0000000084700000, 0x0000000084800000, 0x0000000084800000|100%|HC|  |TAMS 0x0000000084800000, 0x0000000084700000| Complete 
|  34|0x0000000084800000, 0x0000000084900000, 0x0000000084900000|100%|HC|  |TAMS 0x0000000084900000, 0x0000000084800000| Complete 
|  35|0x0000000084900000, 0x0000000084a00000, 0x0000000084a00000|100%|HC|  |TAMS 0x0000000084a00000, 0x0000000084900000| Complete 
|  36|0x0000000084a00000, 0x0000000084b00000, 0x0000000084b00000|100%|HC|  |TAMS 0x0000000084b00000, 0x0000000084a00000| Complete 
|  37|0x0000000084b00000, 0x0000000084c00000, 0x0000000084c00000|100%|HC|  |TAMS 0x0000000084c00000, 0x0000000084b00000| Complete 
|  38|0x0000000084c00000, 0x0000000084d00000, 0x0000000084d00000|100%|HC|  |TAMS 0x0000000084d00000, 0x0000000084c00000| Complete 
|  39|0x0000000084d00000, 0x0000000084e00000, 0x0000000084e00000|100%|HC|  |TAMS 0x0000000084e00000, 0x0000000084d00000| Complete 
|  40|0x0000000084e00000, 0x0000000084f00000, 0x0000000084f00000|100%|HC|  |TAMS 0x0000000084f00000, 0x0000000084e00000| Complete 
|  41|0x0000000084f00000, 0x0000000085000000, 0x0000000085000000|100%|HC|  |TAMS 0x0000000085000000, 0x0000000084f00000| Complete 
|  42|0x0000000085000000, 0x0000000085100000, 0x0000000085100000|100%|HC|  |TAMS 0x0000000085100000, 0x0000000085000000| Complete 
|  43|0x0000000085100000, 0x0000000085200000, 0x0000000085200000|100%|HC|  |TAMS 0x0000000085200000, 0x0000000085100000| Complete 
|  44|0x0000000085200000, 0x0000000085300000, 0x0000000085300000|100%|HC|  |TAMS 0x0000000085300000, 0x0000000085200000| Complete 
|  45|0x0000000085300000, 0x0000000085400000, 0x0000000085400000|100%| O|  |TAMS 0x0000000085400000, 0x0000000085300000| Updating 
|  46|0x0000000085400000, 0x0000000085500000, 0x0000000085500000|100%| O|  |TAMS 0x0000000085500000, 0x0000000085400000| Updating 
|  47|0x0000000085500000, 0x0000000085600000, 0x0000000085600000|100%| O|  |TAMS 0x0000000085600000, 0x0000000085500000| Updating 
|  48|0x0000000085600000, 0x0000000085700000, 0x0000000085700000|100%| O|  |TAMS 0x0000000085700000, 0x0000000085600000| Updating 
|  49|0x0000000085700000, 0x0000000085800000, 0x0000000085800000|100%| O|  |TAMS 0x0000000085800000, 0x0000000085700000| Updating 
|  50|0x0000000085800000, 0x0000000085900000, 0x0000000085900000|100%| O|  |TAMS 0x0000000085900000, 0x0000000085800000| Updating 
|  51|0x0000000085900000, 0x0000000085a00000, 0x0000000085a00000|100%| O|  |TAMS 0x0000000085a00000, 0x0000000085900000| Updating 
|  52|0x0000000085a00000, 0x0000000085b00000, 0x0000000085b00000|100%| O|  |TAMS 0x0000000085b00000, 0x0000000085a00000| Updating 
|  53|0x0000000085b00000, 0x0000000085c00000, 0x0000000085c00000|100%| O|  |TAMS 0x0000000085c00000, 0x0000000085b00000| Updating 
|  54|0x0000000085c00000, 0x0000000085d00000, 0x0000000085d00000|100%| O|  |TAMS 0x0000000085d00000, 0x0000000085c00000| Updating 
|  55|0x0000000085d00000, 0x0000000085e00000, 0x0000000085e00000|100%| O|  |TAMS 0x0000000085e00000, 0x0000000085d00000| Updating 
|  56|0x0000000085e00000, 0x0000000085f00000, 0x0000000085f00000|100%| O|  |TAMS 0x0000000085f00000, 0x0000000085e00000| Updating 
|  57|0x0000000085f00000, 0x0000000086000000, 0x0000000086000000|100%| O|  |TAMS 0x0000000086000000, 0x0000000085f00000| Updating 
|  58|0x0000000086000000, 0x0000000086100000, 0x0000000086100000|100%| O|  |TAMS 0x0000000086100000, 0x0000000086000000| Updating 
|  59|0x0000000086100000, 0x0000000086200000, 0x0000000086200000|100%| O|  |TAMS 0x0000000086200000, 0x0000000086100000| Updating 
|  60|0x0000000086200000, 0x0000000086300000, 0x0000000086300000|100%| O|  |TAMS 0x0000000086300000, 0x0000000086200000| Updating 
|  61|0x0000000086300000, 0x0000000086400000, 0x0000000086400000|100%| O|  |TAMS 0x0000000086400000, 0x0000000086300000| Updating 
|  62|0x0000000086400000, 0x0000000086500000, 0x0000000086500000|100%| O|  |TAMS 0x0000000086500000, 0x0000000086400000| Updating 
|  63|0x0000000086500000, 0x0000000086600000, 0x0000000086600000|100%| O|  |TAMS 0x0000000086600000, 0x0000000086500000| Updating 
|  64|0x0000000086600000, 0x0000000086700000, 0x0000000086700000|100%| O|  |TAMS 0x0000000086700000, 0x0000000086600000| Updating 
|  65|0x0000000086700000, 0x0000000086800000, 0x0000000086800000|100%| O|  |TAMS 0x0000000086800000, 0x0000000086700000| Updating 
|  66|0x0000000086800000, 0x0000000086900000, 0x0000000086900000|100%| O|  |TAMS 0x0000000086884e00, 0x0000000086800000| Updating 
|  67|0x0000000086900000, 0x0000000086a00000, 0x0000000086a00000|100%|HS|  |TAMS 0x0000000086a00000, 0x0000000086900000| Complete 
|  68|0x0000000086a00000, 0x0000000086b00000, 0x0000000086b00000|100%|HC|  |TAMS 0x0000000086b00000, 0x0000000086a00000| Complete 
|  69|0x0000000086b00000, 0x0000000086c00000, 0x0000000086c00000|100%|HS|  |TAMS 0x0000000086c00000, 0x0000000086b00000| Complete 
|  70|0x0000000086c00000, 0x0000000086d00000, 0x0000000086d00000|100%|HC|  |TAMS 0x0000000086d00000, 0x0000000086c00000| Complete 
|  71|0x0000000086d00000, 0x0000000086e00000, 0x0000000086e00000|100%|HC|  |TAMS 0x0000000086e00000, 0x0000000086d00000| Complete 
|  72|0x0000000086e00000, 0x0000000086f00000, 0x0000000086f00000|100%|HC|  |TAMS 0x0000000086f00000, 0x0000000086e00000| Complete 
|  73|0x0000000086f00000, 0x0000000086fc2a00, 0x0000000087000000| 76%| O|  |TAMS 0x0000000086f00000, 0x0000000086f00000| Updating 
|  74|0x0000000087000000, 0x0000000087100000, 0x0000000087100000|100%|HS|  |TAMS 0x0000000087000000, 0x0000000087000000| Complete 
|  75|0x0000000087100000, 0x0000000087200000, 0x0000000087200000|100%|HC|  |TAMS 0x0000000087100000, 0x0000000087100000| Complete 
|  76|0x0000000087200000, 0x0000000087300000, 0x0000000087300000|100%|HC|  |TAMS 0x0000000087200000, 0x0000000087200000| Complete 
|  77|0x0000000087300000, 0x0000000087400000, 0x0000000087400000|100%|HC|  |TAMS 0x0000000087300000, 0x0000000087300000| Complete 
|  78|0x0000000087400000, 0x0000000087500000, 0x0000000087500000|100%|HC|  |TAMS 0x0000000087400000, 0x0000000087400000| Complete 
|  79|0x0000000087500000, 0x0000000087600000, 0x0000000087600000|100%|HC|  |TAMS 0x0000000087500000, 0x0000000087500000| Complete 
|  80|0x0000000087600000, 0x0000000087700000, 0x0000000087700000|100%|HC|  |TAMS 0x0000000087600000, 0x0000000087600000| Complete 
|  81|0x0000000087700000, 0x0000000087800000, 0x0000000087800000|100%|HC|  |TAMS 0x0000000087700000, 0x0000000087700000| Complete 
|  82|0x0000000087800000, 0x0000000087900000, 0x0000000087900000|100%|HC|  |TAMS 0x0000000087800000, 0x0000000087800000| Complete 
|  83|0x0000000087900000, 0x0000000087a00000, 0x0000000087a00000|100%|HS|  |TAMS 0x0000000087900000, 0x0000000087900000| Complete 
|  84|0x0000000087a00000, 0x0000000087b00000, 0x0000000087b00000|100%|HC|  |TAMS 0x0000000087a00000, 0x0000000087a00000| Complete 
|  85|0x0000000087b00000, 0x0000000087c00000, 0x0000000087c00000|100%|HC|  |TAMS 0x0000000087b00000, 0x0000000087b00000| Complete 
|  86|0x0000000087c00000, 0x0000000087d00000, 0x0000000087d00000|100%|HC|  |TAMS 0x0000000087c00000, 0x0000000087c00000| Complete 
|  87|0x0000000087d00000, 0x0000000087e00000, 0x0000000087e00000|100%|HC|  |TAMS 0x0000000087d00000, 0x0000000087d00000| Complete 
|  88|0x0000000087e00000, 0x0000000087f00000, 0x0000000087f00000|100%|HS|  |TAMS 0x0000000087e00000, 0x0000000087e00000| Complete 
|  89|0x0000000087f00000, 0x0000000088000000, 0x0000000088000000|100%|HC|  |TAMS 0x0000000087f00000, 0x0000000087f00000| Complete 
|  90|0x0000000088000000, 0x0000000088100000, 0x0000000088100000|100%|HC|  |TAMS 0x0000000088000000, 0x0000000088000000| Complete 
|  91|0x0000000088100000, 0x0000000088200000, 0x0000000088200000|100%|HC|  |TAMS 0x0000000088100000, 0x0000000088100000| Complete 
|  92|0x0000000088200000, 0x0000000088300000, 0x0000000088300000|100%|HC|  |TAMS 0x0000000088200000, 0x0000000088200000| Complete 
|  93|0x0000000088300000, 0x0000000088400000, 0x0000000088400000|100%|HC|  |TAMS 0x0000000088300000, 0x0000000088300000| Complete 
|  94|0x0000000088400000, 0x0000000088500000, 0x0000000088500000|100%|HC|  |TAMS 0x0000000088400000, 0x0000000088400000| Complete 
|  95|0x0000000088500000, 0x0000000088600000, 0x0000000088600000|100%|HC|  |TAMS 0x0000000088500000, 0x0000000088500000| Complete 
|  96|0x0000000088600000, 0x0000000088700000, 0x0000000088700000|100%|HC|  |TAMS 0x0000000088600000, 0x0000000088600000| Complete 
|  97|0x0000000088700000, 0x0000000088800000, 0x0000000088800000|100%|HC|  |TAMS 0x0000000088700000, 0x0000000088700000| Complete 
|  98|0x0000000088800000, 0x0000000088900000, 0x0000000088900000|100%|HC|  |TAMS 0x0000000088800000, 0x0000000088800000| Complete 
|  99|0x0000000088900000, 0x0000000088a00000, 0x0000000088a00000|100%|HC|  |TAMS 0x0000000088900000, 0x0000000088900000| Complete 
| 100|0x0000000088a00000, 0x0000000088a00000, 0x0000000088b00000|  0%| F|  |TAMS 0x0000000088a00000, 0x0000000088a00000| Untracked 
| 101|0x0000000088b00000, 0x0000000088b00000, 0x0000000088c00000|  0%| F|  |TAMS 0x0000000088b00000, 0x0000000088b00000| Untracked 
| 102|0x0000000088c00000, 0x0000000088c00000, 0x0000000088d00000|  0%| F|  |TAMS 0x0000000088c00000, 0x0000000088c00000| Untracked 
| 103|0x0000000088d00000, 0x0000000088d00000, 0x0000000088e00000|  0%| F|  |TAMS 0x0000000088d00000, 0x0000000088d00000| Untracked 
| 104|0x0000000088e00000, 0x0000000088e00000, 0x0000000088f00000|  0%| F|  |TAMS 0x0000000088e00000, 0x0000000088e00000| Untracked 
| 105|0x0000000088f00000, 0x0000000088f00000, 0x0000000089000000|  0%| F|  |TAMS 0x0000000088f00000, 0x0000000088f00000| Untracked 
| 106|0x0000000089000000, 0x0000000089000000, 0x0000000089100000|  0%| F|  |TAMS 0x0000000089000000, 0x0000000089000000| Untracked 
| 107|0x0000000089100000, 0x0000000089100000, 0x0000000089200000|  0%| F|  |TAMS 0x0000000089100000, 0x0000000089100000| Untracked 
| 108|0x0000000089200000, 0x0000000089200000, 0x0000000089300000|  0%| F|  |TAMS 0x0000000089200000, 0x0000000089200000| Untracked 
| 109|0x0000000089300000, 0x0000000089300000, 0x0000000089400000|  0%| F|  |TAMS 0x0000000089300000, 0x0000000089300000| Untracked 
| 110|0x0000000089400000, 0x0000000089400000, 0x0000000089500000|  0%| F|  |TAMS 0x0000000089400000, 0x0000000089400000| Untracked 
| 111|0x0000000089500000, 0x0000000089600000, 0x0000000089600000|100%| S|CS|TAMS 0x0000000089500000, 0x0000000089500000| Complete 
| 112|0x0000000089600000, 0x0000000089700000, 0x0000000089700000|100%| S|CS|TAMS 0x0000000089600000, 0x0000000089600000| Complete 
| 113|0x0000000089700000, 0x0000000089800000, 0x0000000089800000|100%| S|CS|TAMS 0x0000000089700000, 0x0000000089700000| Complete 
| 114|0x0000000089800000, 0x0000000089900000, 0x0000000089900000|100%| S|CS|TAMS 0x0000000089800000, 0x0000000089800000| Complete 
| 115|0x0000000089900000, 0x0000000089900000, 0x0000000089a00000|  0%| F|  |TAMS 0x0000000089900000, 0x0000000089900000| Untracked 
| 116|0x0000000089a00000, 0x0000000089a00000, 0x0000000089b00000|  0%| F|  |TAMS 0x0000000089a00000, 0x0000000089a00000| Untracked 
| 117|0x0000000089b00000, 0x0000000089b00000, 0x0000000089c00000|  0%| F|  |TAMS 0x0000000089b00000, 0x0000000089b00000| Untracked 
| 118|0x0000000089c00000, 0x0000000089c00000, 0x0000000089d00000|  0%| F|  |TAMS 0x0000000089c00000, 0x0000000089c00000| Untracked 
| 119|0x0000000089d00000, 0x0000000089d00000, 0x0000000089e00000|  0%| F|  |TAMS 0x0000000089d00000, 0x0000000089d00000| Untracked 
| 120|0x0000000089e00000, 0x0000000089e00000, 0x0000000089f00000|  0%| F|  |TAMS 0x0000000089e00000, 0x0000000089e00000| Untracked 
| 121|0x0000000089f00000, 0x0000000089f00000, 0x000000008a000000|  0%| F|  |TAMS 0x0000000089f00000, 0x0000000089f00000| Untracked 
| 122|0x000000008a000000, 0x000000008a000000, 0x000000008a100000|  0%| F|  |TAMS 0x000000008a000000, 0x000000008a000000| Untracked 
| 123|0x000000008a100000, 0x000000008a100000, 0x000000008a200000|  0%| F|  |TAMS 0x000000008a100000, 0x000000008a100000| Untracked 
| 124|0x000000008a200000, 0x000000008a200000, 0x000000008a300000|  0%| F|  |TAMS 0x000000008a200000, 0x000000008a200000| Untracked 
| 125|0x000000008a300000, 0x000000008a35e8a0, 0x000000008a400000| 36%| E|  |TAMS 0x000000008a300000, 0x000000008a300000| Complete 

Card table byte_map: [0x0000023ffdfd0000,0x0000023ffe3c0000] _byte_map_base: 0x0000023ffdbbd000

Marking Bits (Prev, Next): (CMBitMap*) 0x0000023ffd702738, (CMBitMap*) 0x0000023ffd7026f8
 Prev Bits: [0x0000023f993a0000, 0x0000023f9b308000)
 Next Bits: [0x0000023f97430000, 0x0000023f99398000)

Polling page: 0x0000023ffb660000

Metaspace:

Usage:
  Non-class:     17.85 MB capacity,    17.62 MB ( 99%) used,   200.45 KB (  1%) free+waste,    37.13 KB ( <1%) overhead. 
      Class:      2.12 MB capacity,     2.01 MB ( 95%) used,   101.46 KB (  5%) free+waste,    16.56 KB ( <1%) overhead. 
       Both:     19.97 MB capacity,    19.62 MB ( 98%) used,   301.91 KB (  1%) free+waste,    53.69 KB ( <1%) overhead. 

Virtual space:
  Non-class space:       18.00 MB reserved,      18.00 MB (100%) committed 
      Class space:        1.00 GB reserved,       2.13 MB ( <1%) committed 
             Both:        1.02 GB reserved,      20.13 MB (  2%) committed 

Chunk freelists:
   Non-Class:  28.00 KB
       Class:  1.00 KB
        Both:  29.00 KB

MaxMetaspaceSize: 17179869184.00 GB
CompressedClassSpaceSize: 1.00 GB

CodeHeap 'non-profiled nmethods': size=120000Kb used=3010Kb max_used=3010Kb free=116989Kb
 bounds [0x0000023f8ff00000, 0x0000023f90200000, 0x0000023f97430000]
CodeHeap 'profiled nmethods': size=120000Kb used=9504Kb max_used=9504Kb free=110495Kb
 bounds [0x0000023f889d0000, 0x0000023f89320000, 0x0000023f8ff00000]
CodeHeap 'non-nmethods': size=5760Kb used=1427Kb max_used=1465Kb free=4332Kb
 bounds [0x0000023f88430000, 0x0000023f886a0000, 0x0000023f889d0000]
 total_blobs=7400 nmethods=4251 adapters=655
 compilation: enabled
              stopped_count=0, restarted_count=0
 full_count=0

Compilation events (20 events):
Event: 507.566 Thread 0x0000023fff2a3000 4889  s    4       java.util.Hashtable::put (104 bytes)
Event: 507.713 Thread 0x0000023fff2a3000 nmethod 4889 0x0000023f901ee390 code [0x0000023f901ee5a0, 0x0000023f901effb8]
Event: 581.851 Thread 0x0000023fff2b0000 4890       3       java.lang.ClassLoader::getResource (41 bytes)
Event: 581.852 Thread 0x0000023fff2b0000 nmethod 4890 0x0000023f89315a90 code [0x0000023f89315ca0, 0x0000023f89316340]
Event: 633.937 Thread 0x0000023fff2b0000 4891       3       java.lang.invoke.LambdaFormEditor$Transform::of (49 bytes)
Event: 633.939 Thread 0x0000023fff2b0000 nmethod 4891 0x0000023f89316510 code [0x0000023f89316760, 0x0000023f893170e0]
Event: 633.939 Thread 0x0000023fff2b0000 4892       3       java.lang.invoke.LambdaFormEditor$Transform::packedBytes (32 bytes)
Event: 633.939 Thread 0x0000023fff2b0000 nmethod 4892 0x0000023f88fe4c90 code [0x0000023f88fe4e20, 0x0000023f88fe4f78]
Event: 633.975 Thread 0x0000023fff2b0000 4893       3       java.util.WeakHashMap$HashIterator::hasNext (95 bytes)
Event: 633.976 Thread 0x0000023fff2b0000 nmethod 4893 0x0000023f89317490 code [0x0000023f89317660, 0x0000023f89317c58]
Event: 633.976 Thread 0x0000023fff2b0000 4894       3       java.util.WeakHashMap$KeyIterator::next (8 bytes)
Event: 633.976 Thread 0x0000023fff2b0000 nmethod 4894 0x0000023f89317e10 code [0x0000023f89317fe0, 0x0000023f89318410]
Event: 634.041 Thread 0x0000023fff2b0000 4895       3       sun.awt.image.VolatileSurfaceManager::displayChanged (102 bytes)
Event: 634.043 Thread 0x0000023fff2b0000 nmethod 4895 0x0000023f89318510 code [0x0000023f89318740, 0x0000023f893191e0]
Event: 634.043 Thread 0x0000023fff2b0000 4896       3       sun.awt.image.SunVolatileImage::updateGraphicsConfig (25 bytes)
Event: 634.043 Thread 0x0000023fff2b0000 nmethod 4896 0x0000023f89319410 code [0x0000023f893195c0, 0x0000023f89319918]
Event: 634.047 Thread 0x0000023fff2b0000 4897       3       javax.swing.plaf.basic.BasicScrollPaneUI$Handler::propertyChange (28 bytes)
Event: 634.048 Thread 0x0000023fff2b0000 nmethod 4897 0x0000023f89319a10 code [0x0000023f89319be0, 0x0000023f89319ec0]
Event: 634.048 Thread 0x0000023fff2b0000 4898       1       sun.awt.NullComponentPeer::updateGraphicsData (2 bytes)
Event: 634.048 Thread 0x0000023fff2b0000 nmethod 4898 0x0000023f901f0710 code [0x0000023f901f08a0, 0x0000023f901f09d8]

GC Heap History (20 events):
Event: 2.964 GC heap before
{Heap before GC invocations=0 (full 0):
 garbage-first heap   total 129024K, used 23552K [0x0000000082600000, 0x0000000100000000)
  region size 1024K, 24 young (24576K), 0 survivors (0K)
 Metaspace       used 14593K, capacity 14990K, committed 15104K, reserved 1062912K
  class space    used 1656K, capacity 1785K, committed 1792K, reserved 1048576K
}
Event: 2.976 GC heap after
{Heap after GC invocations=1 (full 0):
 garbage-first heap   total 129024K, used 6760K [0x0000000082600000, 0x0000000100000000)
  region size 1024K, 3 young (3072K), 3 survivors (3072K)
 Metaspace       used 14593K, capacity 14990K, committed 15104K, reserved 1062912K
  class space    used 1656K, capacity 1785K, committed 1792K, reserved 1048576K
}
Event: 3.634 GC heap before
{Heap before GC invocations=1 (full 0):
 garbage-first heap   total 129024K, used 43624K [0x0000000082600000, 0x0000000100000000)
  region size 1024K, 17 young (17408K), 3 survivors (3072K)
 Metaspace       used 16204K, capacity 16554K, committed 16640K, reserved 1064960K
  class space    used 1845K, capacity 1967K, committed 2048K, reserved 1048576K
}
Event: 3.643 GC heap after
{Heap after GC invocations=2 (full 0):
 garbage-first heap   total 129024K, used 30506K [0x0000000082600000, 0x0000000100000000)
  region size 1024K, 1 young (1024K), 1 survivors (1024K)
 Metaspace       used 16204K, capacity 16554K, committed 16640K, reserved 1064960K
  class space    used 1845K, capacity 1967K, committed 2048K, reserved 1048576K
}
Event: 28.654 GC heap before
{Heap before GC invocations=2 (full 0):
 garbage-first heap   total 129024K, used 84778K [0x0000000082600000, 0x0000000100000000)
  region size 1024K, 39 young (39936K), 1 survivors (1024K)
 Metaspace       used 18587K, capacity 18936K, committed 19072K, reserved 1067008K
  class space    used 1976K, capacity 2099K, committed 2176K, reserved 1048576K
}
Event: 28.676 GC heap after
{Heap after GC invocations=3 (full 0):
 garbage-first heap   total 129024K, used 53150K [0x0000000082600000, 0x0000000100000000)
  region size 1024K, 5 young (5120K), 5 survivors (5120K)
 Metaspace       used 18587K, capacity 18936K, committed 19072K, reserved 1067008K
  class space    used 1976K, capacity 2099K, committed 2176K, reserved 1048576K
}
Event: 46.525 GC heap before
{Heap before GC invocations=3 (full 0):
 garbage-first heap   total 129024K, used 86942K [0x0000000082600000, 0x0000000100000000)
  region size 1024K, 38 young (38912K), 5 survivors (5120K)
 Metaspace       used 18844K, capacity 19196K, committed 19328K, reserved 1067008K
  class space    used 1981K, capacity 2099K, committed 2176K, reserved 1048576K
}
Event: 46.558 GC heap after
{Heap after GC invocations=4 (full 0):
 garbage-first heap   total 129024K, used 50030K [0x0000000082600000, 0x0000000100000000)
  region size 1024K, 5 young (5120K), 5 survivors (5120K)
 Metaspace       used 18844K, capacity 19196K, committed 19328K, reserved 1067008K
  class space    used 1981K, capacity 2099K, committed 2176K, reserved 1048576K
}
Event: 75.251 GC heap before
{Heap before GC invocations=4 (full 0):
 garbage-first heap   total 129024K, used 83822K [0x0000000082600000, 0x0000000100000000)
  region size 1024K, 39 young (39936K), 5 survivors (5120K)
 Metaspace       used 19087K, capacity 19454K, committed 19584K, reserved 1067008K
  class space    used 1981K, capacity 2099K, committed 2176K, reserved 1048576K
}
Event: 75.279 GC heap after
{Heap after GC invocations=5 (full 0):
 garbage-first heap   total 129024K, used 59004K [0x0000000082600000, 0x0000000100000000)
  region size 1024K, 5 young (5120K), 5 survivors (5120K)
 Metaspace       used 19087K, capacity 19454K, committed 19584K, reserved 1067008K
  class space    used 1981K, capacity 2099K, committed 2176K, reserved 1048576K
}
Event: 96.148 GC heap before
{Heap before GC invocations=5 (full 0):
 garbage-first heap   total 129024K, used 90748K [0x0000000082600000, 0x0000000100000000)
  region size 1024K, 36 young (36864K), 5 survivors (5120K)
 Metaspace       used 19454K, capacity 19842K, committed 20096K, reserved 1067008K
  class space    used 2027K, capacity 2163K, committed 2176K, reserved 1048576K
}
Event: 96.175 GC heap after
{Heap after GC invocations=6 (full 0):
 garbage-first heap   total 129024K, used 67584K [0x0000000082600000, 0x0000000100000000)
  region size 1024K, 5 young (5120K), 5 survivors (5120K)
 Metaspace       used 19454K, capacity 19842K, committed 20096K, reserved 1067008K
  class space    used 2027K, capacity 2163K, committed 2176K, reserved 1048576K
}
Event: 132.681 GC heap before
{Heap before GC invocations=6 (full 0):
 garbage-first heap   total 129024K, used 94208K [0x0000000082600000, 0x0000000100000000)
  region size 1024K, 32 young (32768K), 5 survivors (5120K)
 Metaspace       used 19912K, capacity 20252K, committed 20352K, reserved 1067008K
  class space    used 2053K, capacity 2172K, committed 2176K, reserved 1048576K
}
Event: 132.700 GC heap after
{Heap after GC invocations=7 (full 0):
 garbage-first heap   total 129024K, used 70493K [0x0000000082600000, 0x0000000100000000)
  region size 1024K, 3 young (3072K), 3 survivors (3072K)
 Metaspace       used 19912K, capacity 20252K, committed 20352K, reserved 1067008K
  class space    used 2053K, capacity 2172K, committed 2176K, reserved 1048576K
}
Event: 232.037 GC heap before
{Heap before GC invocations=8 (full 0):
 garbage-first heap   total 129024K, used 96093K [0x0000000082600000, 0x0000000100000000)
  region size 1024K, 29 young (29696K), 3 survivors (3072K)
 Metaspace       used 20000K, capacity 20316K, committed 20352K, reserved 1067008K
  class space    used 2053K, capacity 2172K, committed 2176K, reserved 1048576K
}
Event: 232.043 GC heap after
{Heap after GC invocations=9 (full 0):
 garbage-first heap   total 129024K, used 70329K [0x0000000082600000, 0x0000000100000000)
  region size 1024K, 3 young (3072K), 3 survivors (3072K)
 Metaspace       used 20000K, capacity 20316K, committed 20352K, reserved 1067008K
  class space    used 2053K, capacity 2172K, committed 2176K, reserved 1048576K
}
Event: 351.216 GC heap before
{Heap before GC invocations=9 (full 0):
 garbage-first heap   total 129024K, used 85689K [0x0000000082600000, 0x0000000100000000)
  region size 1024K, 19 young (19456K), 3 survivors (3072K)
 Metaspace       used 20041K, capacity 20385K, committed 20608K, reserved 1067008K
  class space    used 2054K, capacity 2174K, committed 2176K, reserved 1048576K
}
Event: 351.226 GC heap after
{Heap after GC invocations=10 (full 0):
 garbage-first heap   total 129024K, used 70129K [0x0000000082600000, 0x0000000100000000)
  region size 1024K, 2 young (2048K), 2 survivors (2048K)
 Metaspace       used 20041K, capacity 20385K, committed 20608K, reserved 1067008K
  class space    used 2054K, capacity 2174K, committed 2176K, reserved 1048576K
}
Event: 633.960 GC heap before
{Heap before GC invocations=11 (full 0):
 garbage-first heap   total 129024K, used 86513K [0x0000000082600000, 0x0000000100000000)
  region size 1024K, 13 young (13312K), 2 survivors (2048K)
 Metaspace       used 20086K, capacity 20387K, committed 20608K, reserved 1067008K
  class space    used 2056K, capacity 2175K, committed 2176K, reserved 1048576K
}
Event: 633.975 GC heap after
{Heap after GC invocations=12 (full 0):
 garbage-first heap   total 129024K, used 79626K [0x0000000082600000, 0x0000000100000000)
  region size 1024K, 4 young (4096K), 4 survivors (4096K)
 Metaspace       used 20086K, capacity 20387K, committed 20608K, reserved 1067008K
  class space    used 2056K, capacity 2175K, committed 2176K, reserved 1048576K
}

Deoptimization events (20 events):
Event: 351.252 Thread 0x0000023f9da8c800 Uncommon trap: trap_request=0xffffff45 fr.pc=0x0000023f9013ef40 relative=0x00000000000008e0
Event: 351.252 Thread 0x0000023f9da8c800 Uncommon trap: reason=unstable_if action=reinterpret pc=0x0000023f9013ef40 method=sun.java2d.pipe.Region.dimAdd(II)I @ 1 c2
Event: 351.252 Thread 0x0000023f9da8c800 DEOPT PACKING pc=0x0000023f9013ef40 sp=0x000000e51dbfd070
Event: 351.252 Thread 0x0000023f9da8c800 DEOPT UNPACKING pc=0x0000023f8847912f sp=0x000000e51dbfce50 mode 2
Event: 351.278 Thread 0x0000023f9da8c800 DEOPT PACKING pc=0x0000023f892daeb7 sp=0x000000e51dbfcac0
Event: 351.279 Thread 0x0000023f9da8c800 DEOPT UNPACKING pc=0x0000023f8847964e sp=0x000000e51dbfbeb8 mode 0
Event: 351.414 Thread 0x0000023f9da8c800 Uncommon trap: trap_request=0xffffff45 fr.pc=0x0000023f901648b4 relative=0x0000000000000254
Event: 351.414 Thread 0x0000023f9da8c800 Uncommon trap: reason=unstable_if action=reinterpret pc=0x0000023f901648b4 method=java.awt.geom.AffineTransform.translate(DD)V @ 491 c2
Event: 351.414 Thread 0x0000023f9da8c800 DEOPT PACKING pc=0x0000023f901648b4 sp=0x000000e51dbfe7e0
Event: 351.414 Thread 0x0000023f9da8c800 DEOPT UNPACKING pc=0x0000023f8847912f sp=0x000000e51dbfe790 mode 2
Event: 351.430 Thread 0x0000023f9da8c800 DEOPT PACKING pc=0x0000023f892db1af sp=0x000000e51dbfcb20
Event: 351.430 Thread 0x0000023f9da8c800 DEOPT UNPACKING pc=0x0000023f8847964e sp=0x000000e51dbfbf20 mode 0
Event: 351.827 Thread 0x0000023f9da8c800 DEOPT PACKING pc=0x0000023f892db225 sp=0x000000e51dbfd880
Event: 351.827 Thread 0x0000023f9da8c800 DEOPT UNPACKING pc=0x0000023f8847964e sp=0x000000e51dbfcc80 mode 0
Event: 361.354 Thread 0x0000023f9da8c800 DEOPT PACKING pc=0x0000023f892db041 sp=0x000000e51dbfd880
Event: 361.354 Thread 0x0000023f9da8c800 DEOPT UNPACKING pc=0x0000023f8847964e sp=0x000000e51dbfcc80 mode 0
Event: 634.047 Thread 0x0000023f9da8c800 Uncommon trap: trap_request=0xffffff45 fr.pc=0x0000023f90105a50 relative=0x00000000000002d0
Event: 634.047 Thread 0x0000023f9da8c800 Uncommon trap: reason=unstable_if action=reinterpret pc=0x0000023f90105a50 method=sun.swing.SwingUtilities2.isScaleChanged(Ljava/lang/String;Ljava/lang/Object;Ljava/lang/Object;)Z @ 65 c2
Event: 634.047 Thread 0x0000023f9da8c800 DEOPT PACKING pc=0x0000023f90105a50 sp=0x000000e51dbfeb60
Event: 634.047 Thread 0x0000023f9da8c800 DEOPT UNPACKING pc=0x0000023f8847912f sp=0x000000e51dbfead8 mode 2

Classes unloaded (0 events):
No events

Classes redefined (0 events):
No events

Internal exceptions (20 events):
Event: 2.060 Thread 0x0000023ffd6be000 Exception <a 'java/lang/NoSuchMethodError'{0x00000000895e88b8}: 'java.lang.Object java.lang.invoke.DirectMethodHandle$Holder.invokeStatic(java.lang.Object, java.lang.Object, java.lang.Object, java.lang.Object, java.lang.Object, java.lang.Object, java.lang.Object, java.lang.Object, java.lang.Object, java.lang.Object, java.lang.Object, java.lang.Object, java.lang.Object, java.lang.Object, java.lang.Object)'> (0x00000000895e88b8) 
thrown [t:/workspace/open/src/hotspot/share/interpreter/linkResolver.cpp, line 
Event: 2.065 Thread 0x0000023ffd6be000 Exception <a 'java/lang/NoSuchMethodError'{0x00000000895f5610}: 'java.lang.Object java.lang.invoke.DirectMethodHandle$Holder.invokeStatic(java.lang.Object, java.lang.Object, java.lang.Object, java.lang.Object, java.lang.Object, java.lang.Object, java.lang.Object, java.lang.Object, java.lang.Object, java.lang.Object, java.lang.Object, java.lang.Object, java.lang.Object, java.lang.Object, java.lang.Object, java.lang.Object)'> (0x00000000895f5610) 
thrown [t:/workspace/open/src/hotspot/share/interpreter/linkR
Event: 2.070 Thread 0x0000023ffd6be000 Exception <a 'java/lang/NoSuchMethodError'{0x0000000089402cd0}: 'java.lang.Object java.lang.invoke.DirectMethodHandle$Holder.invokeSpecial(java.lang.Object, java.lang.Object, long, int, java.lang.Object, java.lang.Object, java.lang.Object, java.lang.Object, java.lang.Object, java.lang.Object, java.lang.Object)'> (0x0000000089402cd0) 
thrown [t:/workspace/open/src/hotspot/share/interpreter/linkResolver.cpp, line 767]
Event: 2.071 Thread 0x0000023ffd6be000 Exception <a 'java/lang/NoSuchMethodError'{0x0000000089406468}: 'java.lang.Object java.lang.invoke.DelegatingMethodHandle$Holder.reinvoke_L(java.lang.Object, long, int, java.lang.Object, java.lang.Object, java.lang.Object, java.lang.Object, java.lang.Object, java.lang.Object, java.lang.Object)'> (0x0000000089406468) 
thrown [t:/workspace/open/src/hotspot/share/interpreter/linkResolver.cpp, line 767]
Event: 2.491 Thread 0x0000023ffd6be000 Exception <a 'java/lang/ClassNotFoundException'{0x00000000891316b0}: com/sun/swing/internal/plaf/synth/resources/spi/synthProvider> (0x00000000891316b0) 
thrown [t:/workspace/open/src/hotspot/share/classfile/systemDictionary.cpp, line 232]
Event: 2.493 Thread 0x0000023ffd6be000 Exception <a 'java/lang/ClassNotFoundException'{0x0000000089135708}: com/sun/swing/internal/plaf/basic/resources/spi/basicProvider> (0x0000000089135708) 
thrown [t:/workspace/open/src/hotspot/share/classfile/systemDictionary.cpp, line 232]
Event: 2.848 Thread 0x0000023f9f1d8800 Implicit null exception at 0x0000023f8ff577f8 to 0x0000023f8ff57902
Event: 2.848 Thread 0x0000023f9f1d8800 Implicit null exception at 0x0000023f8ff5837f to 0x0000023f8ff5845a
Event: 3.206 Thread 0x0000023ffd6be000 Exception <a 'java/lang/NoSuchMethodError'{0x000000008a1faa00}: 'void java.lang.invoke.DirectMethodHandle$Holder.invokeStaticInit(java.lang.Object)'> (0x000000008a1faa00) 
thrown [t:/workspace/open/src/hotspot/share/interpreter/linkResolver.cpp, line 767]
Event: 3.215 Thread 0x0000023ffd6be000 Exception <a 'java/lang/NoSuchMethodError'{0x0000000089621fd0}: 'java.lang.Object java.lang.invoke.Invokers$Holder.linkToTargetMethod(java.lang.Object, int, java.lang.Object)'> (0x0000000089621fd0) 
thrown [t:/workspace/open/src/hotspot/share/interpreter/linkResolver.cpp, line 767]
Event: 10.180 Thread 0x0000023f9da8c800 Implicit null exception at 0x0000023f8ff9dea3 to 0x0000023f8ff9e17a
Event: 16.175 Thread 0x0000023f9da8c800 Implicit null exception at 0x0000023f900307b5 to 0x0000023f90030ea3
Event: 16.204 Thread 0x0000023f9da8c800 Implicit null exception at 0x0000023f90031d57 to 0x0000023f90032220
Event: 16.204 Thread 0x0000023f9da8c800 Implicit null exception at 0x0000023f900307b5 to 0x0000023f90030ea3
Event: 16.204 Thread 0x0000023f9da8c800 Implicit null exception at 0x0000023f90031d57 to 0x0000023f90032220
Event: 16.204 Thread 0x0000023f9da8c800 Implicit null exception at 0x0000023f900307b5 to 0x0000023f90030ea3
Event: 247.936 Thread 0x0000023f9da8c800 Implicit null exception at 0x0000023f9017318b to 0x0000023f90173772
Event: 351.195 Thread 0x0000023f9d6aa000 Exception <a 'java/lang/NoSuchMethodError'{0x00000000894076a8}: 'void java.lang.invoke.DirectMethodHandle$Holder.invokeVirtual(java.lang.Object, java.lang.Object)'> (0x00000000894076a8) 
thrown [t:/workspace/open/src/hotspot/share/interpreter/linkResolver.cpp, line 767]
Event: 351.245 Thread 0x0000023f9da8c800 Implicit null exception at 0x0000023f90143827 to 0x0000023f901438f7
Event: 351.246 Thread 0x0000023f9da8c800 Implicit null exception at 0x0000023f90143f2b to 0x0000023f90143ffb

Events (20 events):
Event: 351.382 Executing VM operation: G1Concurrent done
Event: 351.412 Executing VM operation: RevokeBias
Event: 351.413 Executing VM operation: RevokeBias done
Event: 351.416 Executing VM operation: G1Concurrent
Event: 351.419 Executing VM operation: G1Concurrent done
Event: 354.699 Executing VM operation: RevokeBias
Event: 354.699 Executing VM operation: RevokeBias done
Event: 482.488 Executing VM operation: BulkRevokeBias
Event: 482.488 Executing VM operation: BulkRevokeBias done
Event: 482.495 Executing VM operation: BulkRevokeBias
Event: 482.496 Executing VM operation: BulkRevokeBias done
Event: 633.945 loading class java/util/WeakHashMap$KeyIterator
Event: 633.946 loading class java/util/WeakHashMap$HashIterator
Event: 633.946 loading class java/util/WeakHashMap$HashIterator done
Event: 633.946 loading class java/util/WeakHashMap$KeyIterator done
Event: 633.960 Executing VM operation: G1CollectForAllocation
Event: 633.980 Executing VM operation: G1CollectForAllocation done
Event: 633.992 loading class javax/swing/RepaintManager$DisplayChangedRunnable
Event: 633.992 loading class javax/swing/RepaintManager$DisplayChangedRunnable done
Event: 634.273 Executing VM operation: G1Concurrent


Dynamic libraries:
0x00007ff6d1080000 - 0x00007ff6d108f000 	C:\Program Files\Java\jdk-13.0.1\bin\java.exe
0x00007ffe59830000 - 0x00007ffe59a26000 	C:\WINDOWS\SYSTEM32\ntdll.dll
0x00007ffe28b60000 - 0x00007ffe28b72000 	C:\Program Files\AVAST Software\Avast\aswhook.dll
0x00007ffe57980000 - 0x00007ffe57a3d000 	C:\WINDOWS\System32\KERNEL32.DLL
0x00007ffe57360000 - 0x00007ffe57628000 	C:\WINDOWS\System32\KERNELBASE.dll
0x00007ffe57790000 - 0x00007ffe57890000 	C:\WINDOWS\System32\ucrtbase.dll
0x00007ffe3a480000 - 0x00007ffe3a498000 	C:\Program Files\Java\jdk-13.0.1\bin\jli.dll
0x00007ffe57aa0000 - 0x00007ffe57b4c000 	C:\WINDOWS\System32\ADVAPI32.dll
0x00007ffe59720000 - 0x00007ffe597be000 	C:\WINDOWS\System32\msvcrt.dll
0x00007ffe58b10000 - 0x00007ffe58bab000 	C:\WINDOWS\System32\sechost.dll
0x00007ffe58120000 - 0x00007ffe58244000 	C:\WINDOWS\System32\RPCRT4.dll
0x00007ffe58e30000 - 0x00007ffe58fd0000 	C:\WINDOWS\System32\USER32.dll
0x00007ffe57630000 - 0x00007ffe57652000 	C:\WINDOWS\System32\win32u.dll
0x00007ffe597c0000 - 0x00007ffe597ea000 	C:\WINDOWS\System32\GDI32.dll
0x00007ffe57100000 - 0x00007ffe57209000 	C:\WINDOWS\System32\gdi32full.dll
0x00007ffe57210000 - 0x00007ffe572ad000 	C:\WINDOWS\System32\msvcp_win.dll
0x00007ffe326f0000 - 0x00007ffe32705000 	C:\Program Files\Java\jdk-13.0.1\bin\VCRUNTIME140.dll
0x00007ffe397b0000 - 0x00007ffe39a4b000 	C:\WINDOWS\WinSxS\amd64_microsoft.windows.common-controls_6595b64144ccf1df_6.0.19041.488_none_ca04af081b815d21\COMCTL32.dll
0x00007ffe4ecf0000 - 0x00007ffe4ecfa000 	C:\WINDOWS\SYSTEM32\VERSION.dll
0x00007ffe58250000 - 0x00007ffe58280000 	C:\WINDOWS\System32\IMM32.DLL
0x00007ffe1d230000 - 0x00007ffe1d2cb000 	C:\Program Files\Java\jdk-13.0.1\bin\msvcp140.dll
0x00007ffe0ac80000 - 0x00007ffe0b7e6000 	C:\Program Files\Java\jdk-13.0.1\bin\server\jvm.dll
0x00007ffe57f10000 - 0x00007ffe57f18000 	C:\WINDOWS\System32\PSAPI.DLL
0x00007ffe452a0000 - 0x00007ffe452a9000 	C:\WINDOWS\SYSTEM32\WSOCK32.dll
0x00007ffe58500000 - 0x00007ffe5856b000 	C:\WINDOWS\System32\WS2_32.dll
0x00007ffe42e70000 - 0x00007ffe42e97000 	C:\WINDOWS\SYSTEM32\WINMM.dll
0x00007ffe54de0000 - 0x00007ffe54df2000 	C:\WINDOWS\SYSTEM32\kernel.appcore.dll
0x00007ffe51480000 - 0x00007ffe51490000 	C:\Program Files\Java\jdk-13.0.1\bin\verify.dll
0x00007ffe544a0000 - 0x00007ffe54684000 	C:\WINDOWS\SYSTEM32\DBGHELP.DLL
0x00007ffe4cd70000 - 0x00007ffe4cd9c000 	C:\WINDOWS\SYSTEM32\dbgcore.DLL
0x00007ffe57710000 - 0x00007ffe5778f000 	C:\WINDOWS\System32\bcryptPrimitives.dll
0x00007ffe1d2d0000 - 0x00007ffe1d2f6000 	C:\Program Files\Java\jdk-13.0.1\bin\java.dll
0x00007ffe30410000 - 0x00007ffe30427000 	C:\Program Files\Java\jdk-13.0.1\bin\zip.dll
0x00007ffe512f0000 - 0x00007ffe512fa000 	C:\Program Files\Java\jdk-13.0.1\bin\jimage.dll
0x00007ffe58fd0000 - 0x00007ffe59711000 	C:\WINDOWS\System32\SHELL32.dll
0x00007ffe550c0000 - 0x00007ffe55855000 	C:\WINDOWS\SYSTEM32\windows.storage.dll
0x00007ffe57b50000 - 0x00007ffe57ea5000 	C:\WINDOWS\System32\combase.dll
0x00007ffe569e0000 - 0x00007ffe56a0c000 	C:\WINDOWS\SYSTEM32\Wldp.dll
0x00007ffe58ce0000 - 0x00007ffe58d8e000 	C:\WINDOWS\System32\SHCORE.dll
0x00007ffe57a40000 - 0x00007ffe57a95000 	C:\WINDOWS\System32\shlwapi.dll
0x00007ffe56ea0000 - 0x00007ffe56ec6000 	C:\WINDOWS\SYSTEM32\profapi.dll
0x00007ffe30940000 - 0x00007ffe30959000 	C:\Program Files\Java\jdk-13.0.1\bin\net.dll
0x00007ffe53ab0000 - 0x00007ffe53bb0000 	C:\WINDOWS\SYSTEM32\WINHTTP.dll
0x00007ffe56760000 - 0x00007ffe567ca000 	C:\WINDOWS\system32\mswsock.dll
0x00007ffe30920000 - 0x00007ffe30933000 	C:\Program Files\Java\jdk-13.0.1\bin\nio.dll
0x00007ffe12840000 - 0x00007ffe129d9000 	C:\Program Files\Java\jdk-13.0.1\bin\awt.dll
0x00007ffe58bb0000 - 0x00007ffe58c7d000 	C:\WINDOWS\System32\OLEAUT32.dll
0x00007ffe51c80000 - 0x00007ffe52240000 	C:\WINDOWS\SYSTEM32\d2d1.dll
0x00007ffe52ea0000 - 0x00007ffe52f30000 	C:\WINDOWS\SYSTEM32\apphelp.dll
0x00007ffe1b5e0000 - 0x00007ffe1b662000 	C:\Program Files\Java\jdk-13.0.1\bin\freetype.dll
0x00007ffe1ad10000 - 0x00007ffe1adb6000 	C:\Program Files\Java\jdk-13.0.1\bin\fontmanager.dll
0x00007ffe53620000 - 0x00007ffe536be000 	C:\WINDOWS\system32\uxtheme.dll
0x00007ffe58000000 - 0x00007ffe58115000 	C:\WINDOWS\System32\MSCTF.dll
0x00007ffe589e0000 - 0x00007ffe58b0a000 	C:\WINDOWS\System32\ole32.dll
0x00007ffe54db0000 - 0x00007ffe54ddf000 	C:\WINDOWS\system32\DWMAPI.DLL
0x00007ffe352c0000 - 0x00007ffe353e5000 	C:\WINDOWS\system32\opengl32.dll
0x00007ffe4e120000 - 0x00007ffe4e14c000 	C:\WINDOWS\SYSTEM32\GLU32.dll
0x00007ffe327e0000 - 0x00007ffe3280d000 	C:\Program Files\Java\jdk-13.0.1\bin\javajpeg.dll
0x00007ffe58280000 - 0x00007ffe58329000 	C:\WINDOWS\System32\clbcatq.dll
0x00007ffe4eb30000 - 0x00007ffe4ece4000 	C:\WINDOWS\SYSTEM32\WindowsCodecs.dll
0x00007ffe570d0000 - 0x00007ffe570f7000 	C:\WINDOWS\System32\bcrypt.dll
0x00007ffe2a570000 - 0x00007ffe2a5ae000 	C:\WINDOWS\system32\dataexchange.dll
0x00007ffe515b0000 - 0x00007ffe51814000 	C:\WINDOWS\system32\d3d11.dll
0x00007ffe52240000 - 0x00007ffe52425000 	C:\WINDOWS\system32\dcomp.dll
0x00007ffe559e0000 - 0x00007ffe55ad3000 	C:\WINDOWS\system32\dxgi.dll
0x00007ffe4fe80000 - 0x00007ffe50088000 	C:\WINDOWS\system32\twinapi.appcore.dll
0x00007ffe39e60000 - 0x00007ffe39f5c000 	C:\WINDOWS\SYSTEM32\textinputframework.dll
0x00007ffe52430000 - 0x00007ffe5278e000 	C:\WINDOWS\System32\CoreUIComponents.dll
0x00007ffe52b10000 - 0x00007ffe52c02000 	C:\WINDOWS\System32\CoreMessaging.dll
0x00007ffe55cf0000 - 0x00007ffe55d23000 	C:\WINDOWS\SYSTEM32\ntmarta.dll
0x00007ffe52d40000 - 0x00007ffe52e96000 	C:\WINDOWS\SYSTEM32\wintypes.dll
0x00007ffe4edf0000 - 0x00007ffe4ee5a000 	C:\WINDOWS\system32\Ninput.dll

dbghelp: loaded successfully - version: 4.0.5 - missing functions: none
symbol engine: initialized successfully - sym options: 0x614 - pdb path: .;C:\Program Files\Java\jdk-13.0.1\bin;C:\WINDOWS\SYSTEM32;C:\Program Files\AVAST Software\Avast;C:\WINDOWS\WinSxS\amd64_microsoft.windows.common-controls_6595b64144ccf1df_6.0.19041.488_none_ca04af081b815d21;C:\Program Files\Java\jdk-13.0.1\bin\server

VM Arguments:
jvm_args: -Dfile.encoding=UTF-8 
java_command: worldairline.WorldAirline
java_class_path (initial): D:\GITHUB\worldAirline\lib\mysql-connector-java-5.1.49-bin.jar;D:\GITHUB\worldAirline\lib\absolutelayout\AbsoluteLayout.jar;D:\GITHUB\worldAirline\lib\swingx-all-1.6.4.jar;D:\GITHUB\worldAirline\lib\jcalendar-1.4.jar;D:\GITHUB\worldAirline\lib\barbecue-1.5-beta1 (1).jar;D:\GITHUB\worldAirline\build\classes
Launcher Type: SUN_STANDARD

[Global flags]
     intx CICompilerCount                          = 4                                         {product} {ergonomic}
     uint ConcGCThreads                            = 2                                         {product} {ergonomic}
     uint G1ConcRefinementThreads                  = 8                                         {product} {ergonomic}
   size_t G1HeapRegionSize                         = 1048576                                   {product} {ergonomic}
    uintx GCDrainStackTargetSize                   = 64                                        {product} {ergonomic}
   size_t InitialHeapSize                          = 132120576                                 {product} {ergonomic}
   size_t MarkStackSize                            = 4194304                                   {product} {ergonomic}
   size_t MaxHeapSize                              = 2107637760                                {product} {ergonomic}
   size_t MaxNewSize                               = 1264582656                                {product} {ergonomic}
   size_t MinHeapDeltaBytes                        = 1048576                                   {product} {ergonomic}
   size_t MinHeapSize                              = 8388608                                   {product} {ergonomic}
    uintx NonNMethodCodeHeapSize                   = 5836300                                {pd product} {ergonomic}
    uintx NonProfiledCodeHeapSize                  = 122910970                              {pd product} {ergonomic}
    uintx ProfiledCodeHeapSize                     = 122910970                              {pd product} {ergonomic}
    uintx ReservedCodeCacheSize                    = 251658240                              {pd product} {ergonomic}
     bool SegmentedCodeCache                       = true                                      {product} {ergonomic}
   size_t SoftMaxHeapSize                          = 2107637760                             {manageable} {ergonomic}
     bool UseCompressedClassPointers               = true                                 {lp64_product} {ergonomic}
     bool UseCompressedOops                        = true                                 {lp64_product} {ergonomic}
     bool UseG1GC                                  = true                                      {product} {ergonomic}
     bool UseLargePagesIndividualAllocation        = false                                  {pd product} {ergonomic}

Logging:
Log output configuration:
 #0: stdout all=warning uptime,level,tags
 #1: stderr all=off uptime,level,tags

Environment Variables:
PATH=C:\Program Files\Common Files\Oracle\Java\javapath;C:\ProgramData\Oracle\Java\javapath;C:\Users\Unknow\gcc\bin;C:\Users\Unknow\gcc\libexec\gcc\x86_64-pc-mingw32\4.7.0;C:\WINDOWS\system32;C:\WINDOWS;C:\WINDOWS\System32\Wbem;C:\WINDOWS\System32\WindowsPowerShell\v1.0\;C:\WINDOWS\System32\OpenSSH\;C:\Program Files\Intel\WiFi\bin\;C:\Program Files\Common Files\Intel\WirelessCommon\;C:\Program Files\Java\jdk-13.0.1\bin;D:\Mathslab\Polyspace\runtime\win64;D:\Mathslab\Polyspace\bin;D:\Mathslab\Polyspace\polyspace\bin;C:\Users\Unknow\AppData\Local\Microsoft\WindowsApps;C:\Users\Unknow\AppData\Local\Microsoft\WindowsApps;C:\Users\Unknow\AppData\Local\GitHubDesktop\bin
USERNAME=Unknow
OS=Windows_NT
PROCESSOR_IDENTIFIER=Intel64 Family 6 Model 142 Stepping 11, GenuineIntel



---------------  S Y S T E M  ---------------

OS: Windows 10 , 64 bit Build 19041 (10.0.19041.546)

CPU:total 8 (initial active 8) (4 cores per cpu, 2 threads per core) family 6 model 142 stepping 11, cmov, cx8, fxsr, mmx, sse, sse2, sse3, ssse3, sse4.1, sse4.2, popcnt, avx, avx2, aes, clmul, erms, 3dnowpref, lzcnt, ht, tsc, tscinvbit, bmi1, bmi2, adx, fma

Memory: 4k page, system-wide physical 8037M (324M free)
TotalPageFile size 18277M (AvailPageFile size 79M)
current process WorkingSet (physical memory assigned to process): 165M, peak: 236M
current process commit charge ("private bytes"): 265M, peak: 314M

vm_info: Java HotSpot(TM) 64-Bit Server VM (13.0.1+9) for windows-amd64 JRE (13.0.1+9), built on Oct  6 2019 12:37:49 by "mach5one" with unknown MS VC++:1916

END.
