#
# There is insufficient memory for the Java Runtime Environment to continue.
# Native memory allocation (malloc) failed to allocate 50176 bytes for Chunk::new
# Possible reasons:
#   The system is out of physical RAM or swap space
#   The process is running with CompressedOops enabled, and the Java Heap may be blocking the growth of the native heap
# Possible solutions:
#   Reduce memory load on the system
#   Increase physical memory or swap space
#   Check if swap backing store is full
#   Decrease Java heap size (-Xmx/-Xms)
#   Decrease number of Java threads
#   Decrease Java thread stack sizes (-Xss)
#   Set larger code cache with -XX:ReservedCodeCacheSize=
#   JVM is running with Unscaled Compressed Oops mode in which the Java heap is
#     placed in the first 4GB address space. The Java Heap base address is the
#     maximum limit for the native heap growth. Please use -XX:HeapBaseMinAddress
#     to set the Java Heap base and to place the Java Heap above 4GB virtual address.
# This output file may be truncated or incomplete.
#
#  Out of Memory Error (t:/workspace/open/src/hotspot/share/memory/arena.cpp:196), pid=12744, tid=3608
#
# JRE version: Java(TM) SE Runtime Environment (13.0.1+9) (build 13.0.1+9)
# Java VM: Java HotSpot(TM) 64-Bit Server VM (13.0.1+9, mixed mode, sharing, tiered, compressed oops, g1 gc, windows-amd64)
# No core dump will be written. Minidumps are not enabled by default on client versions of Windows
#

---------------  S U M M A R Y ------------

Command Line: -Dapplication.home=C:\Program Files\Java\jdk-13.0.1 --add-modules=ALL-DEFAULT -Xms8m -Djdk.module.main=jdk.compiler jdk.compiler/com.sun.tools.javac.Main -d D:\GITHUB\worldAirline\build\classes -classpath D:\GITHUB\worldAirline\build\classes;D:\GITHUB\worldAirline\lib\mysql-connector-java-5.1.49-bin.jar;D:\GITHUB\worldAirline\lib\absolutelayout\AbsoluteLayout.jar;D:\GITHUB\worldAirline\lib\swingx-all-1.6.4.jar;D:\GITHUB\worldAirline\lib\jcalendar-1.4.jar;D:\GITHUB\worldAirline\lib\barcode.jar;D:\GITHUB\worldAirline\lib\qrgen-1.0.jar;D:\GITHUB\worldAirline\lib\zxing-core-1.7.jar;D:\GITHUB\worldAirline\lib\zxing-j2se-1.7.jar;D:\GITHUB\worldAirline\lib\barbecue-1.5-beta1 (1).jar -sourcepath D:\GITHUB\worldAirline\build\empty -target 13 -encoding UTF-8 -g -processorpath D:\GITHUB\worldAirline\lib\mysql-connector-java-5.1.49-bin.jar;D:\GITHUB\worldAirline\lib\absolutelayout\AbsoluteLayout.jar;D:\GITHUB\worldAirline\lib\swingx-all-1.6.4.jar;D:\GITHUB\worldAirline\lib\jcalendar-1.4.jar;D:\GITHUB\worldAirline\lib\barcode.jar;D:\GITHUB\worldAirline\lib\qrgen-1.0.jar;D:\GITHUB\worldAirline\lib\zxing-core-1.7.jar;D:\GITHUB\worldAirline\lib\zxing-j2se-1.7.jar;D:\GITHUB\worldAirline\lib\barbecue-1.5-beta1 (1).jar;D:\GITHUB\worldAirline\build\empty -s D:\GITHUB\worldAirline\build\generated-sources\ap-source-output -source 13 @C:\Users\Unknow\AppData\Local\Temp\files2064970714205916042

Host: Intel(R) Core(TM) i7-8565U CPU @ 1.80GHz, 8 cores, 7G,  Windows 10 , 64 bit Build 19041 (10.0.19041.546)
Time: Fri Dec  4 16:18:38 2020 Paris, Madrid elapsed time: 0 seconds (0d 0h 0m 0s)

---------------  T H R E A D  ---------------

Current thread (0x00000169ec820800):  JavaThread "C2 CompilerThread0" daemon [_thread_in_native, id=3608, stack(0x000000205ca00000,0x000000205cb00000)]


Current CompileTask:
C2:    852  813       4       com.sun.tools.javac.util.Name$Table::equals (44 bytes)

Stack: [0x000000205ca00000,0x000000205cb00000]
Native frames: (J=compiled Java code, j=interpreted, Vv=VM code, C=native code)
V  [jvm.dll+0x626eca]
V  [jvm.dll+0x772c6a]
V  [jvm.dll+0x77441f]
V  [jvm.dll+0x774a23]
V  [jvm.dll+0x24da58]
V  [jvm.dll+0xc3ae7]
V  [jvm.dll+0xc406c]
V  [jvm.dll+0x2bfa84]
V  [jvm.dll+0x545e6d]
V  [jvm.dll+0x20fd2a]
V  [jvm.dll+0x209740]
V  [jvm.dll+0x2069bd]
V  [jvm.dll+0x18b94c]
V  [jvm.dll+0x2159bd]
V  [jvm.dll+0x213e6b]
V  [jvm.dll+0x738b16]
V  [jvm.dll+0x731c0a]
V  [jvm.dll+0x6260c6]
C  [ucrtbase.dll+0x214c2]
C  [KERNEL32.DLL+0x17034]
C  [ntdll.dll+0x4cec1]


---------------  P R O C E S S  ---------------

Threads class SMR info:
_java_thread_list=0x00000169ece86440, length=12, elements={
0x00000169cd1b1800, 0x00000169ec801000, 0x00000169ec804800, 0x00000169ec81c800,
0x00000169ec81e000, 0x00000169ec820800, 0x00000169ec823000, 0x00000169ec829000,
0x00000169eca6d800, 0x00000169eca81800, 0x00000169ecacd800, 0x00000169ed367800
}

Java Threads: ( => current thread )
  0x00000169cd1b1800 JavaThread "main" [_thread_in_Java, id=14616, stack(0x000000205bf00000,0x000000205c000000)]
  0x00000169ec801000 JavaThread "Reference Handler" daemon [_thread_blocked, id=18600, stack(0x000000205c600000,0x000000205c700000)]
  0x00000169ec804800 JavaThread "Finalizer" daemon [_thread_blocked, id=5084, stack(0x000000205c700000,0x000000205c800000)]
  0x00000169ec81c800 JavaThread "Signal Dispatcher" daemon [_thread_blocked, id=3984, stack(0x000000205c800000,0x000000205c900000)]
  0x00000169ec81e000 JavaThread "Attach Listener" daemon [_thread_blocked, id=20180, stack(0x000000205c900000,0x000000205ca00000)]
=>0x00000169ec820800 JavaThread "C2 CompilerThread0" daemon [_thread_in_native, id=3608, stack(0x000000205ca00000,0x000000205cb00000)]
  0x00000169ec823000 JavaThread "C1 CompilerThread0" daemon [_thread_in_native, id=23172, stack(0x000000205cb00000,0x000000205cc00000)]
  0x00000169ec829000 JavaThread "Sweeper thread" daemon [_thread_blocked, id=12264, stack(0x000000205cc00000,0x000000205cd00000)]
  0x00000169eca6d800 JavaThread "Common-Cleaner" daemon [_thread_blocked, id=17460, stack(0x000000205cd00000,0x000000205ce00000)]
  0x00000169eca81800 JavaThread "C2 CompilerThread1" daemon [_thread_in_native, id=13056, stack(0x000000205ce00000,0x000000205cf00000)]
  0x00000169ecacd800 JavaThread "Service Thread" daemon [_thread_blocked, id=19084, stack(0x000000205cf00000,0x000000205d000000)]
  0x00000169ed367800 JavaThread "C2 CompilerThread2" daemon [_thread_in_native, id=22356, stack(0x000000205d200000,0x000000205d300000)]

Other Threads:
  0x00000169ec7fb000 VMThread "VM Thread" [stack: 0x000000205c500000,0x000000205c600000] [id=13172]
  0x00000169ecb06800 WatcherThread [stack: 0x000000205d000000,0x000000205d100000] [id=18944]
  0x00000169cd1f5800 GCTaskThread "GC Thread#0" [stack: 0x000000205c000000,0x000000205c100000] [id=19620]
  0x00000169ecc69800 GCTaskThread "GC Thread#1" [stack: 0x000000205d100000,0x000000205d200000] [id=22692]
  0x00000169cd207000 ConcurrentGCThread "G1 Main Marker" [stack: 0x000000205c100000,0x000000205c200000] [id=2904]
  0x00000169cd208800 ConcurrentGCThread "G1 Conc#0" [stack: 0x000000205c200000,0x000000205c300000] [id=15992]
  0x00000169cd234000 ConcurrentGCThread "G1 Refine#0" [stack: 0x000000205c300000,0x000000205c400000] [id=18488]
  0x00000169cd236000 ConcurrentGCThread "G1 Young RemSet Sampling" [stack: 0x000000205c400000,0x000000205c500000] [id=9952]

Threads with active compile tasks:
C2 CompilerThread0      929  813       4       com.sun.tools.javac.util.Name$Table::equals (44 bytes)
C1 CompilerThread0      929  881       3       com.sun.tools.javac.parser.JavacParser::arguments (109 bytes)
C2 CompilerThread1      929  811   !   4       com.sun.tools.javac.parser.JavaTokenizer::readToken (2162 bytes)
C2 CompilerThread2      929  871       4       com.sun.tools.javac.parser.JavaTokenizer::scanIdent (733 bytes)

VM state:at safepoint (normal execution)

VM Mutex/Monitor currently owned by a thread:  ([mutex/lock_event])
[0x00000169cd1adce0] Threads_lock - owner thread: 0x00000169ec7fb000
[0x00000169cd1ad8f0] Heap_lock - owner thread: 0x00000169cd1b1800

Heap address: 0x0000000082600000, size: 2010 MB, Compressed Oops mode: 32-bit
Narrow klass base: 0x0000000800000000, Narrow klass shift: 3
Compressed class space size: 1073741824 Address: 0x0000000800b40000

Heap:
 garbage-first heap   total 10240K, used 4719K [0x0000000082600000, 0x0000000100000000)
  region size 1024K, 3 young (3072K), 1 survivors (1024K)
 Metaspace       used 8033K, capacity 11019K, committed 11264K, reserved 1058816K
  class space    used 943K, capacity 1257K, committed 1280K, reserved 1048576K
Heap Regions: E=young(eden), S=young(survivor), O=old, HS=humongous(starts), HC=humongous(continues), CS=collection set, F=free, A=archive, TAMS=top-at-mark-start (previous, next)
|   0|0x0000000082600000, 0x0000000082700000, 0x0000000082700000|100%| O|  |TAMS 0x0000000082600000, 0x0000000082600000| Untracked 
|   1|0x0000000082700000, 0x00000000827d97b8, 0x0000000082800000| 84%| O|  |TAMS 0x0000000082700000, 0x0000000082700000| Untracked 
|   2|0x0000000082800000, 0x0000000082800000, 0x0000000082900000|  0%| F|  |TAMS 0x0000000082800000, 0x0000000082800000| Untracked 
|   3|0x0000000082900000, 0x0000000082900000, 0x0000000082a00000|  0%| F|  |TAMS 0x0000000082900000, 0x0000000082900000| Untracked 
|   4|0x0000000082a00000, 0x0000000082a00000, 0x0000000082b00000|  0%| F|  |TAMS 0x0000000082a00000, 0x0000000082a00000| Untracked 
|   5|0x0000000082b00000, 0x0000000082be3bc0, 0x0000000082c00000| 88%| E|CS|TAMS 0x0000000082b00000, 0x0000000082b00000| Complete 
|   6|0x0000000082c00000, 0x0000000082c00000, 0x0000000082d00000|  0%| F|  |TAMS 0x0000000082c00000, 0x0000000082c00000| Untracked 
|   7|0x0000000082d00000, 0x0000000082da5f20, 0x0000000082e00000| 64%| S|  |TAMS 0x0000000082d00000, 0x0000000082d00000| Complete 
|   8|0x0000000082e00000, 0x0000000082efcb50, 0x0000000082f00000| 98%| E|CS|TAMS 0x0000000082e00000, 0x0000000082e00000| Complete 
|   9|0x0000000082f00000, 0x0000000083000000, 0x0000000083000000|100%| E|CS|TAMS 0x0000000082f00000, 0x0000000082f00000| Complete 

Card table byte_map: [0x00000169e4f00000,0x00000169e52f0000] _byte_map_base: 0x00000169e4aed000

Marking Bits (Prev, Next): (CMBitMap*) 0x00000169cd1f63a8, (CMBitMap*) 0x00000169cd1f63e8
 Prev Bits: [0x00000169e56e0000, 0x00000169e7648000)
 Next Bits: [0x00000169e7650000, 0x00000169e95b8000)

Polling page: 0x00000169cb1d0000

Metaspace:

Usage:
  Non-class:      9.53 MB capacity,     6.92 MB ( 73%) used,     2.59 MB ( 27%) free+waste,    18.56 KB ( <1%) overhead. 
      Class:      1.23 MB capacity,   943.76 KB ( 75%) used,   303.68 KB ( 24%) free+waste,     9.56 KB ( <1%) overhead. 
       Both:     10.76 MB capacity,     7.84 MB ( 73%) used,     2.89 MB ( 27%) free+waste,    28.13 KB ( <1%) overhead. 

Virtual space:
  Non-class space:       10.00 MB reserved,       9.75 MB ( 98%) committed 
      Class space:        1.00 GB reserved,       1.25 MB ( <1%) committed 
             Both:        1.01 GB reserved,      11.00 MB (  1%) committed 

Chunk freelists:
   Non-Class:  30.00 KB
       Class:  0 bytes
        Both:  30.00 KB

MaxMetaspaceSize: 17179869184.00 GB
CompressedClassSpaceSize: 1.00 GB

CodeHeap 'non-profiled nmethods': size=120000Kb used=271Kb max_used=271Kb free=119728Kb
 bounds [0x00000169dd190000, 0x00000169dd400000, 0x00000169e46c0000]
CodeHeap 'profiled nmethods': size=120000Kb used=1728Kb max_used=1728Kb free=118271Kb
 bounds [0x00000169d5c60000, 0x00000169d5ed0000, 0x00000169dd190000]
CodeHeap 'non-nmethods': size=5760Kb used=1151Kb max_used=1164Kb free=4609Kb
 bounds [0x00000169d56c0000, 0x00000169d5930000, 0x00000169d5c60000]
 total_blobs=1711 nmethods=867 adapters=305
 compilation: enabled
              stopped_count=0, restarted_count=0
 full_count=0

Compilation events (20 events):
Event: 0.824 Thread 0x00000169ec823000 nmethod 780 0x00000169d5da9910 code [0x00000169d5da9b40, 0x00000169d5daa2a0]
Event: 0.824 Thread 0x00000169ec823000  788       3       com.sun.tools.javac.parser.UnicodeReader::putChar (10 bytes)
Event: 0.824 Thread 0x00000169ec823000 nmethod 788 0x00000169d5daa510 code [0x00000169d5daa6c0, 0x00000169d5daa870]
Event: 0.824 Thread 0x00000169ec823000  786       3       com.sun.tools.javac.parser.JavacParser::term3 (2676 bytes)
Event: 0.828 Thread 0x00000169ec820800  797       4       com.sun.tools.javac.parser.JavacParser$EmptyEndPosTable::toP (2 bytes)
Event: 0.829 Thread 0x00000169ec820800 nmethod 797 0x00000169dd1cff90 code [0x00000169dd1d0120, 0x00000169dd1d0198]
Event: 0.829 Thread 0x00000169ec820800  800       4       com.sun.tools.javac.util.Name$Table::hashValue (36 bytes)
Event: 0.829 Thread 0x00000169eca81800  801       4       com.sun.tools.javac.tree.TreeMaker::at (7 bytes)
Event: 0.830 Thread 0x00000169eca81800 nmethod 801 0x00000169dd1d0290 code [0x00000169dd1d0420, 0x00000169dd1d0498]
Event: 0.830 Thread 0x00000169eca81800  803       4       com.sun.tools.javac.util.ArrayUtils::ensureCapacity (30 bytes)
Event: 0.833 Thread 0x00000169eca81800 nmethod 803 0x00000169dd1d0590 code [0x00000169dd1d0720, 0x00000169dd1d0988]
Event: 0.833 Thread 0x00000169eca81800  806       4       com.sun.tools.javac.parser.UnicodeReader::scanCommentChar (41 bytes)
Event: 0.835 Thread 0x00000169ec820800 nmethod 800 0x00000169dd1d0b10 code [0x00000169dd1d0ca0, 0x00000169dd1d0ed8]
Event: 0.835 Thread 0x00000169eca81800 nmethod 806 0x00000169dd1d1010 code [0x00000169dd1d11a0, 0x00000169dd1d12c8]
Event: 0.836 Thread 0x00000169eca81800  808       4       com.sun.tools.javac.util.Convert::chars2utf (159 bytes)
Event: 0.842 Thread 0x00000169eca81800 nmethod 808 0x00000169dd1d1410 code [0x00000169dd1d15a0, 0x00000169dd1d17d8]
Event: 0.843 Thread 0x00000169eca81800  811   !   4       com.sun.tools.javac.parser.JavaTokenizer::readToken (2162 bytes)
Event: 0.846 Thread 0x00000169ec820800  812       4       java.lang.Math::min (11 bytes)
Event: 0.847 Thread 0x00000169ec820800 nmethod 812 0x00000169dd1d1910 code [0x00000169dd1d1a80, 0x00000169dd1d1ad8]
Event: 0.848 Thread 0x00000169ec820800  813       4       com.sun.tools.javac.util.Name$Table::equals (44 bytes)

GC Heap History (10 events):
Event: 0.355 GC heap before
{Heap before GC invocations=0 (full 0):
 garbage-first heap   total 8192K, used 3072K [0x0000000082600000, 0x0000000100000000)
  region size 1024K, 3 young (3072K), 0 survivors (0K)
 Metaspace       used 2299K, capacity 5984K, committed 6016K, reserved 1056768K
  class space    used 267K, capacity 638K, committed 640K, reserved 1048576K
}
Event: 0.360 GC heap after
{Heap after GC invocations=1 (full 0):
 garbage-first heap   total 8192K, used 1117K [0x0000000082600000, 0x0000000100000000)
  region size 1024K, 1 young (1024K), 1 survivors (1024K)
 Metaspace       used 2299K, capacity 5984K, committed 6016K, reserved 1056768K
  class space    used 267K, capacity 638K, committed 640K, reserved 1048576K
}
Event: 0.419 GC heap before
{Heap before GC invocations=1 (full 0):
 garbage-first heap   total 8192K, used 2141K [0x0000000082600000, 0x0000000100000000)
  region size 1024K, 2 young (2048K), 1 survivors (1024K)
 Metaspace       used 3033K, capacity 6502K, committed 6656K, reserved 1056768K
  class space    used 350K, capacity 685K, committed 768K, reserved 1048576K
}
Event: 0.423 GC heap after
{Heap after GC invocations=2 (full 0):
 garbage-first heap   total 8192K, used 1652K [0x0000000082600000, 0x0000000100000000)
  region size 1024K, 1 young (1024K), 1 survivors (1024K)
 Metaspace       used 3033K, capacity 6502K, committed 6656K, reserved 1056768K
  class space    used 350K, capacity 685K, committed 768K, reserved 1048576K
}
Event: 0.533 GC heap before
{Heap before GC invocations=2 (full 0):
 garbage-first heap   total 8192K, used 2676K [0x0000000082600000, 0x0000000100000000)
  region size 1024K, 2 young (2048K), 1 survivors (1024K)
 Metaspace       used 5315K, capacity 8772K, committed 8960K, reserved 1056768K
  class space    used 658K, capacity 1016K, committed 1024K, reserved 1048576K
}
Event: 0.535 GC heap after
{Heap after GC invocations=3 (full 0):
 garbage-first heap   total 8192K, used 1814K [0x0000000082600000, 0x0000000100000000)
  region size 1024K, 1 young (1024K), 1 survivors (1024K)
 Metaspace       used 5315K, capacity 8772K, committed 8960K, reserved 1056768K
  class space    used 658K, capacity 1016K, committed 1024K, reserved 1048576K
}
Event: 0.613 GC heap before
{Heap before GC invocations=3 (full 0):
 garbage-first heap   total 8192K, used 2838K [0x0000000082600000, 0x0000000100000000)
  region size 1024K, 2 young (2048K), 1 survivors (1024K)
 Metaspace       used 6507K, capacity 9839K, committed 9856K, reserved 1058816K
  class space    used 801K, capacity 1140K, committed 1152K, reserved 1048576K
}
Event: 0.615 GC heap after
{Heap after GC invocations=4 (full 0):
 garbage-first heap   total 8192K, used 2195K [0x0000000082600000, 0x0000000100000000)
  region size 1024K, 1 young (1024K), 1 survivors (1024K)
 Metaspace       used 6507K, capacity 9839K, committed 9856K, reserved 1058816K
  class space    used 801K, capacity 1140K, committed 1152K, reserved 1048576K
}
Event: 0.758 GC heap before
{Heap before GC invocations=4 (full 0):
 garbage-first heap   total 8192K, used 3219K [0x0000000082600000, 0x0000000100000000)
  region size 1024K, 2 young (2048K), 1 survivors (1024K)
 Metaspace       used 7112K, capacity 10373K, committed 10496K, reserved 1058816K
  class space    used 878K, capacity 1212K, committed 1280K, reserved 1048576K
}
Event: 0.760 GC heap after
{Heap after GC invocations=5 (full 0):
 garbage-first heap   total 10240K, used 2684K [0x0000000082600000, 0x0000000100000000)
  region size 1024K, 1 young (1024K), 1 survivors (1024K)
 Metaspace       used 7112K, capacity 10373K, committed 10496K, reserved 1058816K
  class space    used 878K, capacity 1212K, committed 1280K, reserved 1048576K
}

Deoptimization events (20 events):
Event: 0.277 Thread 0x00000169cd1b1800 Uncommon trap: trap_request=0xffffff45 fr.pc=0x00000169dd1a9dec relative=0x00000000000008ec
Event: 0.277 Thread 0x00000169cd1b1800 Uncommon trap: reason=unstable_if action=reinterpret pc=0x00000169dd1a9dec method=java.util.HashMap.putVal(ILjava/lang/Object;Ljava/lang/Object;ZZ)Ljava/lang/Object; @ 181 c2
Event: 0.277 Thread 0x00000169cd1b1800 DEOPT PACKING pc=0x00000169dd1a9dec sp=0x000000205bffe9c0
Event: 0.278 Thread 0x00000169cd1b1800 DEOPT UNPACKING pc=0x00000169d570912f sp=0x000000205bffe960 mode 2
Event: 0.565 Thread 0x00000169cd1b1800 Uncommon trap: trap_request=0xffffff45 fr.pc=0x00000169dd1be27c relative=0x000000000000043c
Event: 0.565 Thread 0x00000169cd1b1800 Uncommon trap: reason=unstable_if action=reinterpret pc=0x00000169dd1be27c method=java.lang.StringLatin1.replace([BCC)Ljava/lang/String; @ 19 c2
Event: 0.565 Thread 0x00000169cd1b1800 DEOPT PACKING pc=0x00000169dd1be27c sp=0x000000205bffd270
Event: 0.565 Thread 0x00000169cd1b1800 DEOPT UNPACKING pc=0x00000169d570912f sp=0x000000205bffd1f0 mode 2
Event: 0.806 Thread 0x00000169cd1b1800 Uncommon trap: trap_request=0xffffff45 fr.pc=0x00000169dd1cef08 relative=0x0000000000000348
Event: 0.807 Thread 0x00000169cd1b1800 Uncommon trap: reason=unstable_if action=reinterpret pc=0x00000169dd1cef08 method=com.sun.tools.javac.parser.UnicodeReader.scanChar()V @ 37 c2
Event: 0.807 Thread 0x00000169cd1b1800 DEOPT PACKING pc=0x00000169dd1cef08 sp=0x000000205bffd6a0
Event: 0.807 Thread 0x00000169cd1b1800 DEOPT UNPACKING pc=0x00000169d570912f sp=0x000000205bffd5b8 mode 2
Event: 0.829 Thread 0x00000169cd1b1800 Uncommon trap: trap_request=0xffffff45 fr.pc=0x00000169dd1ce614 relative=0x0000000000000354
Event: 0.829 Thread 0x00000169cd1b1800 Uncommon trap: reason=unstable_if action=reinterpret pc=0x00000169dd1ce614 method=com.sun.tools.javac.parser.UnicodeReader.scanChar()V @ 37 c2
Event: 0.829 Thread 0x00000169cd1b1800 DEOPT PACKING pc=0x00000169dd1ce614 sp=0x000000205bffd590
Event: 0.829 Thread 0x00000169cd1b1800 DEOPT UNPACKING pc=0x00000169d570912f sp=0x000000205bffd500 mode 2
Event: 0.829 Thread 0x00000169cd1b1800 Uncommon trap: trap_request=0xffffff45 fr.pc=0x00000169dd1cdfdc relative=0x00000000000000bc
Event: 0.829 Thread 0x00000169cd1b1800 Uncommon trap: reason=unstable_if action=reinterpret pc=0x00000169dd1cdfdc method=com.sun.tools.javac.parser.UnicodeReader.scanChar()V @ 37 c2
Event: 0.829 Thread 0x00000169cd1b1800 DEOPT PACKING pc=0x00000169dd1cdfdc sp=0x000000205bffd550
Event: 0.829 Thread 0x00000169cd1b1800 DEOPT UNPACKING pc=0x00000169d570912f sp=0x000000205bffd4f8 mode 2

Classes unloaded (0 events):
No events

Classes redefined (0 events):
No events

Internal exceptions (13 events):
Event: 0.320 Thread 0x00000169cd1b1800 Exception <a 'java/lang/NoSuchMethodError'{0x0000000082b86fe8}: 'java.lang.Object java.lang.invoke.DirectMethodHandle$Holder.invokeVirtual(java.lang.Object, java.lang.Object, java.lang.Object)'> (0x0000000082b86fe8) 
thrown [t:/workspace/open/src/hotspot/share/interpreter/linkResolver.cpp, line 767]
Event: 0.323 Thread 0x00000169cd1b1800 Exception <a 'java/lang/NoSuchMethodError'{0x0000000082b90e48}: 'int java.lang.invoke.DirectMethodHandle$Holder.invokeInterface(java.lang.Object, java.lang.Object)'> (0x0000000082b90e48) 
thrown [t:/workspace/open/src/hotspot/share/interpreter/linkResolver.cpp, line 767]
Event: 0.372 Thread 0x00000169cd1b1800 Exception <a 'sun/nio/fs/WindowsException'{0x0000000082d33060}> (0x0000000082d33060) 
thrown [t:/workspace/open/src/hotspot/share/prims/jni.cpp, line 598]
Event: 0.373 Thread 0x00000169cd1b1800 Exception <a 'sun/nio/fs/WindowsException'{0x0000000082d33678}> (0x0000000082d33678) 
thrown [t:/workspace/open/src/hotspot/share/prims/jni.cpp, line 598]
Event: 0.373 Thread 0x00000169cd1b1800 Exception <a 'sun/nio/fs/WindowsException'{0x0000000082d34118}> (0x0000000082d34118) 
thrown [t:/workspace/open/src/hotspot/share/prims/jni.cpp, line 598]
Event: 0.374 Thread 0x00000169cd1b1800 Exception <a 'sun/nio/fs/WindowsException'{0x0000000082d34358}> (0x0000000082d34358) 
thrown [t:/workspace/open/src/hotspot/share/prims/jni.cpp, line 598]
Event: 0.375 Thread 0x00000169cd1b1800 Exception <a 'java/lang/NoSuchMethodError'{0x0000000082d3b8c0}: 'int java.lang.invoke.DirectMethodHandle$Holder.invokeVirtual(java.lang.Object, java.lang.Object, java.lang.Object)'> (0x0000000082d3b8c0) 
thrown [t:/workspace/open/src/hotspot/share/interpreter/linkResolver.cpp, line 767]
Event: 0.476 Thread 0x00000169cd1b1800 Exception <a 'java/lang/NoSuchMethodError'{0x0000000082d882e8}: 'int java.lang.invoke.DirectMethodHandle$Holder.invokeStaticInit(java.lang.Object, java.lang.Object)'> (0x0000000082d882e8) 
thrown [t:/workspace/open/src/hotspot/share/interpreter/linkResolver.cpp, line 767]
Event: 0.559 Thread 0x00000169cd1b1800 Exception <a 'java/lang/NoSuchMethodError'{0x0000000082d504b8}: 'int java.lang.invoke.DirectMethodHandle$Holder.invokeVirtual(java.lang.Object, java.lang.Object)'> (0x0000000082d504b8) 
thrown [t:/workspace/open/src/hotspot/share/interpreter/linkResolver.cpp, line 767]
Event: 0.568 Thread 0x00000169cd1b1800 Exception <a 'java/lang/NoSuchMethodError'{0x0000000082d808c8}: 'java.lang.Object java.lang.invoke.Invokers$Holder.linkToTargetMethod(java.lang.Object, java.lang.Object, java.lang.Object, java.lang.Object, java.lang.Object, java.lang.Object)'> (0x0000000082d808c8) 
thrown [t:/workspace/open/src/hotspot/share/interpreter/linkResolver.cpp, line 767]
Event: 0.593 Thread 0x00000169cd1b1800 Exception <a 'sun/nio/fs/WindowsException'{0x0000000082dd25f8}> (0x0000000082dd25f8) 
thrown [t:/workspace/open/src/hotspot/share/prims/jni.cpp, line 598]
Event: 0.593 Thread 0x00000169cd1b1800 Exception <a 'sun/nio/fs/WindowsException'{0x0000000082dd2838}> (0x0000000082dd2838) 
thrown [t:/workspace/open/src/hotspot/share/prims/jni.cpp, line 598]
Event: 0.737 Thread 0x00000169cd1b1800 Exception <a 'java/lang/NoSuchMethodError'{0x0000000082d7e860}: 'int java.lang.invoke.DirectMethodHandle$Holder.invokeSpecialIFC(java.lang.Object, java.lang.Object, int)'> (0x0000000082d7e860) 
thrown [t:/workspace/open/src/hotspot/share/interpreter/linkResolver.cpp, line 767]

Events (20 events):
Event: 0.816 loading class java/lang/reflect/ProxyGenerator$ConstantPool$Entry done
Event: 0.816 loading class java/lang/reflect/ProxyGenerator$ConstantPool$ValueEntry done
Event: 0.816 loading class java/io/DataOutputStream
Event: 0.816 loading class java/io/DataOutputStream done
Event: 0.816 loading class java/lang/reflect/ProxyGenerator$ConstantPool$IndirectEntry
Event: 0.816 loading class java/lang/reflect/ProxyGenerator$ConstantPool$IndirectEntry done
Event: 0.816 loading class java/lang/reflect/ProxyGenerator$FieldInfo
Event: 0.816 loading class java/lang/reflect/ProxyGenerator$FieldInfo done
Event: 0.816 loading class java/lang/reflect/ProxyGenerator$PrimitiveTypeInfo
Event: 0.816 loading class java/lang/reflect/ProxyGenerator$PrimitiveTypeInfo done
Event: 0.817 loading class java/lang/reflect/ProxyGenerator$ExceptionTableEntry
Event: 0.817 loading class java/lang/reflect/ProxyGenerator$ExceptionTableEntry done
Event: 0.819 loading class java/lang/reflect/Proxy$ProxyBuilder$1
Event: 0.819 loading class java/lang/reflect/Proxy$ProxyBuilder$1 done
Event: 0.819 loading class java/lang/annotation/Target
Event: 0.819 loading class java/lang/annotation/Target done
Event: 0.821 loading class com/sun/tools/javac/tree/JCTree$JCLiteral
Event: 0.821 loading class com/sun/tools/javac/tree/JCTree$JCLiteral done
Event: 0.821 loading class com/sun/tools/javac/tree/JCTree$JCLiteral
Event: 0.821 loading class com/sun/tools/javac/tree/JCTree$JCLiteral done


Dynamic libraries:
0x00007ff6e99a0000 - 0x00007ff6e99a7000 	C:\Program Files\Java\jdk-13.0.1\bin\javac.exe
0x00007ffe59830000 - 0x00007ffe59a26000 	C:\WINDOWS\SYSTEM32\ntdll.dll
0x00007ffe28b60000 - 0x00007ffe28b72000 	C:\Program Files\AVAST Software\Avast\aswhook.dll
0x00007ffe57980000 - 0x00007ffe57a3d000 	C:\WINDOWS\System32\KERNEL32.DLL
0x00007ffe57360000 - 0x00007ffe57628000 	C:\WINDOWS\System32\KERNELBASE.dll
0x00007ffe57790000 - 0x00007ffe57890000 	C:\WINDOWS\System32\ucrtbase.dll
0x00007ffe32870000 - 0x00007ffe32888000 	C:\Program Files\Java\jdk-13.0.1\bin\jli.dll
0x00007ffe57aa0000 - 0x00007ffe57b4c000 	C:\WINDOWS\System32\ADVAPI32.dll
0x00007ffe59720000 - 0x00007ffe597be000 	C:\WINDOWS\System32\msvcrt.dll
0x00007ffe58b10000 - 0x00007ffe58bab000 	C:\WINDOWS\System32\sechost.dll
0x00007ffe58120000 - 0x00007ffe58244000 	C:\WINDOWS\System32\RPCRT4.dll
0x00007ffe58e30000 - 0x00007ffe58fd0000 	C:\WINDOWS\System32\USER32.dll
0x00007ffe57630000 - 0x00007ffe57652000 	C:\WINDOWS\System32\win32u.dll
0x00007ffe597c0000 - 0x00007ffe597ea000 	C:\WINDOWS\System32\GDI32.dll
0x00007ffe57100000 - 0x00007ffe57209000 	C:\WINDOWS\System32\gdi32full.dll
0x00007ffe57210000 - 0x00007ffe572ad000 	C:\WINDOWS\System32\msvcp_win.dll
0x00007ffe326f0000 - 0x00007ffe32705000 	C:\Program Files\Java\jdk-13.0.1\bin\VCRUNTIME140.dll
0x00007ffe397b0000 - 0x00007ffe39a4b000 	C:\WINDOWS\WinSxS\amd64_microsoft.windows.common-controls_6595b64144ccf1df_6.0.19041.488_none_ca04af081b815d21\COMCTL32.dll
0x00007ffe4ecf0000 - 0x00007ffe4ecfa000 	C:\WINDOWS\SYSTEM32\VERSION.dll
0x00007ffe58250000 - 0x00007ffe58280000 	C:\WINDOWS\System32\IMM32.DLL
0x00007ffe1d230000 - 0x00007ffe1d2cb000 	C:\Program Files\Java\jdk-13.0.1\bin\msvcp140.dll
0x00007ffe0ac80000 - 0x00007ffe0b7e6000 	C:\Program Files\Java\jdk-13.0.1\bin\server\jvm.dll
0x00007ffe57f10000 - 0x00007ffe57f18000 	C:\WINDOWS\System32\PSAPI.DLL
0x00007ffe452a0000 - 0x00007ffe452a9000 	C:\WINDOWS\SYSTEM32\WSOCK32.dll
0x00007ffe58500000 - 0x00007ffe5856b000 	C:\WINDOWS\System32\WS2_32.dll
0x00007ffe42e70000 - 0x00007ffe42e97000 	C:\WINDOWS\SYSTEM32\WINMM.dll
0x00007ffe54de0000 - 0x00007ffe54df2000 	C:\WINDOWS\SYSTEM32\kernel.appcore.dll
0x00007ffe51480000 - 0x00007ffe51490000 	C:\Program Files\Java\jdk-13.0.1\bin\verify.dll
0x00007ffe544a0000 - 0x00007ffe54684000 	C:\WINDOWS\SYSTEM32\DBGHELP.DLL
0x00007ffe4cd70000 - 0x00007ffe4cd9c000 	C:\WINDOWS\SYSTEM32\dbgcore.DLL
0x00007ffe57710000 - 0x00007ffe5778f000 	C:\WINDOWS\System32\bcryptPrimitives.dll
0x00007ffe1d2d0000 - 0x00007ffe1d2f6000 	C:\Program Files\Java\jdk-13.0.1\bin\java.dll
0x00007ffe30410000 - 0x00007ffe30427000 	C:\Program Files\Java\jdk-13.0.1\bin\zip.dll
0x00007ffe512f0000 - 0x00007ffe512fa000 	C:\Program Files\Java\jdk-13.0.1\bin\jimage.dll
0x00007ffe58fd0000 - 0x00007ffe59711000 	C:\WINDOWS\System32\SHELL32.dll
0x00007ffe550c0000 - 0x00007ffe55855000 	C:\WINDOWS\SYSTEM32\windows.storage.dll
0x00007ffe57b50000 - 0x00007ffe57ea5000 	C:\WINDOWS\System32\combase.dll
0x00007ffe569e0000 - 0x00007ffe56a0c000 	C:\WINDOWS\SYSTEM32\Wldp.dll
0x00007ffe58ce0000 - 0x00007ffe58d8e000 	C:\WINDOWS\System32\SHCORE.dll
0x00007ffe57a40000 - 0x00007ffe57a95000 	C:\WINDOWS\System32\shlwapi.dll
0x00007ffe56ea0000 - 0x00007ffe56ec6000 	C:\WINDOWS\SYSTEM32\profapi.dll
0x00007ffe30940000 - 0x00007ffe30959000 	C:\Program Files\Java\jdk-13.0.1\bin\net.dll
0x00007ffe53ab0000 - 0x00007ffe53bb0000 	C:\WINDOWS\SYSTEM32\WINHTTP.dll
0x00007ffe56760000 - 0x00007ffe567ca000 	C:\WINDOWS\system32\mswsock.dll
0x00007ffe30920000 - 0x00007ffe30933000 	C:\Program Files\Java\jdk-13.0.1\bin\nio.dll

dbghelp: loaded successfully - version: 4.0.5 - missing functions: none
symbol engine: initialized successfully - sym options: 0x614 - pdb path: .;C:\Program Files\Java\jdk-13.0.1\bin;C:\WINDOWS\SYSTEM32;C:\Program Files\AVAST Software\Avast;C:\WINDOWS\WinSxS\amd64_microsoft.windows.common-controls_6595b64144ccf1df_6.0.19041.488_none_ca04af081b815d21;C:\Program Files\Java\jdk-13.0.1\bin\server

VM Arguments:
jvm_args: -Dapplication.home=C:\Program Files\Java\jdk-13.0.1 --add-modules=ALL-DEFAULT -Xms8m -Djdk.module.main=jdk.compiler 
java_command: jdk.compiler/com.sun.tools.javac.Main -d D:\GITHUB\worldAirline\build\classes -classpath D:\GITHUB\worldAirline\build\classes;D:\GITHUB\worldAirline\lib\mysql-connector-java-5.1.49-bin.jar;D:\GITHUB\worldAirline\lib\absolutelayout\AbsoluteLayout.jar;D:\GITHUB\worldAirline\lib\swingx-all-1.6.4.jar;D:\GITHUB\worldAirline\lib\jcalendar-1.4.jar;D:\GITHUB\worldAirline\lib\barcode.jar;D:\GITHUB\worldAirline\lib\qrgen-1.0.jar;D:\GITHUB\worldAirline\lib\zxing-core-1.7.jar;D:\GITHUB\worldAirline\lib\zxing-j2se-1.7.jar;D:\GITHUB\worldAirline\lib\barbecue-1.5-beta1 (1).jar -sourcepath D:\GITHUB\worldAirline\build\empty -target 13 -encoding UTF-8 -g -processorpath D:\GITHUB\worldAirline\lib\mysql-connector-java-5.1.49-bin.jar;D:\GITHUB\worldAirline\lib\absolutelayout\AbsoluteLayout.jar;D:\GITHUB\worldAirline\lib\swingx-all-1.6.4.jar;D:\GITHUB\worldAirline\lib\jcalendar-1.4.jar;D:\GITHUB\worldAirline\lib\barcode.jar;D:\GITHUB\worldAirline\lib\qrgen-1.0.jar;D:\GITHUB\worldAirline\lib\zxing-core-1.7.jar;D:\GITHUB\worldAirline\lib\zxing-j2se-1.7.jar;D:\GITHUB\worldAirline\lib\barbecue-1.5-beta1 (1).jar;D:\GITHUB\worldAirline\build\empty -s D:\GITHUB\worldAirline\build\generated-sources\ap-source-output -source 13 @C:\Users\Unknow\AppData\Local\Temp\files2064970714205916042
java_class_path (initial): <not set>
Launcher Type: SUN_STANDARD

[Global flags]
     intx CICompilerCount                          = 4                                         {product} {ergonomic}
     uint ConcGCThreads                            = 2                                         {product} {ergonomic}
     uint G1ConcRefinementThreads                  = 8                                         {product} {ergonomic}
   size_t G1HeapRegionSize                         = 1048576                                   {product} {ergonomic}
    uintx GCDrainStackTargetSize                   = 64                                        {product} {ergonomic}
   size_t InitialHeapSize                          = 8388608                                   {product} {command line}
   size_t MarkStackSize                            = 4194304                                   {product} {ergonomic}
   size_t MaxHeapSize                              = 2107637760                                {product} {ergonomic}
   size_t MaxNewSize                               = 1264582656                                {product} {ergonomic}
   size_t MinHeapDeltaBytes                        = 1048576                                   {product} {ergonomic}
   size_t MinHeapSize                              = 8388608                                   {product} {command line}
    uintx NonNMethodCodeHeapSize                   = 5836300                                {pd product} {ergonomic}
    uintx NonProfiledCodeHeapSize                  = 122910970                              {pd product} {ergonomic}
    uintx ProfiledCodeHeapSize                     = 122910970                              {pd product} {ergonomic}
    uintx ReservedCodeCacheSize                    = 251658240                              {pd product} {ergonomic}
     bool SegmentedCodeCache                       = true                                      {product} {ergonomic}
   size_t SoftMaxHeapSize                          = 2107637760                             {manageable} {ergonomic}
     bool UseCompressedClassPointers               = true                                 {lp64_product} {ergonomic}
     bool UseCompressedOops                        = true                                 {lp64_product} {ergonomic}
     bool UseG1GC                                  = true                                      {product} {ergonomic}
     bool UseLargePagesIndividualAllocation        = false                                  {pd product} {ergonomic}

Logging:
Log output configuration:
 #0: stdout all=warning uptime,level,tags
 #1: stderr all=off uptime,level,tags

Environment Variables:
PATH=C:\Program Files\Common Files\Oracle\Java\javapath;C:\ProgramData\Oracle\Java\javapath;C:\Users\Unknow\gcc\bin;C:\Users\Unknow\gcc\libexec\gcc\x86_64-pc-mingw32\4.7.0;C:\WINDOWS\system32;C:\WINDOWS;C:\WINDOWS\System32\Wbem;C:\WINDOWS\System32\WindowsPowerShell\v1.0\;C:\WINDOWS\System32\OpenSSH\;C:\Program Files\Intel\WiFi\bin\;C:\Program Files\Common Files\Intel\WirelessCommon\;C:\Program Files\Java\jdk-13.0.1\bin;D:\Mathslab\Polyspace\runtime\win64;D:\Mathslab\Polyspace\bin;D:\Mathslab\Polyspace\polyspace\bin;C:\Users\Unknow\AppData\Local\Microsoft\WindowsApps;C:\Users\Unknow\AppData\Local\Microsoft\WindowsApps;C:\Users\Unknow\AppData\Local\GitHubDesktop\bin
USERNAME=Unknow
OS=Windows_NT
PROCESSOR_IDENTIFIER=Intel64 Family 6 Model 142 Stepping 11, GenuineIntel



---------------  S Y S T E M  ---------------

OS: Windows 10 , 64 bit Build 19041 (10.0.19041.546)

CPU:total 8 (initial active 8) (4 cores per cpu, 2 threads per core) family 6 model 142 stepping 11, cmov, cx8, fxsr, mmx, sse, sse2, sse3, ssse3, sse4.1, sse4.2, popcnt, avx, avx2, aes, clmul, erms, 3dnowpref, lzcnt, ht, tsc, tscinvbit, bmi1, bmi2, adx, fma

Memory: 4k page, system-wide physical 8037M (804M free)
TotalPageFile size 18277M (AvailPageFile size 0M)
current process WorkingSet (physical memory assigned to process): 66M, peak: 66M
current process commit charge ("private bytes"): 110M, peak: 110M

vm_info: Java HotSpot(TM) 64-Bit Server VM (13.0.1+9) for windows-amd64 JRE (13.0.1+9), built on Oct  6 2019 12:37:49 by "mach5one" with unknown MS VC++:1916

END.
