#
# There is insufficient memory for the Java Runtime Environment to continue.
# Native memory allocation (mmap) failed to map 2097152 bytes for Failed to commit area from 0x0000000082e00000 to 0x0000000083000000 of length 2097152.
# Possible reasons:
#   The system is out of physical RAM or swap space
#   The process is running with CompressedOops enabled, and the Java Heap may be blocking the growth of the native heap
# Possible solutions:
#   Reduce memory load on the system
#   Increase physical memory or swap space
#   Check if swap backing store is full
#   Decrease Java heap size (-Xmx/-Xms)
#   Decrease number of Java threads
#   Decrease Java thread stack sizes (-Xss)
#   Set larger code cache with -XX:ReservedCodeCacheSize=
#   JVM is running with Unscaled Compressed Oops mode in which the Java heap is
#     placed in the first 4GB address space. The Java Heap base address is the
#     maximum limit for the native heap growth. Please use -XX:HeapBaseMinAddress
#     to set the Java Heap base and to place the Java Heap above 4GB virtual address.
# This output file may be truncated or incomplete.
#
#  Out of Memory Error (t:/workspace/open/src/hotspot/os/windows/os_windows.cpp:3301), pid=17228, tid=22668
#
# JRE version: Java(TM) SE Runtime Environment (13.0.1+9) (build 13.0.1+9)
# Java VM: Java HotSpot(TM) 64-Bit Server VM (13.0.1+9, mixed mode, sharing, tiered, compressed oops, g1 gc, windows-amd64)
# No core dump will be written. Minidumps are not enabled by default on client versions of Windows
#

---------------  S U M M A R Y ------------

Command Line: -Dapplication.home=C:\Program Files\Java\jdk-13.0.1 --add-modules=ALL-DEFAULT -Xms8m -Djdk.module.main=jdk.compiler jdk.compiler/com.sun.tools.javac.Main -d D:\GITHUB\worldAirline\build\classes -classpath D:\GITHUB\worldAirline\build\classes;D:\GITHUB\worldAirline\lib\mysql-connector-java-5.1.49-bin.jar;D:\GITHUB\worldAirline\lib\absolutelayout\AbsoluteLayout.jar;D:\GITHUB\worldAirline\lib\swingx-all-1.6.4.jar;D:\GITHUB\worldAirline\lib\jcalendar-1.4.jar;D:\GITHUB\worldAirline\lib\barcode.jar;D:\GITHUB\worldAirline\lib\qrgen-1.0.jar;D:\GITHUB\worldAirline\lib\zxing-core-1.7.jar;D:\GITHUB\worldAirline\lib\zxing-j2se-1.7.jar;D:\GITHUB\worldAirline\lib\barbecue-1.5-beta1 (1).jar -sourcepath D:\GITHUB\worldAirline\build\empty -target 13 -encoding UTF-8 -g -processorpath D:\GITHUB\worldAirline\lib\mysql-connector-java-5.1.49-bin.jar;D:\GITHUB\worldAirline\lib\absolutelayout\AbsoluteLayout.jar;D:\GITHUB\worldAirline\lib\swingx-all-1.6.4.jar;D:\GITHUB\worldAirline\lib\jcalendar-1.4.jar;D:\GITHUB\worldAirline\lib\barcode.jar;D:\GITHUB\worldAirline\lib\qrgen-1.0.jar;D:\GITHUB\worldAirline\lib\zxing-core-1.7.jar;D:\GITHUB\worldAirline\lib\zxing-j2se-1.7.jar;D:\GITHUB\worldAirline\lib\barbecue-1.5-beta1 (1).jar;D:\GITHUB\worldAirline\build\empty -s D:\GITHUB\worldAirline\build\generated-sources\ap-source-output -source 13 @C:\Users\Unknow\AppData\Local\Temp\files8807740644893663000

Host: Intel(R) Core(TM) i7-8565U CPU @ 1.80GHz, 8 cores, 7G,  Windows 10 , 64 bit Build 19041 (10.0.19041.546)
Time: Fri Dec  4 19:40:50 2020 Paris, Madrid elapsed time: 0 seconds (0d 0h 0m 0s)

---------------  T H R E A D  ---------------

Current thread (0x000001ecd7d9e000):  VMThread "VM Thread" [stack: 0x000000ac3b900000,0x000000ac3ba00000] [id=22668]

Stack: [0x000000ac3b900000,0x000000ac3ba00000]
[error occurred during error reporting (printing stack bounds), id 0xc0000005, EXCEPTION_ACCESS_VIOLATION (0xc0000005) at pc=0x000001ecc0c610ad]

Native frames: (J=compiled Java code, j=interpreted, Vv=VM code, C=native code)
V  [jvm.dll+0x626eca]
V  [jvm.dll+0x772c6a]
V  [jvm.dll+0x77441f]
V  [jvm.dll+0x774985]
V  [jvm.dll+0x77493b]
V  [jvm.dll+0x6266ff]
C  [ntdll.dll+0x781cc]
C  [ntdll.dll+0x4b296]
C  [ntdll.dll+0x9fc2e]
C  0x000001ecc0c610ad

VM_Operation (0x000000ac3b3fd350): G1CollectForAllocation, mode: safepoint, requested by thread 0x000001ecb8751800


---------------  P R O C E S S  ---------------

Threads class SMR info:
_java_thread_list=0x000001ecd8028a80, length=10, elements={
0x000001ecb8751800, 0x000001ecd7da3000, 0x000001ecd7da6000, 0x000001ecd7dbd800,
0x000001ecd7dbf000, 0x000001ecd7dc1000, 0x000001ecd7dc2000, 0x000001ecd7dcf800,
0x000001ecb8829000, 0x000001ecd8073800
}

Java Threads: ( => current thread )
  0x000001ecb8751800 JavaThread "main" [_thread_blocked, id=4648, stack(0x000000ac3b300000,0x000000ac3b400000)]
  0x000001ecd7da3000 JavaThread "Reference Handler" daemon [_thread_blocked, id=5988, stack(0x000000ac3ba00000,0x000000ac3bb00000)]
  0x000001ecd7da6000 JavaThread "Finalizer" daemon [_thread_blocked, id=11008, stack(0x000000ac3bb00000,0x000000ac3bc00000)]
  0x000001ecd7dbd800 JavaThread "Signal Dispatcher" daemon [_thread_blocked, id=11524, stack(0x000000ac3bc00000,0x000000ac3bd00000)]
  0x000001ecd7dbf000 JavaThread "Attach Listener" daemon [_thread_blocked, id=17484, stack(0x000000ac3bd00000,0x000000ac3be00000)]
  0x000001ecd7dc1000 JavaThread "C2 CompilerThread0" daemon [_thread_blocked, id=19448, stack(0x000000ac3be00000,0x000000ac3bf00000)]
  0x000001ecd7dc2000 JavaThread "C1 CompilerThread0" daemon [_thread_blocked, id=12396, stack(0x000000ac3bf00000,0x000000ac3c000000)]
  0x000001ecd7dcf800 JavaThread "Sweeper thread" daemon [_thread_blocked, id=10176, stack(0x000000ac3c000000,0x000000ac3c100000)]
  0x000001ecb8829000 JavaThread "Common-Cleaner" daemon [_thread_blocked, id=14588, stack(0x000000ac3c100000,0x000000ac3c200000)]
  0x000001ecd8073800 JavaThread "Service Thread" daemon [_thread_blocked, id=5552, stack(0x000000ac3c200000,0x000000ac3c300000)]

Other Threads:
=>0x000001ecd7d9e000 VMThread "VM Thread" [stack: 0x000000ac3b900000,0x000000ac3ba00000] [id=22668]
  0x000001ecd80bd000 WatcherThread [stack: 0x000000ac3c300000,0x000000ac3c400000] [id=7868]
  0x000001ecb8795800 GCTaskThread "GC Thread#0" [stack: 0x000000ac3b400000,0x000000ac3b500000] [id=5932]
  0x000001ecd81ea800 GCTaskThread "GC Thread#1" [stack: 0x000000ac3c400000,0x000000ac3c500000] [id=8004]
  0x000001ecb87a7000 ConcurrentGCThread "G1 Main Marker" [stack: 0x000000ac3b500000,0x000000ac3b600000] [id=23492]
  0x000001ecb87a8000 ConcurrentGCThread "G1 Conc#0" [stack: 0x000000ac3b600000,0x000000ac3b700000] [id=14752]
  0x000001ecb87d8800 ConcurrentGCThread "G1 Refine#0" [stack: 0x000000ac3b700000,0x000000ac3b800000] [id=18136]
  0x000001ecb87da800 ConcurrentGCThread "G1 Young RemSet Sampling" [stack: 0x000000ac3b800000,0x000000ac3b900000] [id=23432]

Threads with active compile tasks:

VM state:at safepoint (normal execution)

VM Mutex/Monitor currently owned by a thread:  ([mutex/lock_event])
[0x000001ecb874d980] Threads_lock - owner thread: 0x000001ecd7d9e000
[0x000001ecb874dce0] Heap_lock - owner thread: 0x000001ecb8751800

Heap address: 0x0000000082600000, size: 2010 MB, Compressed Oops mode: 32-bit
Narrow klass base: 0x0000000800000000, Narrow klass shift: 3
Compressed class space size: 1073741824 Address: 0x0000000800b40000

Heap:
 garbage-first heap   total 10240K, used 2702K [0x0000000082600000, 0x0000000100000000)
  region size 1024K, 1 young (1024K), 1 survivors (1024K)
 Metaspace       used 7088K, capacity 10370K, committed 10496K, reserved 1058816K
  class space    used 873K, capacity 1211K, committed 1280K, reserved 1048576K
Heap Regions: E=young(eden), S=young(survivor), O=old, HS=humongous(starts), HC=humongous(continues), CS=collection set, F=free, A=archive, TAMS=top-at-mark-start (previous, next)
|   0|0x0000000082600000, 0x0000000082700000, 0x0000000082700000|100%| O|  |TAMS 0x0000000082600000, 0x0000000082600000| Untracked 
|   1|0x0000000082700000, 0x00000000827c0000, 0x0000000082800000| 75%| O|  |TAMS 0x0000000082700000, 0x0000000082700000| Untracked 
|   2|0x0000000082800000, 0x0000000082800000, 0x0000000082900000|  0%| F|  |TAMS 0x0000000082800000, 0x0000000082800000| Untracked 
|   3|0x0000000082900000, 0x0000000082900000, 0x0000000082a00000|  0%| F|  |TAMS 0x0000000082900000, 0x0000000082900000| Untracked 
|   4|0x0000000082a00000, 0x0000000082a00000, 0x0000000082b00000|  0%| F|  |TAMS 0x0000000082a00000, 0x0000000082a00000| Untracked 
|   5|0x0000000082b00000, 0x0000000082be3958, 0x0000000082c00000| 88%| S|CS|TAMS 0x0000000082b00000, 0x0000000082b00000| Complete 
|   6|0x0000000082c00000, 0x0000000082c00000, 0x0000000082d00000|  0%| F|  |TAMS 0x0000000082c00000, 0x0000000082c00000| Untracked 
|   7|0x0000000082d00000, 0x0000000082d00000, 0x0000000082e00000|  0%| F|  |TAMS 0x0000000082d00000, 0x0000000082d00000| Untracked 

Card table byte_map: [0x000001ecd0490000,0x000001ecd0880000] _byte_map_base: 0x000001ecd007d000

Marking Bits (Prev, Next): (CMBitMap*) 0x000001ecb87963a8, (CMBitMap*) 0x000001ecb87963e8
 Prev Bits: [0x000001ecd0c70000, 0x000001ecd2bd8000)
 Next Bits: [0x000001ecd2be0000, 0x000001ecd4b48000)

Polling page: 0x000001ecb66e0000

Metaspace:

Usage:
  Non-class:      8.94 MB capacity,     6.07 MB ( 68%) used,     2.86 MB ( 32%) free+waste,    16.31 KB ( <1%) overhead. 
      Class:      1.18 MB capacity,   873.59 KB ( 72%) used,   328.78 KB ( 27%) free+waste,     8.63 KB ( <1%) overhead. 
       Both:     10.13 MB capacity,     6.92 MB ( 68%) used,     3.18 MB ( 31%) free+waste,    24.94 KB ( <1%) overhead. 

Virtual space:
  Non-class space:       10.00 MB reserved,       9.00 MB ( 90%) committed 
      Class space:        1.00 GB reserved,       1.25 MB ( <1%) committed 
             Both:        1.01 GB reserved,      10.25 MB ( <1%) committed 

Chunk freelists:
   Non-Class:  57.00 KB
       Class:  5.00 KB
        Both:  62.00 KB

MaxMetaspaceSize: 17179869184.00 GB
CompressedClassSpaceSize: 1.00 GB

CodeHeap 'non-profiled nmethods': size=120000Kb used=223Kb max_used=223Kb free=119776Kb
 bounds [0x000001ecc8730000, 0x000001ecc89a0000, 0x000001eccfc60000]
CodeHeap 'profiled nmethods': size=120000Kb used=1064Kb max_used=1064Kb free=118935Kb
 bounds [0x000001ecc1200000, 0x000001ecc1470000, 0x000001ecc8730000]
CodeHeap 'non-nmethods': size=5760Kb used=1145Kb max_used=1156Kb free=4614Kb
 bounds [0x000001ecc0c60000, 0x000001ecc0ed0000, 0x000001ecc1200000]
 total_blobs=1479 nmethods=681 adapters=299
 compilation: enabled
              stopped_count=0, restarted_count=0
 full_count=0

Compilation events (20 events):
Event: 0.408 Thread 0x000001ecd7dc2000 nmethod 672 0x000001ecc1305310 code [0x000001ecc1305560, 0x000001ecc1306140]
Event: 0.408 Thread 0x000001ecd7dc2000  673   !   3       jdk.internal.ref.PhantomCleanable::insert (53 bytes)
Event: 0.408 Thread 0x000001ecd7dc2000 nmethod 673 0x000001ecc1306490 code [0x000001ecc1306640, 0x000001ecc1306b18]
Event: 0.409 Thread 0x000001ecd7dc2000  674       3       jdk.internal.ref.CleanerFactory::cleaner (4 bytes)
Event: 0.409 Thread 0x000001ecd7dc2000 nmethod 674 0x000001ecc1306c90 code [0x000001ecc1306e20, 0x000001ecc1306f78]
Event: 0.409 Thread 0x000001ecd7dc2000  675       3       java.lang.AbstractStringBuilder::appendChars (207 bytes)
Event: 0.410 Thread 0x000001ecd7dc2000 nmethod 675 0x000001ecc1307010 code [0x000001ecc13072c0, 0x000001ecc13082b0]
Event: 0.410 Thread 0x000001ecd7dc2000  676       3       java.lang.Math::max (11 bytes)
Event: 0.410 Thread 0x000001ecd7dc1000 nmethod 670 0x000001ecc8767290 code [0x000001ecc8767440, 0x000001ecc87677b8]
Event: 0.410 Thread 0x000001ecd7dc1000  677       4       java.lang.CharacterDataLatin1::getProperties (11 bytes)
Event: 0.410 Thread 0x000001ecd7dc2000 nmethod 676 0x000001ecc1308810 code [0x000001ecc13089c0, 0x000001ecc1308b58]
Event: 0.410 Thread 0x000001ecd7dc2000  678       3       java.io.WinNTFileSystem::isSlash (18 bytes)
Event: 0.411 Thread 0x000001ecd7dc2000 nmethod 678 0x000001ecc1308c10 code [0x000001ecc1308dc0, 0x000001ecc1308fd8]
Event: 0.411 Thread 0x000001ecd7dc1000 nmethod 677 0x000001ecc8767b10 code [0x000001ecc8767ca0, 0x000001ecc8767d38]
Event: 0.415 Thread 0x000001ecd7dc2000  679       3       java.lang.ref.Reference::<init> (7 bytes)
Event: 0.415 Thread 0x000001ecd7dc2000 nmethod 679 0x000001ecc1309090 code [0x000001ecc1309240, 0x000001ecc1309558]
Event: 0.415 Thread 0x000001ecd7dc2000  680   !   3       jdk.internal.ref.PhantomCleanable::remove (60 bytes)
Event: 0.416 Thread 0x000001ecd7dc2000 nmethod 680 0x000001ecc1309690 code [0x000001ecc1309860, 0x000001ecc1309db8]
Event: 0.416 Thread 0x000001ecd7dc2000  681       3       java.lang.ref.Reference::clear (6 bytes)
Event: 0.416 Thread 0x000001ecd7dc2000 nmethod 681 0x000001ecc1309f90 code [0x000001ecc130a140, 0x000001ecc130a2d8]

GC Heap History (9 events):
Event: 0.171 GC heap before
{Heap before GC invocations=0 (full 0):
 garbage-first heap   total 8192K, used 3072K [0x0000000082600000, 0x0000000100000000)
  region size 1024K, 3 young (3072K), 0 survivors (0K)
 Metaspace       used 2298K, capacity 5984K, committed 6016K, reserved 1056768K
  class space    used 267K, capacity 638K, committed 640K, reserved 1048576K
}
Event: 0.173 GC heap after
{Heap after GC invocations=1 (full 0):
 garbage-first heap   total 8192K, used 1273K [0x0000000082600000, 0x0000000100000000)
  region size 1024K, 1 young (1024K), 1 survivors (1024K)
 Metaspace       used 2298K, capacity 5984K, committed 6016K, reserved 1056768K
  class space    used 267K, capacity 638K, committed 640K, reserved 1048576K
}
Event: 0.205 GC heap before
{Heap before GC invocations=1 (full 0):
 garbage-first heap   total 8192K, used 2297K [0x0000000082600000, 0x0000000100000000)
  region size 1024K, 2 young (2048K), 1 survivors (1024K)
 Metaspace       used 2976K, capacity 6438K, committed 6656K, reserved 1056768K
  class space    used 348K, capacity 685K, committed 768K, reserved 1048576K
}
Event: 0.207 GC heap after
{Heap after GC invocations=2 (full 0):
 garbage-first heap   total 8192K, used 1705K [0x0000000082600000, 0x0000000100000000)
  region size 1024K, 1 young (1024K), 1 survivors (1024K)
 Metaspace       used 2976K, capacity 6438K, committed 6656K, reserved 1056768K
  class space    used 348K, capacity 685K, committed 768K, reserved 1048576K
}
Event: 0.302 GC heap before
{Heap before GC invocations=2 (full 0):
 garbage-first heap   total 8192K, used 2729K [0x0000000082600000, 0x0000000100000000)
  region size 1024K, 2 young (2048K), 1 survivors (1024K)
 Metaspace       used 5294K, capacity 8772K, committed 8960K, reserved 1056768K
  class space    used 655K, capacity 1016K, committed 1024K, reserved 1048576K
}
Event: 0.303 GC heap after
{Heap after GC invocations=3 (full 0):
 garbage-first heap   total 8192K, used 1790K [0x0000000082600000, 0x0000000100000000)
  region size 1024K, 1 young (1024K), 1 survivors (1024K)
 Metaspace       used 5294K, capacity 8772K, committed 8960K, reserved 1056768K
  class space    used 655K, capacity 1016K, committed 1024K, reserved 1048576K
}
Event: 0.356 GC heap before
{Heap before GC invocations=3 (full 0):
 garbage-first heap   total 8192K, used 2814K [0x0000000082600000, 0x0000000100000000)
  region size 1024K, 2 young (2048K), 1 survivors (1024K)
 Metaspace       used 6488K, capacity 9839K, committed 9856K, reserved 1058816K
  class space    used 797K, capacity 1140K, committed 1152K, reserved 1048576K
}
Event: 0.357 GC heap after
{Heap after GC invocations=4 (full 0):
 garbage-first heap   total 8192K, used 2194K [0x0000000082600000, 0x0000000100000000)
  region size 1024K, 1 young (1024K), 1 survivors (1024K)
 Metaspace       used 6488K, capacity 9839K, committed 9856K, reserved 1058816K
  class space    used 797K, capacity 1140K, committed 1152K, reserved 1048576K
}
Event: 0.417 GC heap before
{Heap before GC invocations=4 (full 0):
 garbage-first heap   total 8192K, used 3218K [0x0000000082600000, 0x0000000100000000)
  region size 1024K, 2 young (2048K), 1 survivors (1024K)
 Metaspace       used 7088K, capacity 10370K, committed 10496K, reserved 1058816K
  class space    used 873K, capacity 1211K, committed 1280K, reserved 1048576K
}

Deoptimization events (16 events):
Event: 0.125 Thread 0x000001ecb8751800 Uncommon trap: trap_request=0xffffff45 fr.pc=0x000001ecc8741390 relative=0x0000000000000070
Event: 0.125 Thread 0x000001ecb8751800 Uncommon trap: reason=unstable_if action=reinterpret pc=0x000001ecc8741390 method=java.nio.Buffer.hasRemaining()Z @ 8 c2
Event: 0.125 Thread 0x000001ecb8751800 DEOPT PACKING pc=0x000001ecc8741390 sp=0x000000ac3b3fe9c0
Event: 0.125 Thread 0x000001ecb8751800 DEOPT UNPACKING pc=0x000001ecc0ca912f sp=0x000000ac3b3fe958 mode 2
Event: 0.129 Thread 0x000001ecb8751800 Uncommon trap: trap_request=0xffffffde fr.pc=0x000001ecc873d49c relative=0x000000000000049c
Event: 0.129 Thread 0x000001ecb8751800 Uncommon trap: reason=class_check action=maybe_recompile pc=0x000001ecc873d49c method=java.util.HashMap.putVal(ILjava/lang/Object;Ljava/lang/Object;ZZ)Ljava/lang/Object; @ 253 c2
Event: 0.129 Thread 0x000001ecb8751800 DEOPT PACKING pc=0x000001ecc873d49c sp=0x000000ac3b3feab0
Event: 0.129 Thread 0x000001ecb8751800 DEOPT UNPACKING pc=0x000001ecc0ca912f sp=0x000000ac3b3fea40 mode 2
Event: 0.129 Thread 0x000001ecb8751800 Uncommon trap: trap_request=0xffffff45 fr.pc=0x000001ecc873d804 relative=0x0000000000000804
Event: 0.129 Thread 0x000001ecb8751800 Uncommon trap: reason=unstable_if action=reinterpret pc=0x000001ecc873d804 method=java.util.HashMap.putVal(ILjava/lang/Object;Ljava/lang/Object;ZZ)Ljava/lang/Object; @ 181 c2
Event: 0.129 Thread 0x000001ecb8751800 DEOPT PACKING pc=0x000001ecc873d804 sp=0x000000ac3b3feab0
Event: 0.129 Thread 0x000001ecb8751800 DEOPT UNPACKING pc=0x000001ecc0ca912f sp=0x000000ac3b3fea40 mode 2
Event: 0.329 Thread 0x000001ecb8751800 Uncommon trap: trap_request=0xffffff45 fr.pc=0x000001ecc875e330 relative=0x0000000000000470
Event: 0.329 Thread 0x000001ecb8751800 Uncommon trap: reason=unstable_if action=reinterpret pc=0x000001ecc875e330 method=java.lang.StringLatin1.replace([BCC)Ljava/lang/String; @ 19 c2
Event: 0.329 Thread 0x000001ecb8751800 DEOPT PACKING pc=0x000001ecc875e330 sp=0x000000ac3b3fd360
Event: 0.329 Thread 0x000001ecb8751800 DEOPT UNPACKING pc=0x000001ecc0ca912f sp=0x000000ac3b3fd2d0 mode 2

Classes unloaded (0 events):
No events

Classes redefined (0 events):
No events

Internal exceptions (13 events):
Event: 0.154 Thread 0x000001ecb8751800 Exception <a 'java/lang/NoSuchMethodError'{0x0000000082b87bc0}: 'java.lang.Object java.lang.invoke.DirectMethodHandle$Holder.invokeVirtual(java.lang.Object, java.lang.Object, java.lang.Object)'> (0x0000000082b87bc0) 
thrown [t:/workspace/open/src/hotspot/share/interpreter/linkResolver.cpp, line 767]
Event: 0.155 Thread 0x000001ecb8751800 Exception <a 'java/lang/NoSuchMethodError'{0x0000000082b91dc8}: 'int java.lang.invoke.DirectMethodHandle$Holder.invokeInterface(java.lang.Object, java.lang.Object)'> (0x0000000082b91dc8) 
thrown [t:/workspace/open/src/hotspot/share/interpreter/linkResolver.cpp, line 767]
Event: 0.179 Thread 0x000001ecb8751800 Exception <a 'sun/nio/fs/WindowsException'{0x0000000082d34080}> (0x0000000082d34080) 
thrown [t:/workspace/open/src/hotspot/share/prims/jni.cpp, line 598]
Event: 0.180 Thread 0x000001ecb8751800 Exception <a 'sun/nio/fs/WindowsException'{0x0000000082d34698}> (0x0000000082d34698) 
thrown [t:/workspace/open/src/hotspot/share/prims/jni.cpp, line 598]
Event: 0.180 Thread 0x000001ecb8751800 Exception <a 'sun/nio/fs/WindowsException'{0x0000000082d35138}> (0x0000000082d35138) 
thrown [t:/workspace/open/src/hotspot/share/prims/jni.cpp, line 598]
Event: 0.180 Thread 0x000001ecb8751800 Exception <a 'sun/nio/fs/WindowsException'{0x0000000082d35378}> (0x0000000082d35378) 
thrown [t:/workspace/open/src/hotspot/share/prims/jni.cpp, line 598]
Event: 0.181 Thread 0x000001ecb8751800 Exception <a 'java/lang/NoSuchMethodError'{0x0000000082d3c8d8}: 'int java.lang.invoke.DirectMethodHandle$Holder.invokeVirtual(java.lang.Object, java.lang.Object, java.lang.Object)'> (0x0000000082d3c8d8) 
thrown [t:/workspace/open/src/hotspot/share/interpreter/linkResolver.cpp, line 767]
Event: 0.247 Thread 0x000001ecb8751800 Exception <a 'java/lang/NoSuchMethodError'{0x0000000082d89388}: 'int java.lang.invoke.DirectMethodHandle$Holder.invokeStaticInit(java.lang.Object, java.lang.Object)'> (0x0000000082d89388) 
thrown [t:/workspace/open/src/hotspot/share/interpreter/linkResolver.cpp, line 767]
Event: 0.323 Thread 0x000001ecb8751800 Exception <a 'java/lang/NoSuchMethodError'{0x0000000082d52b80}: 'int java.lang.invoke.DirectMethodHandle$Holder.invokeVirtual(java.lang.Object, java.lang.Object)'> (0x0000000082d52b80) 
thrown [t:/workspace/open/src/hotspot/share/interpreter/linkResolver.cpp, line 767]
Event: 0.332 Thread 0x000001ecb8751800 Exception <a 'java/lang/NoSuchMethodError'{0x0000000082d819e0}: 'java.lang.Object java.lang.invoke.Invokers$Holder.linkToTargetMethod(java.lang.Object, java.lang.Object, java.lang.Object, java.lang.Object, java.lang.Object, java.lang.Object)'> (0x0000000082d819e0) 
thrown [t:/workspace/open/src/hotspot/share/interpreter/linkResolver.cpp, line 767]
Event: 0.347 Thread 0x000001ecb8751800 Exception <a 'sun/nio/fs/WindowsException'{0x0000000082dd38f8}> (0x0000000082dd38f8) 
thrown [t:/workspace/open/src/hotspot/share/prims/jni.cpp, line 598]
Event: 0.347 Thread 0x000001ecb8751800 Exception <a 'sun/nio/fs/WindowsException'{0x0000000082dd3b38}> (0x0000000082dd3b38) 
thrown [t:/workspace/open/src/hotspot/share/prims/jni.cpp, line 598]
Event: 0.402 Thread 0x000001ecb8751800 Exception <a 'java/lang/NoSuchMethodError'{0x0000000082d817e8}: 'int java.lang.invoke.DirectMethodHandle$Holder.invokeSpecialIFC(java.lang.Object, java.lang.Object, int)'> (0x0000000082d817e8) 
thrown [t:/workspace/open/src/hotspot/share/interpreter/linkResolver.cpp, line 767]

Events (20 events):
Event: 0.409 loading class java/net/URLClassLoader$3$1 done
Event: 0.413 loading class sun/nio/cs/ThreadLocalCoders
Event: 0.413 loading class sun/nio/cs/ThreadLocalCoders done
Event: 0.413 loading class sun/nio/cs/ThreadLocalCoders$1
Event: 0.413 loading class sun/nio/cs/ThreadLocalCoders$Cache
Event: 0.413 loading class sun/nio/cs/ThreadLocalCoders$Cache done
Event: 0.413 loading class sun/nio/cs/ThreadLocalCoders$1 done
Event: 0.413 loading class sun/nio/cs/ThreadLocalCoders$2
Event: 0.413 loading class sun/nio/cs/ThreadLocalCoders$2 done
Event: 0.414 loading class jdk/internal/loader/URLClassPath$FileLoader
Event: 0.414 loading class jdk/internal/loader/URLClassPath$FileLoader done
Event: 0.416 loading class jdk/internal/math/FloatingDecimal
Event: 0.416 loading class jdk/internal/math/FloatingDecimal done
Event: 0.416 loading class jdk/internal/math/FloatingDecimal$ExceptionalBinaryToASCIIBuffer
Event: 0.416 loading class jdk/internal/math/FloatingDecimal$BinaryToASCIIConverter
Event: 0.416 loading class jdk/internal/math/FloatingDecimal$BinaryToASCIIConverter done
Event: 0.416 loading class jdk/internal/math/FloatingDecimal$ExceptionalBinaryToASCIIBuffer done
Event: 0.416 loading class jdk/internal/math/FloatingDecimal$BinaryToASCIIBuffer
Event: 0.416 loading class jdk/internal/math/FloatingDecimal$BinaryToASCIIBuffer done
Event: 0.417 Executing VM operation: G1CollectForAllocation


Dynamic libraries:
0x00007ff7efd70000 - 0x00007ff7efd77000 	C:\Program Files\Java\jdk-13.0.1\bin\javac.exe
0x00007ffe59830000 - 0x00007ffe59a26000 	C:\WINDOWS\SYSTEM32\ntdll.dll
0x00007ffe28b60000 - 0x00007ffe28b72000 	C:\Program Files\AVAST Software\Avast\aswhook.dll
0x00007ffe57980000 - 0x00007ffe57a3d000 	C:\WINDOWS\System32\KERNEL32.DLL
0x00007ffe57360000 - 0x00007ffe57628000 	C:\WINDOWS\System32\KERNELBASE.dll
0x00007ffe57790000 - 0x00007ffe57890000 	C:\WINDOWS\System32\ucrtbase.dll
0x00007ffe3a390000 - 0x00007ffe3a3a8000 	C:\Program Files\Java\jdk-13.0.1\bin\jli.dll
0x00007ffe57aa0000 - 0x00007ffe57b4c000 	C:\WINDOWS\System32\ADVAPI32.dll
0x00007ffe59720000 - 0x00007ffe597be000 	C:\WINDOWS\System32\msvcrt.dll
0x00007ffe58b10000 - 0x00007ffe58bab000 	C:\WINDOWS\System32\sechost.dll
0x00007ffe58120000 - 0x00007ffe58244000 	C:\WINDOWS\System32\RPCRT4.dll
0x00007ffe58e30000 - 0x00007ffe58fd0000 	C:\WINDOWS\System32\USER32.dll
0x00007ffe57630000 - 0x00007ffe57652000 	C:\WINDOWS\System32\win32u.dll
0x00007ffe597c0000 - 0x00007ffe597ea000 	C:\WINDOWS\System32\GDI32.dll
0x00007ffe57100000 - 0x00007ffe57209000 	C:\WINDOWS\System32\gdi32full.dll
0x00007ffe57210000 - 0x00007ffe572ad000 	C:\WINDOWS\System32\msvcp_win.dll
0x00007ffe326f0000 - 0x00007ffe32705000 	C:\Program Files\Java\jdk-13.0.1\bin\VCRUNTIME140.dll
0x00007ffe397b0000 - 0x00007ffe39a4b000 	C:\WINDOWS\WinSxS\amd64_microsoft.windows.common-controls_6595b64144ccf1df_6.0.19041.488_none_ca04af081b815d21\COMCTL32.dll
0x00007ffe4ecf0000 - 0x00007ffe4ecfa000 	C:\WINDOWS\SYSTEM32\VERSION.dll
0x00007ffe58250000 - 0x00007ffe58280000 	C:\WINDOWS\System32\IMM32.DLL
0x00007ffe1d230000 - 0x00007ffe1d2cb000 	C:\Program Files\Java\jdk-13.0.1\bin\msvcp140.dll
0x00007ffe0ac80000 - 0x00007ffe0b7e6000 	C:\Program Files\Java\jdk-13.0.1\bin\server\jvm.dll
0x00007ffe57f10000 - 0x00007ffe57f18000 	C:\WINDOWS\System32\PSAPI.DLL
0x00007ffe452a0000 - 0x00007ffe452a9000 	C:\WINDOWS\SYSTEM32\WSOCK32.dll
0x00007ffe58500000 - 0x00007ffe5856b000 	C:\WINDOWS\System32\WS2_32.dll
0x00007ffe42e70000 - 0x00007ffe42e97000 	C:\WINDOWS\SYSTEM32\WINMM.dll
0x00007ffe54de0000 - 0x00007ffe54df2000 	C:\WINDOWS\SYSTEM32\kernel.appcore.dll
0x00007ffe51480000 - 0x00007ffe51490000 	C:\Program Files\Java\jdk-13.0.1\bin\verify.dll
0x00007ffe544a0000 - 0x00007ffe54684000 	C:\WINDOWS\SYSTEM32\DBGHELP.DLL
0x00007ffe4cd70000 - 0x00007ffe4cd9c000 	C:\WINDOWS\SYSTEM32\dbgcore.DLL
0x00007ffe57710000 - 0x00007ffe5778f000 	C:\WINDOWS\System32\bcryptPrimitives.dll
0x00007ffe1d2d0000 - 0x00007ffe1d2f6000 	C:\Program Files\Java\jdk-13.0.1\bin\java.dll
0x00007ffe30410000 - 0x00007ffe30427000 	C:\Program Files\Java\jdk-13.0.1\bin\zip.dll
0x00007ffe512f0000 - 0x00007ffe512fa000 	C:\Program Files\Java\jdk-13.0.1\bin\jimage.dll
0x00007ffe58fd0000 - 0x00007ffe59711000 	C:\WINDOWS\System32\SHELL32.dll
0x00007ffe550c0000 - 0x00007ffe55855000 	C:\WINDOWS\SYSTEM32\windows.storage.dll
0x00007ffe57b50000 - 0x00007ffe57ea5000 	C:\WINDOWS\System32\combase.dll
0x00007ffe569e0000 - 0x00007ffe56a0c000 	C:\WINDOWS\SYSTEM32\Wldp.dll
0x00007ffe58ce0000 - 0x00007ffe58d8e000 	C:\WINDOWS\System32\SHCORE.dll
0x00007ffe57a40000 - 0x00007ffe57a95000 	C:\WINDOWS\System32\shlwapi.dll
0x00007ffe56ea0000 - 0x00007ffe56ec6000 	C:\WINDOWS\SYSTEM32\profapi.dll
0x00007ffe30940000 - 0x00007ffe30959000 	C:\Program Files\Java\jdk-13.0.1\bin\net.dll
0x00007ffe53ab0000 - 0x00007ffe53bb0000 	C:\WINDOWS\SYSTEM32\WINHTTP.dll
0x00007ffe56760000 - 0x00007ffe567ca000 	C:\WINDOWS\system32\mswsock.dll
0x00007ffe30920000 - 0x00007ffe30933000 	C:\Program Files\Java\jdk-13.0.1\bin\nio.dll

dbghelp: loaded successfully - version: 4.0.5 - missing functions: none
symbol engine: initialized successfully - sym options: 0x614 - pdb path: .;C:\Program Files\Java\jdk-13.0.1\bin;C:\WINDOWS\SYSTEM32;C:\Program Files\AVAST Software\Avast;C:\WINDOWS\WinSxS\amd64_microsoft.windows.common-controls_6595b64144ccf1df_6.0.19041.488_none_ca04af081b815d21;C:\Program Files\Java\jdk-13.0.1\bin\server

VM Arguments:
jvm_args: -Dapplication.home=C:\Program Files\Java\jdk-13.0.1 --add-modules=ALL-DEFAULT -Xms8m -Djdk.module.main=jdk.compiler 
java_command: jdk.compiler/com.sun.tools.javac.Main -d D:\GITHUB\worldAirline\build\classes -classpath D:\GITHUB\worldAirline\build\classes;D:\GITHUB\worldAirline\lib\mysql-connector-java-5.1.49-bin.jar;D:\GITHUB\worldAirline\lib\absolutelayout\AbsoluteLayout.jar;D:\GITHUB\worldAirline\lib\swingx-all-1.6.4.jar;D:\GITHUB\worldAirline\lib\jcalendar-1.4.jar;D:\GITHUB\worldAirline\lib\barcode.jar;D:\GITHUB\worldAirline\lib\qrgen-1.0.jar;D:\GITHUB\worldAirline\lib\zxing-core-1.7.jar;D:\GITHUB\worldAirline\lib\zxing-j2se-1.7.jar;D:\GITHUB\worldAirline\lib\barbecue-1.5-beta1 (1).jar -sourcepath D:\GITHUB\worldAirline\build\empty -target 13 -encoding UTF-8 -g -processorpath D:\GITHUB\worldAirline\lib\mysql-connector-java-5.1.49-bin.jar;D:\GITHUB\worldAirline\lib\absolutelayout\AbsoluteLayout.jar;D:\GITHUB\worldAirline\lib\swingx-all-1.6.4.jar;D:\GITHUB\worldAirline\lib\jcalendar-1.4.jar;D:\GITHUB\worldAirline\lib\barcode.jar;D:\GITHUB\worldAirline\lib\qrgen-1.0.jar;D:\GITHUB\worldAirline\lib\zxing-core-1.7.jar;D:\GITHUB\worldAirline\lib\zxing-j2se-1.7.jar;D:\GITHUB\worldAirline\lib\barbecue-1.5-beta1 (1).jar;D:\GITHUB\worldAirline\build\empty -s D:\GITHUB\worldAirline\build\generated-sources\ap-source-output -source 13 @C:\Users\Unknow\AppData\Local\Temp\files8807740644893663000
java_class_path (initial): <not set>
Launcher Type: SUN_STANDARD

[Global flags]
     intx CICompilerCount                          = 4                                         {product} {ergonomic}
     uint ConcGCThreads                            = 2                                         {product} {ergonomic}
     uint G1ConcRefinementThreads                  = 8                                         {product} {ergonomic}
   size_t G1HeapRegionSize                         = 1048576                                   {product} {ergonomic}
    uintx GCDrainStackTargetSize                   = 64                                        {product} {ergonomic}
   size_t InitialHeapSize                          = 8388608                                   {product} {command line}
   size_t MarkStackSize                            = 4194304                                   {product} {ergonomic}
   size_t MaxHeapSize                              = 2107637760                                {product} {ergonomic}
   size_t MaxNewSize                               = 1264582656                                {product} {ergonomic}
   size_t MinHeapDeltaBytes                        = 1048576                                   {product} {ergonomic}
   size_t MinHeapSize                              = 8388608                                   {product} {command line}
    uintx NonNMethodCodeHeapSize                   = 5836300                                {pd product} {ergonomic}
    uintx NonProfiledCodeHeapSize                  = 122910970                              {pd product} {ergonomic}
    uintx ProfiledCodeHeapSize                     = 122910970                              {pd product} {ergonomic}
    uintx ReservedCodeCacheSize                    = 251658240                              {pd product} {ergonomic}
     bool SegmentedCodeCache                       = true                                      {product} {ergonomic}
   size_t SoftMaxHeapSize                          = 2107637760                             {manageable} {ergonomic}
     bool UseCompressedClassPointers               = true                                 {lp64_product} {ergonomic}
     bool UseCompressedOops                        = true                                 {lp64_product} {ergonomic}
     bool UseG1GC                                  = true                                      {product} {ergonomic}
     bool UseLargePagesIndividualAllocation        = false                                  {pd product} {ergonomic}

Logging:
Log output configuration:
 #0: stdout all=warning uptime,level,tags
 #1: stderr all=off uptime,level,tags

Environment Variables:
PATH=C:\Program Files\Common Files\Oracle\Java\javapath;C:\ProgramData\Oracle\Java\javapath;C:\Users\Unknow\gcc\bin;C:\Users\Unknow\gcc\libexec\gcc\x86_64-pc-mingw32\4.7.0;C:\WINDOWS\system32;C:\WINDOWS;C:\WINDOWS\System32\Wbem;C:\WINDOWS\System32\WindowsPowerShell\v1.0\;C:\WINDOWS\System32\OpenSSH\;C:\Program Files\Intel\WiFi\bin\;C:\Program Files\Common Files\Intel\WirelessCommon\;C:\Program Files\Java\jdk-13.0.1\bin;D:\Mathslab\Polyspace\runtime\win64;D:\Mathslab\Polyspace\bin;D:\Mathslab\Polyspace\polyspace\bin;C:\Users\Unknow\AppData\Local\Microsoft\WindowsApps;C:\Users\Unknow\AppData\Local\Microsoft\WindowsApps;C:\Users\Unknow\AppData\Local\GitHubDesktop\bin
USERNAME=Unknow
OS=Windows_NT
PROCESSOR_IDENTIFIER=Intel64 Family 6 Model 142 Stepping 11, GenuineIntel



---------------  S Y S T E M  ---------------

OS: Windows 10 , 64 bit Build 19041 (10.0.19041.546)

CPU:total 8 (initial active 8) (4 cores per cpu, 2 threads per core) family 6 model 142 stepping 11, cmov, cx8, fxsr, mmx, sse, sse2, sse3, ssse3, sse4.1, sse4.2, popcnt, avx, avx2, aes, clmul, erms, 3dnowpref, lzcnt, ht, tsc, tscinvbit, bmi1, bmi2, adx, fma

Memory: 4k page, system-wide physical 8037M (366M free)
TotalPageFile size 18277M (AvailPageFile size 6M)
current process WorkingSet (physical memory assigned to process): 52M, peak: 52M
current process commit charge ("private bytes"): 98M, peak: 100M

vm_info: Java HotSpot(TM) 64-Bit Server VM (13.0.1+9) for windows-amd64 JRE (13.0.1+9), built on Oct  6 2019 12:37:49 by "mach5one" with unknown MS VC++:1916

END.
